FrcRobotBase.FirstSteamWorks_Info: Sat Mar 25 18:06:48 PDT 2017: ***** Starting autonomous *****
FrcRobotBase.CmdVisionGearDeploy_Info: dist=7.0, deployTime=0.3, backupDist=36.0
FrcRobotBase.CmdSideGearLift_Info: delay=0.000, alliance=RED_ALLIANCE, rightSide=false, forwardDist=73.0, liftAngle=58.0, backupDist=12.0, lsAngle=30.0, lsDist=320.0, diagDist=350.0
FrcRobotBase.Vision_Info: Front pixy is enabled!
FrcRobotBase.Robot_Info: [0.254]   DO_DELAY: xPos=  0.00,yPos=  0.00,heading=   0.0/   0.0,volts=12.8(12.8)
FrcRobotBase.PixyVision_Info: null object(s) found
FrcRobotBase.Robot_Info: [0.275] MOVE_FORWARD_ON_SIDE: xPos=  0.00,yPos=  0.00,heading=  -0.5/   0.0,volts=12.7(12.7)
FrcRobotBase.printPidInfo_Info: encoderXPidCtrl: Target=   0.0, Input=   0.0, Error=   0.0, PIDTerms= 0.000/ 0.000/ 0.000/ 0.000, Output= 0.000(-0.500/0.500)
FrcRobotBase.printPidInfo_Info: encoderYPidCtrl: Target=  73.0, Input=   0.0, Error=  73.0, PIDTerms= 0.000/ 0.000/ 0.000/ 0.000, Output= 0.000(-0.500/0.500)
FrcRobotBase.printPidInfo_Info: gyroTurnPidCtrl: Target=   0.0, Input=   0.0, Error=   0.5, PIDTerms= 0.000/ 0.000/ 0.000/ 0.000, Output= 0.000(-0.500/0.500)
FrcRobotBase.PixyVision_Info: null object(s) found
FrcRobotBase.PixyVision_Info: null object(s) found
FrcRobotBase.PixyVision_Info: null object(s) found
FrcRobotBase.PixyVision_Info: null object(s) found
FrcRobotBase.PixyVision_Info: null object(s) found
FrcRobotBase.PixyVision_Info: null object(s) found
FrcRobotBase.PixyVision_Info: null object(s) found
FrcRobotBase.PixyVision_Info: null object(s) found
FrcRobotBase.PixyVision_Info: null object(s) found
FrcRobotBase.PixyVision_Info: null object(s) found
FrcRobotBase.PixyVision_Info: null object(s) found
FrcRobotBase.PixyVision_Info: null object(s) found
FrcRobotBase.PixyVision_Info: null object(s) found
FrcRobotBase.PixyVision_Info: null object(s) found
FrcRobotBase.PixyVision_Info: null object(s) found
FrcRobotBase.PixyVision_Info: null object(s) found
FrcRobotBase.PixyVision_Info: null object(s) found
FrcRobotBase.PixyVision_Info: null object(s) found
FrcRobotBase.PixyVision_Info: null object(s) found
FrcRobotBase.PixyVision_Info: null object(s) found
FrcRobotBase.PixyVision_Info: null object(s) found
FrcRobotBase.PixyVision_Info: null object(s) found
FrcRobotBase.PixyVision_Info: null object(s) found
FrcRobotBase.Robot_Info: [2.757] INITIAL_TURN_TOWARDS_AIRSHIP: xPos= -0.19,yPos= 71.81,heading=  -0.6/  58.0,volts=12.6(11.2)
FrcRobotBase.printPidInfo_Info: encoderXPidCtrl: Target=  -0.2, Input=  -0.2, Error=   0.0, PIDTerms= 0.029/ 0.000/ 0.000/ 0.000, Output= 0.000(-0.500/0.500)
FrcRobotBase.printPidInfo_Info: encoderYPidCtrl: Target=  71.8, Input=  71.8, Error=   0.0, PIDTerms= 0.042/ 0.000/ 0.000/ 0.000, Output= 0.000(-0.500/0.500)
FrcRobotBase.printPidInfo_Info: gyroTurnPidCtrl: Target=  58.0, Input=  -0.6, Error=  58.6, PIDTerms= 0.037/ 0.000/ 0.000/ 0.000, Output= 0.000(-0.500/0.500)
FrcRobotBase.PixyVision_Info: null object(s) found
FrcRobotBase.PixyVision_Info: null object(s) found
FrcRobotBase.PixyVision_Info: null object(s) found
FrcRobotBase.PixyVision_Info: null object(s) found
FrcRobotBase.PixyVision_Info: null object(s) found
FrcRobotBase.PixyVision_Info: null object(s) found
FrcRobotBase.PixyVision_Info: null object(s) found
FrcRobotBase.PixyVision_Info: null object(s) found
FrcRobotBase.PixyVision_Info: null object(s) found
FrcRobotBase.CmdVisionGearDeploy_Info: Target Info: not found
FrcRobotBase.Robot_Info: [3.565] TURN_TO_TARGET: xPos= -0.49,yPos= 70.49,heading=  58.6/  58.0,volts=12.5(10.8)
FrcRobotBase.printPidInfo_Info: encoderXPidCtrl: Target=  -0.5, Input=  -0.2, Error=   0.0, PIDTerms= 0.029/ 0.000/ 0.000/ 0.000, Output= 0.000(-0.500/0.500)
FrcRobotBase.printPidInfo_Info: encoderYPidCtrl: Target=  70.5, Input=  71.8, Error=   0.0, PIDTerms= 0.042/ 0.000/ 0.000/ 0.000, Output= 0.000(-0.500/0.500)
FrcRobotBase.printPidInfo_Info: gyroTurnPidCtrl: Target=  58.0, Input=  58.6, Error=  -0.6, PIDTerms=-0.040/ 0.000/ 0.035/ 0.000, Output= 0.000(-0.500/0.500)
FrcRobotBase.Robot_Info: [3.565] VISION_DEPLOY: xPos= -0.49,yPos= 70.49,heading=  58.6/  58.0,volts=12.5(10.8)
FrcRobotBase.printPidInfo_Info: encoderXPidCtrl: Target=  -0.5, Input=  -0.2, Error=   0.0, PIDTerms= 0.029/ 0.000/ 0.000/ 0.000, Output= 0.000(-0.500/0.500)
FrcRobotBase.printPidInfo_Info: encoderYPidCtrl: Target=  70.5, Input=  71.8, Error=   0.0, PIDTerms= 0.042/ 0.000/ 0.000/ 0.000, Output= 0.000(-0.500/0.500)
FrcRobotBase.printPidInfo_Info: gyroTurnPidCtrl: Target=  58.0, Input=  58.6, Error=  -0.6, PIDTerms=-0.040/ 0.000/ 0.035/ 0.000, Output= 0.000(-0.500/0.500)
FrcRobotBase.Robot_Info: [3.619] VISION_DEPLOY: xPos= -0.48,yPos= 70.50,heading=  58.8/  58.0,volts=12.6(10.8)
FrcRobotBase.printPidInfo_Info: encoderXPidCtrl: Target=  -0.5, Input=  -0.2, Error=   0.0, PIDTerms= 0.029/ 0.000/ 0.000/ 0.000, Output= 0.000(-0.500/0.500)
FrcRobotBase.printPidInfo_Info: encoderYPidCtrl: Target=  70.5, Input=  71.8, Error=   0.0, PIDTerms= 0.042/ 0.000/ 0.000/ 0.000, Output= 0.000(-0.500/0.500)
FrcRobotBase.printPidInfo_Info: gyroTurnPidCtrl: Target=  58.0, Input=  58.6, Error=  -0.6, PIDTerms=-0.040/ 0.000/ 0.000/ 0.000, Output=-0.040(-0.500/0.500)
FrcRobotBase.Robot_Info: [3.650] VISION_DEPLOY: xPos= -0.48,yPos= 70.49,heading=  58.8/  58.0,volts=12.5(10.8)
FrcRobotBase.printPidInfo_Info: encoderXPidCtrl: Target=  -0.5, Input=  -0.2, Error=   0.0, PIDTerms= 0.029/ 0.000/ 0.000/ 0.000, Output= 0.000(-0.500/0.500)
FrcRobotBase.printPidInfo_Info: encoderYPidCtrl: Target=  70.5, Input=  71.8, Error=   0.0, PIDTerms= 0.042/ 0.000/ 0.000/ 0.000, Output= 0.000(-0.500/0.500)
FrcRobotBase.printPidInfo_Info: gyroTurnPidCtrl: Target=  58.0, Input=  58.8, Error=  -0.8, PIDTerms=-0.051/ 0.000/-0.030/ 0.000, Output=-0.081(-0.500/0.500)
FrcRobotBase.PixyVision_Info: null object(s) found
FrcRobotBase.Robot_Info: [3.682] VISION_DEPLOY: xPos= -0.48,yPos= 70.49,heading=  58.8/  58.0,volts=12.5(10.8)
FrcRobotBase.printPidInfo_Info: encoderXPidCtrl: Target=  -0.5, Input=  -0.2, Error=   0.0, PIDTerms= 0.029/ 0.000/ 0.000/ 0.000, Output= 0.000(-0.500/0.500)
FrcRobotBase.printPidInfo_Info: encoderYPidCtrl: Target=  70.5, Input=  71.8, Error=   0.0, PIDTerms= 0.042/ 0.000/ 0.000/ 0.000, Output= 0.000(-0.500/0.500)
FrcRobotBase.printPidInfo_Info: gyroTurnPidCtrl: Target=  58.0, Input=  58.8, Error=  -0.8, PIDTerms=-0.055/ 0.000/-0.009/ 0.000, Output=-0.063(-0.500/0.500)
FrcRobotBase.Robot_Info: [3.713] VISION_DEPLOY: xPos= -0.45,yPos= 70.52,heading=  58.8/  58.0,volts=12.5(10.8)
FrcRobotBase.printPidInfo_Info: encoderXPidCtrl: Target=  -0.5, Input=  -0.2, Error=   0.0, PIDTerms= 0.029/ 0.000/ 0.000/ 0.000, Output= 0.000(-0.500/0.500)
FrcRobotBase.printPidInfo_Info: encoderYPidCtrl: Target=  70.5, Input=  71.8, Error=   0.0, PIDTerms= 0.042/ 0.000/ 0.000/ 0.000, Output= 0.000(-0.500/0.500)
FrcRobotBase.printPidInfo_Info: gyroTurnPidCtrl: Target=  58.0, Input=  58.8, Error=  -0.8, PIDTerms=-0.053/ 0.000/ 0.005/ 0.000, Output=-0.047(-0.500/0.500)
FrcRobotBase.Robot_Info: [3.742] VISION_DEPLOY: xPos= -0.45,yPos= 70.52,heading=  58.8/  58.0,volts=12.6(10.8)
FrcRobotBase.printPidInfo_Info: encoderXPidCtrl: Target=  -0.5, Input=  -0.2, Error=   0.0, PIDTerms= 0.029/ 0.000/ 0.000/ 0.000, Output= 0.000(-0.500/0.500)
FrcRobotBase.printPidInfo_Info: encoderYPidCtrl: Target=  70.5, Input=  71.8, Error=   0.0, PIDTerms= 0.042/ 0.000/ 0.000/ 0.000, Output= 0.000(-0.500/0.500)
FrcRobotBase.printPidInfo_Info: gyroTurnPidCtrl: Target=  58.0, Input=  58.8, Error=  -0.8, PIDTerms=-0.050/ 0.000/ 0.006/ 0.000, Output=-0.044(-0.500/0.500)
FrcRobotBase.Robot_Info: [3.772] VISION_DEPLOY: xPos= -0.45,yPos= 70.52,heading=  58.8/  58.0,volts=12.6(10.8)
FrcRobotBase.printPidInfo_Info: encoderXPidCtrl: Target=  -0.5, Input=  -0.2, Error=   0.0, PIDTerms= 0.029/ 0.000/ 0.000/ 0.000, Output= 0.000(-0.500/0.500)
FrcRobotBase.printPidInfo_Info: encoderYPidCtrl: Target=  70.5, Input=  71.8, Error=   0.0, PIDTerms= 0.042/ 0.000/ 0.000/ 0.000, Output= 0.000(-0.500/0.500)
FrcRobotBase.printPidInfo_Info: gyroTurnPidCtrl: Target=  58.0, Input=  58.8, Error=  -0.8, PIDTerms=-0.049/ 0.000/ 0.002/ 0.000, Output=-0.047(-0.500/0.500)
FrcRobotBase.PixyVision_Info: null object(s) found
FrcRobotBase.PixyVision_Info: null object(s) found
FrcRobotBase.Robot_Info: [3.820] DRIVE_TOWARDS_TARGET: xPos= -0.45,yPos= 70.52,heading=  58.8/  58.0,volts=12.6(10.8)
FrcRobotBase.printPidInfo_Info: sonarDrivePidCtrl: Target=   7.0, Input=   0.0, Error=  39.6, PIDTerms= 0.000/ 0.000/ 0.000/ 0.000, Output= 0.000(-0.500/0.500)
FrcRobotBase.printPidInfo_Info: visionTurnPidCtrl: Target=   0.0, Input=   0.0, Error=  -0.0, PIDTerms= 0.000/ 0.000/ 0.000/ 0.000, Output= 0.000(-0.500/0.500)
FrcRobotBase.Robot_Info: [3.820] VISION_DEPLOY: xPos= -0.45,yPos= 70.52,heading=  58.8/  58.0,volts=12.6(10.8)
FrcRobotBase.printPidInfo_Info: sonarDrivePidCtrl: Target=   7.0, Input=   0.0, Error=  39.6, PIDTerms= 0.000/ 0.000/ 0.000/ 0.000, Output= 0.000(-0.500/0.500)
FrcRobotBase.printPidInfo_Info: visionTurnPidCtrl: Target=   0.0, Input=   0.0, Error=  -0.0, PIDTerms= 0.000/ 0.000/ 0.000/ 0.000, Output= 0.000(-0.500/0.500)
FrcRobotBase.PixyVision_Info: null object(s) found
FrcRobotBase.Robot_Info: [3.884] VISION_DEPLOY: xPos= -0.44,yPos= 70.52,heading=  58.8/  58.0,volts=12.4(10.8)
FrcRobotBase.printPidInfo_Info: sonarDrivePidCtrl: Target=   7.0, Input=  46.6, Error=  39.6, PIDTerms= 0.653/ 0.000/ 0.000/ 0.000, Output= 0.500(-0.500/0.500)
FrcRobotBase.printPidInfo_Info: visionTurnPidCtrl: Target=   0.0, Input=   0.0, Error=  -0.0, PIDTerms=-0.000/ 0.000/ 0.000/ 0.000, Output= 0.000(-0.500/0.500)
FrcRobotBase.PixyVision_Info: null object(s) found
FrcRobotBase.PixyVision_Info: null object(s) found
FrcRobotBase.Robot_Info: [3.935] VISION_DEPLOY: xPos= -0.63,yPos= 71.05,heading=  58.8/  58.0,volts=11.0(10.8)
FrcRobotBase.printPidInfo_Info: sonarDrivePidCtrl: Target=   7.0, Input=  46.5, Error=  39.5, PIDTerms= 0.651/ 0.000/-0.005/ 0.000, Output= 0.500(-0.500/0.500)
FrcRobotBase.printPidInfo_Info: visionTurnPidCtrl: Target=   0.0, Input=   0.0, Error=  -0.0, PIDTerms=-0.000/ 0.000/ 0.000/ 0.000, Output= 0.000(-0.500/0.500)
FrcRobotBase.PixyVision_Info: null object(s) found
FrcRobotBase.Robot_Info: [3.965] VISION_DEPLOY: xPos= -0.61,yPos= 71.51,heading=  58.5/  58.0,volts=11.0(10.8)
FrcRobotBase.printPidInfo_Info: sonarDrivePidCtrl: Target=   7.0, Input=  45.6, Error=  38.6, PIDTerms= 0.637/ 0.000/-0.045/ 0.000, Output= 0.500(-0.500/0.500)
FrcRobotBase.printPidInfo_Info: visionTurnPidCtrl: Target=   0.0, Input=   0.0, Error=  -0.0, PIDTerms=-0.000/ 0.000/ 0.000/ 0.000, Output= 0.000(-0.500/0.500)
FrcRobotBase.PixyVision_Info: null object(s) found
FrcRobotBase.Robot_Info: [3.992] VISION_DEPLOY: xPos= -0.65,yPos= 71.79,heading=  58.5/  58.0,volts=11.1(10.8)
FrcRobotBase.printPidInfo_Info: sonarDrivePidCtrl: Target=   7.0, Input=  45.7, Error=  38.7, PIDTerms= 0.639/ 0.000/ 0.011/ 0.000, Output= 0.500(-0.500/0.500)
FrcRobotBase.printPidInfo_Info: visionTurnPidCtrl: Target=   0.0, Input=   0.0, Error=  -0.0, PIDTerms=-0.000/ 0.000/ 0.000/ 0.000, Output= 0.000(-0.500/0.500)
FrcRobotBase.PixyVision_Info: null object(s) found
FrcRobotBase.Robot_Info: [4.018] VISION_DEPLOY: xPos= -0.63,yPos= 72.11,heading=  58.4/  58.0,volts=11.1(10.8)
FrcRobotBase.printPidInfo_Info: sonarDrivePidCtrl: Target=   7.0, Input=  45.6, Error=  38.6, PIDTerms= 0.637/ 0.000/-0.010/ 0.000, Output= 0.500(-0.500/0.500)
FrcRobotBase.printPidInfo_Info: visionTurnPidCtrl: Target=   0.0, Input=   0.0, Error=  -0.0, PIDTerms=-0.000/ 0.000/ 0.000/ 0.000, Output= 0.000(-0.500/0.500)
FrcRobotBase.PixyVision_Info: null object(s) found
FrcRobotBase.PixyVision_Info: null object(s) found
FrcRobotBase.Robot_Info: [4.044] VISION_DEPLOY: xPos= -0.60,yPos= 73.06,heading=  58.4/  58.0,volts=11.2(10.8)
FrcRobotBase.printPidInfo_Info: sonarDrivePidCtrl: Target=   7.0, Input=  45.8, Error=  38.8, PIDTerms= 0.641/ 0.000/ 0.016/ 0.000, Output= 0.500(-0.500/0.500)
FrcRobotBase.printPidInfo_Info: visionTurnPidCtrl: Target=   0.0, Input=   0.0, Error=  -0.0, PIDTerms=-0.000/ 0.000/ 0.000/ 0.000, Output= 0.000(-0.500/0.500)
FrcRobotBase.PixyVision_Info: null object(s) found
FrcRobotBase.Robot_Info: [4.072] VISION_DEPLOY: xPos= -0.62,yPos= 73.61,heading=  58.3/  58.0,volts=11.3(10.8)
FrcRobotBase.printPidInfo_Info: sonarDrivePidCtrl: Target=   7.0, Input=  43.7, Error=  36.7, PIDTerms= 0.606/ 0.000/-0.173/ 0.000, Output= 0.433(-0.500/0.500)
FrcRobotBase.printPidInfo_Info: visionTurnPidCtrl: Target=   0.0, Input=   0.0, Error=  -0.0, PIDTerms=-0.000/ 0.000/ 0.000/ 0.000, Output= 0.000(-0.500/0.500)
FrcRobotBase.PixyVision_Info: null object(s) found
FrcRobotBase.Robot_Info: [4.113] VISION_DEPLOY: xPos= -0.61,yPos= 74.79,heading=  58.2/  58.0,volts=11.6(10.8)
FrcRobotBase.printPidInfo_Info: sonarDrivePidCtrl: Target=   7.0, Input=  43.8, Error=  36.8, PIDTerms= 0.608/ 0.000/ 0.010/ 0.000, Output= 0.500(-0.500/0.500)
FrcRobotBase.printPidInfo_Info: visionTurnPidCtrl: Target=   0.0, Input=   0.0, Error=  -0.0, PIDTerms=-0.000/ 0.000/ 0.000/ 0.000, Output= 0.000(-0.500/0.500)
FrcRobotBase.PixyVision_Info: null object(s) found
FrcRobotBase.PixyVision_Info: null object(s) found
FrcRobotBase.Robot_Info: [4.162] VISION_DEPLOY: xPos= -0.45,yPos= 76.38,heading=  58.0/  58.0,volts=11.4(10.8)
FrcRobotBase.printPidInfo_Info: sonarDrivePidCtrl: Target=   7.0, Input=  42.1, Error=  35.1, PIDTerms= 0.579/ 0.000/-0.059/ 0.000, Output= 0.500(-0.500/0.500)
FrcRobotBase.printPidInfo_Info: visionTurnPidCtrl: Target=   0.0, Input=   0.0, Error=  -0.0, PIDTerms=-0.000/ 0.000/ 0.000/ 0.000, Output= 0.000(-0.500/0.500)
FrcRobotBase.PixyVision_Info: null object(s) found
FrcRobotBase.Robot_Info: [4.218] VISION_DEPLOY: xPos= -0.61,yPos= 78.64,heading=  58.0/  58.0,volts=11.5(10.8)
FrcRobotBase.printPidInfo_Info: sonarDrivePidCtrl: Target=   7.0, Input=  40.5, Error=  33.5, PIDTerms= 0.552/ 0.000/-0.061/ 0.000, Output= 0.491(-0.500/0.500)
FrcRobotBase.printPidInfo_Info: visionTurnPidCtrl: Target=   0.0, Input=   0.0, Error=  -0.0, PIDTerms=-0.000/ 0.000/ 0.000/ 0.000, Output= 0.000(-0.500/0.500)
FrcRobotBase.PixyVision_Info: null object(s) found
FrcRobotBase.PixyVision_Info: null object(s) found
FrcRobotBase.Robot_Info: [4.278] VISION_DEPLOY: xPos= -0.54,yPos= 81.38,heading=  57.9/  58.0,volts=11.7(10.8)
FrcRobotBase.printPidInfo_Info: sonarDrivePidCtrl: Target=   7.0, Input=  37.9, Error=  30.9, PIDTerms= 0.509/ 0.000/-0.087/ 0.000, Output= 0.422(-0.500/0.500)
FrcRobotBase.printPidInfo_Info: visionTurnPidCtrl: Target=   0.0, Input=   0.0, Error=  -0.0, PIDTerms=-0.000/ 0.000/ 0.000/ 0.000, Output= 0.000(-0.500/0.500)
FrcRobotBase.PixyVision_Info: null object(s) found
FrcRobotBase.Robot_Info: [4.317] VISION_DEPLOY: xPos= -0.75,yPos= 83.06,heading=  57.8/  58.0,volts=11.8(10.8)
FrcRobotBase.printPidInfo_Info: sonarDrivePidCtrl: Target=   7.0, Input=  36.2, Error=  29.2, PIDTerms= 0.483/ 0.000/-0.074/ 0.000, Output= 0.409(-0.500/0.500)
FrcRobotBase.printPidInfo_Info: visionTurnPidCtrl: Target=   0.0, Input=   0.0, Error=  -0.0, PIDTerms=-0.000/ 0.000/ 0.000/ 0.000, Output= 0.000(-0.500/0.500)
FrcRobotBase.PixyVision_Info: null object(s) found
FrcRobotBase.Robot_Info: [4.342] VISION_DEPLOY: xPos= -0.56,yPos= 84.28,heading=  57.8/  58.0,volts=11.9(10.8)
FrcRobotBase.printPidInfo_Info: sonarDrivePidCtrl: Target=   7.0, Input=  36.1, Error=  29.1, PIDTerms= 0.481/ 0.000/-0.009/ 0.000, Output= 0.471(-0.500/0.500)
FrcRobotBase.printPidInfo_Info: visionTurnPidCtrl: Target=   0.0, Input=   0.0, Error=  -0.0, PIDTerms=-0.000/ 0.000/ 0.000/ 0.000, Output= 0.000(-0.500/0.500)
FrcRobotBase.PixyVision_Info: null object(s) found
FrcRobotBase.PixyVision_Info: null object(s) found
FrcRobotBase.Robot_Info: [4.378] VISION_DEPLOY: xPos= -0.53,yPos= 85.82,heading=  57.8/  58.0,volts=11.9(10.8)
FrcRobotBase.printPidInfo_Info: sonarDrivePidCtrl: Target=   7.0, Input=  34.1, Error=  27.1, PIDTerms= 0.448/ 0.000/-0.108/ 0.000, Output= 0.340(-0.500/0.500)
FrcRobotBase.printPidInfo_Info: visionTurnPidCtrl: Target=   0.0, Input=   0.0, Error=  -0.0, PIDTerms=-0.000/ 0.000/ 0.000/ 0.000, Output= 0.000(-0.500/0.500)
FrcRobotBase.PixyVision_Info: null object(s) found
FrcRobotBase.Robot_Info: [4.405] VISION_DEPLOY: xPos= -0.52,yPos= 87.37,heading=  57.8/  58.0,volts=12.2(10.8)
FrcRobotBase.printPidInfo_Info: sonarDrivePidCtrl: Target=   7.0, Input=  31.3, Error=  24.3, PIDTerms= 0.400/ 0.000/-0.177/ 0.000, Output= 0.223(-0.500/0.500)
FrcRobotBase.printPidInfo_Info: visionTurnPidCtrl: Target=   0.0, Input=   0.0, Error=  -0.0, PIDTerms=-0.000/ 0.000/ 0.000/ 0.000, Output= 0.000(-0.500/0.500)
FrcRobotBase.PixyVision_Info: null object(s) found
FrcRobotBase.Robot_Info: [4.435] VISION_DEPLOY: xPos= -0.51,yPos= 88.35,heading=  57.7/  58.0,volts=12.4(10.8)
FrcRobotBase.printPidInfo_Info: sonarDrivePidCtrl: Target=   7.0, Input=  31.4, Error=  24.4, PIDTerms= 0.402/ 0.000/ 0.010/ 0.000, Output= 0.412(-0.500/0.500)
FrcRobotBase.printPidInfo_Info: visionTurnPidCtrl: Target=   0.0, Input=   0.0, Error=  -0.0, PIDTerms=-0.000/ 0.000/ 0.000/ 0.000, Output= 0.000(-0.500/0.500)
FrcRobotBase.PixyVision_Info: null object(s) found
FrcRobotBase.Robot_Info: [4.460] VISION_DEPLOY: xPos= -0.53,yPos= 89.28,heading=  57.7/  58.0,volts=12.2(10.8)
FrcRobotBase.printPidInfo_Info: sonarDrivePidCtrl: Target=   7.0, Input=  29.0, Error=  22.0, PIDTerms= 0.363/ 0.000/-0.156/ 0.000, Output= 0.207(-0.500/0.500)
FrcRobotBase.printPidInfo_Info: visionTurnPidCtrl: Target=   0.0, Input=   0.0, Error=  -0.0, PIDTerms=-0.000/ 0.000/ 0.000/ 0.000, Output= 0.000(-0.500/0.500)
FrcRobotBase.PixyVision_Info: null object(s) found
FrcRobotBase.PixyVision_Info: null object(s) found
FrcRobotBase.Robot_Info: [4.494] VISION_DEPLOY: xPos= -0.55,yPos= 91.44,heading=  57.7/  58.0,volts=12.4(10.8)
FrcRobotBase.printPidInfo_Info: sonarDrivePidCtrl: Target=   7.0, Input=  29.3, Error=  22.3, PIDTerms= 0.367/ 0.000/ 0.018/ 0.000, Output= 0.386(-0.500/0.500)
FrcRobotBase.printPidInfo_Info: visionTurnPidCtrl: Target=   0.0, Input=   0.0, Error=  -0.0, PIDTerms=-0.000/ 0.000/ 0.000/ 0.000, Output= 0.000(-0.500/0.500)
FrcRobotBase.PixyVision_Info: null object(s) found
FrcRobotBase.Robot_Info: [4.519] VISION_DEPLOY: xPos= -0.53,yPos= 92.40,heading=  57.7/  58.0,volts=12.3(10.8)
FrcRobotBase.printPidInfo_Info: sonarDrivePidCtrl: Target=   7.0, Input=  27.2, Error=  20.2, PIDTerms= 0.333/ 0.000/-0.136/ 0.000, Output= 0.197(-0.500/0.500)
FrcRobotBase.printPidInfo_Info: visionTurnPidCtrl: Target=   0.0, Input=   0.0, Error=  -0.0, PIDTerms=-0.000/ 0.000/ 0.000/ 0.000, Output= 0.000(-0.500/0.500)
FrcRobotBase.PixyVision_Info: null object(s) found
FrcRobotBase.Robot_Info: [4.543] VISION_DEPLOY: xPos= -0.53,yPos= 93.51,heading=  57.7/  58.0,volts=12.5(10.8)
FrcRobotBase.printPidInfo_Info: sonarDrivePidCtrl: Target=   7.0, Input=  25.5, Error=  18.5, PIDTerms= 0.306/ 0.000/-0.132/ 0.000, Output= 0.174(-0.500/0.500)
FrcRobotBase.printPidInfo_Info: visionTurnPidCtrl: Target=   0.0, Input=   0.0, Error=  -0.0, PIDTerms=-0.000/ 0.000/ 0.000/ 0.000, Output= 0.000(-0.500/0.500)
FrcRobotBase.PixyVision_Info: null object(s) found
FrcRobotBase.Robot_Info: [4.573] VISION_DEPLOY: xPos= -0.56,yPos= 95.37,heading=  57.7/  58.0,volts=12.5(10.8)
FrcRobotBase.printPidInfo_Info: sonarDrivePidCtrl: Target=   7.0, Input=  24.4, Error=  17.4, PIDTerms= 0.287/ 0.000/-0.089/ 0.000, Output= 0.198(-0.500/0.500)
FrcRobotBase.printPidInfo_Info: visionTurnPidCtrl: Target=   0.0, Input=   0.0, Error=  -0.0, PIDTerms=-0.000/ 0.000/ 0.000/ 0.000, Output= 0.000(-0.500/0.500)
FrcRobotBase.PixyVision_Info: null object(s) found
FrcRobotBase.PixyVision_Info: null object(s) found
FrcRobotBase.Robot_Info: [4.601] VISION_DEPLOY: xPos= -0.60,yPos= 96.29,heading=  57.7/  58.0,volts=12.5(10.8)
FrcRobotBase.printPidInfo_Info: sonarDrivePidCtrl: Target=   7.0, Input=  23.5, Error=  16.5, PIDTerms= 0.273/ 0.000/-0.053/ 0.000, Output= 0.220(-0.500/0.500)
FrcRobotBase.printPidInfo_Info: visionTurnPidCtrl: Target=   0.0, Input=   0.0, Error=  -0.0, PIDTerms=-0.000/ 0.000/ 0.000/ 0.000, Output= 0.000(-0.500/0.500)
FrcRobotBase.PixyVision_Info: null object(s) found
FrcRobotBase.Robot_Info: [4.631] VISION_DEPLOY: xPos= -0.75,yPos= 97.90,heading=  57.5/  58.0,volts=12.5(10.8)
FrcRobotBase.printPidInfo_Info: sonarDrivePidCtrl: Target=   7.0, Input=  22.4, Error=  15.4, PIDTerms= 0.254/ 0.000/-0.086/ 0.000, Output= 0.168(-0.500/0.500)
FrcRobotBase.printPidInfo_Info: visionTurnPidCtrl: Target=   0.0, Input=   0.0, Error=  -0.0, PIDTerms=-0.000/ 0.000/ 0.000/ 0.000, Output= 0.000(-0.500/0.500)
FrcRobotBase.PixyVision_Info: null object(s) found
FrcRobotBase.Robot_Info: [4.657] VISION_DEPLOY: xPos= -0.56,yPos= 99.09,heading=  57.5/  58.0,volts=12.6(10.8)
FrcRobotBase.printPidInfo_Info: sonarDrivePidCtrl: Target=   7.0, Input=  21.4, Error=  14.4, PIDTerms= 0.238/ 0.000/-0.083/ 0.000, Output= 0.155(-0.500/0.500)
FrcRobotBase.printPidInfo_Info: visionTurnPidCtrl: Target=   0.0, Input=   0.0, Error=  -0.0, PIDTerms=-0.000/ 0.000/ 0.000/ 0.000, Output= 0.000(-0.500/0.500)
FrcRobotBase.PixyVision_Info: null object(s) found
FrcRobotBase.Robot_Info: [4.682] VISION_DEPLOY: xPos= -0.56,yPos= 99.99,heading=  57.4/  58.0,volts=12.6(10.8)
FrcRobotBase.printPidInfo_Info: sonarDrivePidCtrl: Target=   7.0, Input=  20.6, Error=  13.6, PIDTerms= 0.224/ 0.000/-0.057/ 0.000, Output= 0.167(-0.500/0.500)
FrcRobotBase.printPidInfo_Info: visionTurnPidCtrl: Target=   0.0, Input=   0.0, Error=  -0.0, PIDTerms=-0.000/ 0.000/ 0.000/ 0.000, Output= 0.000(-0.500/0.500)
FrcRobotBase.PixyVision_Info: null object(s) found
FrcRobotBase.PixyVision_Info: null object(s) found
FrcRobotBase.Robot_Info: [4.714] VISION_DEPLOY: xPos= -0.78,yPos=101.54,heading=  57.3/  58.0,volts=12.6(10.8)
FrcRobotBase.printPidInfo_Info: sonarDrivePidCtrl: Target=   7.0, Input=  17.6, Error=  10.6, PIDTerms= 0.174/ 0.000/-0.217/ 0.000, Output=-0.043(-0.500/0.500)
FrcRobotBase.printPidInfo_Info: visionTurnPidCtrl: Target=   0.0, Input=   0.0, Error=  -0.0, PIDTerms=-0.000/ 0.000/ 0.000/ 0.000, Output= 0.000(-0.500/0.500)
FrcRobotBase.PixyVision_Info: null object(s) found
FrcRobotBase.Robot_Info: [4.741] VISION_DEPLOY: xPos= -0.63,yPos=102.53,heading=  57.2/  58.0,volts=12.6(10.8)
FrcRobotBase.printPidInfo_Info: sonarDrivePidCtrl: Target=   7.0, Input=  17.6, Error=  10.6, PIDTerms= 0.174/ 0.000/ 0.000/ 0.000, Output= 0.174(-0.500/0.500)
FrcRobotBase.printPidInfo_Info: visionTurnPidCtrl: Target=   0.0, Input=   0.0, Error=  -0.0, PIDTerms=-0.000/ 0.000/ 0.000/ 0.000, Output= 0.000(-0.500/0.500)
FrcRobotBase.PixyVision_Info: null object(s) found
FrcRobotBase.Robot_Info: [4.766] VISION_DEPLOY: xPos= -0.67,yPos=103.24,heading=  57.0/  58.0,volts=12.6(10.8)
FrcRobotBase.printPidInfo_Info: sonarDrivePidCtrl: Target=   7.0, Input=  15.7, Error=   8.7, PIDTerms= 0.143/ 0.000/-0.142/ 0.000, Output= 0.001(-0.500/0.500)
FrcRobotBase.printPidInfo_Info: visionTurnPidCtrl: Target=   0.0, Input=   0.0, Error=  -0.0, PIDTerms=-0.000/ 0.000/ 0.000/ 0.000, Output= 0.000(-0.500/0.500)
FrcRobotBase.PixyVision_Info: null object(s) found
FrcRobotBase.Robot_Info: [4.796] VISION_DEPLOY: xPos= -0.52,yPos=104.13,heading=  56.9/  58.0,volts=12.6(10.8)
FrcRobotBase.printPidInfo_Info: sonarDrivePidCtrl: Target=   7.0, Input=  15.3, Error=   8.3, PIDTerms= 0.137/ 0.000/-0.029/ 0.000, Output= 0.108(-0.500/0.500)
FrcRobotBase.printPidInfo_Info: visionTurnPidCtrl: Target=   0.0, Input=   0.0, Error=  -0.0, PIDTerms=-0.000/ 0.000/ 0.000/ 0.000, Output= 0.000(-0.500/0.500)
FrcRobotBase.PixyVision_Info: null object(s) found
FrcRobotBase.PixyVision_Info: null object(s) found
FrcRobotBase.Robot_Info: [4.824] VISION_DEPLOY: xPos= -0.69,yPos=105.27,heading=  56.8/  58.0,volts=12.6(10.8)
FrcRobotBase.printPidInfo_Info: sonarDrivePidCtrl: Target=   7.0, Input=  13.6, Error=   6.6, PIDTerms= 0.109/ 0.000/-0.109/ 0.000, Output=-0.001(-0.500/0.500)
FrcRobotBase.printPidInfo_Info: visionTurnPidCtrl: Target=   0.0, Input=   0.0, Error=  -0.0, PIDTerms=-0.000/ 0.000/ 0.000/ 0.000, Output= 0.000(-0.500/0.500)
FrcRobotBase.PixyVision_Info: null object(s) found
FrcRobotBase.Robot_Info: [4.851] VISION_DEPLOY: xPos= -0.69,yPos=105.88,heading=  56.7/  58.0,volts=12.6(10.8)
FrcRobotBase.printPidInfo_Info: sonarDrivePidCtrl: Target=   7.0, Input=  12.8, Error=   5.8, PIDTerms= 0.096/ 0.000/-0.056/ 0.000, Output= 0.041(-0.500/0.500)
FrcRobotBase.printPidInfo_Info: visionTurnPidCtrl: Target=   0.0, Input=   0.0, Error=  -0.0, PIDTerms=-0.000/ 0.000/ 0.000/ 0.000, Output= 0.000(-0.500/0.500)
FrcRobotBase.PixyVision_Info: null object(s) found
FrcRobotBase.Robot_Info: [4.881] VISION_DEPLOY: xPos= -0.71,yPos=106.73,heading=  56.6/  58.0,volts=12.6(10.8)
FrcRobotBase.printPidInfo_Info: sonarDrivePidCtrl: Target=   7.0, Input=  12.7, Error=   5.7, PIDTerms= 0.094/ 0.000/-0.010/ 0.000, Output= 0.084(-0.500/0.500)
FrcRobotBase.printPidInfo_Info: visionTurnPidCtrl: Target=   0.0, Input=   0.0, Error=  -0.0, PIDTerms=-0.000/ 0.000/ 0.000/ 0.000, Output= 0.000(-0.500/0.500)
FrcRobotBase.PixyVision_Info: null object(s) found
FrcRobotBase.Robot_Info: [4.913] VISION_DEPLOY: xPos= -0.71,yPos=107.51,heading=  56.5/  58.0,volts=12.6(10.8)
FrcRobotBase.printPidInfo_Info: sonarDrivePidCtrl: Target=   7.0, Input=  11.7, Error=   4.7, PIDTerms= 0.078/ 0.000/-0.065/ 0.000, Output= 0.012(-0.500/0.500)
FrcRobotBase.printPidInfo_Info: visionTurnPidCtrl: Target=   0.0, Input=   0.0, Error=  -0.0, PIDTerms=-0.000/ 0.000/ 0.000/ 0.000, Output= 0.000(-0.500/0.500)
FrcRobotBase.PixyVision_Info: null object(s) found
FrcRobotBase.PixyVision_Info: null object(s) found
FrcRobotBase.Robot_Info: [4.943] VISION_DEPLOY: xPos= -0.61,yPos=108.10,heading=  56.3/  58.0,volts=12.6(10.8)
FrcRobotBase.printPidInfo_Info: sonarDrivePidCtrl: Target=   7.0, Input=  11.3, Error=   4.3, PIDTerms= 0.072/ 0.000/-0.020/ 0.000, Output= 0.051(-0.500/0.500)
FrcRobotBase.printPidInfo_Info: visionTurnPidCtrl: Target=   0.0, Input=   0.0, Error=  -0.0, PIDTerms=-0.000/ 0.000/ 0.000/ 0.000, Output= 0.000(-0.500/0.500)
FrcRobotBase.PixyVision_Info: null object(s) found
FrcRobotBase.Robot_Info: [4.977] VISION_DEPLOY: xPos= -0.74,yPos=108.85,heading=  56.2/  58.0,volts=12.6(10.8)
FrcRobotBase.printPidInfo_Info: sonarDrivePidCtrl: Target=   7.0, Input=  10.6, Error=   3.6, PIDTerms= 0.059/ 0.000/-0.053/ 0.000, Output= 0.006(-0.500/0.500)
FrcRobotBase.printPidInfo_Info: visionTurnPidCtrl: Target=   0.0, Input=   0.0, Error=  -0.0, PIDTerms=-0.000/ 0.000/ 0.000/ 0.000, Output= 0.000(-0.500/0.500)
FrcRobotBase.PixyVision_Info: null object(s) found
FrcRobotBase.Robot_Info: [5.006] VISION_DEPLOY: xPos= -0.77,yPos=109.41,heading=  56.1/  58.0,volts=12.6(10.8)
FrcRobotBase.printPidInfo_Info: sonarDrivePidCtrl: Target=   7.0, Input=  11.5, Error=   4.5, PIDTerms= 0.074/ 0.000/ 0.051/ 0.000, Output= 0.125(-0.500/0.500)
FrcRobotBase.printPidInfo_Info: visionTurnPidCtrl: Target=   0.0, Input=   0.0, Error=  -0.0, PIDTerms=-0.000/ 0.000/ 0.000/ 0.000, Output= 0.000(-0.500/0.500)
FrcRobotBase.PixyVision_Info: null object(s) found
FrcRobotBase.Robot_Info: [5.039] VISION_DEPLOY: xPos= -0.78,yPos=109.92,heading=  56.0/  58.0,volts=12.5(10.8)
FrcRobotBase.printPidInfo_Info: sonarDrivePidCtrl: Target=   7.0, Input=  11.6, Error=   4.6, PIDTerms= 0.076/ 0.000/ 0.009/ 0.000, Output= 0.085(-0.500/0.500)
FrcRobotBase.printPidInfo_Info: visionTurnPidCtrl: Target=   0.0, Input=   0.0, Error=  -0.0, PIDTerms=-0.000/ 0.000/ 0.000/ 0.000, Output= 0.000(-0.500/0.500)
FrcRobotBase.PixyVision_Info: null object(s) found
FrcRobotBase.PixyVision_Info: null object(s) found
FrcRobotBase.Robot_Info: [5.076] VISION_DEPLOY: xPos= -0.82,yPos=110.58,heading=  55.9/  58.0,volts=12.5(10.8)
FrcRobotBase.printPidInfo_Info: sonarDrivePidCtrl: Target=   7.0, Input=  10.6, Error=   3.6, PIDTerms= 0.059/ 0.000/-0.055/ 0.000, Output= 0.004(-0.500/0.500)
FrcRobotBase.printPidInfo_Info: visionTurnPidCtrl: Target=   0.0, Input=   0.0, Error=  -0.0, PIDTerms=-0.000/ 0.000/ 0.000/ 0.000, Output= 0.000(-0.500/0.500)
FrcRobotBase.PixyVision_Info: null object(s) found
FrcRobotBase.Robot_Info: [5.113] VISION_DEPLOY: xPos= -0.93,yPos=111.02,heading=  55.6/  58.0,volts=12.6(10.8)
FrcRobotBase.printPidInfo_Info: sonarDrivePidCtrl: Target=   7.0, Input=  10.6, Error=   3.6, PIDTerms= 0.059/ 0.000/ 0.000/ 0.000, Output= 0.059(-0.500/0.500)
FrcRobotBase.printPidInfo_Info: visionTurnPidCtrl: Target=   0.0, Input=   0.0, Error=  -0.0, PIDTerms=-0.000/ 0.000/ 0.000/ 0.000, Output= 0.000(-0.500/0.500)
FrcRobotBase.PixyVision_Info: null object(s) found
FrcRobotBase.Robot_Info: [5.156] VISION_DEPLOY: xPos= -0.96,yPos=111.48,heading=  55.3/  58.0,volts=12.5(10.8)
FrcRobotBase.printPidInfo_Info: sonarDrivePidCtrl: Target=   7.0, Input=  10.1, Error=   3.1, PIDTerms= 0.051/ 0.000/-0.022/ 0.000, Output= 0.029(-0.500/0.500)
FrcRobotBase.printPidInfo_Info: visionTurnPidCtrl: Target=   0.0, Input=   0.0, Error=  -0.0, PIDTerms=-0.000/ 0.000/ 0.000/ 0.000, Output= 0.000(-0.500/0.500)
FrcRobotBase.PixyVision_Info: null object(s) found
FrcRobotBase.PixyVision_Info: null object(s) found
FrcRobotBase.Robot_Info: [5.186] VISION_DEPLOY: xPos= -0.96,yPos=111.67,heading=  55.1/  58.0,volts=12.5(10.8)
FrcRobotBase.printPidInfo_Info: sonarDrivePidCtrl: Target=   7.0, Input=   9.5, Error=   2.5, PIDTerms= 0.041/ 0.000/-0.034/ 0.000, Output= 0.007(-0.500/0.500)
FrcRobotBase.printPidInfo_Info: visionTurnPidCtrl: Target=   0.0, Input=   0.0, Error=  -0.0, PIDTerms=-0.000/ 0.000/ 0.000/ 0.000, Output= 0.000(-0.500/0.500)
FrcRobotBase.PixyVision_Info: null object(s) found
FrcRobotBase.Robot_Info: [5.221] VISION_DEPLOY: xPos= -1.02,yPos=111.95,heading=  54.9/  58.0,volts=12.6(10.8)
FrcRobotBase.printPidInfo_Info: sonarDrivePidCtrl: Target=   7.0, Input=   9.7, Error=   2.7, PIDTerms= 0.045/ 0.000/ 0.015/ 0.000, Output= 0.060(-0.500/0.500)
FrcRobotBase.printPidInfo_Info: visionTurnPidCtrl: Target=   0.0, Input=   0.0, Error=  -0.0, PIDTerms=-0.000/ 0.000/ 0.000/ 0.000, Output= 0.000(-0.500/0.500)
FrcRobotBase.PixyVision_Info: null object(s) found
FrcRobotBase.Robot_Info: [5.253] VISION_DEPLOY: xPos= -1.05,yPos=112.08,heading=  54.6/  58.0,volts=12.5(10.8)
FrcRobotBase.printPidInfo_Info: sonarDrivePidCtrl: Target=   7.0, Input=   9.1, Error=   2.1, PIDTerms= 0.035/ 0.000/-0.043/ 0.000, Output=-0.009(-0.500/0.500)
FrcRobotBase.printPidInfo_Info: visionTurnPidCtrl: Target=   0.0, Input=   0.0, Error=  -0.0, PIDTerms=-0.000/ 0.000/ 0.000/ 0.000, Output= 0.000(-0.500/0.500)
FrcRobotBase.PixyVision_Info: null object(s) found
FrcRobotBase.Robot_Info: [5.282] VISION_DEPLOY: xPos= -1.10,yPos=112.28,heading=  54.4/  58.0,volts=12.6(10.8)
FrcRobotBase.printPidInfo_Info: sonarDrivePidCtrl: Target=   7.0, Input=   8.7, Error=   1.7, PIDTerms= 0.028/ 0.000/-0.023/ 0.000, Output= 0.006(-0.500/0.500)
FrcRobotBase.printPidInfo_Info: visionTurnPidCtrl: Target=   0.0, Input=   0.0, Error=  -0.0, PIDTerms=-0.000/ 0.000/ 0.000/ 0.000, Output= 0.000(-0.500/0.500)
FrcRobotBase.PixyVision_Info: null object(s) found
FrcRobotBase.PixyVision_Info: null object(s) found
FrcRobotBase.Robot_Info: [5.317] VISION_DEPLOY: xPos= -1.09,yPos=112.36,heading=  54.2/  58.0,volts=12.6(10.8)
FrcRobotBase.printPidInfo_Info: sonarDrivePidCtrl: Target=   7.0, Input=   8.7, Error=   1.7, PIDTerms= 0.028/ 0.000/ 0.000/ 0.000, Output= 0.028(-0.500/0.500)
FrcRobotBase.printPidInfo_Info: visionTurnPidCtrl: Target=   0.0, Input=   0.0, Error=  -0.0, PIDTerms=-0.000/ 0.000/ 0.000/ 0.000, Output= 0.000(-0.500/0.500)
FrcRobotBase.PixyVision_Info: null object(s) found
FrcRobotBase.Robot_Info: [5.346] VISION_DEPLOY: xPos= -1.11,yPos=112.45,heading=  54.2/  58.0,volts=12.6(10.8)
FrcRobotBase.printPidInfo_Info: sonarDrivePidCtrl: Target=   7.0, Input=   8.6, Error=   1.6, PIDTerms= 0.026/ 0.000/-0.008/ 0.000, Output= 0.018(-0.500/0.500)
FrcRobotBase.printPidInfo_Info: visionTurnPidCtrl: Target=   0.0, Input=   0.0, Error=  -0.0, PIDTerms=-0.000/ 0.000/ 0.000/ 0.000, Output= 0.000(-0.500/0.500)
FrcRobotBase.PixyVision_Info: null object(s) found
FrcRobotBase.Robot_Info: [5.378] VISION_DEPLOY: xPos= -1.12,yPos=112.48,heading=  54.2/  58.0,volts=12.6(10.8)
FrcRobotBase.printPidInfo_Info: sonarDrivePidCtrl: Target=   7.0, Input=   8.7, Error=   1.7, PIDTerms= 0.028/ 0.000/ 0.009/ 0.000, Output= 0.037(-0.500/0.500)
FrcRobotBase.printPidInfo_Info: visionTurnPidCtrl: Target=   0.0, Input=   0.0, Error=  -0.0, PIDTerms=-0.000/ 0.000/ 0.000/ 0.000, Output= 0.000(-0.500/0.500)
FrcRobotBase.PixyVision_Info: null object(s) found
FrcRobotBase.Robot_Info: [5.407] VISION_DEPLOY: xPos= -1.12,yPos=112.48,heading=  54.2/  58.0,volts=12.6(10.8)
FrcRobotBase.printPidInfo_Info: sonarDrivePidCtrl: Target=   7.0, Input=   8.7, Error=   1.7, PIDTerms= 0.028/ 0.000/ 0.000/ 0.000, Output= 0.028(-0.500/0.500)
FrcRobotBase.printPidInfo_Info: visionTurnPidCtrl: Target=   0.0, Input=   0.0, Error=  -0.0, PIDTerms=-0.000/ 0.000/ 0.000/ 0.000, Output= 0.000(-0.500/0.500)
FrcRobotBase.PixyVision_Info: null object(s) found
FrcRobotBase.PixyVision_Info: null object(s) found
FrcRobotBase.Robot_Info: [5.441] VISION_DEPLOY: xPos= -1.12,yPos=112.48,heading=  54.2/  58.0,volts=12.6(10.8)
FrcRobotBase.printPidInfo_Info: sonarDrivePidCtrl: Target=   7.0, Input=   8.6, Error=   1.6, PIDTerms= 0.026/ 0.000/-0.008/ 0.000, Output= 0.018(-0.500/0.500)
FrcRobotBase.printPidInfo_Info: visionTurnPidCtrl: Target=   0.0, Input=   0.0, Error=  -0.0, PIDTerms=-0.000/ 0.000/ 0.000/ 0.000, Output= 0.000(-0.500/0.500)
FrcRobotBase.PixyVision_Info: null object(s) found
FrcRobotBase.Robot_Info: [5.482] VISION_DEPLOY: xPos= -1.12,yPos=112.47,heading=  54.2/  58.0,volts=12.6(10.8)
FrcRobotBase.printPidInfo_Info: sonarDrivePidCtrl: Target=   7.0, Input=   8.7, Error=   1.7, PIDTerms= 0.028/ 0.000/ 0.008/ 0.000, Output= 0.036(-0.500/0.500)
FrcRobotBase.printPidInfo_Info: visionTurnPidCtrl: Target=   0.0, Input=   0.0, Error=  -0.0, PIDTerms=-0.000/ 0.000/ 0.000/ 0.000, Output= 0.000(-0.500/0.500)
FrcRobotBase.PixyVision_Info: null object(s) found
FrcRobotBase.Robot_Info: [5.520] VISION_DEPLOY: xPos= -1.11,yPos=112.46,heading=  54.1/  58.0,volts=12.6(10.8)
FrcRobotBase.printPidInfo_Info: sonarDrivePidCtrl: Target=   7.0, Input=   8.7, Error=   1.7, PIDTerms= 0.028/ 0.000/ 0.000/ 0.000, Output= 0.028(-0.500/0.500)
FrcRobotBase.printPidInfo_Info: visionTurnPidCtrl: Target=   0.0, Input=   0.0, Error=  -0.0, PIDTerms=-0.000/ 0.000/ 0.000/ 0.000, Output= 0.000(-0.500/0.500)
FrcRobotBase.PixyVision_Info: null object(s) found
FrcRobotBase.PixyVision_Info: null object(s) found
FrcRobotBase.Robot_Info: [5.556] VISION_DEPLOY: xPos= -1.10,yPos=112.45,heading=  54.1/  58.0,volts=12.6(10.8)
FrcRobotBase.printPidInfo_Info: sonarDrivePidCtrl: Target=   7.0, Input=   8.6, Error=   1.6, PIDTerms= 0.026/ 0.000/-0.008/ 0.000, Output= 0.018(-0.500/0.500)
FrcRobotBase.printPidInfo_Info: visionTurnPidCtrl: Target=   0.0, Input=   0.0, Error=  -0.0, PIDTerms=-0.000/ 0.000/ 0.000/ 0.000, Output= 0.000(-0.500/0.500)
FrcRobotBase.PixyVision_Info: null object(s) found
FrcRobotBase.Robot_Info: [5.584] VISION_DEPLOY: xPos= -1.10,yPos=112.45,heading=  54.2/  58.0,volts=12.6(10.8)
FrcRobotBase.printPidInfo_Info: sonarDrivePidCtrl: Target=   7.0, Input=   8.6, Error=   1.6, PIDTerms= 0.026/ 0.000/ 0.000/ 0.000, Output= 0.026(-0.500/0.500)
FrcRobotBase.printPidInfo_Info: visionTurnPidCtrl: Target=   0.0, Input=   0.0, Error=  -0.0, PIDTerms=-0.000/ 0.000/ 0.000/ 0.000, Output= 0.000(-0.500/0.500)
FrcRobotBase.PixyVision_Info: null object(s) found
FrcRobotBase.Robot_Info: [5.619] VISION_DEPLOY: xPos= -1.10,yPos=112.45,heading=  54.1/  58.0,volts=12.6(10.8)
FrcRobotBase.printPidInfo_Info: sonarDrivePidCtrl: Target=   7.0, Input=   8.7, Error=   1.7, PIDTerms= 0.028/ 0.000/ 0.009/ 0.000, Output= 0.037(-0.500/0.500)
FrcRobotBase.printPidInfo_Info: visionTurnPidCtrl: Target=   0.0, Input=   0.0, Error=  -0.0, PIDTerms=-0.000/ 0.000/ 0.000/ 0.000, Output= 0.000(-0.500/0.500)
FrcRobotBase.PixyVision_Info: null object(s) found
FrcRobotBase.Robot_Info: [5.647] VISION_DEPLOY: xPos= -1.10,yPos=112.45,heading=  54.1/  58.0,volts=12.6(10.8)
FrcRobotBase.printPidInfo_Info: sonarDrivePidCtrl: Target=   7.0, Input=   8.6, Error=   1.6, PIDTerms= 0.026/ 0.000/-0.007/ 0.000, Output= 0.019(-0.500/0.500)
FrcRobotBase.printPidInfo_Info: visionTurnPidCtrl: Target=   0.0, Input=   0.0, Error=  -0.0, PIDTerms=-0.000/ 0.000/ 0.000/ 0.000, Output= 0.000(-0.500/0.500)
FrcRobotBase.PixyVision_Info: null object(s) found
FrcRobotBase.PixyVision_Info: null object(s) found
FrcRobotBase.Robot_Info: [5.684] VISION_DEPLOY: xPos= -1.10,yPos=112.45,heading=  54.2/  58.0,volts=12.6(10.8)
FrcRobotBase.printPidInfo_Info: sonarDrivePidCtrl: Target=   7.0, Input=   8.6, Error=   1.6, PIDTerms= 0.026/ 0.000/ 0.000/ 0.000, Output= 0.026(-0.500/0.500)
FrcRobotBase.printPidInfo_Info: visionTurnPidCtrl: Target=   0.0, Input=   0.0, Error=  -0.0, PIDTerms=-0.000/ 0.000/ 0.000/ 0.000, Output= 0.000(-0.500/0.500)
FrcRobotBase.PixyVision_Info: null object(s) found
FrcRobotBase.Robot_Info: [5.727] VISION_DEPLOY: xPos= -1.10,yPos=112.45,heading=  54.2/  58.0,volts=12.6(10.8)
FrcRobotBase.printPidInfo_Info: sonarDrivePidCtrl: Target=   7.0, Input=   8.7, Error=   1.7, PIDTerms= 0.028/ 0.000/ 0.006/ 0.000, Output= 0.035(-0.500/0.500)
FrcRobotBase.printPidInfo_Info: visionTurnPidCtrl: Target=   0.0, Input=   0.0, Error=  -0.0, PIDTerms=-0.000/ 0.000/ 0.000/ 0.000, Output= 0.000(-0.500/0.500)
FrcRobotBase.PixyVision_Info: null object(s) found
FrcRobotBase.Robot_Info: [5.780] VISION_DEPLOY: xPos= -1.10,yPos=112.45,heading=  54.2/  58.0,volts=12.6(10.8)
FrcRobotBase.printPidInfo_Info: sonarDrivePidCtrl: Target=   7.0, Input=   8.7, Error=   1.7, PIDTerms= 0.028/ 0.000/ 0.000/ 0.000, Output= 0.028(-0.500/0.500)
FrcRobotBase.printPidInfo_Info: visionTurnPidCtrl: Target=   0.0, Input=   0.0, Error=  -0.0, PIDTerms=-0.000/ 0.000/ 0.000/ 0.000, Output= 0.000(-0.500/0.500)
FrcRobotBase.PixyVision_Info: null object(s) found
FrcRobotBase.PixyVision_Info: null object(s) found
FrcRobotBase.Robot_Info: [5.839] VISION_DEPLOY: xPos= -1.10,yPos=112.45,heading=  54.1/  58.0,volts=12.6(10.8)
FrcRobotBase.printPidInfo_Info: sonarDrivePidCtrl: Target=   7.0, Input=   8.7, Error=   1.7, PIDTerms= 0.028/ 0.000/ 0.000/ 0.000, Output= 0.028(-0.500/0.500)
FrcRobotBase.printPidInfo_Info: visionTurnPidCtrl: Target=   0.0, Input=   0.0, Error=  -0.0, PIDTerms=-0.000/ 0.000/ 0.000/ 0.000, Output= 0.000(-0.500/0.500)
FrcRobotBase.PixyVision_Info: null object(s) found
FrcRobotBase.Robot_Info: [5.895] DEPLOY_GEAR: xPos= -1.10,yPos=112.45,heading=  54.1/  58.0,volts=12.6(10.8)
FrcRobotBase.Robot_Info: [5.895] VISION_DEPLOY: xPos= -1.10,yPos=112.45,heading=  54.1/  58.0,volts=12.6(10.8)
FrcRobotBase.PixyVision_Info: null object(s) found
FrcRobotBase.Robot_Info: [5.934] VISION_DEPLOY: xPos= -1.10,yPos=112.45,heading=  54.1/  58.0,volts=12.6(10.8)
FrcRobotBase.Robot_Info: [5.956] VISION_DEPLOY: xPos= -1.10,yPos=112.45,heading=  54.1/  58.0,volts=12.6(10.8)
FrcRobotBase.Robot_Info: [5.974] VISION_DEPLOY: xPos= -1.10,yPos=112.45,heading=  54.1/  58.0,volts=12.6(10.8)
FrcRobotBase.Robot_Info: [5.996] VISION_DEPLOY: xPos= -1.10,yPos=112.45,heading=  54.1/  58.0,volts=12.6(10.8)
FrcRobotBase.Robot_Info: [6.019] VISION_DEPLOY: xPos= -1.09,yPos=112.44,heading=  54.1/  58.0,volts=12.6(10.8)
FrcRobotBase.PixyVision_Info: null object(s) found
FrcRobotBase.Robot_Info: [6.046] VISION_DEPLOY: xPos= -1.10,yPos=112.44,heading=  54.1/  58.0,volts=12.6(10.8)
FrcRobotBase.Robot_Info: [6.074] VISION_DEPLOY: xPos= -1.10,yPos=112.44,heading=  54.1/  58.0,volts=12.6(10.8)
FrcRobotBase.Robot_Info: [6.096] VISION_DEPLOY: xPos= -1.10,yPos=112.44,heading=  54.1/  58.0,volts=12.6(10.8)
FrcRobotBase.Robot_Info: [6.119] VISION_DEPLOY: xPos= -1.10,yPos=112.44,heading=  54.1/  58.0,volts=12.6(10.8)
FrcRobotBase.Robot_Info: [6.142] VISION_DEPLOY: xPos= -1.10,yPos=112.44,heading=  54.1/  58.0,volts=12.6(10.8)
FrcRobotBase.PixyVision_Info: null object(s) found
FrcRobotBase.Robot_Info: [6.174] VISION_DEPLOY: xPos= -1.10,yPos=112.44,heading=  54.1/  58.0,volts=12.6(10.8)
FrcRobotBase.Robot_Info: [6.183] VISION_DEPLOY: xPos= -1.10,yPos=112.44,heading=  54.1/  58.0,volts=12.6(10.8)
FrcRobotBase.Robot_Info: [6.199]     BACKUP: xPos= -1.10,yPos=112.44,heading=  54.1/  58.0,volts=12.6(10.8)
FrcRobotBase.printPidInfo_Info: encoderXPidCtrl: Target=  -1.1, Input=  -0.2, Error=   0.0, PIDTerms= 0.029/ 0.000/ 0.000/ 0.000, Output= 0.000(-0.500/0.500)
FrcRobotBase.printPidInfo_Info: encoderYPidCtrl: Target=  76.4, Input=  71.8, Error= -36.0, PIDTerms= 0.042/ 0.000/ 0.000/ 0.000, Output= 0.000(-0.500/0.500)
FrcRobotBase.printPidInfo_Info: gyroTurnPidCtrl: Target=  58.0, Input=  58.8, Error=   3.9, PIDTerms=-0.050/ 0.000/-0.001/ 0.000, Output= 0.000(-0.500/0.500)
FrcRobotBase.Robot_Info: [6.199] VISION_DEPLOY: xPos= -1.10,yPos=112.44,heading=  54.1/  58.0,volts=12.6(10.8)
FrcRobotBase.printPidInfo_Info: encoderXPidCtrl: Target=  -1.1, Input=  -0.2, Error=   0.0, PIDTerms= 0.029/ 0.000/ 0.000/ 0.000, Output= 0.000(-0.500/0.500)
FrcRobotBase.printPidInfo_Info: encoderYPidCtrl: Target=  76.4, Input=  71.8, Error= -36.0, PIDTerms= 0.042/ 0.000/ 0.000/ 0.000, Output= 0.000(-0.500/0.500)
FrcRobotBase.printPidInfo_Info: gyroTurnPidCtrl: Target=  58.0, Input=  58.8, Error=   3.9, PIDTerms=-0.050/ 0.000/-0.001/ 0.000, Output= 0.000(-0.500/0.500)
FrcRobotBase.Robot_Info: [6.253] VISION_DEPLOY: xPos= -1.10,yPos=112.44,heading=  54.1/  58.0,volts=12.6(10.8)
FrcRobotBase.printPidInfo_Info: encoderXPidCtrl: Target=  -1.1, Input=  -1.1, Error=   0.0, PIDTerms= 0.000/ 0.000/ 0.000/-0.000, Output= 0.000(-0.500/0.500)
FrcRobotBase.printPidInfo_Info: encoderYPidCtrl: Target=  76.4, Input= 112.4, Error= -36.0, PIDTerms=-1.260/ 0.000/ 0.000/ 0.000, Output=-0.500(-0.500/0.500)
FrcRobotBase.printPidInfo_Info: gyroTurnPidCtrl: Target=  58.0, Input=  54.1, Error=   3.9, PIDTerms= 0.252/ 0.000/ 0.000/ 0.000, Output= 0.252(-0.500/0.500)
FrcRobotBase.PixyVision_Info: null object(s) found
FrcRobotBase.Robot_Info: [6.292] VISION_DEPLOY: xPos= -1.15,yPos=112.00,heading=  54.4/  58.0,volts=10.9(10.8)
FrcRobotBase.printPidInfo_Info: encoderXPidCtrl: Target=  -1.1, Input=  -1.1, Error=  -0.0, PIDTerms=-0.001/ 0.000/-0.000/-0.000, Output=-0.001(-0.500/0.500)
FrcRobotBase.printPidInfo_Info: encoderYPidCtrl: Target=  76.4, Input= 112.4, Error= -36.0, PIDTerms=-1.260/ 0.000/ 0.001/ 0.000, Output=-0.500(-0.500/0.500)
FrcRobotBase.printPidInfo_Info: gyroTurnPidCtrl: Target=  58.0, Input=  54.1, Error=   3.9, PIDTerms= 0.253/ 0.000/ 0.002/ 0.000, Output= 0.255(-0.500/0.500)
FrcRobotBase.Robot_Info: [6.322] VISION_DEPLOY: xPos= -1.32,yPos=111.62,heading=  54.9/  58.0,volts=10.9(10.8)
FrcRobotBase.printPidInfo_Info: encoderXPidCtrl: Target=  -1.1, Input=  -1.2, Error=   0.0, PIDTerms= 0.007/ 0.000/ 0.000/-0.000, Output= 0.007(-0.500/0.500)
FrcRobotBase.printPidInfo_Info: encoderYPidCtrl: Target=  76.4, Input= 112.0, Error= -35.6, PIDTerms=-1.245/ 0.000/ 0.101/ 0.000, Output=-0.500(-0.500/0.500)
FrcRobotBase.printPidInfo_Info: gyroTurnPidCtrl: Target=  58.0, Input=  54.4, Error=   3.6, PIDTerms= 0.235/ 0.000/-0.039/ 0.000, Output= 0.196(-0.500/0.500)
FrcRobotBase.Robot_Info: [6.352] VISION_DEPLOY: xPos= -1.62,yPos=110.74,heading=  55.6/  58.0,volts=11.0(10.8)
FrcRobotBase.printPidInfo_Info: encoderXPidCtrl: Target=  -1.1, Input=  -1.3, Error=   0.2, PIDTerms= 0.033/ 0.000/ 0.000/-0.000, Output= 0.033(-0.500/0.500)
FrcRobotBase.printPidInfo_Info: encoderYPidCtrl: Target=  76.4, Input= 111.6, Error= -35.2, PIDTerms=-1.231/ 0.000/ 0.121/ 0.000, Output=-0.500(-0.500/0.500)
FrcRobotBase.printPidInfo_Info: gyroTurnPidCtrl: Target=  58.0, Input=  54.9, Error=   3.1, PIDTerms= 0.204/ 0.000/-0.095/ 0.000, Output= 0.109(-0.500/0.500)
FrcRobotBase.Robot_Info: [6.377] VISION_DEPLOY: xPos= -1.69,yPos=110.25,heading=  56.0/  58.0,volts=11.0(10.8)
FrcRobotBase.printPidInfo_Info: encoderXPidCtrl: Target=  -1.1, Input=  -1.6, Error=   0.5, PIDTerms= 0.078/ 0.000/ 0.000/-0.000, Output= 0.078(-0.500/0.500)
FrcRobotBase.printPidInfo_Info: encoderYPidCtrl: Target=  76.4, Input= 110.7, Error= -34.3, PIDTerms=-1.201/ 0.000/ 0.291/ 0.000, Output=-0.500(-0.500/0.500)
FrcRobotBase.printPidInfo_Info: gyroTurnPidCtrl: Target=  58.0, Input=  55.6, Error=   2.4, PIDTerms= 0.158/ 0.000/-0.147/ 0.000, Output= 0.011(-0.500/0.500)
FrcRobotBase.PixyVision_Info: null object(s) found
FrcRobotBase.Robot_Info: [6.406] VISION_DEPLOY: xPos= -1.73,yPos=109.75,heading=  56.7/  58.0,volts=11.1(10.8)
FrcRobotBase.printPidInfo_Info: encoderXPidCtrl: Target=  -1.1, Input=  -1.7, Error=   0.6, PIDTerms= 0.089/ 0.000/ 0.000/-0.000, Output= 0.089(-0.500/0.500)
FrcRobotBase.printPidInfo_Info: encoderYPidCtrl: Target=  76.4, Input= 110.2, Error= -33.8, PIDTerms=-1.183/ 0.000/ 0.115/ 0.000, Output=-0.500(-0.500/0.500)
FrcRobotBase.printPidInfo_Info: gyroTurnPidCtrl: Target=  58.0, Input=  56.0, Error=   2.0, PIDTerms= 0.132/ 0.000/-0.058/ 0.000, Output= 0.074(-0.500/0.500)
FrcRobotBase.Robot_Info: [6.436] VISION_DEPLOY: xPos= -1.63,yPos=108.72,heading=  57.3/  58.0,volts=11.3(10.8)
FrcRobotBase.printPidInfo_Info: encoderXPidCtrl: Target=  -1.1, Input=  -1.7, Error=   0.6, PIDTerms= 0.095/ 0.000/ 0.000/-0.000, Output= 0.095(-0.500/0.500)
FrcRobotBase.printPidInfo_Info: encoderYPidCtrl: Target=  76.4, Input= 109.8, Error= -33.3, PIDTerms=-1.166/ 0.000/ 0.166/ 0.000, Output=-0.500(-0.500/0.500)
FrcRobotBase.printPidInfo_Info: gyroTurnPidCtrl: Target=  58.0, Input=  56.7, Error=   1.3, PIDTerms= 0.082/ 0.000/-0.160/ 0.000, Output=-0.079(-0.500/0.500)
FrcRobotBase.Robot_Info: [6.480] VISION_DEPLOY: xPos= -1.53,yPos=107.47,heading=  57.9/  58.0,volts=11.3(10.8)
FrcRobotBase.printPidInfo_Info: encoderXPidCtrl: Target=  -1.1, Input=  -1.6, Error=   0.5, PIDTerms= 0.079/ 0.000/-0.000/-0.000, Output= 0.079(-0.500/0.500)
FrcRobotBase.printPidInfo_Info: encoderYPidCtrl: Target=  76.4, Input= 108.7, Error= -32.3, PIDTerms=-1.130/ 0.000/ 0.177/ 0.000, Output=-0.500(-0.500/0.500)
FrcRobotBase.printPidInfo_Info: gyroTurnPidCtrl: Target=  58.0, Input=  57.3, Error=   0.7, PIDTerms= 0.044/ 0.000/-0.063/ 0.000, Output=-0.020(-0.500/0.500)
FrcRobotBase.PixyVision_Info: null object(s) found
FrcRobotBase.Robot_Info: [6.536] VISION_DEPLOY: xPos= -1.59,yPos=105.90,heading=  58.3/  58.0,volts=11.3(10.8)
FrcRobotBase.printPidInfo_Info: encoderXPidCtrl: Target=  -1.1, Input=  -1.5, Error=   0.4, PIDTerms= 0.065/ 0.000/-0.000/-0.000, Output= 0.065(-0.500/0.500)
FrcRobotBase.printPidInfo_Info: encoderYPidCtrl: Target=  76.4, Input= 107.5, Error= -31.0, PIDTerms=-1.086/ 0.000/ 0.201/ 0.000, Output=-0.500(-0.500/0.500)
FrcRobotBase.printPidInfo_Info: gyroTurnPidCtrl: Target=  58.0, Input=  57.9, Error=   0.1, PIDTerms= 0.008/ 0.000/-0.055/ 0.000, Output=-0.048(-0.500/0.500)
FrcRobotBase.Robot_Info: [6.599] VISION_DEPLOY: xPos= -1.63,yPos=103.23,heading=  58.5/  58.0,volts=11.5(10.8)
FrcRobotBase.printPidInfo_Info: encoderXPidCtrl: Target=  -1.1, Input=  -1.6, Error=   0.5, PIDTerms= 0.073/ 0.000/ 0.000/-0.000, Output= 0.073(-0.500/0.500)
FrcRobotBase.printPidInfo_Info: encoderYPidCtrl: Target=  76.4, Input= 105.9, Error= -29.5, PIDTerms=-1.031/ 0.000/ 0.278/ 0.000, Output=-0.500(-0.500/0.500)
FrcRobotBase.printPidInfo_Info: gyroTurnPidCtrl: Target=  58.0, Input=  58.3, Error=  -0.3, PIDTerms=-0.018/ 0.000/-0.044/ 0.000, Output=-0.062(-0.500/0.500)
FrcRobotBase.PixyVision_Info: null object(s) found
FrcRobotBase.Robot_Info: [6.642] VISION_DEPLOY: xPos= -1.36,yPos=101.65,heading=  58.5/  58.0,volts=11.4(10.8)
FrcRobotBase.printPidInfo_Info: encoderXPidCtrl: Target=  -1.1, Input=  -1.6, Error=   0.5, PIDTerms= 0.079/ 0.000/ 0.000/-0.000, Output= 0.079(-0.500/0.500)
FrcRobotBase.printPidInfo_Info: encoderYPidCtrl: Target=  76.4, Input= 103.2, Error= -26.8, PIDTerms=-0.938/ 0.000/ 0.302/ 0.000, Output=-0.500(-0.500/0.500)
FrcRobotBase.printPidInfo_Info: gyroTurnPidCtrl: Target=  58.0, Input=  58.5, Error=  -0.5, PIDTerms=-0.034/ 0.000/-0.018/ 0.000, Output=-0.052(-0.500/0.500)
FrcRobotBase.Robot_Info: [6.666] VISION_DEPLOY: xPos= -1.31,yPos= 99.69,heading=  58.5/  58.0,volts=11.4(10.8)
FrcRobotBase.printPidInfo_Info: encoderXPidCtrl: Target=  -1.1, Input=  -1.4, Error=   0.3, PIDTerms= 0.039/ 0.000/-0.000/-0.000, Output= 0.039(-0.500/0.500)
FrcRobotBase.printPidInfo_Info: encoderYPidCtrl: Target=  76.4, Input= 101.7, Error= -25.2, PIDTerms=-0.882/ 0.000/ 0.534/ 0.000, Output=-0.348(-0.500/0.500)
FrcRobotBase.printPidInfo_Info: gyroTurnPidCtrl: Target=  58.0, Input=  58.5, Error=  -0.5, PIDTerms=-0.034/ 0.000/ 0.000/ 0.000, Output=-0.034(-0.500/0.500)
FrcRobotBase.Robot_Info: [6.692] VISION_DEPLOY: xPos= -1.26,yPos= 98.71,heading=  58.4/  58.0,volts=12.0(10.8)
FrcRobotBase.printPidInfo_Info: encoderXPidCtrl: Target=  -1.1, Input=  -1.3, Error=   0.2, PIDTerms= 0.032/ 0.000/-0.000/-0.000, Output= 0.032(-0.500/0.500)
FrcRobotBase.printPidInfo_Info: encoderYPidCtrl: Target=  76.4, Input=  99.7, Error= -23.2, PIDTerms=-0.814/ 0.000/ 0.682/ 0.000, Output=-0.132(-0.500/0.500)
FrcRobotBase.printPidInfo_Info: gyroTurnPidCtrl: Target=  58.0, Input=  58.5, Error=  -0.5, PIDTerms=-0.029/ 0.000/ 0.017/ 0.000, Output=-0.012(-0.500/0.500)
FrcRobotBase.Robot_Info: [6.716] VISION_DEPLOY: xPos= -1.22,yPos= 97.84,heading=  58.2/  58.0,volts=12.4(10.8)
FrcRobotBase.printPidInfo_Info: encoderXPidCtrl: Target=  -1.1, Input=  -1.3, Error=   0.2, PIDTerms= 0.023/ 0.000/-0.000/-0.000, Output= 0.023(-0.500/0.500)
FrcRobotBase.printPidInfo_Info: encoderYPidCtrl: Target=  76.4, Input=  98.7, Error= -22.3, PIDTerms=-0.779/ 0.000/ 0.283/ 0.000, Output=-0.496(-0.500/0.500)
FrcRobotBase.printPidInfo_Info: gyroTurnPidCtrl: Target=  58.0, Input=  58.4, Error=  -0.4, PIDTerms=-0.027/ 0.000/ 0.005/ 0.000, Output=-0.022(-0.500/0.500)
FrcRobotBase.Robot_Info: [6.739] VISION_DEPLOY: xPos= -1.19,yPos= 96.95,heading=  58.1/  58.0,volts=12.1(10.8)
FrcRobotBase.printPidInfo_Info: encoderXPidCtrl: Target=  -1.1, Input=  -1.2, Error=   0.1, PIDTerms= 0.018/ 0.000/-0.000/-0.000, Output= 0.018(-0.500/0.500)
FrcRobotBase.printPidInfo_Info: encoderYPidCtrl: Target=  76.4, Input=  97.8, Error= -21.4, PIDTerms=-0.749/ 0.000/ 0.306/ 0.000, Output=-0.443(-0.500/0.500)
FrcRobotBase.printPidInfo_Info: gyroTurnPidCtrl: Target=  58.0, Input=  58.2, Error=  -0.2, PIDTerms=-0.015/ 0.000/ 0.042/ 0.000, Output= 0.027(-0.500/0.500)
FrcRobotBase.PixyVision_Info: null object(s) found
FrcRobotBase.Robot_Info: [6.765] VISION_DEPLOY: xPos= -1.23,yPos= 95.87,heading=  57.9/  58.0,volts=11.8(10.8)
FrcRobotBase.printPidInfo_Info: encoderXPidCtrl: Target=  -1.1, Input=  -1.2, Error=   0.1, PIDTerms= 0.013/ 0.000/-0.000/-0.000, Output= 0.013(-0.500/0.500)
FrcRobotBase.printPidInfo_Info: encoderYPidCtrl: Target=  76.4, Input=  97.0, Error= -20.5, PIDTerms=-0.718/ 0.000/ 0.272/ 0.000, Output=-0.446(-0.500/0.500)
FrcRobotBase.printPidInfo_Info: gyroTurnPidCtrl: Target=  58.0, Input=  58.1, Error=  -0.1, PIDTerms=-0.004/ 0.000/ 0.033/ 0.000, Output= 0.029(-0.500/0.500)
FrcRobotBase.Robot_Info: [6.791] VISION_DEPLOY: xPos= -1.21,yPos= 94.83,heading=  57.9/  58.0,volts=11.9(10.8)
FrcRobotBase.printPidInfo_Info: encoderXPidCtrl: Target=  -1.1, Input=  -1.2, Error=   0.1, PIDTerms= 0.019/ 0.000/ 0.000/-0.000, Output= 0.019(-0.500/0.500)
FrcRobotBase.printPidInfo_Info: encoderYPidCtrl: Target=  76.4, Input=  95.9, Error= -19.4, PIDTerms=-0.680/ 0.000/ 0.386/ 0.000, Output=-0.294(-0.500/0.500)
FrcRobotBase.printPidInfo_Info: gyroTurnPidCtrl: Target=  58.0, Input=  57.9, Error=   0.1, PIDTerms= 0.004/ 0.000/ 0.027/ 0.000, Output= 0.031(-0.500/0.500)
FrcRobotBase.Robot_Info: [6.814] VISION_DEPLOY: xPos= -1.01,yPos= 93.01,heading=  57.8/  58.0,volts=12.1(10.8)
FrcRobotBase.printPidInfo_Info: encoderXPidCtrl: Target=  -1.1, Input=  -1.2, Error=   0.1, PIDTerms= 0.017/ 0.000/-0.000/-0.000, Output= 0.017(-0.500/0.500)
FrcRobotBase.printPidInfo_Info: encoderYPidCtrl: Target=  76.4, Input=  94.8, Error= -18.4, PIDTerms=-0.643/ 0.000/ 0.362/ 0.000, Output=-0.282(-0.500/0.500)
FrcRobotBase.printPidInfo_Info: gyroTurnPidCtrl: Target=  58.0, Input=  57.9, Error=   0.1, PIDTerms= 0.007/ 0.000/ 0.011/ 0.000, Output= 0.018(-0.500/0.500)
FrcRobotBase.Robot_Info: [6.837] VISION_DEPLOY: xPos= -1.18,yPos= 91.80,heading=  57.8/  58.0,volts=12.3(10.8)
FrcRobotBase.printPidInfo_Info: encoderXPidCtrl: Target=  -1.1, Input=  -1.0, Error=  -0.1, PIDTerms=-0.014/ 0.000/-0.000/-0.000, Output=-0.014(-0.500/0.500)
FrcRobotBase.printPidInfo_Info: encoderYPidCtrl: Target=  76.4, Input=  93.0, Error= -16.6, PIDTerms=-0.580/ 0.000/ 0.543/ 0.000, Output=-0.037(-0.500/0.500)
FrcRobotBase.printPidInfo_Info: gyroTurnPidCtrl: Target=  58.0, Input=  57.8, Error=   0.2, PIDTerms= 0.010/ 0.000/ 0.009/ 0.000, Output= 0.020(-0.500/0.500)
FrcRobotBase.Robot_Info: [6.860] VISION_DEPLOY: xPos= -1.15,yPos= 90.89,heading=  57.8/  58.0,volts=12.5(10.8)
FrcRobotBase.printPidInfo_Info: encoderXPidCtrl: Target=  -1.1, Input=  -1.2, Error=   0.1, PIDTerms= 0.013/ 0.000/ 0.000/-0.000, Output= 0.013(-0.500/0.500)
FrcRobotBase.printPidInfo_Info: encoderYPidCtrl: Target=  76.4, Input=  91.8, Error= -15.4, PIDTerms=-0.538/ 0.000/ 0.426/ 0.000, Output=-0.112(-0.500/0.500)
FrcRobotBase.printPidInfo_Info: gyroTurnPidCtrl: Target=  58.0, Input=  57.8, Error=   0.2, PIDTerms= 0.010/ 0.000/-0.002/ 0.000, Output= 0.008(-0.500/0.500)
FrcRobotBase.PixyVision_Info: null object(s) found
FrcRobotBase.Robot_Info: [6.884] VISION_DEPLOY: xPos= -1.09,yPos= 90.18,heading=  58.0/  58.0,volts=12.5(10.8)
FrcRobotBase.printPidInfo_Info: encoderXPidCtrl: Target=  -1.1, Input=  -1.1, Error=   0.0, PIDTerms= 0.007/ 0.000/-0.000/-0.000, Output= 0.007(-0.500/0.500)
FrcRobotBase.printPidInfo_Info: encoderYPidCtrl: Target=  76.4, Input=  90.9, Error= -14.4, PIDTerms=-0.506/ 0.000/ 0.304/ 0.000, Output=-0.201(-0.500/0.500)
FrcRobotBase.printPidInfo_Info: gyroTurnPidCtrl: Target=  58.0, Input=  57.8, Error=   0.2, PIDTerms= 0.010/ 0.000/ 0.002/ 0.000, Output= 0.012(-0.500/0.500)
FrcRobotBase.Robot_Info: [6.924] VISION_DEPLOY: xPos= -1.07,yPos= 88.56,heading=  58.2/  58.0,volts=12.5(10.8)
FrcRobotBase.printPidInfo_Info: encoderXPidCtrl: Target=  -1.1, Input=  -1.1, Error=  -0.0, PIDTerms=-0.002/ 0.000/-0.000/-0.000, Output=-0.002(-0.500/0.500)
FrcRobotBase.printPidInfo_Info: encoderYPidCtrl: Target=  76.4, Input=  90.2, Error= -13.7, PIDTerms=-0.481/ 0.000/ 0.153/ 0.000, Output=-0.328(-0.500/0.500)
FrcRobotBase.printPidInfo_Info: gyroTurnPidCtrl: Target=  58.0, Input=  58.0, Error=  -0.0, PIDTerms=-0.002/ 0.000/-0.026/ 0.000, Output=-0.028(-0.500/0.500)
FrcRobotBase.Robot_Info: [6.965] VISION_DEPLOY: xPos= -1.06,yPos= 86.69,heading=  58.5/  58.0,volts=12.5(10.8)
FrcRobotBase.printPidInfo_Info: encoderXPidCtrl: Target=  -1.1, Input=  -1.1, Error=  -0.0, PIDTerms=-0.005/ 0.000/-0.000/-0.000, Output=-0.005(-0.500/0.500)
FrcRobotBase.printPidInfo_Info: encoderYPidCtrl: Target=  76.4, Input=  88.6, Error= -12.1, PIDTerms=-0.424/ 0.000/ 0.334/ 0.000, Output=-0.090(-0.500/0.500)
FrcRobotBase.printPidInfo_Info: gyroTurnPidCtrl: Target=  58.0, Input=  58.2, Error=  -0.2, PIDTerms=-0.011/ 0.000/-0.018/ 0.000, Output=-0.029(-0.500/0.500)
FrcRobotBase.PixyVision_Info: null object(s) found
FrcRobotBase.Robot_Info: [6.999] VISION_DEPLOY: xPos= -1.00,yPos= 85.71,heading=  58.7/  58.0,volts=12.5(10.8)
FrcRobotBase.printPidInfo_Info: encoderXPidCtrl: Target=  -1.1, Input=  -1.1, Error=  -0.0, PIDTerms=-0.006/ 0.000/-0.000/-0.000, Output=-0.006(-0.500/0.500)
FrcRobotBase.printPidInfo_Info: encoderYPidCtrl: Target=  76.4, Input=  86.7, Error= -10.2, PIDTerms=-0.359/ 0.000/ 0.401/ 0.000, Output= 0.042(-0.500/0.500)
FrcRobotBase.printPidInfo_Info: gyroTurnPidCtrl: Target=  58.0, Input=  58.5, Error=  -0.5, PIDTerms=-0.035/ 0.000/-0.050/ 0.000, Output=-0.085(-0.500/0.500)
FrcRobotBase.Robot_Info: [7.027] VISION_DEPLOY: xPos= -0.95,yPos= 84.33,heading=  58.8/  58.0,volts=12.3(10.8)
FrcRobotBase.printPidInfo_Info: encoderXPidCtrl: Target=  -1.1, Input=  -1.0, Error=  -0.1, PIDTerms=-0.015/ 0.000/-0.000/-0.000, Output=-0.015(-0.500/0.500)
FrcRobotBase.printPidInfo_Info: encoderYPidCtrl: Target=  76.4, Input=  85.7, Error=  -9.3, PIDTerms=-0.325/ 0.000/ 0.299/ 0.000, Output=-0.026(-0.500/0.500)
FrcRobotBase.printPidInfo_Info: gyroTurnPidCtrl: Target=  58.0, Input=  58.7, Error=  -0.7, PIDTerms=-0.048/ 0.000/-0.038/ 0.000, Output=-0.086(-0.500/0.500)
FrcRobotBase.Robot_Info: [7.058] VISION_DEPLOY: xPos= -1.02,yPos= 83.80,heading=  58.6/  58.0,volts=12.5(10.8)
FrcRobotBase.printPidInfo_Info: encoderXPidCtrl: Target=  -1.1, Input=  -0.9, Error=  -0.2, PIDTerms=-0.023/ 0.000/-0.000/-0.000, Output=-0.023(-0.500/0.500)
FrcRobotBase.printPidInfo_Info: encoderYPidCtrl: Target=  76.4, Input=  84.3, Error=  -7.9, PIDTerms=-0.276/ 0.000/ 0.344/ 0.000, Output= 0.068(-0.500/0.500)
FrcRobotBase.printPidInfo_Info: gyroTurnPidCtrl: Target=  58.0, Input=  58.8, Error=  -0.8, PIDTerms=-0.054/ 0.000/-0.014/ 0.000, Output=-0.068(-0.500/0.500)
FrcRobotBase.Robot_Info: [7.081] VISION_DEPLOY: xPos= -1.02,yPos= 83.20,heading=  58.5/  58.0,volts=12.4(10.8)
FrcRobotBase.printPidInfo_Info: encoderXPidCtrl: Target=  -1.1, Input=  -1.0, Error=  -0.1, PIDTerms=-0.012/ 0.000/ 0.000/-0.000, Output=-0.012(-0.500/0.500)
FrcRobotBase.printPidInfo_Info: encoderYPidCtrl: Target=  76.4, Input=  83.8, Error=  -7.4, PIDTerms=-0.258/ 0.000/ 0.167/ 0.000, Output=-0.091(-0.500/0.500)
FrcRobotBase.printPidInfo_Info: gyroTurnPidCtrl: Target=  58.0, Input=  58.6, Error=  -0.6, PIDTerms=-0.041/ 0.000/ 0.039/ 0.000, Output=-0.002(-0.500/0.500)
FrcRobotBase.PixyVision_Info: null object(s) found
FrcRobotBase.Robot_Info: [7.132] VISION_DEPLOY: xPos= -0.91,yPos= 81.47,heading=  57.6/  58.0,volts=12.5(10.8)
FrcRobotBase.printPidInfo_Info: encoderXPidCtrl: Target=  -1.1, Input=  -1.0, Error=  -0.1, PIDTerms=-0.012/ 0.000/ 0.000/-0.000, Output=-0.012(-0.500/0.500)
FrcRobotBase.printPidInfo_Info: encoderYPidCtrl: Target=  76.4, Input=  83.2, Error=  -6.8, PIDTerms=-0.237/ 0.000/ 0.110/ 0.000, Output=-0.127(-0.500/0.500)
FrcRobotBase.printPidInfo_Info: gyroTurnPidCtrl: Target=  58.0, Input=  58.5, Error=  -0.5, PIDTerms=-0.029/ 0.000/ 0.021/ 0.000, Output=-0.009(-0.500/0.500)
FrcRobotBase.Robot_Info: [7.173] VISION_DEPLOY: xPos= -0.91,yPos= 80.42,heading=  57.3/  58.0,volts=12.3(10.8)
FrcRobotBase.printPidInfo_Info: encoderXPidCtrl: Target=  -1.1, Input=  -0.9, Error=  -0.2, PIDTerms=-0.028/ 0.000/-0.000/-0.000, Output=-0.028(-0.500/0.500)
FrcRobotBase.printPidInfo_Info: encoderYPidCtrl: Target=  76.4, Input=  81.5, Error=  -5.0, PIDTerms=-0.176/ 0.000/ 0.334/ 0.000, Output= 0.158(-0.500/0.500)
FrcRobotBase.printPidInfo_Info: gyroTurnPidCtrl: Target=  58.0, Input=  57.6, Error=   0.4, PIDTerms= 0.027/ 0.000/ 0.103/ 0.000, Output= 0.130(-0.500/0.500)
FrcRobotBase.Robot_Info: [7.215] VISION_DEPLOY: xPos= -0.87,yPos= 79.88,heading=  57.2/  58.0,volts=12.4(10.8)
FrcRobotBase.printPidInfo_Info: encoderXPidCtrl: Target=  -1.1, Input=  -0.9, Error=  -0.2, PIDTerms=-0.029/ 0.000/-0.000/-0.000, Output=-0.029(-0.500/0.500)
FrcRobotBase.printPidInfo_Info: encoderYPidCtrl: Target=  76.4, Input=  80.4, Error=  -4.0, PIDTerms=-0.139/ 0.000/ 0.196/ 0.000, Output= 0.057(-0.500/0.500)
FrcRobotBase.printPidInfo_Info: gyroTurnPidCtrl: Target=  58.0, Input=  57.3, Error=   0.7, PIDTerms= 0.048/ 0.000/ 0.039/ 0.000, Output= 0.087(-0.500/0.500)
FrcRobotBase.PixyVision_Info: null object(s) found
FrcRobotBase.Robot_Info: [7.260] VISION_DEPLOY: xPos= -0.82,yPos= 79.28,heading=  57.9/  58.0,volts=12.4(10.8)
FrcRobotBase.printPidInfo_Info: encoderXPidCtrl: Target=  -1.1, Input=  -0.9, Error=  -0.2, PIDTerms=-0.034/ 0.000/-0.000/-0.000, Output=-0.034(-0.500/0.500)
FrcRobotBase.printPidInfo_Info: encoderYPidCtrl: Target=  76.4, Input=  79.9, Error=  -3.4, PIDTerms=-0.120/ 0.000/ 0.087/ 0.000, Output=-0.033(-0.500/0.500)
FrcRobotBase.printPidInfo_Info: gyroTurnPidCtrl: Target=  58.0, Input=  57.2, Error=   0.8, PIDTerms= 0.049/ 0.000/ 0.002/ 0.000, Output= 0.051(-0.500/0.500)
FrcRobotBase.Robot_Info: [7.287] VISION_DEPLOY: xPos= -0.82,yPos= 79.02,heading=  58.5/  58.0,volts=12.5(10.8)
FrcRobotBase.printPidInfo_Info: encoderXPidCtrl: Target=  -1.1, Input=  -0.8, Error=  -0.3, PIDTerms=-0.042/ 0.000/-0.000/-0.000, Output=-0.042(-0.500/0.500)
FrcRobotBase.printPidInfo_Info: encoderYPidCtrl: Target=  76.4, Input=  79.3, Error=  -2.8, PIDTerms=-0.099/ 0.000/ 0.169/ 0.000, Output= 0.070(-0.500/0.500)
FrcRobotBase.printPidInfo_Info: gyroTurnPidCtrl: Target=  58.0, Input=  57.9, Error=   0.1, PIDTerms= 0.006/ 0.000/-0.117/ 0.000, Output=-0.111(-0.500/0.500)
FrcRobotBase.Robot_Info: [7.316] VISION_DEPLOY: xPos= -0.82,yPos= 78.80,heading=  58.8/  58.0,volts=12.4(10.8)
FrcRobotBase.printPidInfo_Info: encoderXPidCtrl: Target=  -1.1, Input=  -0.8, Error=  -0.3, PIDTerms=-0.042/ 0.000/-0.000/-0.000, Output=-0.042(-0.500/0.500)
FrcRobotBase.printPidInfo_Info: encoderYPidCtrl: Target=  76.4, Input=  79.0, Error=  -2.6, PIDTerms=-0.090/ 0.000/ 0.086/ 0.000, Output=-0.004(-0.500/0.500)
FrcRobotBase.printPidInfo_Info: gyroTurnPidCtrl: Target=  58.0, Input=  58.5, Error=  -0.5, PIDTerms=-0.034/ 0.000/-0.124/ 0.000, Output=-0.158(-0.500/0.500)
FrcRobotBase.Robot_Info: [7.341] VISION_DEPLOY: xPos= -0.82,yPos= 78.56,heading=  59.3/  58.0,volts=12.4(10.8)
FrcRobotBase.printPidInfo_Info: encoderXPidCtrl: Target=  -1.1, Input=  -0.8, Error=  -0.3, PIDTerms=-0.042/ 0.000/ 0.000/-0.000, Output=-0.042(-0.500/0.500)
FrcRobotBase.printPidInfo_Info: encoderYPidCtrl: Target=  76.4, Input=  78.8, Error=  -2.4, PIDTerms=-0.082/ 0.000/ 0.061/ 0.000, Output=-0.022(-0.500/0.500)
FrcRobotBase.printPidInfo_Info: gyroTurnPidCtrl: Target=  58.0, Input=  58.8, Error=  -0.8, PIDTerms=-0.054/ 0.000/-0.054/ 0.000, Output=-0.108(-0.500/0.500)
FrcRobotBase.PixyVision_Info: null object(s) found
FrcRobotBase.Robot_Info: [7.374] VISION_DEPLOY: xPos= -0.87,yPos= 78.31,heading=  59.3/  58.0,volts=12.4(10.8)
FrcRobotBase.printPidInfo_Info: encoderXPidCtrl: Target=  -1.1, Input=  -0.8, Error=  -0.3, PIDTerms=-0.042/ 0.000/ 0.000/-0.000, Output=-0.042(-0.500/0.500)
FrcRobotBase.printPidInfo_Info: encoderYPidCtrl: Target=  76.4, Input=  78.6, Error=  -2.1, PIDTerms=-0.074/ 0.000/ 0.068/ 0.000, Output=-0.006(-0.500/0.500)
FrcRobotBase.printPidInfo_Info: gyroTurnPidCtrl: Target=  58.0, Input=  59.3, Error=  -1.3, PIDTerms=-0.085/ 0.000/-0.086/ 0.000, Output=-0.171(-0.500/0.500)
FrcRobotBase.Robot_Info: [7.399] VISION_DEPLOY: xPos= -0.87,yPos= 78.16,heading=  58.9/  58.0,volts=12.4(10.8)
FrcRobotBase.printPidInfo_Info: encoderXPidCtrl: Target=  -1.1, Input=  -0.9, Error=  -0.2, PIDTerms=-0.034/ 0.000/ 0.000/-0.000, Output=-0.034(-0.500/0.500)
FrcRobotBase.printPidInfo_Info: encoderYPidCtrl: Target=  76.4, Input=  78.3, Error=  -1.9, PIDTerms=-0.065/ 0.000/ 0.067/ 0.000, Output= 0.002(-0.500/0.500)
FrcRobotBase.printPidInfo_Info: gyroTurnPidCtrl: Target=  58.0, Input=  59.3, Error=  -1.3, PIDTerms=-0.081/ 0.000/ 0.010/ 0.000, Output=-0.071(-0.500/0.500)
FrcRobotBase.Robot_Info: [7.425] VISION_DEPLOY: xPos= -0.81,yPos= 77.95,heading=  58.5/  58.0,volts=12.5(10.8)
FrcRobotBase.printPidInfo_Info: encoderXPidCtrl: Target=  -1.1, Input=  -0.9, Error=  -0.2, PIDTerms=-0.034/ 0.000/ 0.000/-0.000, Output=-0.034(-0.500/0.500)
FrcRobotBase.printPidInfo_Info: encoderYPidCtrl: Target=  76.4, Input=  78.2, Error=  -1.7, PIDTerms=-0.060/ 0.000/ 0.045/ 0.000, Output=-0.015(-0.500/0.500)
FrcRobotBase.printPidInfo_Info: gyroTurnPidCtrl: Target=  58.0, Input=  58.9, Error=  -0.9, PIDTerms=-0.059/ 0.000/ 0.066/ 0.000, Output= 0.006(-0.500/0.500)
FrcRobotBase.Robot_Info: [7.454] VISION_DEPLOY: xPos= -0.85,yPos= 77.87,heading=  58.3/  58.0,volts=12.6(10.8)
FrcRobotBase.printPidInfo_Info: encoderXPidCtrl: Target=  -1.1, Input=  -0.8, Error=  -0.3, PIDTerms=-0.044/ 0.000/-0.000/-0.000, Output=-0.044(-0.500/0.500)
FrcRobotBase.printPidInfo_Info: encoderYPidCtrl: Target=  76.4, Input=  77.9, Error=  -1.5, PIDTerms=-0.053/ 0.000/ 0.068/ 0.000, Output= 0.015(-0.500/0.500)
FrcRobotBase.printPidInfo_Info: gyroTurnPidCtrl: Target=  58.0, Input=  58.5, Error=  -0.5, PIDTerms=-0.032/ 0.000/ 0.085/ 0.000, Output= 0.053(-0.500/0.500)
FrcRobotBase.PixyVision_Info: null object(s) found
FrcRobotBase.Robot_Info: [7.481] VISION_DEPLOY: xPos= -0.85,yPos= 77.83,heading=  58.0/  58.0,volts=12.5(10.8)
FrcRobotBase.printPidInfo_Info: encoderXPidCtrl: Target=  -1.1, Input=  -0.8, Error=  -0.3, PIDTerms=-0.038/ 0.000/ 0.000/-0.000, Output=-0.038(-0.500/0.500)
FrcRobotBase.printPidInfo_Info: encoderYPidCtrl: Target=  76.4, Input=  77.9, Error=  -1.4, PIDTerms=-0.050/ 0.000/ 0.019/ 0.000, Output=-0.031(-0.500/0.500)
FrcRobotBase.printPidInfo_Info: gyroTurnPidCtrl: Target=  58.0, Input=  58.3, Error=  -0.3, PIDTerms=-0.018/ 0.000/ 0.034/ 0.000, Output= 0.016(-0.500/0.500)
FrcRobotBase.Robot_Info: [7.522] VISION_DEPLOY: xPos= -0.93,yPos= 77.75,heading=  57.8/  58.0,volts=12.6(10.8)
FrcRobotBase.printPidInfo_Info: encoderXPidCtrl: Target=  -1.1, Input=  -0.8, Error=  -0.3, PIDTerms=-0.038/ 0.000/ 0.000/-0.000, Output=-0.038(-0.500/0.500)
FrcRobotBase.printPidInfo_Info: encoderYPidCtrl: Target=  76.4, Input=  77.8, Error=  -1.4, PIDTerms=-0.048/ 0.000/ 0.010/ 0.000, Output=-0.038(-0.500/0.500)
FrcRobotBase.printPidInfo_Info: gyroTurnPidCtrl: Target=  58.0, Input=  58.0, Error=   0.0, PIDTerms= 0.003/ 0.000/ 0.042/ 0.000, Output= 0.044(-0.500/0.500)
FrcRobotBase.Robot_Info: [7.565] VISION_DEPLOY: xPos= -1.02,yPos= 77.51,heading=  58.0/  58.0,volts=12.6(10.8)
FrcRobotBase.printPidInfo_Info: encoderXPidCtrl: Target=  -1.1, Input=  -0.9, Error=  -0.2, PIDTerms=-0.026/ 0.000/ 0.000/-0.000, Output=-0.026(-0.500/0.500)
FrcRobotBase.printPidInfo_Info: encoderYPidCtrl: Target=  76.4, Input=  77.7, Error=  -1.3, PIDTerms=-0.046/ 0.000/ 0.014/ 0.000, Output=-0.031(-0.500/0.500)
FrcRobotBase.printPidInfo_Info: gyroTurnPidCtrl: Target=  58.0, Input=  57.8, Error=   0.2, PIDTerms= 0.011/ 0.000/ 0.015/ 0.000, Output= 0.026(-0.500/0.500)
FrcRobotBase.PixyVision_Info: null object(s) found
FrcRobotBase.Robot_Info: [7.618] VISION_DEPLOY: xPos= -1.01,yPos= 77.45,heading=  58.2/  58.0,volts=12.6(10.8)
FrcRobotBase.printPidInfo_Info: encoderXPidCtrl: Target=  -1.1, Input=  -1.0, Error=  -0.1, PIDTerms=-0.013/ 0.000/ 0.000/-0.000, Output=-0.013(-0.500/0.500)
FrcRobotBase.printPidInfo_Info: encoderYPidCtrl: Target=  76.4, Input=  77.5, Error=  -1.1, PIDTerms=-0.037/ 0.000/ 0.039/ 0.000, Output= 0.002(-0.500/0.500)
FrcRobotBase.printPidInfo_Info: gyroTurnPidCtrl: Target=  58.0, Input=  58.0, Error=   0.0, PIDTerms= 0.003/ 0.000/-0.012/ 0.000, Output=-0.009(-0.500/0.500)
FrcRobotBase.Robot_Info: [7.661] VISION_DEPLOY: xPos= -1.01,yPos= 77.43,heading=  58.2/  58.0,volts=12.6(10.8)
FrcRobotBase.printPidInfo_Info: encoderXPidCtrl: Target=  -1.1, Input=  -1.0, Error=  -0.1, PIDTerms=-0.014/ 0.000/-0.000/-0.000, Output=-0.014(-0.500/0.500)
FrcRobotBase.printPidInfo_Info: encoderYPidCtrl: Target=  76.4, Input=  77.4, Error=  -1.0, PIDTerms=-0.035/ 0.000/ 0.010/ 0.000, Output=-0.025(-0.500/0.500)
FrcRobotBase.printPidInfo_Info: gyroTurnPidCtrl: Target=  58.0, Input=  58.2, Error=  -0.2, PIDTerms=-0.012/ 0.000/-0.025/ 0.000, Output=-0.037(-0.500/0.500)
FrcRobotBase.Robot_Info: [7.706]       DONE: xPos= -1.01,yPos= 77.41,heading=  58.2/  58.0,volts=12.6(10.8)
FrcRobotBase.Robot_Info: [7.706] VISION_DEPLOY: xPos= -1.01,yPos= 77.41,heading=  58.2/  58.0,volts=12.6(10.8)
FrcRobotBase.PixyVision_Info: null object(s) found
FrcRobotBase.Robot_Info: [7.742] BACKUP_FROM_AIRSHIP: xPos= -1.01,yPos= 77.40,heading=  58.2/  58.0,volts=12.6(10.8)
FrcRobotBase.printPidInfo_Info: encoderXPidCtrl: Target=  -1.0, Input=  -1.0, Error=   0.0, PIDTerms=-0.014/ 0.000/-0.000/-0.000, Output= 0.000(-0.500/0.500)
FrcRobotBase.printPidInfo_Info: encoderYPidCtrl: Target=  65.4, Input=  77.4, Error= -12.0, PIDTerms=-0.035/ 0.000/ 0.004/ 0.000, Output= 0.000(-0.500/0.500)
FrcRobotBase.printPidInfo_Info: gyroTurnPidCtrl: Target=  58.0, Input=  58.2, Error=  -0.2, PIDTerms=-0.014/ 0.000/-0.003/ 0.000, Output= 0.000(-0.500/0.500)
FrcRobotBase.PixyVision_Info: null object(s) found
FrcRobotBase.PixyVision_Info: null object(s) found
FrcRobotBase.PixyVision_Info: null object(s) found
FrcRobotBase.PixyVision_Info: null object(s) found
FrcRobotBase.PixyVision_Info: null object(s) found
FrcRobotBase.PixyVision_Info: null object(s) found
FrcRobotBase.PixyVision_Info: null object(s) found
FrcRobotBase.PixyVision_Info: null object(s) found
FrcRobotBase.PixyVision_Info: null object(s) found
FrcRobotBase.PixyVision_Info: null object(s) found
FrcRobotBase.PixyVision_Info: null object(s) found
FrcRobotBase.PixyVision_Info: null object(s) found
FrcRobotBase.PixyVision_Info: null object(s) found
FrcRobotBase.PixyVision_Info: null object(s) found
FrcRobotBase.Robot_Info: [9.377] TURN_TOWARDS_LOADING_STATION: xPos= -0.95,yPos= 67.02,heading=  58.1/   0.0,volts=12.6(10.8)
FrcRobotBase.printPidInfo_Info: encoderXPidCtrl: Target=  -0.9, Input=  -0.9, Error=   0.0, PIDTerms=-0.010/ 0.000/ 0.000/-0.000, Output= 0.000(-0.500/0.500)
FrcRobotBase.printPidInfo_Info: encoderYPidCtrl: Target=  67.0, Input=  67.0, Error=   0.0, PIDTerms=-0.057/ 0.000/ 0.000/ 0.000, Output= 0.000(-0.500/0.500)
FrcRobotBase.printPidInfo_Info: gyroTurnPidCtrl: Target=   0.0, Input=  58.1, Error= -58.1, PIDTerms=-0.008/ 0.000/ 0.000/ 0.000, Output= 0.000(-0.500/0.500)
FrcRobotBase.PixyVision_Info: null object(s) found
FrcRobotBase.PixyVision_Info: null object(s) found
FrcRobotBase.PixyVision_Info: null object(s) found
FrcRobotBase.PixyVision_Info: null object(s) found
FrcRobotBase.PixyVision_Info: null object(s) found
FrcRobotBase.Robot_Info: [9.987] MOVE_TOWARDS_LOADING_STATION: xPos= -0.82,yPos= 67.05,heading=  -5.0/   0.0,volts=12.4(10.8)
FrcRobotBase.printPidInfo_Info: encoderXPidCtrl: Target=  -0.8, Input=  -0.6, Error=   0.0, PIDTerms=-0.048/ 0.000/-0.000/-0.000, Output= 0.000(-0.500/0.500)
FrcRobotBase.printPidInfo_Info: encoderYPidCtrl: Target= 387.0, Input=  67.2, Error= 320.0, PIDTerms=-0.007/ 0.000/ 0.076/ 0.000, Output= 0.000(-0.500/0.500)
FrcRobotBase.printPidInfo_Info: gyroTurnPidCtrl: Target=   0.0, Input=  -2.6, Error=   5.0, PIDTerms= 0.172/ 0.000/ 0.924/ 0.000, Output= 0.000(-0.500/0.500)
FrcRobotBase.PixyVision_Info: null object(s) found
FrcRobotBase.PixyVision_Info: null object(s) found
FrcRobotBase.PixyVision_Info: null object(s) found
FrcRobotBase.PixyVision_Info: null object(s) found
FrcRobotBase.PixyVision_Info: null object(s) found
FrcRobotBase.PixyVision_Info: null object(s) found
FrcRobotBase.PixyVision_Info: null object(s) found
FrcRobotBase.PixyVision_Info: null object(s) found
FrcRobotBase.PixyVision_Info: null object(s) found
FrcRobotBase.PixyVision_Info: null object(s) found
FrcRobotBase.PixyVision_Info: null object(s) found
FrcRobotBase.PixyVision_Info: null object(s) found
FrcRobotBase.PixyVision_Info: null object(s) found
FrcRobotBase.PixyVision_Info: null object(s) found
FrcRobotBase.PixyVision_Info: null object(s) found
FrcRobotBase.PixyVision_Info: null object(s) found
FrcRobotBase.PixyVision_Info: null object(s) found
FrcRobotBase.PixyVision_Info: null object(s) found
FrcRobotBase.PixyVision_Info: null object(s) found
FrcRobotBase.PixyVision_Info: null object(s) found
FrcRobotBase.PixyVision_Info: null object(s) found
FrcRobotBase.PixyVision_Info: null object(s) found
FrcRobotBase.PixyVision_Info: null object(s) found
FrcRobotBase.PixyVision_Info: null object(s) found
FrcRobotBase.PixyVision_Info: null object(s) found
FrcRobotBase.PixyVision_Info: null object(s) found
FrcRobotBase.PixyVision_Info: null object(s) found
FrcRobotBase.PixyVision_Info: null object(s) found
FrcRobotBase.PixyVision_Info: null object(s) found
FrcRobotBase.PixyVision_Info: null object(s) found
FrcRobotBase.PixyVision_Info: null object(s) found
FrcRobotBase.PixyVision_Info: null object(s) found
FrcRobotBase.PixyVision_Info: null object(s) found
FrcRobotBase.PixyVision_Info: null object(s) found
FrcRobotBase.PixyVision_Info: null object(s) found
FrcRobotBase.PixyVision_Info: null object(s) found
FrcRobotBase.PixyVision_Info: null object(s) found
FrcRobotBase.PixyVision_Info: null object(s) found
FrcRobotBase.PixyVision_Info: null object(s) found
FrcRobotBase.PixyVision_Info: null object(s) found
FrcRobotBase.PixyVision_Info: null object(s) found
FrcRobotBase.PixyVision_Info: null object(s) found
FrcRobotBase.PixyVision_Info: null object(s) found
FrcRobotBase.PixyVision_Info: null object(s) found
FrcRobotBase.PixyVision_Info: null object(s) found
FrcRobotBase.PixyVision_Info: null object(s) found
FrcRobotBase.PixyVision_Info: null object(s) found
FrcRobotBase.PixyVision_Info: null object(s) found
FrcRobotBase.PixyVision_Info: null object(s) found
FrcRobotBase.PixyVision_Info: null object(s) found
FrcRobotBase.PixyVision_Info: null object(s) found
FrcRobotBase.PixyVision_Info: null object(s) found
FrcRobotBase.Vision_Info: Front pixy is disabled!
