FrcRobotBase.FirstSteamWorks_Info: Sun Mar 26 09:05:16 PDT 2017: ***** Starting autonomous *****
FrcRobotBase.CmdVisionGearDeploy_Info: dist=7.0, deployTime=0.3, backupDist=36.0
FrcRobotBase.CmdSideGearLift_Info: delay=0.000, alliance=RED_ALLIANCE, rightSide=false, forwardDist=78.0, liftAngle=60.0, backupDist=12.0, lsAngle=30.0, lsDist=320.0, diagDist=350.0
FrcRobotBase.Vision_Info: Front pixy is enabled!
FrcRobotBase.Robot_Info: [0.202]   DO_DELAY: xPos=  0.00,yPos=  0.00,heading=   0.0/   0.0,volts=12.8(12.8)
FrcRobotBase.PixyVision_Info: null object(s) found
FrcRobotBase.Robot_Info: [0.223] MOVE_FORWARD_ON_SIDE: xPos=  0.00,yPos=  0.00,heading=   0.0/   0.0,volts=12.8(12.8)
FrcRobotBase.printPidInfo_Info: encoderXPidCtrl: Target=   0.0, Input=   0.0, Error=   0.0, PIDTerms= 0.000/ 0.000/ 0.000/ 0.000, Output= 0.000(-0.500/0.500)
FrcRobotBase.printPidInfo_Info: encoderYPidCtrl: Target=  78.0, Input=   0.0, Error=  78.0, PIDTerms= 0.000/ 0.000/ 0.000/ 0.000, Output= 0.000(-0.500/0.500)
FrcRobotBase.printPidInfo_Info: gyroTurnPidCtrl: Target=   0.0, Input=   0.0, Error=   0.0, PIDTerms= 0.000/ 0.000/ 0.000/ 0.000, Output= 0.000(-0.500/0.500)
FrcRobotBase.PixyVision_Info: null object(s) found
FrcRobotBase.PixyVision_Info: null object(s) found
FrcRobotBase.PixyVision_Info: null object(s) found
FrcRobotBase.PixyVision_Info: null object(s) found
FrcRobotBase.PixyVision_Info: null object(s) found
FrcRobotBase.PixyVision_Info: null object(s) found
FrcRobotBase.PixyVision_Info: null object(s) found
FrcRobotBase.PixyVision_Info: null object(s) found
FrcRobotBase.PixyVision_Info: null object(s) found
FrcRobotBase.PixyVision_Info: null object(s) found
FrcRobotBase.PixyVision_Info: null object(s) found
FrcRobotBase.PixyVision_Info: null object(s) found
FrcRobotBase.PixyVision_Info: null object(s) found
FrcRobotBase.PixyVision_Info: null object(s) found
FrcRobotBase.PixyVision_Info: null object(s) found
FrcRobotBase.PixyVision_Info: null object(s) found
FrcRobotBase.PixyVision_Info: null object(s) found
FrcRobotBase.PixyVision_Info: null object(s) found
FrcRobotBase.PixyVision_Info: null object(s) found
FrcRobotBase.PixyVision_Info: null object(s) found
FrcRobotBase.PixyVision_Info: null object(s) found
FrcRobotBase.Robot_Info: [2.426] INITIAL_TURN_TOWARDS_AIRSHIP: xPos= -0.06,yPos= 77.17,heading=   0.2/  60.0,volts=12.6(10.6)
FrcRobotBase.printPidInfo_Info: encoderXPidCtrl: Target=  -0.1, Input=  -0.1, Error=   0.0, PIDTerms= 0.010/ 0.000/ 0.000/ 0.000, Output= 0.000(-0.500/0.500)
FrcRobotBase.printPidInfo_Info: encoderYPidCtrl: Target=  77.2, Input=  77.2, Error=   0.0, PIDTerms= 0.029/ 0.000/ 0.000/ 0.000, Output= 0.000(-0.500/0.500)
FrcRobotBase.printPidInfo_Info: gyroTurnPidCtrl: Target=  60.0, Input=   0.2, Error=  59.8, PIDTerms=-0.011/ 0.000/ 0.004/ 0.000, Output= 0.000(-0.500/0.500)
FrcRobotBase.PixyVision_Info: null object(s) found
FrcRobotBase.PixyVision_Info: null object(s) found
FrcRobotBase.PixyVision_Info: null object(s) found
FrcRobotBase.PixyVision_Info: null object(s) found
FrcRobotBase.PixyVision_Info: null object(s) found
FrcRobotBase.PixyVision_Info: null object(s) found
FrcRobotBase.PixyVision_Info: null object(s) found
FrcRobotBase.PixyVision_Info: null object(s) found
FrcRobotBase.CmdVisionGearDeploy_Info: Target Info: not found
FrcRobotBase.Robot_Info: [3.246] TURN_TO_TARGET: xPos= -0.17,yPos= 76.56,heading=  59.0/  60.0,volts=12.5(10.6)
FrcRobotBase.printPidInfo_Info: encoderXPidCtrl: Target=  -0.2, Input=  -0.1, Error=   0.0, PIDTerms= 0.010/ 0.000/ 0.000/ 0.000, Output= 0.000(-0.500/0.500)
FrcRobotBase.printPidInfo_Info: encoderYPidCtrl: Target=  76.6, Input=  77.2, Error=   0.0, PIDTerms= 0.029/ 0.000/ 0.000/ 0.000, Output= 0.000(-0.500/0.500)
FrcRobotBase.printPidInfo_Info: gyroTurnPidCtrl: Target=  60.0, Input=  58.9, Error=   1.0, PIDTerms= 0.073/ 0.000/-0.052/ 0.000, Output= 0.000(-0.500/0.500)
FrcRobotBase.Robot_Info: [3.246] VISION_DEPLOY: xPos= -0.17,yPos= 76.56,heading=  59.0/  60.0,volts=12.5(10.6)
FrcRobotBase.printPidInfo_Info: encoderXPidCtrl: Target=  -0.2, Input=  -0.1, Error=   0.0, PIDTerms= 0.010/ 0.000/ 0.000/ 0.000, Output= 0.000(-0.500/0.500)
FrcRobotBase.printPidInfo_Info: encoderYPidCtrl: Target=  76.6, Input=  77.2, Error=   0.0, PIDTerms= 0.029/ 0.000/ 0.000/ 0.000, Output= 0.000(-0.500/0.500)
FrcRobotBase.printPidInfo_Info: gyroTurnPidCtrl: Target=  60.0, Input=  58.9, Error=   1.0, PIDTerms= 0.073/ 0.000/-0.052/ 0.000, Output= 0.000(-0.500/0.500)
FrcRobotBase.PixyVision_Info: null object(s) found
FrcRobotBase.Robot_Info: [3.301] VISION_DEPLOY: xPos= -0.18,yPos= 76.55,heading=  59.0/  60.0,volts=12.6(10.6)
FrcRobotBase.printPidInfo_Info: encoderXPidCtrl: Target=  -0.2, Input=  -0.1, Error=   0.0, PIDTerms= 0.010/ 0.000/ 0.000/ 0.000, Output= 0.000(-0.500/0.500)
FrcRobotBase.printPidInfo_Info: encoderYPidCtrl: Target=  76.6, Input=  77.2, Error=   0.0, PIDTerms= 0.029/ 0.000/ 0.000/ 0.000, Output= 0.000(-0.500/0.500)
FrcRobotBase.printPidInfo_Info: gyroTurnPidCtrl: Target=  60.0, Input=  59.0, Error=   1.0, PIDTerms= 0.066/ 0.000/ 0.000/ 0.000, Output= 0.066(-0.500/0.500)
FrcRobotBase.Robot_Info: [3.327] VISION_DEPLOY: xPos= -0.16,yPos= 76.54,heading=  58.9/  60.0,volts=12.6(10.6)
FrcRobotBase.printPidInfo_Info: encoderXPidCtrl: Target=  -0.2, Input=  -0.1, Error=   0.0, PIDTerms= 0.010/ 0.000/ 0.000/ 0.000, Output= 0.000(-0.500/0.500)
FrcRobotBase.printPidInfo_Info: encoderYPidCtrl: Target=  76.6, Input=  77.2, Error=   0.0, PIDTerms= 0.029/ 0.000/ 0.000/ 0.000, Output= 0.000(-0.500/0.500)
FrcRobotBase.printPidInfo_Info: gyroTurnPidCtrl: Target=  60.0, Input=  59.0, Error=   1.0, PIDTerms= 0.066/ 0.000/ 0.000/ 0.000, Output= 0.066(-0.500/0.500)
FrcRobotBase.Robot_Info: [3.359] VISION_DEPLOY: xPos= -0.16,yPos= 76.54,heading=  58.8/  60.0,volts=12.6(10.6)
FrcRobotBase.printPidInfo_Info: encoderXPidCtrl: Target=  -0.2, Input=  -0.1, Error=   0.0, PIDTerms= 0.010/ 0.000/ 0.000/ 0.000, Output= 0.000(-0.500/0.500)
FrcRobotBase.printPidInfo_Info: encoderYPidCtrl: Target=  76.6, Input=  77.2, Error=   0.0, PIDTerms= 0.029/ 0.000/ 0.000/ 0.000, Output= 0.000(-0.500/0.500)
FrcRobotBase.printPidInfo_Info: gyroTurnPidCtrl: Target=  60.0, Input=  58.9, Error=   1.1, PIDTerms= 0.073/ 0.000/ 0.019/ 0.000, Output= 0.091(-0.500/0.500)
FrcRobotBase.Robot_Info: [3.384] VISION_DEPLOY: xPos= -0.17,yPos= 76.54,heading=  58.9/  60.0,volts=12.5(10.6)
FrcRobotBase.printPidInfo_Info: encoderXPidCtrl: Target=  -0.2, Input=  -0.1, Error=   0.0, PIDTerms= 0.010/ 0.000/ 0.000/ 0.000, Output= 0.000(-0.500/0.500)
FrcRobotBase.printPidInfo_Info: encoderYPidCtrl: Target=  76.6, Input=  77.2, Error=   0.0, PIDTerms= 0.029/ 0.000/ 0.000/ 0.000, Output= 0.000(-0.500/0.500)
FrcRobotBase.printPidInfo_Info: gyroTurnPidCtrl: Target=  60.0, Input=  58.8, Error=   1.2, PIDTerms= 0.075/ 0.000/ 0.005/ 0.000, Output= 0.080(-0.500/0.500)
FrcRobotBase.PixyVision_Info: null object(s) found
FrcRobotBase.Robot_Info: [3.410] VISION_DEPLOY: xPos= -0.18,yPos= 76.54,heading=  58.9/  60.0,volts=12.5(10.6)
FrcRobotBase.printPidInfo_Info: encoderXPidCtrl: Target=  -0.2, Input=  -0.1, Error=   0.0, PIDTerms= 0.010/ 0.000/ 0.000/ 0.000, Output= 0.000(-0.500/0.500)
FrcRobotBase.printPidInfo_Info: encoderYPidCtrl: Target=  76.6, Input=  77.2, Error=   0.0, PIDTerms= 0.029/ 0.000/ 0.000/ 0.000, Output= 0.000(-0.500/0.500)
FrcRobotBase.printPidInfo_Info: gyroTurnPidCtrl: Target=  60.0, Input=  58.9, Error=   1.1, PIDTerms= 0.071/ 0.000/-0.010/ 0.000, Output= 0.062(-0.500/0.500)
FrcRobotBase.Robot_Info: [3.438] VISION_DEPLOY: xPos= -0.18,yPos= 76.54,heading=  58.9/  60.0,volts=12.5(10.6)
FrcRobotBase.printPidInfo_Info: encoderXPidCtrl: Target=  -0.2, Input=  -0.1, Error=   0.0, PIDTerms= 0.010/ 0.000/ 0.000/ 0.000, Output= 0.000(-0.500/0.500)
FrcRobotBase.printPidInfo_Info: encoderYPidCtrl: Target=  76.6, Input=  77.2, Error=   0.0, PIDTerms= 0.029/ 0.000/ 0.000/ 0.000, Output= 0.000(-0.500/0.500)
FrcRobotBase.printPidInfo_Info: gyroTurnPidCtrl: Target=  60.0, Input=  58.9, Error=   1.1, PIDTerms= 0.070/ 0.000/-0.006/ 0.000, Output= 0.063(-0.500/0.500)
FrcRobotBase.Robot_Info: [3.463] VISION_DEPLOY: xPos= -0.18,yPos= 76.54,heading=  58.9/  60.0,volts=12.5(10.6)
FrcRobotBase.printPidInfo_Info: encoderXPidCtrl: Target=  -0.2, Input=  -0.1, Error=   0.0, PIDTerms= 0.010/ 0.000/ 0.000/ 0.000, Output= 0.000(-0.500/0.500)
FrcRobotBase.printPidInfo_Info: encoderYPidCtrl: Target=  76.6, Input=  77.2, Error=   0.0, PIDTerms= 0.029/ 0.000/ 0.000/ 0.000, Output= 0.000(-0.500/0.500)
FrcRobotBase.printPidInfo_Info: gyroTurnPidCtrl: Target=  60.0, Input=  58.9, Error=   1.1, PIDTerms= 0.070/ 0.000/ 0.000/ 0.000, Output= 0.070(-0.500/0.500)
FrcRobotBase.PixyVision_Info: null object(s) found
FrcRobotBase.Robot_Info: [3.488] DRIVE_TOWARDS_TARGET: xPos= -0.18,yPos= 76.54,heading=  58.9/  60.0,volts=12.5(10.6)
FrcRobotBase.printPidInfo_Info: sonarDrivePidCtrl: Target=   7.0, Input=   0.0, Error=  35.7, PIDTerms= 0.000/ 0.000/ 0.000/ 0.000, Output= 0.000(-0.500/0.500)
FrcRobotBase.printPidInfo_Info: visionTurnPidCtrl: Target=   0.0, Input=   0.0, Error=  -0.0, PIDTerms= 0.000/ 0.000/ 0.000/ 0.000, Output= 0.000(-0.500/0.500)
FrcRobotBase.Robot_Info: [3.488] VISION_DEPLOY: xPos= -0.18,yPos= 76.54,heading=  58.9/  60.0,volts=12.6(10.6)
FrcRobotBase.printPidInfo_Info: sonarDrivePidCtrl: Target=   7.0, Input=   0.0, Error=  35.7, PIDTerms= 0.000/ 0.000/ 0.000/ 0.000, Output= 0.000(-0.500/0.500)
FrcRobotBase.printPidInfo_Info: visionTurnPidCtrl: Target=   0.0, Input=   0.0, Error=  -0.0, PIDTerms= 0.000/ 0.000/ 0.000/ 0.000, Output= 0.000(-0.500/0.500)
FrcRobotBase.PixyVision_Info: null object(s) found
FrcRobotBase.PixyVision_Info: null object(s) found
FrcRobotBase.Robot_Info: [3.528] VISION_DEPLOY: xPos= -0.18,yPos= 76.54,heading=  58.9/  60.0,volts=12.6(10.6)
FrcRobotBase.printPidInfo_Info: sonarDrivePidCtrl: Target=   7.0, Input=  42.6, Error=  35.6, PIDTerms= 0.587/ 0.000/-0.012/ 0.000, Output= 0.500(-0.500/0.500)
FrcRobotBase.printPidInfo_Info: visionTurnPidCtrl: Target=   0.0, Input=   0.0, Error=  -0.0, PIDTerms=-0.000/ 0.000/ 0.000/ 0.000, Output= 0.000(-0.500/0.500)
FrcRobotBase.PixyVision_Info: null object(s) found
FrcRobotBase.Robot_Info: [3.557] VISION_DEPLOY: xPos= -0.18,yPos= 76.57,heading=  58.9/  60.0,volts=11.3(10.6)
FrcRobotBase.printPidInfo_Info: sonarDrivePidCtrl: Target=   7.0, Input=  42.7, Error=  35.7, PIDTerms= 0.589/ 0.000/ 0.010/ 0.000, Output= 0.500(-0.500/0.500)
FrcRobotBase.printPidInfo_Info: visionTurnPidCtrl: Target=   0.0, Input=   0.0, Error=  -0.0, PIDTerms=-0.000/ 0.000/ 0.000/ 0.000, Output= 0.000(-0.500/0.500)
FrcRobotBase.PixyVision_Info: null object(s) found
FrcRobotBase.Robot_Info: [3.610] VISION_DEPLOY: xPos= -0.34,yPos= 77.47,heading=  59.0/  60.0,volts=11.3(10.6)
FrcRobotBase.printPidInfo_Info: sonarDrivePidCtrl: Target=   7.0, Input=  42.7, Error=  35.7, PIDTerms= 0.589/ 0.000/ 0.000/ 0.000, Output= 0.500(-0.500/0.500)
FrcRobotBase.printPidInfo_Info: visionTurnPidCtrl: Target=   0.0, Input=   0.0, Error=  -0.0, PIDTerms=-0.000/ 0.000/ 0.000/ 0.000, Output= 0.000(-0.500/0.500)
FrcRobotBase.PixyVision_Info: null object(s) found
FrcRobotBase.PixyVision_Info: null object(s) found
FrcRobotBase.Robot_Info: [3.645] VISION_DEPLOY: xPos= -0.68,yPos= 78.23,heading=  59.3/  60.0,volts=11.1(10.6)
FrcRobotBase.printPidInfo_Info: sonarDrivePidCtrl: Target=   7.0, Input=  41.7, Error=  34.7, PIDTerms= 0.573/ 0.000/-0.060/ 0.000, Output= 0.500(-0.500/0.500)
FrcRobotBase.printPidInfo_Info: visionTurnPidCtrl: Target=   0.0, Input=   0.0, Error=  -0.0, PIDTerms=-0.000/ 0.000/ 0.000/ 0.000, Output= 0.000(-0.500/0.500)
FrcRobotBase.PixyVision_Info: null object(s) found
FrcRobotBase.Robot_Info: [3.680] VISION_DEPLOY: xPos= -0.58,yPos= 78.73,heading=  59.4/  60.0,volts=11.2(10.6)
FrcRobotBase.printPidInfo_Info: sonarDrivePidCtrl: Target=   7.0, Input=  41.6, Error=  34.6, PIDTerms= 0.571/ 0.000/-0.009/ 0.000, Output= 0.500(-0.500/0.500)
FrcRobotBase.printPidInfo_Info: visionTurnPidCtrl: Target=   0.0, Input=   0.0, Error=  -0.0, PIDTerms=-0.000/ 0.000/ 0.000/ 0.000, Output= 0.000(-0.500/0.500)
FrcRobotBase.PixyVision_Info: null object(s) found
FrcRobotBase.Robot_Info: [3.704] VISION_DEPLOY: xPos= -0.59,yPos= 79.19,heading=  59.3/  60.0,volts=11.3(10.6)
FrcRobotBase.printPidInfo_Info: sonarDrivePidCtrl: Target=   7.0, Input=  41.7, Error=  34.7, PIDTerms= 0.573/ 0.000/ 0.008/ 0.000, Output= 0.500(-0.500/0.500)
FrcRobotBase.printPidInfo_Info: visionTurnPidCtrl: Target=   0.0, Input=   0.0, Error=  -0.0, PIDTerms=-0.000/ 0.000/ 0.000/ 0.000, Output= 0.000(-0.500/0.500)
FrcRobotBase.PixyVision_Info: null object(s) found
FrcRobotBase.Robot_Info: [3.738] VISION_DEPLOY: xPos= -0.66,yPos= 80.32,heading=  59.4/  60.0,volts=11.3(10.6)
FrcRobotBase.printPidInfo_Info: sonarDrivePidCtrl: Target=   7.0, Input=  40.7, Error=  33.7, PIDTerms= 0.557/ 0.000/-0.067/ 0.000, Output= 0.489(-0.500/0.500)
FrcRobotBase.printPidInfo_Info: visionTurnPidCtrl: Target=   0.0, Input=   0.0, Error=  -0.0, PIDTerms=-0.000/ 0.000/ 0.000/ 0.000, Output= 0.000(-0.500/0.500)
FrcRobotBase.PixyVision_Info: null object(s) found
FrcRobotBase.PixyVision_Info: null object(s) found
FrcRobotBase.Robot_Info: [3.766] VISION_DEPLOY: xPos= -0.70,yPos= 80.96,heading=  59.4/  60.0,volts=11.3(10.6)
FrcRobotBase.printPidInfo_Info: sonarDrivePidCtrl: Target=   7.0, Input=  40.9, Error=  33.9, PIDTerms= 0.559/ 0.000/ 0.007/ 0.000, Output= 0.500(-0.500/0.500)
FrcRobotBase.printPidInfo_Info: visionTurnPidCtrl: Target=   0.0, Input=   0.0, Error=  -0.0, PIDTerms=-0.000/ 0.000/ 0.000/ 0.000, Output= 0.000(-0.500/0.500)
FrcRobotBase.PixyVision_Info: null object(s) found
FrcRobotBase.Robot_Info: [3.791] VISION_DEPLOY: xPos= -0.94,yPos= 82.21,heading=  59.4/  60.0,volts=11.4(10.6)
FrcRobotBase.printPidInfo_Info: sonarDrivePidCtrl: Target=   7.0, Input=  38.7, Error=  31.7, PIDTerms= 0.524/ 0.000/-0.166/ 0.000, Output= 0.357(-0.500/0.500)
FrcRobotBase.printPidInfo_Info: visionTurnPidCtrl: Target=   0.0, Input=   0.0, Error=  -0.0, PIDTerms=-0.000/ 0.000/ 0.000/ 0.000, Output= 0.000(-0.500/0.500)
FrcRobotBase.PixyVision_Info: null object(s) found
FrcRobotBase.Robot_Info: [3.821] VISION_DEPLOY: xPos= -0.79,yPos= 83.09,heading=  59.4/  60.0,volts=12.0(10.6)
FrcRobotBase.printPidInfo_Info: sonarDrivePidCtrl: Target=   7.0, Input=  38.9, Error=  31.9, PIDTerms= 0.526/ 0.000/ 0.010/ 0.000, Output= 0.500(-0.500/0.500)
FrcRobotBase.printPidInfo_Info: visionTurnPidCtrl: Target=   0.0, Input=   0.0, Error=  -0.0, PIDTerms=-0.000/ 0.000/ 0.000/ 0.000, Output= 0.000(-0.500/0.500)
FrcRobotBase.PixyVision_Info: null object(s) found
FrcRobotBase.Robot_Info: [3.847] VISION_DEPLOY: xPos= -0.78,yPos= 83.80,heading=  59.4/  60.0,volts=11.5(10.6)
FrcRobotBase.printPidInfo_Info: sonarDrivePidCtrl: Target=   7.0, Input=  38.0, Error=  31.0, PIDTerms= 0.511/ 0.000/-0.057/ 0.000, Output= 0.455(-0.500/0.500)
FrcRobotBase.printPidInfo_Info: visionTurnPidCtrl: Target=   0.0, Input=   0.0, Error=  -0.0, PIDTerms=-0.000/ 0.000/ 0.000/ 0.000, Output= 0.000(-0.500/0.500)
FrcRobotBase.PixyVision_Info: null object(s) found
FrcRobotBase.PixyVision_Info: null object(s) found
FrcRobotBase.Robot_Info: [3.880] VISION_DEPLOY: xPos= -0.79,yPos= 85.50,heading=  59.3/  60.0,volts=11.8(10.6)
FrcRobotBase.printPidInfo_Info: sonarDrivePidCtrl: Target=   7.0, Input=  36.6, Error=  29.6, PIDTerms= 0.489/ 0.000/-0.099/ 0.000, Output= 0.390(-0.500/0.500)
FrcRobotBase.printPidInfo_Info: visionTurnPidCtrl: Target=   0.0, Input=   0.0, Error=  -0.0, PIDTerms=-0.000/ 0.000/ 0.000/ 0.000, Output= 0.000(-0.500/0.500)
FrcRobotBase.PixyVision_Info: null object(s) found
FrcRobotBase.Robot_Info: [3.906] VISION_DEPLOY: xPos= -0.78,yPos= 86.30,heading=  59.3/  60.0,volts=11.9(10.6)
FrcRobotBase.printPidInfo_Info: sonarDrivePidCtrl: Target=   7.0, Input=  36.1, Error=  29.1, PIDTerms= 0.481/ 0.000/-0.032/ 0.000, Output= 0.448(-0.500/0.500)
FrcRobotBase.printPidInfo_Info: visionTurnPidCtrl: Target=   0.0, Input=   0.0, Error=  -0.0, PIDTerms=-0.000/ 0.000/ 0.000/ 0.000, Output= 0.000(-0.500/0.500)
FrcRobotBase.PixyVision_Info: null object(s) found
FrcRobotBase.Robot_Info: [3.935] VISION_DEPLOY: xPos= -0.77,yPos= 87.12,heading=  59.3/  60.0,volts=11.8(10.6)
FrcRobotBase.printPidInfo_Info: sonarDrivePidCtrl: Target=   7.0, Input=  34.9, Error=  27.9, PIDTerms= 0.460/ 0.000/-0.099/ 0.000, Output= 0.361(-0.500/0.500)
FrcRobotBase.printPidInfo_Info: visionTurnPidCtrl: Target=   0.0, Input=   0.0, Error=  -0.0, PIDTerms=-0.000/ 0.000/ 0.000/ 0.000, Output= 0.000(-0.500/0.500)
FrcRobotBase.PixyVision_Info: null object(s) found
FrcRobotBase.Robot_Info: [3.962] VISION_DEPLOY: xPos= -0.97,yPos= 88.68,heading=  59.3/  60.0,volts=12.1(10.6)
FrcRobotBase.printPidInfo_Info: sonarDrivePidCtrl: Target=   7.0, Input=  35.0, Error=  28.0, PIDTerms= 0.462/ 0.000/ 0.010/ 0.000, Output= 0.472(-0.500/0.500)
FrcRobotBase.printPidInfo_Info: visionTurnPidCtrl: Target=   0.0, Input=   0.0, Error=  -0.0, PIDTerms=-0.000/ 0.000/ 0.000/ 0.000, Output= 0.000(-0.500/0.500)
FrcRobotBase.PixyVision_Info: null object(s) found
FrcRobotBase.PixyVision_Info: null object(s) found
FrcRobotBase.Robot_Info: [3.992] VISION_DEPLOY: xPos= -0.74,yPos= 89.82,heading=  59.2/  60.0,volts=12.1(10.6)
FrcRobotBase.printPidInfo_Info: sonarDrivePidCtrl: Target=   7.0, Input=  33.0, Error=  26.0, PIDTerms= 0.429/ 0.000/-0.118/ 0.000, Output= 0.312(-0.500/0.500)
FrcRobotBase.printPidInfo_Info: visionTurnPidCtrl: Target=   0.0, Input=   0.0, Error=  -0.0, PIDTerms=-0.000/ 0.000/ 0.000/ 0.000, Output= 0.000(-0.500/0.500)
FrcRobotBase.PixyVision_Info: null object(s) found
FrcRobotBase.Robot_Info: [4.026] VISION_DEPLOY: xPos= -0.72,yPos= 91.64,heading=  59.2/  60.0,volts=12.3(10.6)
FrcRobotBase.printPidInfo_Info: sonarDrivePidCtrl: Target=   7.0, Input=  30.3, Error=  23.3, PIDTerms= 0.384/ 0.000/-0.165/ 0.000, Output= 0.219(-0.500/0.500)
FrcRobotBase.printPidInfo_Info: visionTurnPidCtrl: Target=   0.0, Input=   0.0, Error=  -0.0, PIDTerms=-0.000/ 0.000/ 0.000/ 0.000, Output= 0.000(-0.500/0.500)
FrcRobotBase.PixyVision_Info: null object(s) found
FrcRobotBase.Robot_Info: [4.059] VISION_DEPLOY: xPos= -0.73,yPos= 92.54,heading=  59.1/  60.0,volts=12.5(10.6)
FrcRobotBase.printPidInfo_Info: sonarDrivePidCtrl: Target=   7.0, Input=  30.5, Error=  23.5, PIDTerms= 0.388/ 0.000/ 0.017/ 0.000, Output= 0.405(-0.500/0.500)
FrcRobotBase.printPidInfo_Info: visionTurnPidCtrl: Target=   0.0, Input=   0.0, Error=  -0.0, PIDTerms=-0.000/ 0.000/ 0.000/ 0.000, Output= 0.000(-0.500/0.500)
FrcRobotBase.PixyVision_Info: null object(s) found
FrcRobotBase.Robot_Info: [4.089] VISION_DEPLOY: xPos= -0.68,yPos= 94.36,heading=  59.1/  60.0,volts=12.1(10.6)
FrcRobotBase.printPidInfo_Info: sonarDrivePidCtrl: Target=   7.0, Input=  28.3, Error=  21.3, PIDTerms= 0.351/ 0.000/-0.134/ 0.000, Output= 0.217(-0.500/0.500)
FrcRobotBase.printPidInfo_Info: visionTurnPidCtrl: Target=   0.0, Input=   0.0, Error=  -0.0, PIDTerms=-0.000/ 0.000/ 0.000/ 0.000, Output= 0.000(-0.500/0.500)
FrcRobotBase.PixyVision_Info: null object(s) found
FrcRobotBase.PixyVision_Info: null object(s) found
FrcRobotBase.Robot_Info: [4.126] VISION_DEPLOY: xPos= -0.68,yPos= 95.75,heading=  59.0/  60.0,volts=12.5(10.6)
FrcRobotBase.printPidInfo_Info: sonarDrivePidCtrl: Target=   7.0, Input=  27.0, Error=  20.0, PIDTerms= 0.330/ 0.000/-0.067/ 0.000, Output= 0.264(-0.500/0.500)
FrcRobotBase.printPidInfo_Info: visionTurnPidCtrl: Target=   0.0, Input=   0.0, Error=  -0.0, PIDTerms=-0.000/ 0.000/ 0.000/ 0.000, Output= 0.000(-0.500/0.500)
FrcRobotBase.PixyVision_Info: null object(s) found
FrcRobotBase.Robot_Info: [4.160] VISION_DEPLOY: xPos= -0.66,yPos= 97.04,heading=  59.0/  60.0,volts=12.4(10.6)
FrcRobotBase.printPidInfo_Info: sonarDrivePidCtrl: Target=   7.0, Input=  26.4, Error=  19.4, PIDTerms= 0.320/ 0.000/-0.042/ 0.000, Output= 0.278(-0.500/0.500)
FrcRobotBase.printPidInfo_Info: visionTurnPidCtrl: Target=   0.0, Input=   0.0, Error=  -0.0, PIDTerms=-0.000/ 0.000/ 0.000/ 0.000, Output= 0.000(-0.500/0.500)
FrcRobotBase.PixyVision_Info: null object(s) found
FrcRobotBase.Robot_Info: [4.189] VISION_DEPLOY: xPos= -0.45,yPos= 98.18,heading=  59.0/  60.0,volts=12.4(10.6)
FrcRobotBase.printPidInfo_Info: sonarDrivePidCtrl: Target=   7.0, Input=  24.3, Error=  17.3, PIDTerms= 0.285/ 0.000/-0.128/ 0.000, Output= 0.157(-0.500/0.500)
FrcRobotBase.printPidInfo_Info: visionTurnPidCtrl: Target=   0.0, Input=   0.0, Error=  -0.0, PIDTerms=-0.000/ 0.000/ 0.000/ 0.000, Output= 0.000(-0.500/0.500)
FrcRobotBase.PixyVision_Info: null object(s) found
FrcRobotBase.Robot_Info: [4.222] VISION_DEPLOY: xPos= -0.67,yPos= 99.75,heading=  59.0/  60.0,volts=12.6(10.6)
FrcRobotBase.printPidInfo_Info: sonarDrivePidCtrl: Target=   7.0, Input=  22.2, Error=  15.2, PIDTerms= 0.250/ 0.000/-0.144/ 0.000, Output= 0.107(-0.500/0.500)
FrcRobotBase.printPidInfo_Info: visionTurnPidCtrl: Target=   0.0, Input=   0.0, Error=  -0.0, PIDTerms=-0.000/ 0.000/ 0.000/ 0.000, Output= 0.000(-0.500/0.500)
FrcRobotBase.PixyVision_Info: null object(s) found
FrcRobotBase.PixyVision_Info: null object(s) found
FrcRobotBase.Robot_Info: [4.260] VISION_DEPLOY: xPos= -0.70,yPos=101.35,heading=  59.0/  60.0,volts=12.6(10.6)
FrcRobotBase.printPidInfo_Info: sonarDrivePidCtrl: Target=   7.0, Input=  21.5, Error=  14.5, PIDTerms= 0.240/ 0.000/-0.034/ 0.000, Output= 0.206(-0.500/0.500)
FrcRobotBase.printPidInfo_Info: visionTurnPidCtrl: Target=   0.0, Input=   0.0, Error=  -0.0, PIDTerms=-0.000/ 0.000/ 0.000/ 0.000, Output= 0.000(-0.500/0.500)
FrcRobotBase.PixyVision_Info: null object(s) found
FrcRobotBase.Robot_Info: [4.288] VISION_DEPLOY: xPos= -0.50,yPos=102.30,heading=  58.9/  60.0,volts=12.5(10.6)
FrcRobotBase.printPidInfo_Info: sonarDrivePidCtrl: Target=   7.0, Input=  19.4, Error=  12.4, PIDTerms= 0.205/ 0.000/-0.123/ 0.000, Output= 0.082(-0.500/0.500)
FrcRobotBase.printPidInfo_Info: visionTurnPidCtrl: Target=   0.0, Input=   0.0, Error=  -0.0, PIDTerms=-0.000/ 0.000/ 0.000/ 0.000, Output= 0.000(-0.500/0.500)
FrcRobotBase.PixyVision_Info: null object(s) found
FrcRobotBase.Robot_Info: [4.320] VISION_DEPLOY: xPos= -0.67,yPos=103.68,heading=  58.9/  60.0,volts=12.5(10.6)
FrcRobotBase.printPidInfo_Info: sonarDrivePidCtrl: Target=   7.0, Input=  18.9, Error=  11.9, PIDTerms= 0.197/ 0.000/-0.034/ 0.000, Output= 0.163(-0.500/0.500)
FrcRobotBase.printPidInfo_Info: visionTurnPidCtrl: Target=   0.0, Input=   0.0, Error=  -0.0, PIDTerms=-0.000/ 0.000/ 0.000/ 0.000, Output= 0.000(-0.500/0.500)
FrcRobotBase.PixyVision_Info: null object(s) found
FrcRobotBase.Robot_Info: [4.340] VISION_DEPLOY: xPos= -0.85,yPos=104.27,heading=  58.9/  60.0,volts=12.6(10.6)
FrcRobotBase.printPidInfo_Info: sonarDrivePidCtrl: Target=   7.0, Input=  17.4, Error=  10.4, PIDTerms= 0.172/ 0.000/-0.147/ 0.000, Output= 0.026(-0.500/0.500)
FrcRobotBase.printPidInfo_Info: visionTurnPidCtrl: Target=   0.0, Input=   0.0, Error=  -0.0, PIDTerms=-0.000/ 0.000/ 0.000/ 0.000, Output= 0.000(-0.500/0.500)
FrcRobotBase.PixyVision_Info: null object(s) found
FrcRobotBase.PixyVision_Info: null object(s) found
FrcRobotBase.Robot_Info: [4.366] VISION_DEPLOY: xPos= -0.70,yPos=105.20,heading=  58.9/  60.0,volts=12.6(10.6)
FrcRobotBase.printPidInfo_Info: sonarDrivePidCtrl: Target=   7.0, Input=  17.2, Error=  10.2, PIDTerms= 0.168/ 0.000/-0.018/ 0.000, Output= 0.150(-0.500/0.500)
FrcRobotBase.printPidInfo_Info: visionTurnPidCtrl: Target=   0.0, Input=   0.0, Error=  -0.0, PIDTerms=-0.000/ 0.000/ 0.000/ 0.000, Output= 0.000(-0.500/0.500)
FrcRobotBase.PixyVision_Info: null object(s) found
FrcRobotBase.Robot_Info: [4.426] VISION_DEPLOY: xPos= -0.69,yPos=107.30,heading=  58.8/  60.0,volts=12.5(10.6)
FrcRobotBase.printPidInfo_Info: sonarDrivePidCtrl: Target=   7.0, Input=  14.6, Error=   7.6, PIDTerms= 0.125/ 0.000/-0.084/ 0.000, Output= 0.041(-0.500/0.500)
FrcRobotBase.printPidInfo_Info: visionTurnPidCtrl: Target=   0.0, Input=   0.0, Error=  -0.0, PIDTerms=-0.000/ 0.000/ 0.000/ 0.000, Output= 0.000(-0.500/0.500)
FrcRobotBase.PixyVision_Info: 2 object(s) found
FrcRobotBase.PixyVision_Info: [0] sync=0xaa55, chksum=0x00a2, sig=1, centerX=109, centerY= 38, width=  8, height=  6, angle=  0
FrcRobotBase.PixyVision_Info: [1] sync=0xaa55, chksum=0x00cc, sig=1, centerX=114, centerY= 75, width= 10, height=  4, angle=  0
FrcRobotBase.PixyVision_Info: ===TargetRect===: x=105, y=35, w=14, h=42
FrcRobotBase.PixyVision_Info: ###TargetInfo###: xDist=-34.3, yDist=164.3, angle=-11.8
FrcRobotBase.Robot_Info: [4.502] VISION_DEPLOY: xPos= -0.69,yPos=109.19,heading=  58.9/  60.0,volts=12.5(10.6)
FrcRobotBase.printPidInfo_Info: sonarDrivePidCtrl: Target=   7.0, Input=  14.7, Error=   7.7, PIDTerms= 0.127/ 0.000/ 0.009/ 0.000, Output= 0.136(-0.500/0.500)
FrcRobotBase.printPidInfo_Info: visionTurnPidCtrl: Target=   0.0, Input= -11.8, Error= -11.8, PIDTerms=-0.295/ 0.000/-0.064/ 0.000, Output=-0.359(-0.500/0.500)
FrcRobotBase.PixyVision_Info: 2 object(s) found
FrcRobotBase.PixyVision_Info: [0] sync=0xaa55, chksum=0x00d3, sig=1, centerX=110, centerY= 74, width= 11, height= 15, angle=  0
FrcRobotBase.PixyVision_Info: [1] sync=0xaa55, chksum=0x009d, sig=1, centerX=108, centerY= 34, width=  9, height=  5, angle=  0
FrcRobotBase.PixyVision_Info: ===TargetRect===: x=104, y=32, w=12, h=50
FrcRobotBase.PixyVision_Info: ###TargetInfo###: xDist=-41.7, yDist=191.7, angle=-12.3
FrcRobotBase.PixyVision_Info: 2 object(s) found
FrcRobotBase.PixyVision_Info: [0] sync=0xaa55, chksum=0x00e0, sig=1, centerX=106, centerY= 88, width= 13, height= 16, angle=  0
FrcRobotBase.PixyVision_Info: [1] sync=0xaa55, chksum=0x00a7, sig=1, centerX=108, centerY= 33, width= 10, height= 15, angle=  0
FrcRobotBase.PixyVision_Info: ===TargetRect===: x=100, y=26, w=13, h=70
FrcRobotBase.PixyVision_Info: ###TargetInfo###: xDist=-41.2, yDist=176.9, angle=-13.1
FrcRobotBase.Robot_Info: [4.560] VISION_DEPLOY: xPos= -0.70,yPos=111.09,heading=  58.8/  60.0,volts=11.9(10.6)
FrcRobotBase.printPidInfo_Info: sonarDrivePidCtrl: Target=   7.0, Input=  11.6, Error=   4.6, PIDTerms= 0.076/ 0.000/-0.069/ 0.000, Output= 0.007(-0.500/0.500)
FrcRobotBase.printPidInfo_Info: visionTurnPidCtrl: Target=   0.0, Input= -13.1, Error= -13.1, PIDTerms=-0.327/ 0.000/-0.002/ 0.000, Output=-0.330(-0.500/0.500)
FrcRobotBase.PixyVision_Info: 2 object(s) found
FrcRobotBase.PixyVision_Info: [0] sync=0xaa55, chksum=0x00a9, sig=1, centerX=103, centerY= 34, width= 15, height= 16, angle=  0
FrcRobotBase.PixyVision_Info: [1] sync=0xaa55, chksum=0x00e1, sig=1, centerX=106, centerY= 97, width= 11, height= 10, angle=  0
FrcRobotBase.PixyVision_Info: ===TargetRect===: x=96, y=26, w=16, h=76
FrcRobotBase.PixyVision_Info: ###TargetInfo###: xDist=-35.0, yDist=143.8, angle=-13.7
FrcRobotBase.Robot_Info: [4.602] VISION_DEPLOY: xPos= -0.62,yPos=112.01,heading=  57.6/  60.0,volts=12.0(10.6)
FrcRobotBase.printPidInfo_Info: sonarDrivePidCtrl: Target=   7.0, Input=  10.6, Error=   3.6, PIDTerms= 0.059/ 0.000/-0.048/ 0.000, Output= 0.011(-0.500/0.500)
FrcRobotBase.printPidInfo_Info: visionTurnPidCtrl: Target=   0.0, Input= -13.7, Error= -13.7, PIDTerms=-0.342/ 0.000/-0.002/ 0.000, Output=-0.344(-0.500/0.500)
FrcRobotBase.PixyVision_Info: 2 object(s) found
FrcRobotBase.PixyVision_Info: [0] sync=0xaa55, chksum=0x00e8, sig=1, centerX=109, centerY= 96, width= 12, height= 14, angle=  0
FrcRobotBase.PixyVision_Info: [1] sync=0xaa55, chksum=0x00a4, sig=1, centerX=107, centerY= 30, width= 10, height= 16, angle=  0
FrcRobotBase.PixyVision_Info: ===TargetRect===: x=102, y=22, w=13, h=81
FrcRobotBase.PixyVision_Info: ###TargetInfo###: xDist=-39.6, yDist=176.9, angle=-12.6
FrcRobotBase.Robot_Info: [4.643] VISION_DEPLOY: xPos= -0.53,yPos=112.82,heading=  55.1/  60.0,volts=12.0(10.6)
FrcRobotBase.printPidInfo_Info: sonarDrivePidCtrl: Target=   7.0, Input=  11.6, Error=   4.6, PIDTerms= 0.076/ 0.000/ 0.048/ 0.000, Output= 0.124(-0.500/0.500)
FrcRobotBase.printPidInfo_Info: visionTurnPidCtrl: Target=   0.0, Input= -12.6, Error= -12.6, PIDTerms=-0.316/ 0.000/ 0.004/ 0.000, Output=-0.312(-0.500/0.500)
FrcRobotBase.PixyVision_Info: 3 object(s) found
FrcRobotBase.PixyVision_Info: [0] sync=0xaa55, chksum=0x00f0, sig=1, centerX=122, centerY= 97, width= 12, height=  8, angle=  0
FrcRobotBase.PixyVision_Info: [1] sync=0xaa55, chksum=0x0094, sig=1, centerX=117, centerY= 14, width= 11, height=  5, angle=  0
FrcRobotBase.PixyVision_Info: [2] sync=0xaa55, chksum=0x00d0, sig=1, centerX=118, centerY= 80, width=  7, height=  2, angle=  0
FrcRobotBase.PixyVision_Info: Expected Target: distance=10.8, width=212.2, height=106.1
FrcRobotBase.PixyVision_Info: ===TargetRect===: x=112, y=12, w=16, h=89
FrcRobotBase.PixyVision_Info: ###TargetInfo###: xDist=-25.0, yDist=143.8, angle=-9.9
FrcRobotBase.PixyVision_Info: 3 object(s) found
FrcRobotBase.PixyVision_Info: [0] sync=0xaa55, chksum=0x00b7, sig=1, centerX=123, centerY= 31, width=  9, height= 19, angle=  0
FrcRobotBase.PixyVision_Info: [1] sync=0xaa55, chksum=0x00d5, sig=1, centerX=126, centerY= 71, width= 11, height=  4, angle=  0
FrcRobotBase.PixyVision_Info: [2] sync=0xaa55, chksum=0x00e8, sig=1, centerX=130, centerY= 92, width=  6, height=  3, angle=  0
FrcRobotBase.PixyVision_Info: Expected Target: distance=10.7, width=214.7, height=107.4
FrcRobotBase.PixyVision_Info: ===TargetRect===: x=119, y=22, w=13, h=51
FrcRobotBase.PixyVision_Info: ###TargetInfo###: xDist=-26.5, yDist=176.9, angle=-8.5
FrcRobotBase.Robot_Info: [4.708] VISION_DEPLOY: xPos= -0.37,yPos=114.07,heading=  50.0/  60.0,volts=12.1(10.6)
FrcRobotBase.printPidInfo_Info: sonarDrivePidCtrl: Target=   7.0, Input=  10.6, Error=   3.6, PIDTerms= 0.059/ 0.000/-0.033/ 0.000, Output= 0.027(-0.500/0.500)
FrcRobotBase.printPidInfo_Info: visionTurnPidCtrl: Target=   0.0, Input=  -8.5, Error=  -8.5, PIDTerms=-0.213/ 0.000/ 0.010/ 0.000, Output=-0.203(-0.500/0.500)
FrcRobotBase.PixyVision_Info: 1 object(s) found
FrcRobotBase.Robot_Info: [4.742] VISION_DEPLOY: xPos= -0.25,yPos=114.86,heading=  48.8/  60.0,volts=12.4(10.6)
FrcRobotBase.printPidInfo_Info: sonarDrivePidCtrl: Target=   7.0, Input=  10.7, Error=   3.7, PIDTerms= 0.061/ 0.000/ 0.005/ 0.000, Output= 0.067(-0.500/0.500)
FrcRobotBase.printPidInfo_Info: visionTurnPidCtrl: Target=   0.0, Input=   0.0, Error=  -0.0, PIDTerms=-0.000/ 0.000/ 0.028/ 0.000, Output= 0.028(-0.500/0.500)
FrcRobotBase.PixyVision_Info: 3 object(s) found
FrcRobotBase.PixyVision_Info: [0] sync=0xaa55, chksum=0x00eb, sig=1, centerX=147, centerY= 75, width=  7, height=  5, angle=  0
FrcRobotBase.PixyVision_Info: [1] sync=0xaa55, chksum=0x00d9, sig=1, centerX=146, centerY= 57, width= 10, height=  3, angle=  0
FrcRobotBase.PixyVision_Info: [2] sync=0xaa55, chksum=0x00c1, sig=1, centerX=145, centerY= 37, width=  6, height=  4, angle=  0
FrcRobotBase.PixyVision_Info: Expected Target: distance=10.6, width=217.2, height=108.6
FrcRobotBase.PixyVision_Info: ===TargetRect===: x=141, y=56, w=10, h=22
FrcRobotBase.PixyVision_Info: ###TargetInfo###: xDist=-14.0, yDist=230.0, angle=-3.5
FrcRobotBase.PixyVision_Info: null object(s) found
FrcRobotBase.Robot_Info: [4.796] VISION_DEPLOY: xPos= -0.12,yPos=115.52,heading=  44.4/  60.0,volts=12.5(10.6)
FrcRobotBase.printPidInfo_Info: sonarDrivePidCtrl: Target=   7.0, Input=  10.7, Error=   3.7, PIDTerms= 0.061/ 0.000/ 0.000/ 0.000, Output= 0.061(-0.500/0.500)
FrcRobotBase.printPidInfo_Info: visionTurnPidCtrl: Target=   0.0, Input=   0.0, Error=  -0.0, PIDTerms=-0.000/ 0.000/ 0.000/ 0.000, Output= 0.000(-0.500/0.500)
FrcRobotBase.PixyVision_Info: null object(s) found
FrcRobotBase.Robot_Info: [4.826] VISION_DEPLOY: xPos= -0.11,yPos=116.15,heading=  42.5/  60.0,volts=12.5(10.6)
FrcRobotBase.printPidInfo_Info: sonarDrivePidCtrl: Target=   7.0, Input=  10.6, Error=   3.6, PIDTerms= 0.059/ 0.000/-0.008/ 0.000, Output= 0.051(-0.500/0.500)
FrcRobotBase.printPidInfo_Info: visionTurnPidCtrl: Target=   0.0, Input=   0.0, Error=  -0.0, PIDTerms=-0.000/ 0.000/ 0.000/ 0.000, Output= 0.000(-0.500/0.500)
FrcRobotBase.PixyVision_Info: 1 object(s) found
FrcRobotBase.Robot_Info: [4.860] VISION_DEPLOY: xPos= -0.10,yPos=116.39,heading=  41.3/  60.0,volts=12.6(10.6)
FrcRobotBase.printPidInfo_Info: sonarDrivePidCtrl: Target=   7.0, Input=  10.6, Error=   3.6, PIDTerms= 0.059/ 0.000/ 0.000/ 0.000, Output= 0.059(-0.500/0.500)
FrcRobotBase.printPidInfo_Info: visionTurnPidCtrl: Target=   0.0, Input=   0.0, Error=  -0.0, PIDTerms=-0.000/ 0.000/ 0.000/ 0.000, Output= 0.000(-0.500/0.500)
FrcRobotBase.PixyVision_Info: 1 object(s) found
FrcRobotBase.PixyVision_Info: null object(s) found
FrcRobotBase.Robot_Info: [4.898] VISION_DEPLOY: xPos= -0.02,yPos=116.64,heading=  41.2/  60.0,volts=12.5(10.6)
FrcRobotBase.printPidInfo_Info: sonarDrivePidCtrl: Target=   7.0, Input=  10.7, Error=   3.7, PIDTerms= 0.061/ 0.000/ 0.007/ 0.000, Output= 0.068(-0.500/0.500)
FrcRobotBase.printPidInfo_Info: visionTurnPidCtrl: Target=   0.0, Input=   0.0, Error=  -0.0, PIDTerms=-0.000/ 0.000/ 0.000/ 0.000, Output= 0.000(-0.500/0.500)
FrcRobotBase.PixyVision_Info: null object(s) found
FrcRobotBase.Robot_Info: [4.927] VISION_DEPLOY: xPos= -0.07,yPos=116.65,heading=  41.7/  60.0,volts=12.5(10.6)
FrcRobotBase.printPidInfo_Info: sonarDrivePidCtrl: Target=   7.0, Input=  10.6, Error=   3.6, PIDTerms= 0.059/ 0.000/-0.007/ 0.000, Output= 0.052(-0.500/0.500)
FrcRobotBase.printPidInfo_Info: visionTurnPidCtrl: Target=   0.0, Input=   0.0, Error=  -0.0, PIDTerms=-0.000/ 0.000/ 0.000/ 0.000, Output= 0.000(-0.500/0.500)
FrcRobotBase.PixyVision_Info: 1 object(s) found
FrcRobotBase.Robot_Info: [4.963] VISION_DEPLOY: xPos= -0.10,yPos=116.57,heading=  42.0/  60.0,volts=12.5(10.6)
FrcRobotBase.printPidInfo_Info: sonarDrivePidCtrl: Target=   7.0, Input=  10.6, Error=   3.6, PIDTerms= 0.059/ 0.000/ 0.000/ 0.000, Output= 0.059(-0.500/0.500)
FrcRobotBase.printPidInfo_Info: visionTurnPidCtrl: Target=   0.0, Input=   0.0, Error=  -0.0, PIDTerms=-0.000/ 0.000/ 0.000/ 0.000, Output= 0.000(-0.500/0.500)
FrcRobotBase.PixyVision_Info: 1 object(s) found
FrcRobotBase.PixyVision_Info: null object(s) found
FrcRobotBase.Robot_Info: [4.998] VISION_DEPLOY: xPos= -0.14,yPos=116.39,heading=  42.3/  60.0,volts=12.6(10.6)
FrcRobotBase.printPidInfo_Info: sonarDrivePidCtrl: Target=   7.0, Input=  10.7, Error=   3.7, PIDTerms= 0.061/ 0.000/ 0.006/ 0.000, Output= 0.068(-0.500/0.500)
FrcRobotBase.printPidInfo_Info: visionTurnPidCtrl: Target=   0.0, Input=   0.0, Error=  -0.0, PIDTerms=-0.000/ 0.000/ 0.000/ 0.000, Output= 0.000(-0.500/0.500)
FrcRobotBase.PixyVision_Info: 1 object(s) found
FrcRobotBase.Robot_Info: [5.024] VISION_DEPLOY: xPos= -0.14,yPos=116.33,heading=  42.4/  60.0,volts=12.6(10.6)
FrcRobotBase.printPidInfo_Info: sonarDrivePidCtrl: Target=   7.0, Input=  10.6, Error=   3.6, PIDTerms= 0.059/ 0.000/-0.008/ 0.000, Output= 0.051(-0.500/0.500)
FrcRobotBase.printPidInfo_Info: visionTurnPidCtrl: Target=   0.0, Input=   0.0, Error=  -0.0, PIDTerms=-0.000/ 0.000/ 0.000/ 0.000, Output= 0.000(-0.500/0.500)
FrcRobotBase.PixyVision_Info: null object(s) found
FrcRobotBase.Robot_Info: [5.055] VISION_DEPLOY: xPos= -0.13,yPos=116.24,heading=  42.4/  60.0,volts=12.6(10.6)
FrcRobotBase.printPidInfo_Info: sonarDrivePidCtrl: Target=   7.0, Input=  10.7, Error=   3.7, PIDTerms= 0.061/ 0.000/ 0.009/ 0.000, Output= 0.071(-0.500/0.500)
FrcRobotBase.printPidInfo_Info: visionTurnPidCtrl: Target=   0.0, Input=   0.0, Error=  -0.0, PIDTerms=-0.000/ 0.000/ 0.000/ 0.000, Output= 0.000(-0.500/0.500)
FrcRobotBase.PixyVision_Info: 1 object(s) found
FrcRobotBase.Robot_Info: [5.082] VISION_DEPLOY: xPos= -0.13,yPos=116.23,heading=  42.3/  60.0,volts=12.6(10.6)
FrcRobotBase.printPidInfo_Info: sonarDrivePidCtrl: Target=   7.0, Input=  10.6, Error=   3.6, PIDTerms= 0.059/ 0.000/-0.010/ 0.000, Output= 0.049(-0.500/0.500)
FrcRobotBase.printPidInfo_Info: visionTurnPidCtrl: Target=   0.0, Input=   0.0, Error=  -0.0, PIDTerms=-0.000/ 0.000/ 0.000/ 0.000, Output= 0.000(-0.500/0.500)
FrcRobotBase.PixyVision_Info: 1 object(s) found
FrcRobotBase.PixyVision_Info: null object(s) found
FrcRobotBase.Robot_Info: [5.110] VISION_DEPLOY: xPos= -0.12,yPos=116.22,heading=  42.3/  60.0,volts=12.6(10.6)
FrcRobotBase.printPidInfo_Info: sonarDrivePidCtrl: Target=   7.0, Input=  10.6, Error=   3.6, PIDTerms= 0.059/ 0.000/ 0.000/ 0.000, Output= 0.059(-0.500/0.500)
FrcRobotBase.printPidInfo_Info: visionTurnPidCtrl: Target=   0.0, Input=   0.0, Error=  -0.0, PIDTerms=-0.000/ 0.000/ 0.000/ 0.000, Output= 0.000(-0.500/0.500)
FrcRobotBase.PixyVision_Info: 1 object(s) found
FrcRobotBase.Robot_Info: [5.141] VISION_DEPLOY: xPos= -0.12,yPos=116.22,heading=  42.3/  60.0,volts=12.6(10.6)
FrcRobotBase.printPidInfo_Info: sonarDrivePidCtrl: Target=   7.0, Input=  10.7, Error=   3.7, PIDTerms= 0.061/ 0.000/ 0.009/ 0.000, Output= 0.071(-0.500/0.500)
FrcRobotBase.printPidInfo_Info: visionTurnPidCtrl: Target=   0.0, Input=   0.0, Error=  -0.0, PIDTerms=-0.000/ 0.000/ 0.000/ 0.000, Output= 0.000(-0.500/0.500)
FrcRobotBase.PixyVision_Info: 1 object(s) found
FrcRobotBase.Robot_Info: [5.190] VISION_DEPLOY: xPos= -0.12,yPos=116.23,heading=  42.3/  60.0,volts=12.6(10.6)
FrcRobotBase.printPidInfo_Info: sonarDrivePidCtrl: Target=   7.0, Input=  10.6, Error=   3.6, PIDTerms= 0.059/ 0.000/-0.005/ 0.000, Output= 0.054(-0.500/0.500)
FrcRobotBase.printPidInfo_Info: visionTurnPidCtrl: Target=   0.0, Input=   0.0, Error=  -0.0, PIDTerms=-0.000/ 0.000/ 0.000/ 0.000, Output= 0.000(-0.500/0.500)
FrcRobotBase.PixyVision_Info: 2 object(s) found
FrcRobotBase.PixyVision_Info: [0] sync=0xaa55, chksum=0x00dc, sig=1, centerX=176, centerY= 29, width= 11, height=  3, angle=  0
FrcRobotBase.PixyVision_Info: [1] sync=0xaa55, chksum=0x0125, sig=1, centerX=179, centerY=100, width= 11, height=  2, angle=  0
FrcRobotBase.PixyVision_Info: ===TargetRect===: x=171, y=28, w=14, h=73
FrcRobotBase.PixyVision_Info: ###TargetInfo###: xDist=12.9, yDist=164.3, angle=4.5
FrcRobotBase.PixyVision_Info: null object(s) found
FrcRobotBase.Robot_Info: [5.259] VISION_DEPLOY: xPos= -0.12,yPos=116.23,heading=  42.3/  60.0,volts=12.6(10.6)
FrcRobotBase.printPidInfo_Info: sonarDrivePidCtrl: Target=   7.0, Input=  10.6, Error=   3.6, PIDTerms= 0.059/ 0.000/ 0.000/ 0.000, Output= 0.059(-0.500/0.500)
FrcRobotBase.printPidInfo_Info: visionTurnPidCtrl: Target=   0.0, Input=   0.0, Error=  -0.0, PIDTerms=-0.000/ 0.000/ 0.000/ 0.000, Output= 0.000(-0.500/0.500)
FrcRobotBase.PixyVision_Info: 1 object(s) found
FrcRobotBase.Robot_Info: [5.304] VISION_DEPLOY: xPos= -0.12,yPos=116.23,heading=  42.3/  60.0,volts=12.6(10.6)
FrcRobotBase.printPidInfo_Info: sonarDrivePidCtrl: Target=   7.0, Input=  10.6, Error=   3.6, PIDTerms= 0.059/ 0.000/ 0.000/ 0.000, Output= 0.059(-0.500/0.500)
FrcRobotBase.printPidInfo_Info: visionTurnPidCtrl: Target=   0.0, Input=   0.0, Error=  -0.0, PIDTerms=-0.000/ 0.000/ 0.000/ 0.000, Output= 0.000(-0.500/0.500)
FrcRobotBase.PixyVision_Info: 1 object(s) found
FrcRobotBase.PixyVision_Info: null object(s) found
FrcRobotBase.Robot_Info: [5.360] VISION_DEPLOY: xPos= -0.12,yPos=116.23,heading=  42.3/  60.0,volts=12.6(10.6)
FrcRobotBase.printPidInfo_Info: sonarDrivePidCtrl: Target=   7.0, Input=  10.6, Error=   3.6, PIDTerms= 0.059/ 0.000/ 0.000/ 0.000, Output= 0.059(-0.500/0.500)
FrcRobotBase.printPidInfo_Info: visionTurnPidCtrl: Target=   0.0, Input=   0.0, Error=  -0.0, PIDTerms=-0.000/ 0.000/ 0.000/ 0.000, Output= 0.000(-0.500/0.500)
FrcRobotBase.PixyVision_Info: 1 object(s) found
FrcRobotBase.Robot_Info: [5.406] VISION_DEPLOY: xPos= -0.12,yPos=116.23,heading=  42.3/  60.0,volts=12.6(10.6)
FrcRobotBase.printPidInfo_Info: sonarDrivePidCtrl: Target=   7.0, Input=  10.7, Error=   3.7, PIDTerms= 0.061/ 0.000/ 0.005/ 0.000, Output= 0.067(-0.500/0.500)
FrcRobotBase.printPidInfo_Info: visionTurnPidCtrl: Target=   0.0, Input=   0.0, Error=  -0.0, PIDTerms=-0.000/ 0.000/ 0.000/ 0.000, Output= 0.000(-0.500/0.500)
FrcRobotBase.PixyVision_Info: 1 object(s) found
FrcRobotBase.Robot_Info: [5.445] VISION_DEPLOY: xPos= -0.12,yPos=116.23,heading=  42.3/  60.0,volts=12.5(10.6)
FrcRobotBase.printPidInfo_Info: sonarDrivePidCtrl: Target=   7.0, Input=  10.7, Error=   3.7, PIDTerms= 0.061/ 0.000/ 0.000/ 0.000, Output= 0.061(-0.500/0.500)
FrcRobotBase.printPidInfo_Info: visionTurnPidCtrl: Target=   0.0, Input=   0.0, Error=  -0.0, PIDTerms=-0.000/ 0.000/ 0.000/ 0.000, Output= 0.000(-0.500/0.500)
FrcRobotBase.PixyVision_Info: null object(s) found
FrcRobotBase.PixyVision_Info: null object(s) found
FrcRobotBase.Robot_Info: [5.478] VISION_DEPLOY: xPos= -0.12,yPos=116.23,heading=  42.3/  60.0,volts=12.6(10.6)
FrcRobotBase.printPidInfo_Info: sonarDrivePidCtrl: Target=   7.0, Input=  10.6, Error=   3.6, PIDTerms= 0.059/ 0.000/-0.009/ 0.000, Output= 0.051(-0.500/0.500)
FrcRobotBase.printPidInfo_Info: visionTurnPidCtrl: Target=   0.0, Input=   0.0, Error=  -0.0, PIDTerms=-0.000/ 0.000/ 0.000/ 0.000, Output= 0.000(-0.500/0.500)
FrcRobotBase.PixyVision_Info: null object(s) found
FrcRobotBase.Robot_Info: [5.505] VISION_DEPLOY: xPos= -0.12,yPos=116.23,heading=  42.3/  60.0,volts=12.6(10.6)
FrcRobotBase.printPidInfo_Info: sonarDrivePidCtrl: Target=   7.0, Input=  10.6, Error=   3.6, PIDTerms= 0.059/ 0.000/ 0.000/ 0.000, Output= 0.059(-0.500/0.500)
FrcRobotBase.printPidInfo_Info: visionTurnPidCtrl: Target=   0.0, Input=   0.0, Error=  -0.0, PIDTerms=-0.000/ 0.000/ 0.000/ 0.000, Output= 0.000(-0.500/0.500)
FrcRobotBase.PixyVision_Info: null object(s) found
FrcRobotBase.Robot_Info: [5.531] DEPLOY_GEAR: xPos= -0.12,yPos=116.23,heading=  42.3/  60.0,volts=12.5(10.6)
FrcRobotBase.Robot_Info: [5.531] VISION_DEPLOY: xPos= -0.12,yPos=116.23,heading=  42.3/  60.0,volts=12.5(10.6)
FrcRobotBase.Robot_Info: [5.551] VISION_DEPLOY: xPos= -0.11,yPos=116.22,heading=  42.3/  60.0,volts=12.6(10.6)
FrcRobotBase.PixyVision_Info: null object(s) found
FrcRobotBase.Robot_Info: [5.577] VISION_DEPLOY: xPos= -0.11,yPos=116.22,heading=  42.3/  60.0,volts=12.6(10.6)
FrcRobotBase.Robot_Info: [5.595] VISION_DEPLOY: xPos= -0.11,yPos=116.22,heading=  42.3/  60.0,volts=12.6(10.6)
FrcRobotBase.Robot_Info: [5.610] VISION_DEPLOY: xPos= -0.11,yPos=116.21,heading=  42.3/  60.0,volts=12.6(10.6)
FrcRobotBase.Robot_Info: [5.625] VISION_DEPLOY: xPos= -0.11,yPos=116.20,heading=  42.3/  60.0,volts=12.6(10.6)
FrcRobotBase.Robot_Info: [5.641] VISION_DEPLOY: xPos= -0.11,yPos=116.19,heading=  42.3/  60.0,volts=12.6(10.6)
FrcRobotBase.Robot_Info: [5.653] VISION_DEPLOY: xPos= -0.11,yPos=116.18,heading=  42.3/  60.0,volts=12.6(10.6)
FrcRobotBase.Robot_Info: [5.669] VISION_DEPLOY: xPos= -0.12,yPos=116.16,heading=  42.3/  60.0,volts=12.6(10.6)
FrcRobotBase.PixyVision_Info: 1 object(s) found
FrcRobotBase.Robot_Info: [5.686] VISION_DEPLOY: xPos= -0.11,yPos=116.14,heading=  42.3/  60.0,volts=12.6(10.6)
FrcRobotBase.Robot_Info: [5.702] VISION_DEPLOY: xPos= -0.11,yPos=116.13,heading=  42.3/  60.0,volts=12.6(10.6)
FrcRobotBase.Robot_Info: [5.717] VISION_DEPLOY: xPos= -0.11,yPos=116.13,heading=  42.3/  60.0,volts=12.6(10.6)
FrcRobotBase.Robot_Info: [5.730] VISION_DEPLOY: xPos= -0.11,yPos=116.13,heading=  42.3/  60.0,volts=12.6(10.6)
FrcRobotBase.Robot_Info: [5.745] VISION_DEPLOY: xPos= -0.10,yPos=116.11,heading=  42.3/  60.0,volts=12.6(10.6)
FrcRobotBase.Robot_Info: [5.762] VISION_DEPLOY: xPos= -0.10,yPos=116.11,heading=  42.3/  60.0,volts=12.6(10.6)
FrcRobotBase.Robot_Info: [5.777] VISION_DEPLOY: xPos= -0.10,yPos=116.11,heading=  42.3/  60.0,volts=12.6(10.6)
FrcRobotBase.PixyVision_Info: 2 object(s) found
FrcRobotBase.PixyVision_Info: [0] sync=0xaa55, chksum=0x00d8, sig=1, centerX=128, centerY= 76, width=  5, height=  6, angle=  0
FrcRobotBase.PixyVision_Info: [1] sync=0xaa55, chksum=0x0121, sig=1, centerX=190, centerY= 89, width=  7, height=  2, angle=  0
FrcRobotBase.PixyVision_Info: ===TargetRect===: x=126, y=73, w=68, h=17
FrcRobotBase.PixyVision_Info: ###TargetInfo###: xDist=0.0, yDist=33.8, angle=0.0
FrcRobotBase.Robot_Info: [5.803] VISION_DEPLOY: xPos= -0.10,yPos=116.11,heading=  42.3/  60.0,volts=12.6(10.6)
FrcRobotBase.Robot_Info: [5.819] VISION_DEPLOY: xPos= -0.10,yPos=116.11,heading=  42.3/  60.0,volts=12.6(10.6)
FrcRobotBase.Robot_Info: [5.835] VISION_DEPLOY: xPos= -0.10,yPos=116.11,heading=  42.3/  60.0,volts=12.6(10.6)
FrcRobotBase.Robot_Info: [5.848]     BACKUP: xPos= -0.10,yPos=116.11,heading=  42.3/  60.0,volts=12.6(10.6)
FrcRobotBase.printPidInfo_Info: encoderXPidCtrl: Target=  -0.1, Input=  -0.1, Error=   0.0, PIDTerms= 0.010/ 0.000/ 0.000/ 0.000, Output= 0.000(-0.500/0.500)
FrcRobotBase.printPidInfo_Info: encoderYPidCtrl: Target=  80.1, Input=  77.2, Error= -36.0, PIDTerms= 0.029/ 0.000/ 0.000/ 0.000, Output= 0.000(-0.500/0.500)
FrcRobotBase.printPidInfo_Info: gyroTurnPidCtrl: Target=  60.0, Input=  58.9, Error=  17.7, PIDTerms= 0.070/ 0.000/ 0.000/ 0.000, Output= 0.000(-0.500/0.500)
FrcRobotBase.Robot_Info: [5.848] VISION_DEPLOY: xPos= -0.10,yPos=116.11,heading=  42.3/  60.0,volts=12.6(10.6)
FrcRobotBase.printPidInfo_Info: encoderXPidCtrl: Target=  -0.1, Input=  -0.1, Error=   0.0, PIDTerms= 0.010/ 0.000/ 0.000/ 0.000, Output= 0.000(-0.500/0.500)
FrcRobotBase.printPidInfo_Info: encoderYPidCtrl: Target=  80.1, Input=  77.2, Error= -36.0, PIDTerms= 0.029/ 0.000/ 0.000/ 0.000, Output= 0.000(-0.500/0.500)
FrcRobotBase.printPidInfo_Info: gyroTurnPidCtrl: Target=  60.0, Input=  58.9, Error=  17.7, PIDTerms= 0.070/ 0.000/ 0.000/ 0.000, Output= 0.000(-0.500/0.500)
FrcRobotBase.Robot_Info: [5.889] VISION_DEPLOY: xPos= -0.10,yPos=116.11,heading=  42.3/  60.0,volts=12.6(10.6)
FrcRobotBase.printPidInfo_Info: encoderXPidCtrl: Target=  -0.1, Input=  -0.1, Error=   0.0, PIDTerms= 0.000/ 0.000/ 0.000/-0.000, Output= 0.000(-0.500/0.500)
FrcRobotBase.printPidInfo_Info: encoderYPidCtrl: Target=  80.1, Input= 116.1, Error= -36.0, PIDTerms=-1.260/ 0.000/ 0.000/ 0.000, Output=-0.500(-0.500/0.500)
FrcRobotBase.printPidInfo_Info: gyroTurnPidCtrl: Target=  60.0, Input=  42.3, Error=  17.7, PIDTerms= 1.149/ 0.000/ 0.000/ 0.000, Output= 0.500(-0.500/0.500)
FrcRobotBase.PixyVision_Info: 1 object(s) found
FrcRobotBase.Robot_Info: [5.922] VISION_DEPLOY: xPos= -0.10,yPos=115.88,heading=  42.3/  60.0,volts=10.3(10.1)
FrcRobotBase.printPidInfo_Info: encoderXPidCtrl: Target=  -0.1, Input=  -0.1, Error=   0.0, PIDTerms= 0.000/ 0.000/ 0.000/-0.000, Output= 0.000(-0.500/0.500)
FrcRobotBase.printPidInfo_Info: encoderYPidCtrl: Target=  80.1, Input= 116.1, Error= -36.0, PIDTerms=-1.260/ 0.000/ 0.000/ 0.000, Output=-0.500(-0.500/0.500)
FrcRobotBase.printPidInfo_Info: gyroTurnPidCtrl: Target=  60.0, Input=  42.3, Error=  17.7, PIDTerms= 1.149/ 0.000/ 0.000/ 0.000, Output= 0.500(-0.500/0.500)
FrcRobotBase.Robot_Info: [5.950] VISION_DEPLOY: xPos= -0.08,yPos=115.30,heading=  42.8/  60.0,volts=10.3(10.1)
FrcRobotBase.printPidInfo_Info: encoderXPidCtrl: Target=  -0.1, Input=  -0.1, Error=   0.0, PIDTerms= 0.000/ 0.000/ 0.000/-0.000, Output= 0.000(-0.500/0.500)
FrcRobotBase.printPidInfo_Info: encoderYPidCtrl: Target=  80.1, Input= 115.9, Error= -35.8, PIDTerms=-1.252/ 0.000/ 0.069/ 0.000, Output=-0.500(-0.500/0.500)
FrcRobotBase.printPidInfo_Info: gyroTurnPidCtrl: Target=  60.0, Input=  42.3, Error=  17.7, PIDTerms= 1.149/ 0.000/-0.002/ 0.000, Output= 0.500(-0.500/0.500)
FrcRobotBase.Robot_Info: [5.981] VISION_DEPLOY: xPos= -0.28,yPos=114.18,heading=  43.9/  60.0,volts=10.1(10.1)
FrcRobotBase.printPidInfo_Info: encoderXPidCtrl: Target=  -0.1, Input=  -0.1, Error=  -0.0, PIDTerms=-0.003/ 0.000/-0.000/-0.000, Output=-0.003(-0.500/0.500)
FrcRobotBase.printPidInfo_Info: encoderYPidCtrl: Target=  80.1, Input= 115.3, Error= -35.2, PIDTerms=-1.232/ 0.000/ 0.149/ 0.000, Output=-0.500(-0.500/0.500)
FrcRobotBase.printPidInfo_Info: gyroTurnPidCtrl: Target=  60.0, Input=  42.8, Error=  17.2, PIDTerms= 1.121/ 0.000/-0.069/ 0.000, Output= 0.500(-0.500/0.500)
FrcRobotBase.Robot_Info: [6.008] VISION_DEPLOY: xPos= -0.35,yPos=113.69,heading=  45.8/  60.0,volts=10.3(10.1)
FrcRobotBase.printPidInfo_Info: encoderXPidCtrl: Target=  -0.1, Input=  -0.3, Error=   0.2, PIDTerms= 0.027/ 0.000/ 0.000/-0.000, Output= 0.027(-0.500/0.500)
FrcRobotBase.printPidInfo_Info: encoderYPidCtrl: Target=  80.1, Input= 114.2, Error= -34.1, PIDTerms=-1.192/ 0.000/ 0.326/ 0.000, Output=-0.500(-0.500/0.500)
FrcRobotBase.printPidInfo_Info: gyroTurnPidCtrl: Target=  60.0, Input=  43.9, Error=  16.1, PIDTerms= 1.045/ 0.000/-0.211/ 0.000, Output= 0.500(-0.500/0.500)
FrcRobotBase.PixyVision_Info: 1 object(s) found
FrcRobotBase.Robot_Info: [6.042] VISION_DEPLOY: xPos= -0.40,yPos=112.42,heading=  46.9/  60.0,volts=10.7(10.1)
FrcRobotBase.printPidInfo_Info: encoderXPidCtrl: Target=  -0.1, Input=  -0.4, Error=   0.3, PIDTerms= 0.038/ 0.000/ 0.000/-0.000, Output= 0.038(-0.500/0.500)
FrcRobotBase.printPidInfo_Info: encoderYPidCtrl: Target=  80.1, Input= 113.7, Error= -33.6, PIDTerms=-1.175/ 0.000/ 0.115/ 0.000, Output=-0.500(-0.500/0.500)
FrcRobotBase.printPidInfo_Info: gyroTurnPidCtrl: Target=  60.0, Input=  45.8, Error=  14.2, PIDTerms= 0.924/ 0.000/-0.277/ 0.000, Output= 0.500(-0.500/0.500)
FrcRobotBase.PixyVision_Info: null object(s) found
FrcRobotBase.Robot_Info: [6.223] VISION_DEPLOY: xPos= -0.26,yPos=105.68,heading=  67.8/  60.0,volts=11.2(10.1)
FrcRobotBase.printPidInfo_Info: encoderXPidCtrl: Target=  -0.1, Input=  -0.4, Error=   0.3, PIDTerms= 0.045/ 0.000/ 0.000/-0.000, Output= 0.045(-0.500/0.500)
FrcRobotBase.printPidInfo_Info: encoderYPidCtrl: Target=  80.1, Input= 112.4, Error= -32.3, PIDTerms=-1.131/ 0.000/ 0.057/ 0.000, Output=-0.500(-0.500/0.500)
FrcRobotBase.printPidInfo_Info: gyroTurnPidCtrl: Target=  60.0, Input=  46.9, Error=  13.1, PIDTerms= 0.849/ 0.000/-0.032/ 0.000, Output= 0.500(-0.500/0.500)
FrcRobotBase.Robot_Info: [6.250] VISION_DEPLOY: xPos= -0.16,yPos=103.60,heading=  71.6/  60.0,volts=10.8(10.1)
FrcRobotBase.printPidInfo_Info: encoderXPidCtrl: Target=  -0.1, Input=  -0.3, Error=   0.2, PIDTerms= 0.025/ 0.000/-0.000/-0.000, Output= 0.025(-0.500/0.500)
FrcRobotBase.printPidInfo_Info: encoderYPidCtrl: Target=  80.1, Input= 105.7, Error= -25.6, PIDTerms=-0.895/ 0.000/ 1.747/ 0.000, Output= 0.500(-0.500/0.500)
FrcRobotBase.printPidInfo_Info: gyroTurnPidCtrl: Target=  60.0, Input=  67.8, Error=  -7.8, PIDTerms=-0.505/ 0.000/-3.379/ 0.000, Output=-0.500(-0.500/0.500)
FrcRobotBase.Robot_Info: [6.288] VISION_DEPLOY: xPos= -0.07,yPos=102.97,heading=  75.5/  60.0,volts=9.1(9.1)
FrcRobotBase.printPidInfo_Info: encoderXPidCtrl: Target=  -0.1, Input=  -0.2, Error=   0.1, PIDTerms= 0.010/ 0.000/-0.000/-0.000, Output= 0.010(-0.500/0.500)
FrcRobotBase.printPidInfo_Info: encoderYPidCtrl: Target=  80.1, Input= 103.6, Error= -23.5, PIDTerms=-0.822/ 0.000/ 0.433/ 0.000, Output=-0.389(-0.500/0.500)
FrcRobotBase.printPidInfo_Info: gyroTurnPidCtrl: Target=  60.0, Input=  71.6, Error= -11.6, PIDTerms=-0.754/ 0.000/-0.496/ 0.000, Output=-0.500(-0.500/0.500)
FrcRobotBase.Robot_Info: [6.320] VISION_DEPLOY: xPos= -0.35,yPos=103.03,heading=  78.9/  60.0,volts=10.2(9.1)
FrcRobotBase.printPidInfo_Info: encoderXPidCtrl: Target=  -0.1, Input=  -0.1, Error=  -0.0, PIDTerms=-0.004/ 0.000/-0.000/-0.000, Output=-0.004(-0.500/0.500)
FrcRobotBase.printPidInfo_Info: encoderYPidCtrl: Target=  80.1, Input= 103.0, Error= -22.9, PIDTerms=-0.800/ 0.000/ 0.189/ 0.000, Output=-0.500(-0.500/0.500)
FrcRobotBase.printPidInfo_Info: gyroTurnPidCtrl: Target=  60.0, Input=  75.5, Error= -15.5, PIDTerms=-1.010/ 0.000/-0.746/ 0.000, Output=-0.500(-0.500/0.500)
FrcRobotBase.PixyVision_Info: 1 object(s) found
FrcRobotBase.Robot_Info: [6.351] VISION_DEPLOY: xPos= -0.13,yPos=101.82,heading=  81.2/  60.0,volts=10.3(9.1)
FrcRobotBase.printPidInfo_Info: encoderXPidCtrl: Target=  -0.1, Input=  -0.4, Error=   0.3, PIDTerms= 0.038/ 0.000/ 0.000/-0.000, Output= 0.038(-0.500/0.500)
FrcRobotBase.printPidInfo_Info: encoderYPidCtrl: Target=  80.1, Input= 103.0, Error= -22.9, PIDTerms=-0.802/ 0.000/-0.013/ 0.000, Output=-0.500(-0.500/0.500)
FrcRobotBase.printPidInfo_Info: gyroTurnPidCtrl: Target=  60.0, Input=  78.9, Error= -18.9, PIDTerms=-1.226/ 0.000/-0.466/ 0.000, Output=-0.500(-0.500/0.500)
FrcRobotBase.Robot_Info: [6.382] VISION_DEPLOY: xPos= -0.35,yPos=100.66,heading=  81.3/  60.0,volts=10.5(9.1)
FrcRobotBase.printPidInfo_Info: encoderXPidCtrl: Target=  -0.1, Input=  -0.1, Error=   0.0, PIDTerms= 0.004/ 0.000/-0.000/-0.000, Output= 0.004(-0.500/0.500)
FrcRobotBase.printPidInfo_Info: encoderYPidCtrl: Target=  80.1, Input= 101.8, Error= -21.7, PIDTerms=-0.760/ 0.000/ 0.358/ 0.000, Output=-0.402(-0.500/0.500)
FrcRobotBase.printPidInfo_Info: gyroTurnPidCtrl: Target=  60.0, Input=  81.2, Error= -21.2, PIDTerms=-1.379/ 0.000/-0.437/ 0.000, Output=-0.500(-0.500/0.500)
FrcRobotBase.Robot_Info: [6.418] VISION_DEPLOY: xPos=  0.21,yPos= 99.28,heading=  80.0/  60.0,volts=10.7(9.1)
FrcRobotBase.printPidInfo_Info: encoderXPidCtrl: Target=  -0.1, Input=  -0.4, Error=   0.3, PIDTerms= 0.038/ 0.000/ 0.000/-0.000, Output= 0.038(-0.500/0.500)
FrcRobotBase.printPidInfo_Info: encoderYPidCtrl: Target=  80.1, Input= 100.7, Error= -20.5, PIDTerms=-0.719/ 0.000/ 0.277/ 0.000, Output=-0.442(-0.500/0.500)
FrcRobotBase.printPidInfo_Info: gyroTurnPidCtrl: Target=  60.0, Input=  81.3, Error= -21.3, PIDTerms=-1.386/ 0.000/-0.015/ 0.000, Output=-0.500(-0.500/0.500)
FrcRobotBase.PixyVision_Info: null object(s) found
FrcRobotBase.Robot_Info: [6.467] VISION_DEPLOY: xPos=  0.16,yPos= 97.16,heading=  75.9/  60.0,volts=10.6(9.1)
FrcRobotBase.printPidInfo_Info: encoderXPidCtrl: Target=  -0.1, Input=   0.2, Error=  -0.3, PIDTerms=-0.047/ 0.000/-0.000/-0.000, Output=-0.047(-0.500/0.500)
FrcRobotBase.printPidInfo_Info: encoderYPidCtrl: Target=  80.1, Input=  99.3, Error= -19.2, PIDTerms=-0.671/ 0.000/ 0.210/ 0.000, Output=-0.461(-0.500/0.500)
FrcRobotBase.printPidInfo_Info: gyroTurnPidCtrl: Target=  60.0, Input=  80.0, Error= -20.0, PIDTerms=-1.299/ 0.000/ 0.128/ 0.000, Output=-0.500(-0.500/0.500)
FrcRobotBase.Robot_Info: [6.510] VISION_DEPLOY: xPos=  0.27,yPos= 95.32,heading=  71.7/  60.0,volts=10.8(9.1)
FrcRobotBase.printPidInfo_Info: encoderXPidCtrl: Target=  -0.1, Input=   0.2, Error=  -0.3, PIDTerms=-0.039/ 0.000/ 0.000/-0.000, Output=-0.039(-0.500/0.500)
FrcRobotBase.printPidInfo_Info: encoderYPidCtrl: Target=  80.1, Input=  97.2, Error= -17.1, PIDTerms=-0.597/ 0.000/ 0.404/ 0.000, Output=-0.193(-0.500/0.500)
FrcRobotBase.printPidInfo_Info: gyroTurnPidCtrl: Target=  60.0, Input=  75.9, Error= -15.9, PIDTerms=-1.034/ 0.000/ 0.486/ 0.000, Output=-0.500(-0.500/0.500)
FrcRobotBase.Robot_Info: [6.561] VISION_DEPLOY: xPos=  0.26,yPos= 93.63,heading=  66.7/  60.0,volts=11.4(9.1)
FrcRobotBase.printPidInfo_Info: encoderXPidCtrl: Target=  -0.1, Input=   0.3, Error=  -0.4, PIDTerms=-0.056/ 0.000/-0.000/-0.000, Output=-0.056(-0.500/0.500)
FrcRobotBase.printPidInfo_Info: encoderYPidCtrl: Target=  80.1, Input=  95.3, Error= -15.2, PIDTerms=-0.532/ 0.000/ 0.296/ 0.000, Output=-0.236(-0.500/0.500)
FrcRobotBase.printPidInfo_Info: gyroTurnPidCtrl: Target=  60.0, Input=  71.7, Error= -11.7, PIDTerms=-0.759/ 0.000/ 0.425/ 0.000, Output=-0.334(-0.500/0.500)
FrcRobotBase.PixyVision_Info: null object(s) found
FrcRobotBase.Robot_Info: [6.609] VISION_DEPLOY: xPos= -0.02,yPos= 91.04,heading=  61.3/  60.0,volts=12.0(9.1)
FrcRobotBase.printPidInfo_Info: encoderXPidCtrl: Target=  -0.1, Input=   0.3, Error=  -0.4, PIDTerms=-0.054/ 0.000/ 0.000/-0.000, Output=-0.054(-0.500/0.500)
FrcRobotBase.printPidInfo_Info: encoderYPidCtrl: Target=  80.1, Input=  93.6, Error= -13.5, PIDTerms=-0.473/ 0.000/ 0.267/ 0.000, Output=-0.206(-0.500/0.500)
FrcRobotBase.printPidInfo_Info: gyroTurnPidCtrl: Target=  60.0, Input=  66.7, Error=  -6.7, PIDTerms=-0.436/ 0.000/ 0.489/ 0.000, Output= 0.053(-0.500/0.500)
FrcRobotBase.Robot_Info: [6.658] VISION_DEPLOY: xPos= -0.28,yPos= 89.39,heading=  57.6/  60.0,volts=12.4(9.1)
FrcRobotBase.printPidInfo_Info: encoderXPidCtrl: Target=  -0.1, Input=  -0.0, Error=  -0.1, PIDTerms=-0.013/ 0.000/ 0.000/-0.000, Output=-0.013(-0.500/0.500)
FrcRobotBase.printPidInfo_Info: encoderYPidCtrl: Target=  80.1, Input=  91.0, Error= -10.9, PIDTerms=-0.382/ 0.000/ 0.474/ 0.000, Output= 0.091(-0.500/0.500)
FrcRobotBase.printPidInfo_Info: gyroTurnPidCtrl: Target=  60.0, Input=  61.3, Error=  -1.3, PIDTerms=-0.081/ 0.000/ 0.622/ 0.000, Output= 0.500(-0.500/0.500)
FrcRobotBase.Robot_Info: [6.696] VISION_DEPLOY: xPos= -0.32,yPos= 88.56,heading=  53.1/  60.0,volts=10.8(9.1)
FrcRobotBase.printPidInfo_Info: encoderXPidCtrl: Target=  -0.1, Input=  -0.3, Error=   0.2, PIDTerms= 0.027/ 0.000/ 0.000/-0.000, Output= 0.027(-0.500/0.500)
FrcRobotBase.printPidInfo_Info: encoderYPidCtrl: Target=  80.1, Input=  89.4, Error=  -9.3, PIDTerms=-0.325/ 0.000/ 0.313/ 0.000, Output=-0.012(-0.500/0.500)
FrcRobotBase.printPidInfo_Info: gyroTurnPidCtrl: Target=  60.0, Input=  57.6, Error=   2.4, PIDTerms= 0.154/ 0.000/ 0.432/ 0.000, Output= 0.500(-0.500/0.500)
FrcRobotBase.PixyVision_Info: null object(s) found
FrcRobotBase.Robot_Info: [6.724] VISION_DEPLOY: xPos= -0.38,yPos= 88.24,heading=  51.5/  60.0,volts=11.0(9.1)
FrcRobotBase.printPidInfo_Info: encoderXPidCtrl: Target=  -0.1, Input=  -0.3, Error=   0.2, PIDTerms= 0.034/ 0.000/ 0.000/-0.000, Output= 0.034(-0.500/0.500)
FrcRobotBase.printPidInfo_Info: encoderYPidCtrl: Target=  80.1, Input=  88.6, Error=  -8.4, PIDTerms=-0.296/ 0.000/ 0.205/ 0.000, Output=-0.090(-0.500/0.500)
FrcRobotBase.printPidInfo_Info: gyroTurnPidCtrl: Target=  60.0, Input=  53.1, Error=   6.9, PIDTerms= 0.450/ 0.000/ 0.700/ 0.000, Output= 0.500(-0.500/0.500)
FrcRobotBase.Robot_Info: [6.751] VISION_DEPLOY: xPos= -0.38,yPos= 87.27,heading=  51.3/  60.0,volts=11.1(9.1)
FrcRobotBase.printPidInfo_Info: encoderXPidCtrl: Target=  -0.1, Input=  -0.4, Error=   0.3, PIDTerms= 0.042/ 0.000/ 0.000/-0.000, Output= 0.042(-0.500/0.500)
FrcRobotBase.printPidInfo_Info: encoderYPidCtrl: Target=  80.1, Input=  88.2, Error=  -8.1, PIDTerms=-0.284/ 0.000/ 0.098/ 0.000, Output=-0.187(-0.500/0.500)
FrcRobotBase.printPidInfo_Info: gyroTurnPidCtrl: Target=  60.0, Input=  51.5, Error=   8.5, PIDTerms= 0.551/ 0.000/ 0.297/ 0.000, Output= 0.500(-0.500/0.500)
FrcRobotBase.Robot_Info: [6.781] VISION_DEPLOY: xPos= -0.46,yPos= 86.55,heading=  51.7/  60.0,volts=11.2(9.1)
FrcRobotBase.printPidInfo_Info: encoderXPidCtrl: Target=  -0.1, Input=  -0.4, Error=   0.3, PIDTerms= 0.042/ 0.000/ 0.000/-0.000, Output= 0.042(-0.500/0.500)
FrcRobotBase.printPidInfo_Info: encoderYPidCtrl: Target=  80.1, Input=  87.3, Error=  -7.2, PIDTerms=-0.251/ 0.000/ 0.258/ 0.000, Output= 0.007(-0.500/0.500)
FrcRobotBase.printPidInfo_Info: gyroTurnPidCtrl: Target=  60.0, Input=  51.3, Error=   8.7, PIDTerms= 0.563/ 0.000/ 0.032/ 0.000, Output= 0.500(-0.500/0.500)
FrcRobotBase.Robot_Info: [6.807] VISION_DEPLOY: xPos= -0.48,yPos= 85.93,heading=  53.2/  60.0,volts=11.3(9.1)
FrcRobotBase.printPidInfo_Info: encoderXPidCtrl: Target=  -0.1, Input=  -0.5, Error=   0.4, PIDTerms= 0.055/ 0.000/ 0.000/-0.000, Output= 0.055(-0.500/0.500)
FrcRobotBase.printPidInfo_Info: encoderYPidCtrl: Target=  80.1, Input=  86.5, Error=  -6.4, PIDTerms=-0.225/ 0.000/ 0.222/ 0.000, Output=-0.004(-0.500/0.500)
FrcRobotBase.printPidInfo_Info: gyroTurnPidCtrl: Target=  60.0, Input=  51.7, Error=   8.3, PIDTerms= 0.540/ 0.000/-0.067/ 0.000, Output= 0.473(-0.500/0.500)
FrcRobotBase.PixyVision_Info: null object(s) found
FrcRobotBase.Robot_Info: [6.839] VISION_DEPLOY: xPos= -0.64,yPos= 84.91,heading=  55.4/  60.0,volts=11.5(9.1)
FrcRobotBase.printPidInfo_Info: encoderXPidCtrl: Target=  -0.1, Input=  -0.5, Error=   0.4, PIDTerms= 0.058/ 0.000/ 0.000/-0.000, Output= 0.058(-0.500/0.500)
FrcRobotBase.printPidInfo_Info: encoderYPidCtrl: Target=  80.1, Input=  85.9, Error=  -5.8, PIDTerms=-0.204/ 0.000/ 0.171/ 0.000, Output=-0.032(-0.500/0.500)
FrcRobotBase.printPidInfo_Info: gyroTurnPidCtrl: Target=  60.0, Input=  53.2, Error=   6.8, PIDTerms= 0.444/ 0.000/-0.255/ 0.000, Output= 0.189(-0.500/0.500)
FrcRobotBase.Robot_Info: [6.866] VISION_DEPLOY: xPos= -0.60,yPos= 84.50,heading=  58.1/  60.0,volts=12.2(9.1)
FrcRobotBase.printPidInfo_Info: encoderXPidCtrl: Target=  -0.1, Input=  -0.6, Error=   0.5, PIDTerms= 0.081/ 0.000/ 0.000/-0.000, Output= 0.081(-0.500/0.500)
FrcRobotBase.printPidInfo_Info: encoderYPidCtrl: Target=  80.1, Input=  84.9, Error=  -4.8, PIDTerms=-0.168/ 0.000/ 0.275/ 0.000, Output= 0.107(-0.500/0.500)
FrcRobotBase.printPidInfo_Info: gyroTurnPidCtrl: Target=  60.0, Input=  55.4, Error=   4.6, PIDTerms= 0.298/ 0.000/-0.379/ 0.000, Output=-0.081(-0.500/0.500)
FrcRobotBase.Robot_Info: [6.901] VISION_DEPLOY: xPos= -0.65,yPos= 83.88,heading=  61.0/  60.0,volts=11.9(9.1)
FrcRobotBase.printPidInfo_Info: encoderXPidCtrl: Target=  -0.1, Input=  -0.6, Error=   0.5, PIDTerms= 0.075/ 0.000/-0.000/-0.000, Output= 0.075(-0.500/0.500)
FrcRobotBase.printPidInfo_Info: encoderYPidCtrl: Target=  80.1, Input=  84.5, Error=  -4.4, PIDTerms=-0.154/ 0.000/ 0.125/ 0.000, Output=-0.028(-0.500/0.500)
FrcRobotBase.printPidInfo_Info: gyroTurnPidCtrl: Target=  60.0, Input=  58.1, Error=   1.9, PIDTerms= 0.124/ 0.000/-0.511/ 0.000, Output=-0.386(-0.500/0.500)
FrcRobotBase.Robot_Info: [6.928] VISION_DEPLOY: xPos= -0.62,yPos= 83.71,heading=  63.7/  60.0,volts=11.3(9.1)
FrcRobotBase.printPidInfo_Info: encoderXPidCtrl: Target=  -0.1, Input=  -0.6, Error=   0.5, PIDTerms= 0.082/ 0.000/ 0.000/-0.000, Output= 0.082(-0.500/0.500)
FrcRobotBase.printPidInfo_Info: encoderYPidCtrl: Target=  80.1, Input=  83.9, Error=  -3.8, PIDTerms=-0.132/ 0.000/ 0.135/ 0.000, Output= 0.003(-0.500/0.500)
FrcRobotBase.printPidInfo_Info: gyroTurnPidCtrl: Target=  60.0, Input=  61.0, Error=  -1.0, PIDTerms=-0.065/ 0.000/-0.398/ 0.000, Output=-0.463(-0.500/0.500)
FrcRobotBase.PixyVision_Info: null object(s) found
FrcRobotBase.Robot_Info: [6.960] VISION_DEPLOY: xPos= -0.77,yPos= 83.56,heading=  65.8/  60.0,volts=10.8(9.1)
FrcRobotBase.printPidInfo_Info: encoderXPidCtrl: Target=  -0.1, Input=  -0.6, Error=   0.5, PIDTerms= 0.079/ 0.000/-0.000/-0.000, Output= 0.079(-0.500/0.500)
FrcRobotBase.printPidInfo_Info: encoderYPidCtrl: Target=  80.1, Input=  83.7, Error=  -3.6, PIDTerms=-0.126/ 0.000/ 0.045/ 0.000, Output=-0.081(-0.500/0.500)
FrcRobotBase.printPidInfo_Info: gyroTurnPidCtrl: Target=  60.0, Input=  63.7, Error=  -3.7, PIDTerms=-0.243/ 0.000/-0.429/ 0.000, Output=-0.500(-0.500/0.500)
FrcRobotBase.Robot_Info: [6.986] VISION_DEPLOY: xPos= -0.54,yPos= 83.13,heading=  66.3/  60.0,volts=11.0(9.1)
FrcRobotBase.printPidInfo_Info: encoderXPidCtrl: Target=  -0.1, Input=  -0.8, Error=   0.7, PIDTerms= 0.101/ 0.000/ 0.000/-0.000, Output= 0.101(-0.500/0.500)
FrcRobotBase.printPidInfo_Info: encoderYPidCtrl: Target=  80.1, Input=  83.6, Error=  -3.5, PIDTerms=-0.121/ 0.000/ 0.043/ 0.000, Output=-0.078(-0.500/0.500)
FrcRobotBase.printPidInfo_Info: gyroTurnPidCtrl: Target=  60.0, Input=  65.8, Error=  -5.8, PIDTerms=-0.376/ 0.000/-0.389/ 0.000, Output=-0.500(-0.500/0.500)
FrcRobotBase.Robot_Info: [7.016] VISION_DEPLOY: xPos= -0.56,yPos= 82.70,heading=  65.4/  60.0,volts=11.0(9.1)
FrcRobotBase.printPidInfo_Info: encoderXPidCtrl: Target=  -0.1, Input=  -0.5, Error=   0.4, PIDTerms= 0.066/ 0.000/-0.000/-0.000, Output= 0.066(-0.500/0.500)
FrcRobotBase.printPidInfo_Info: encoderYPidCtrl: Target=  80.1, Input=  83.1, Error=  -3.0, PIDTerms=-0.106/ 0.000/ 0.134/ 0.000, Output= 0.029(-0.500/0.500)
FrcRobotBase.printPidInfo_Info: gyroTurnPidCtrl: Target=  60.0, Input=  66.3, Error=  -6.3, PIDTerms=-0.410/ 0.000/-0.102/ 0.000, Output=-0.500(-0.500/0.500)
FrcRobotBase.Robot_Info: [7.042] VISION_DEPLOY: xPos= -0.45,yPos= 82.45,heading=  63.8/  60.0,volts=11.3(9.1)
FrcRobotBase.printPidInfo_Info: encoderXPidCtrl: Target=  -0.1, Input=  -0.6, Error=   0.5, PIDTerms= 0.069/ 0.000/ 0.000/-0.000, Output= 0.069(-0.500/0.500)
FrcRobotBase.printPidInfo_Info: encoderYPidCtrl: Target=  80.1, Input=  82.7, Error=  -2.6, PIDTerms=-0.091/ 0.000/ 0.117/ 0.000, Output= 0.026(-0.500/0.500)
FrcRobotBase.printPidInfo_Info: gyroTurnPidCtrl: Target=  60.0, Input=  65.4, Error=  -5.4, PIDTerms=-0.351/ 0.000/ 0.155/ 0.000, Output=-0.196(-0.500/0.500)
FrcRobotBase.PixyVision_Info: null object(s) found
FrcRobotBase.Robot_Info: [7.070] VISION_DEPLOY: xPos= -0.28,yPos= 82.09,heading=  61.6/  60.0,volts=12.3(9.1)
FrcRobotBase.printPidInfo_Info: encoderXPidCtrl: Target=  -0.1, Input=  -0.4, Error=   0.4, PIDTerms= 0.053/ 0.000/-0.000/-0.000, Output= 0.053(-0.500/0.500)
FrcRobotBase.printPidInfo_Info: encoderYPidCtrl: Target=  80.1, Input=  82.4, Error=  -2.3, PIDTerms=-0.082/ 0.000/ 0.070/ 0.000, Output=-0.012(-0.500/0.500)
FrcRobotBase.printPidInfo_Info: gyroTurnPidCtrl: Target=  60.0, Input=  63.8, Error=  -3.8, PIDTerms=-0.245/ 0.000/ 0.281/ 0.000, Output= 0.036(-0.500/0.500)
FrcRobotBase.Robot_Info: [7.097] VISION_DEPLOY: xPos= -0.24,yPos= 81.88,heading=  59.2/  60.0,volts=12.1(9.1)
FrcRobotBase.printPidInfo_Info: encoderXPidCtrl: Target=  -0.1, Input=  -0.3, Error=   0.2, PIDTerms= 0.027/ 0.000/-0.000/-0.000, Output= 0.027(-0.500/0.500)
FrcRobotBase.printPidInfo_Info: encoderYPidCtrl: Target=  80.1, Input=  82.1, Error=  -2.0, PIDTerms=-0.069/ 0.000/ 0.110/ 0.000, Output= 0.041(-0.500/0.500)
FrcRobotBase.printPidInfo_Info: gyroTurnPidCtrl: Target=  60.0, Input=  61.6, Error=  -1.6, PIDTerms=-0.105/ 0.000/ 0.412/ 0.000, Output= 0.308(-0.500/0.500)
FrcRobotBase.Robot_Info: [7.127] VISION_DEPLOY: xPos= -0.15,yPos= 81.72,heading=  57.0/  60.0,volts=11.7(9.1)
FrcRobotBase.printPidInfo_Info: encoderXPidCtrl: Target=  -0.1, Input=  -0.2, Error=   0.1, PIDTerms= 0.021/ 0.000/-0.000/-0.000, Output= 0.021(-0.500/0.500)
FrcRobotBase.printPidInfo_Info: encoderYPidCtrl: Target=  80.1, Input=  81.9, Error=  -1.8, PIDTerms=-0.062/ 0.000/ 0.055/ 0.000, Output=-0.007(-0.500/0.500)
FrcRobotBase.printPidInfo_Info: gyroTurnPidCtrl: Target=  60.0, Input=  59.2, Error=   0.8, PIDTerms= 0.052/ 0.000/ 0.401/ 0.000, Output= 0.453(-0.500/0.500)
FrcRobotBase.Robot_Info: [7.156] VISION_DEPLOY: xPos= -0.04,yPos= 81.41,heading=  56.2/  60.0,volts=11.1(9.1)
FrcRobotBase.printPidInfo_Info: encoderXPidCtrl: Target=  -0.1, Input=  -0.1, Error=   0.0, PIDTerms= 0.007/ 0.000/-0.000/-0.000, Output= 0.007(-0.500/0.500)
FrcRobotBase.printPidInfo_Info: encoderYPidCtrl: Target=  80.1, Input=  81.7, Error=  -1.6, PIDTerms=-0.056/ 0.000/ 0.047/ 0.000, Output=-0.009(-0.500/0.500)
FrcRobotBase.printPidInfo_Info: gyroTurnPidCtrl: Target=  60.0, Input=  57.0, Error=   3.0, PIDTerms= 0.195/ 0.000/ 0.410/ 0.000, Output= 0.500(-0.500/0.500)
FrcRobotBase.PixyVision_Info: null object(s) found
FrcRobotBase.Robot_Info: [7.186] VISION_DEPLOY: xPos= -0.03,yPos= 81.29,heading=  55.6/  60.0,volts=10.9(9.1)
FrcRobotBase.printPidInfo_Info: encoderXPidCtrl: Target=  -0.1, Input=  -0.0, Error=  -0.1, PIDTerms=-0.009/ 0.000/-0.000/-0.000, Output=-0.009(-0.500/0.500)
FrcRobotBase.printPidInfo_Info: encoderYPidCtrl: Target=  80.1, Input=  81.4, Error=  -1.3, PIDTerms=-0.045/ 0.000/ 0.078/ 0.000, Output= 0.032(-0.500/0.500)
FrcRobotBase.printPidInfo_Info: gyroTurnPidCtrl: Target=  60.0, Input=  56.2, Error=   3.8, PIDTerms= 0.249/ 0.000/ 0.129/ 0.000, Output= 0.378(-0.500/0.500)
FrcRobotBase.Robot_Info: [7.245] VISION_DEPLOY: xPos=  0.01,yPos= 80.96,heading=  56.3/  60.0,volts=11.8(9.1)
FrcRobotBase.printPidInfo_Info: encoderXPidCtrl: Target=  -0.1, Input=  -0.0, Error=  -0.1, PIDTerms=-0.010/ 0.000/-0.000/-0.000, Output=-0.010(-0.500/0.500)
FrcRobotBase.printPidInfo_Info: encoderYPidCtrl: Target=  80.1, Input=  81.3, Error=  -1.2, PIDTerms=-0.041/ 0.000/ 0.016/ 0.000, Output=-0.025(-0.500/0.500)
FrcRobotBase.printPidInfo_Info: gyroTurnPidCtrl: Target=  60.0, Input=  55.6, Error=   4.4, PIDTerms= 0.288/ 0.000/ 0.049/ 0.000, Output= 0.337(-0.500/0.500)
FrcRobotBase.Robot_Info: [7.268] VISION_DEPLOY: xPos=  0.03,yPos= 80.87,heading=  59.5/  60.0,volts=11.8(9.1)
FrcRobotBase.printPidInfo_Info: encoderXPidCtrl: Target=  -0.1, Input=   0.0, Error=  -0.1, PIDTerms=-0.017/ 0.000/-0.000/-0.000, Output=-0.017(-0.500/0.500)
FrcRobotBase.printPidInfo_Info: encoderYPidCtrl: Target=  80.1, Input=  81.0, Error=  -0.8, PIDTerms=-0.030/ 0.000/ 0.123/ 0.000, Output= 0.093(-0.500/0.500)
FrcRobotBase.printPidInfo_Info: gyroTurnPidCtrl: Target=  60.0, Input=  56.3, Error=   3.7, PIDTerms= 0.239/ 0.000/-0.180/ 0.000, Output= 0.059(-0.500/0.500)
FrcRobotBase.PixyVision_Info: null object(s) found
FrcRobotBase.Robot_Info: [7.300]       DONE: xPos= -0.07,yPos= 80.68,heading=  61.6/  60.0,volts=12.4(9.1)
FrcRobotBase.Robot_Info: [7.300] VISION_DEPLOY: xPos= -0.07,yPos= 80.68,heading=  61.6/  60.0,volts=12.4(9.1)
FrcRobotBase.Robot_Info: [7.322] BACKUP_FROM_AIRSHIP: xPos= -0.07,yPos= 80.74,heading=  62.7/  60.0,volts=12.4(9.1)
FrcRobotBase.printPidInfo_Info: encoderXPidCtrl: Target=  -0.1, Input=   0.0, Error=   0.0, PIDTerms=-0.020/ 0.000/-0.000/-0.000, Output= 0.000(-0.500/0.500)
FrcRobotBase.printPidInfo_Info: encoderYPidCtrl: Target=  68.7, Input=  80.9, Error= -12.0, PIDTerms=-0.027/ 0.000/ 0.024/ 0.000, Output= 0.000(-0.500/0.500)
FrcRobotBase.printPidInfo_Info: gyroTurnPidCtrl: Target=  60.0, Input=  59.5, Error=  -2.7, PIDTerms= 0.033/ 0.000/-0.554/ 0.000, Output= 0.000(-0.500/0.500)
FrcRobotBase.PixyVision_Info: null object(s) found
FrcRobotBase.PixyVision_Info: null object(s) found
FrcRobotBase.PixyVision_Info: null object(s) found
FrcRobotBase.PixyVision_Info: null object(s) found
FrcRobotBase.PixyVision_Info: null object(s) found
FrcRobotBase.PixyVision_Info: null object(s) found
FrcRobotBase.PixyVision_Info: null object(s) found
FrcRobotBase.PixyVision_Info: null object(s) found
FrcRobotBase.PixyVision_Info: null object(s) found
FrcRobotBase.PixyVision_Info: null object(s) found
FrcRobotBase.Robot_Info: [8.433] TURN_TOWARDS_LOADING_STATION: xPos= -0.06,yPos= 69.65,heading=  60.0/   0.0,volts=12.5(9.1)
FrcRobotBase.printPidInfo_Info: encoderXPidCtrl: Target=  -0.1, Input=  -0.1, Error=   0.0, PIDTerms= 0.001/ 0.000/-0.000/-0.000, Output= 0.000(-0.500/0.500)
FrcRobotBase.printPidInfo_Info: encoderYPidCtrl: Target=  69.6, Input=  69.7, Error=   0.0, PIDTerms=-0.034/ 0.000/ 0.020/ 0.000, Output= 0.000(-0.500/0.500)
FrcRobotBase.printPidInfo_Info: gyroTurnPidCtrl: Target=   0.0, Input=  60.1, Error= -60.0, PIDTerms=-0.008/ 0.000/ 0.006/ 0.000, Output= 0.000(-0.500/0.500)
FrcRobotBase.PixyVision_Info: null object(s) found
FrcRobotBase.PixyVision_Info: null object(s) found
FrcRobotBase.PixyVision_Info: null object(s) found
FrcRobotBase.PixyVision_Info: null object(s) found
FrcRobotBase.PixyVision_Info: null object(s) found
FrcRobotBase.Robot_Info: [9.013] MOVE_TOWARDS_LOADING_STATION: xPos=  0.22,yPos= 69.56,heading=  -0.3/   0.0,volts=11.0(9.1)
FrcRobotBase.printPidInfo_Info: encoderXPidCtrl: Target=   0.2, Input=   0.2, Error=   0.0, PIDTerms=-0.046/ 0.000/ 0.000/-0.000, Output= 0.000(-0.500/0.500)
FrcRobotBase.printPidInfo_Info: encoderYPidCtrl: Target= 389.6, Input=  69.9, Error= 320.0, PIDTerms=-0.009/ 0.000/ 0.062/ 0.000, Output= 0.000(-0.500/0.500)
FrcRobotBase.printPidInfo_Info: gyroTurnPidCtrl: Target=   0.0, Input=   1.9, Error=   0.3, PIDTerms=-0.125/ 0.000/ 0.969/ 0.000, Output= 0.000(-0.500/0.500)
FrcRobotBase.PixyVision_Info: null object(s) found
FrcRobotBase.PixyVision_Info: null object(s) found
FrcRobotBase.PixyVision_Info: null object(s) found
FrcRobotBase.PixyVision_Info: null object(s) found
FrcRobotBase.PixyVision_Info: null object(s) found
FrcRobotBase.PixyVision_Info: null object(s) found
FrcRobotBase.PixyVision_Info: null object(s) found
FrcRobotBase.PixyVision_Info: null object(s) found
FrcRobotBase.PixyVision_Info: null object(s) found
FrcRobotBase.PixyVision_Info: null object(s) found
FrcRobotBase.PixyVision_Info: null object(s) found
FrcRobotBase.PixyVision_Info: null object(s) found
FrcRobotBase.PixyVision_Info: null object(s) found
FrcRobotBase.PixyVision_Info: null object(s) found
FrcRobotBase.PixyVision_Info: null object(s) found
FrcRobotBase.PixyVision_Info: null object(s) found
FrcRobotBase.PixyVision_Info: null object(s) found
FrcRobotBase.PixyVision_Info: null object(s) found
FrcRobotBase.PixyVision_Info: null object(s) found
FrcRobotBase.PixyVision_Info: null object(s) found
FrcRobotBase.PixyVision_Info: null object(s) found
FrcRobotBase.PixyVision_Info: null object(s) found
FrcRobotBase.PixyVision_Info: null object(s) found
FrcRobotBase.PixyVision_Info: null object(s) found
FrcRobotBase.PixyVision_Info: null object(s) found
FrcRobotBase.PixyVision_Info: null object(s) found
FrcRobotBase.PixyVision_Info: null object(s) found
FrcRobotBase.PixyVision_Info: null object(s) found
FrcRobotBase.PixyVision_Info: null object(s) found
FrcRobotBase.PixyVision_Info: null object(s) found
FrcRobotBase.PixyVision_Info: null object(s) found
FrcRobotBase.PixyVision_Info: null object(s) found
FrcRobotBase.PixyVision_Info: null object(s) found
FrcRobotBase.PixyVision_Info: null object(s) found
FrcRobotBase.PixyVision_Info: null object(s) found
FrcRobotBase.PixyVision_Info: null object(s) found
FrcRobotBase.PixyVision_Info: null object(s) found
FrcRobotBase.PixyVision_Info: null object(s) found
FrcRobotBase.PixyVision_Info: null object(s) found
FrcRobotBase.PixyVision_Info: null object(s) found
FrcRobotBase.PixyVision_Info: null object(s) found
FrcRobotBase.PixyVision_Info: null object(s) found
FrcRobotBase.PixyVision_Info: null object(s) found
FrcRobotBase.Robot_Info: [13.698]       DONE: xPos=  0.18,yPos=388.61,heading=   0.1/   0.0,volts=12.6(9.1)
FrcRobotBase.PixyVision_Info: null object(s) found
FrcRobotBase.PixyVision_Info: null object(s) found
FrcRobotBase.PixyVision_Info: null object(s) found
FrcRobotBase.PixyVision_Info: null object(s) found
FrcRobotBase.PixyVision_Info: null object(s) found
FrcRobotBase.PixyVision_Info: null object(s) found
FrcRobotBase.PixyVision_Info: null object(s) found
FrcRobotBase.PixyVision_Info: null object(s) found
FrcRobotBase.PixyVision_Info: null object(s) found
FrcRobotBase.PixyVision_Info: null object(s) found
FrcRobotBase.PixyVision_Info: null object(s) found
FrcRobotBase.PixyVision_Info: null object(s) found
FrcRobotBase.PixyVision_Info: null object(s) found
FrcRobotBase.PixyVision_Info: null object(s) found
FrcRobotBase.PixyVision_Info: null object(s) found
FrcRobotBase.Vision_Info: Front pixy is disabled!
