FrcRobotBase.FirstSteamWorks_Info: Sat Apr 01 17:02:26 PDT 2017: ***** Starting autonomous *****
FrcRobotBase.CmdVisionGearDeploy_Info: dist=7.0, deployTime=0.3, backupDist=36.0
FrcRobotBase.CmdSideGearLift_Info: delay=0.000, alliance=RED_ALLIANCE, rightSide=false, forwardDist=85.0, liftAngle=60.0, backupDist=12.0, lsAngle=30.0, lsDist=320.0, diagDist=360.0
FrcRobotBase.Vision_Info: Front pixy is enabled!
FrcRobotBase.Robot_Info: [0.222]   DO_DELAY: xPos=  0.00,yPos=  0.00,heading=   0.0/   0.0,volts=13.0(13.0)
FrcRobotBase.PixyVision_Info: null object(s) found
FrcRobotBase.Robot_Info: [0.241] MOVE_FORWARD_ON_SIDE: xPos=  0.00,yPos=  0.00,heading=   0.0/   0.0,volts=13.0(13.0)
FrcRobotBase.printPidInfo_Info: encoderXPidCtrl: Target=   0.0, Input=   0.0, Error=   0.0, PIDTerms= 0.000/ 0.000/ 0.000/ 0.000, Output= 0.000(-0.500/0.500)
FrcRobotBase.printPidInfo_Info: encoderYPidCtrl: Target=  85.0, Input=   0.0, Error=  85.0, PIDTerms= 0.000/ 0.000/ 0.000/ 0.000, Output= 0.000(-0.500/0.500)
FrcRobotBase.printPidInfo_Info: gyroTurnPidCtrl: Target=   0.0, Input=   0.0, Error=   0.0, PIDTerms= 0.000/ 0.000/ 0.000/ 0.000, Output= 0.000(-0.500/0.500)
FrcRobotBase.PixyVision_Info: 3 object(s) found
FrcRobotBase.PixyVision_Info: [0] sync=0xaa55, chksum=0x0124, sig=1, centerX=171, centerY= 40, width= 70, height= 10, angle=  0
FrcRobotBase.PixyVision_Info: [1] sync=0xaa55, chksum=0x0169, sig=1, centerX=174, centerY=145, width= 39, height=  2, angle=  0
FrcRobotBase.PixyVision_Info: [2] sync=0xaa55, chksum=0x0160, sig=1, centerX=270, centerY= 70, width=  2, height=  9, angle=  0
FrcRobotBase.PixyVision_Info: Expected Target: distance=121.6, width=18.9, height=9.5
FrcRobotBase.PixyVision_Info: ===TargetRect===: x=136, y=35, w=70, h=111
FrcRobotBase.PixyVision_Info: ###TargetInfo###: xDist=1.6, yDist=32.9, angle=2.7
FrcRobotBase.PixyVision_Info: 2 object(s) found
FrcRobotBase.PixyVision_Info: [0] sync=0xaa55, chksum=0x0161, sig=1, centerX=270, centerY= 70, width=  3, height=  9, angle=  0
FrcRobotBase.PixyVision_Info: [1] sync=0xaa55, chksum=0x00fa, sig=1, centerX=205, centerY= 36, width=  6, height=  2, angle=  0
FrcRobotBase.PixyVision_Info: Expected Target: distance=121.7, width=18.9, height=9.4
FrcRobotBase.PixyVision_Info: ===TargetRect===: x=202, y=35, w=70, h=40
FrcRobotBase.PixyVision_Info: ###TargetInfo###: xDist=11.0, yDist=32.9, angle=18.5
FrcRobotBase.PixyVision_Info: 1 object(s) found
FrcRobotBase.PixyVision_Info: 1 object(s) found
FrcRobotBase.PixyVision_Info: 1 object(s) found
FrcRobotBase.PixyVision_Info: 1 object(s) found
FrcRobotBase.PixyVision_Info: 1 object(s) found
FrcRobotBase.PixyVision_Info: 1 object(s) found
FrcRobotBase.PixyVision_Info: null object(s) found
FrcRobotBase.PixyVision_Info: null object(s) found
FrcRobotBase.PixyVision_Info: null object(s) found
FrcRobotBase.PixyVision_Info: null object(s) found
FrcRobotBase.PixyVision_Info: null object(s) found
FrcRobotBase.PixyVision_Info: 1 object(s) found
FrcRobotBase.PixyVision_Info: 1 object(s) found
FrcRobotBase.PixyVision_Info: 1 object(s) found
FrcRobotBase.PixyVision_Info: 1 object(s) found
FrcRobotBase.PixyVision_Info: 1 object(s) found
FrcRobotBase.PixyVision_Info: 1 object(s) found
FrcRobotBase.PixyVision_Info: 1 object(s) found
FrcRobotBase.PixyVision_Info: 1 object(s) found
FrcRobotBase.Robot_Info: [2.528] INITIAL_TURN_TOWARDS_AIRSHIP: xPos= -0.11,yPos= 84.38,heading=  -0.0/  60.0,volts=12.9(10.5)
FrcRobotBase.printPidInfo_Info: encoderXPidCtrl: Target=  -0.1, Input=  -0.1, Error=   0.0, PIDTerms= 0.016/ 0.000/-0.000/ 0.000, Output= 0.000(-0.500/0.500)
FrcRobotBase.printPidInfo_Info: encoderYPidCtrl: Target=  84.4, Input=  84.4, Error=   0.0, PIDTerms= 0.022/ 0.000/-0.013/ 0.000, Output= 0.000(-0.500/0.500)
FrcRobotBase.printPidInfo_Info: gyroTurnPidCtrl: Target=  60.0, Input=  -0.0, Error=  60.0, PIDTerms= 0.002/ 0.000/-0.005/ 0.000, Output= 0.000(-0.500/0.500)
FrcRobotBase.PixyVision_Info: 1 object(s) found
FrcRobotBase.PixyVision_Info: 1 object(s) found
FrcRobotBase.PixyVision_Info: null object(s) found
FrcRobotBase.PixyVision_Info: 1 object(s) found
FrcRobotBase.PixyVision_Info: 2 object(s) found
FrcRobotBase.PixyVision_Info: [0] sync=0xaa55, chksum=0x0149, sig=1, centerX=196, centerY= 87, width= 22, height= 23, angle=  0
FrcRobotBase.PixyVision_Info: [1] sync=0xaa55, chksum=0x0166, sig=1, centerX=231, centerY= 87, width= 17, height= 22, angle=  0
FrcRobotBase.PixyVision_Info: Expected Target: distance=52.5, width=43.8, height=21.9
FrcRobotBase.PixyVision_Info: ===TargetRect===: x=185, y=76, w=55, h=23
FrcRobotBase.PixyVision_Info: ###TargetInfo###: xDist=9.5, yDist=41.8, angle=12.9
FrcRobotBase.PixyVision_Info: 4 object(s) found
FrcRobotBase.PixyVision_Info: [0] sync=0xaa55, chksum=0x0137, sig=1, centerX=182, centerY= 88, width= 16, height= 24, angle=  0
FrcRobotBase.PixyVision_Info: [1] sync=0xaa55, chksum=0x0111, sig=1, centerX=148, centerY= 90, width= 10, height= 24, angle=  0
FrcRobotBase.PixyVision_Info: [2] sync=0xaa55, chksum=0x0076, sig=1, centerX= 56, centerY= 52, width=  3, height=  6, angle=  0
FrcRobotBase.PixyVision_Info: [3] sync=0xaa55, chksum=0x00f8, sig=1, centerX=183, centerY= 56, width=  5, height=  3, angle=  0
FrcRobotBase.PixyVision_Info: Expected Target: distance=31.3, width=73.5, height=36.7
FrcRobotBase.PixyVision_Info: ***TargetRect***: [0,1] x=143, y=76, w=47, h=26
FrcRobotBase.PixyVision_Info: ###TargetInfo###: xDist=1.4, yDist=48.9, angle=1.6
FrcRobotBase.PixyVision_Info: 3 object(s) found
FrcRobotBase.PixyVision_Info: [0] sync=0xaa55, chksum=0x0121, sig=1, centerX=163, centerY= 88, width= 11, height= 26, angle=  0
FrcRobotBase.PixyVision_Info: [1] sync=0xaa55, chksum=0x00fc, sig=1, centerX=127, centerY= 91, width= 10, height= 23, angle=  0
FrcRobotBase.PixyVision_Info: [2] sync=0xaa55, chksum=0x0066, sig=1, centerX= 40, centerY= 54, width=  2, height=  5, angle=  0
FrcRobotBase.PixyVision_Info: Expected Target: distance=47.6, width=48.3, height=24.2
FrcRobotBase.PixyVision_Info: ***TargetRect***: [0,1] x=122, y=75, w=47, h=28
FrcRobotBase.PixyVision_Info: ###TargetInfo###: xDist=-3.1, yDist=48.9, angle=-3.6
FrcRobotBase.PixyVision_Info: 3 object(s) found
FrcRobotBase.PixyVision_Info: [0] sync=0xaa55, chksum=0x011d, sig=1, centerX=160, centerY= 89, width= 11, height= 24, angle=  0
FrcRobotBase.PixyVision_Info: [1] sync=0xaa55, chksum=0x00f9, sig=1, centerX=124, centerY= 92, width= 10, height= 22, angle=  0
FrcRobotBase.PixyVision_Info: [2] sync=0xaa55, chksum=0x0065, sig=1, centerX= 37, centerY= 55, width=  3, height=  5, angle=  0
FrcRobotBase.PixyVision_Info: Expected Target: distance=47.9, width=48.1, height=24.0
FrcRobotBase.PixyVision_Info: ***TargetRect***: [0,1] x=119, y=77, w=47, h=26
FrcRobotBase.PixyVision_Info: ###TargetInfo###: xDist=-3.7, yDist=48.9, angle=-4.4
FrcRobotBase.PixyVision_Info: 3 object(s) found
FrcRobotBase.PixyVision_Info: [0] sync=0xaa55, chksum=0x011f, sig=1, centerX=162, centerY= 89, width= 11, height= 24, angle=  0
FrcRobotBase.PixyVision_Info: [1] sync=0xaa55, chksum=0x00fb, sig=1, centerX=126, centerY= 91, width= 10, height= 23, angle=  0
FrcRobotBase.PixyVision_Info: [2] sync=0xaa55, chksum=0x0066, sig=1, centerX= 39, centerY= 54, width=  3, height=  5, angle=  0
FrcRobotBase.PixyVision_Info: Expected Target: distance=47.7, width=48.2, height=24.1
FrcRobotBase.PixyVision_Info: ***TargetRect***: [0,1] x=121, y=77, w=47, h=26
FrcRobotBase.PixyVision_Info: ###TargetInfo###: xDist=-3.3, yDist=48.9, angle=-3.9
FrcRobotBase.Robot_Info: [3.473] DRIVE_TOWARDS_TARGET: xPos=  0.01,yPos= 83.81,heading=  59.2/  60.0,volts=12.8(10.5)
FrcRobotBase.printPidInfo_Info: sonarDrivePidCtrl: Target=   7.0, Input=   0.0, Error=  32.9, PIDTerms= 0.000/ 0.000/ 0.000/ 0.000, Output= 0.000(-0.500/0.500)
FrcRobotBase.printPidInfo_Info: visionTurnPidCtrl: Target=   0.0, Input=   0.0, Error=  -3.9, PIDTerms= 0.000/ 0.000/ 0.000/ 0.000, Output= 0.000(-0.500/0.500)
FrcRobotBase.Robot_Info: [3.473] VISION_DEPLOY: xPos=  0.01,yPos= 83.81,heading=  59.2/  60.0,volts=12.8(10.5)
FrcRobotBase.printPidInfo_Info: sonarDrivePidCtrl: Target=   7.0, Input=   0.0, Error=  32.9, PIDTerms= 0.000/ 0.000/ 0.000/ 0.000, Output= 0.000(-0.500/0.500)
FrcRobotBase.printPidInfo_Info: visionTurnPidCtrl: Target=   0.0, Input=   0.0, Error=  -3.9, PIDTerms= 0.000/ 0.000/ 0.000/ 0.000, Output= 0.000(-0.500/0.500)
FrcRobotBase.PixyVision_Info: 3 object(s) found
FrcRobotBase.PixyVision_Info: [0] sync=0xaa55, chksum=0x011f, sig=1, centerX=161, centerY= 89, width= 12, height= 24, angle=  0
FrcRobotBase.PixyVision_Info: [1] sync=0xaa55, chksum=0x00f9, sig=1, centerX=125, centerY= 92, width=  9, height= 22, angle=  0
FrcRobotBase.PixyVision_Info: [2] sync=0xaa55, chksum=0x0065, sig=1, centerX= 39, centerY= 55, width=  2, height=  4, angle=  0
FrcRobotBase.PixyVision_Info: Expected Target: distance=47.7, width=48.2, height=24.1
FrcRobotBase.PixyVision_Info: ***TargetRect***: [0,1] x=121, y=77, w=46, h=26
FrcRobotBase.PixyVision_Info: ###TargetInfo###: xDist=-3.5, yDist=50.0, angle=-4.0
FrcRobotBase.PixyVision_Info: 3 object(s) found
FrcRobotBase.PixyVision_Info: [0] sync=0xaa55, chksum=0x011e, sig=1, centerX=162, centerY= 89, width= 10, height= 24, angle=  0
FrcRobotBase.PixyVision_Info: [1] sync=0xaa55, chksum=0x00fa, sig=1, centerX=125, centerY= 91, width= 10, height= 23, angle=  0
FrcRobotBase.PixyVision_Info: [2] sync=0xaa55, chksum=0x0065, sig=1, centerX= 38, centerY= 55, width=  2, height=  5, angle=  0
FrcRobotBase.PixyVision_Info: Expected Target: distance=47.7, width=48.2, height=24.1
FrcRobotBase.PixyVision_Info: ***TargetRect***: [0,1] x=120, y=77, w=47, h=26
FrcRobotBase.PixyVision_Info: ###TargetInfo###: xDist=-3.5, yDist=48.9, angle=-4.1
FrcRobotBase.Robot_Info: [3.567] VISION_DEPLOY: xPos= -0.04,yPos= 83.89,heading=  59.3/  60.0,volts=11.3(10.5)
FrcRobotBase.printPidInfo_Info: sonarDrivePidCtrl: Target=   7.0, Input=  39.7, Error=  32.7, PIDTerms= 0.540/ 0.000/-0.005/ 0.000, Output= 0.500(-0.500/0.500)
FrcRobotBase.printPidInfo_Info: visionTurnPidCtrl: Target=   0.0, Input=  -4.1, Error=  -4.1, PIDTerms=-0.103/ 0.000/-0.001/ 0.000, Output=-0.104(-0.500/0.500)
FrcRobotBase.PixyVision_Info: 3 object(s) found
FrcRobotBase.PixyVision_Info: [0] sync=0xaa55, chksum=0x011e, sig=1, centerX=162, centerY= 89, width= 10, height= 24, angle=  0
FrcRobotBase.PixyVision_Info: [1] sync=0xaa55, chksum=0x00fa, sig=1, centerX=125, centerY= 92, width= 10, height= 22, angle=  0
FrcRobotBase.PixyVision_Info: [2] sync=0xaa55, chksum=0x0065, sig=1, centerX= 38, centerY= 55, width=  3, height=  4, angle=  0
FrcRobotBase.PixyVision_Info: Expected Target: distance=47.7, width=48.2, height=24.1
FrcRobotBase.PixyVision_Info: ***TargetRect***: [0,1] x=120, y=77, w=47, h=26
FrcRobotBase.PixyVision_Info: ###TargetInfo###: xDist=-3.5, yDist=48.9, angle=-4.1
FrcRobotBase.Robot_Info: [3.621] VISION_DEPLOY: xPos= -0.05,yPos= 84.59,heading=  59.2/  60.0,volts=11.0(10.5)
FrcRobotBase.printPidInfo_Info: sonarDrivePidCtrl: Target=   7.0, Input=  39.7, Error=  32.7, PIDTerms= 0.540/ 0.000/ 0.000/ 0.000, Output= 0.500(-0.500/0.500)
FrcRobotBase.printPidInfo_Info: visionTurnPidCtrl: Target=   0.0, Input=  -4.1, Error=  -4.1, PIDTerms=-0.103/ 0.000/ 0.000/ 0.000, Output=-0.103(-0.500/0.500)
FrcRobotBase.PixyVision_Info: 3 object(s) found
FrcRobotBase.PixyVision_Info: [0] sync=0xaa55, chksum=0x011f, sig=1, centerX=162, centerY= 89, width= 10, height= 25, angle=  0
FrcRobotBase.PixyVision_Info: [1] sync=0xaa55, chksum=0x00fc, sig=1, centerX=126, centerY= 92, width= 10, height= 23, angle=  0
FrcRobotBase.PixyVision_Info: [2] sync=0xaa55, chksum=0x0066, sig=1, centerX= 38, centerY= 55, width=  3, height=  5, angle=  0
FrcRobotBase.PixyVision_Info: Expected Target: distance=47.7, width=48.2, height=24.1
FrcRobotBase.PixyVision_Info: ***TargetRect***: [0,1] x=121, y=77, w=46, h=27
FrcRobotBase.PixyVision_Info: ###TargetInfo###: xDist=-3.5, yDist=50.0, angle=-4.0
FrcRobotBase.PixyVision_Info: null object(s) found
FrcRobotBase.Robot_Info: [3.671] VISION_DEPLOY: xPos=  0.09,yPos= 85.38,heading=  58.4/  60.0,volts=10.8(10.5)
FrcRobotBase.printPidInfo_Info: sonarDrivePidCtrl: Target=   7.0, Input=  39.9, Error=  32.9, PIDTerms= 0.542/ 0.000/ 0.004/ 0.000, Output= 0.500(-0.500/0.500)
FrcRobotBase.printPidInfo_Info: visionTurnPidCtrl: Target=   0.0, Input=   0.0, Error=  -0.0, PIDTerms=-0.000/ 0.000/ 0.010/ 0.000, Output= 0.010(-0.500/0.500)
FrcRobotBase.PixyVision_Info: 3 object(s) found
FrcRobotBase.PixyVision_Info: [0] sync=0xaa55, chksum=0x0122, sig=1, centerX=164, centerY= 89, width= 11, height= 25, angle=  0
FrcRobotBase.PixyVision_Info: [1] sync=0xaa55, chksum=0x00ff, sig=1, centerX=126, centerY= 92, width= 13, height= 23, angle=  0
FrcRobotBase.PixyVision_Info: [2] sync=0xaa55, chksum=0x0068, sig=1, centerX= 40, centerY= 55, width=  3, height=  5, angle=  0
FrcRobotBase.PixyVision_Info: Expected Target: distance=46.9, width=49.1, height=24.5
FrcRobotBase.PixyVision_Info: ***TargetRect***: [0,1] x=120, y=77, w=50, h=27
FrcRobotBase.PixyVision_Info: ###TargetInfo###: xDist=-3.0, yDist=46.0, angle=-3.7
FrcRobotBase.Robot_Info: [3.722] VISION_DEPLOY: xPos=  0.12,yPos= 86.25,heading=  57.7/  60.0,volts=11.2(10.5)
FrcRobotBase.printPidInfo_Info: sonarDrivePidCtrl: Target=   7.0, Input=  38.9, Error=  31.9, PIDTerms= 0.526/ 0.000/-0.052/ 0.000, Output= 0.474(-0.500/0.500)
FrcRobotBase.printPidInfo_Info: visionTurnPidCtrl: Target=   0.0, Input=  -3.7, Error=  -3.7, PIDTerms=-0.093/ 0.000/-0.015/ 0.000, Output=-0.108(-0.500/0.500)
FrcRobotBase.PixyVision_Info: 3 object(s) found
FrcRobotBase.PixyVision_Info: [0] sync=0xaa55, chksum=0x0126, sig=1, centerX=168, centerY= 90, width= 11, height= 24, angle=  0
FrcRobotBase.PixyVision_Info: [1] sync=0xaa55, chksum=0x0102, sig=1, centerX=131, centerY= 92, width= 11, height= 23, angle=  0
FrcRobotBase.PixyVision_Info: [2] sync=0xaa55, chksum=0x0069, sig=1, centerX= 43, centerY= 54, width=  2, height=  5, angle=  0
FrcRobotBase.PixyVision_Info: Expected Target: distance=46.4, width=49.6, height=24.8
FrcRobotBase.PixyVision_Info: ***TargetRect***: [0,1] x=126, y=78, w=48, h=26
FrcRobotBase.PixyVision_Info: ###TargetInfo###: xDist=-2.1, yDist=47.9, angle=-2.5
FrcRobotBase.Robot_Info: [3.763] VISION_DEPLOY: xPos=  0.06,yPos= 87.43,heading=  57.2/  60.0,volts=11.3(10.5)
FrcRobotBase.printPidInfo_Info: sonarDrivePidCtrl: Target=   7.0, Input=  38.5, Error=  31.5, PIDTerms= 0.520/ 0.000/-0.017/ 0.000, Output= 0.500(-0.500/0.500)
FrcRobotBase.printPidInfo_Info: visionTurnPidCtrl: Target=   0.0, Input=  -2.5, Error=  -2.5, PIDTerms=-0.062/ 0.000/ 0.004/ 0.000, Output=-0.058(-0.500/0.500)
FrcRobotBase.PixyVision_Info: 3 object(s) found
FrcRobotBase.PixyVision_Info: [0] sync=0xaa55, chksum=0x012c, sig=1, centerX=172, centerY= 90, width= 12, height= 25, angle=  0
FrcRobotBase.PixyVision_Info: [1] sync=0xaa55, chksum=0x0106, sig=1, centerX=134, centerY= 93, width= 10, height= 24, angle=  0
FrcRobotBase.PixyVision_Info: [2] sync=0xaa55, chksum=0x006c, sig=1, centerX= 45, centerY= 54, width=  3, height=  5, angle=  0
FrcRobotBase.PixyVision_Info: Expected Target: distance=46.0, width=50.0, height=25.0
FrcRobotBase.PixyVision_Info: ***TargetRect***: [0,1] x=129, y=78, w=49, h=27
FrcRobotBase.PixyVision_Info: ###TargetInfo###: xDist=-1.3, yDist=46.9, angle=-1.6
FrcRobotBase.PixyVision_Info: 3 object(s) found
FrcRobotBase.PixyVision_Info: [0] sync=0xaa55, chksum=0x012b, sig=1, centerX=172, centerY= 90, width= 11, height= 25, angle=  0
FrcRobotBase.PixyVision_Info: [1] sync=0xaa55, chksum=0x0107, sig=1, centerX=134, centerY= 93, width= 11, height= 24, angle=  0
FrcRobotBase.PixyVision_Info: [2] sync=0xaa55, chksum=0x006c, sig=1, centerX= 46, centerY= 54, width=  2, height=  5, angle=  0
FrcRobotBase.PixyVision_Info: Expected Target: distance=45.0, width=51.1, height=25.6
FrcRobotBase.PixyVision_Info: ***TargetRect***: [0,1] x=129, y=78, w=49, h=27
FrcRobotBase.PixyVision_Info: ###TargetInfo###: xDist=-1.3, yDist=46.9, angle=-1.6
FrcRobotBase.Robot_Info: [3.821] VISION_DEPLOY: xPos=  0.10,yPos= 89.57,heading=  56.4/  60.0,volts=11.7(10.5)
FrcRobotBase.printPidInfo_Info: sonarDrivePidCtrl: Target=   7.0, Input=  37.0, Error=  30.0, PIDTerms= 0.495/ 0.000/-0.053/ 0.000, Output= 0.442(-0.500/0.500)
FrcRobotBase.printPidInfo_Info: visionTurnPidCtrl: Target=   0.0, Input=  -1.6, Error=  -1.6, PIDTerms=-0.040/ 0.000/ 0.002/ 0.000, Output=-0.038(-0.500/0.500)
FrcRobotBase.PixyVision_Info: 4 object(s) found
FrcRobotBase.PixyVision_Info: [0] sync=0xaa55, chksum=0x0132, sig=1, centerX=174, centerY= 91, width= 15, height= 25, angle=  0
FrcRobotBase.PixyVision_Info: [1] sync=0xaa55, chksum=0x010a, sig=1, centerX=136, centerY= 93, width= 11, height= 25, angle=  0
FrcRobotBase.PixyVision_Info: [2] sync=0xaa55, chksum=0x00f6, sig=1, centerX=181, centerY= 57, width=  5, height=  2, angle=  0
FrcRobotBase.PixyVision_Info: [3] sync=0xaa55, chksum=0x006d, sig=1, centerX= 48, centerY= 54, width=  2, height=  4, angle=  0
FrcRobotBase.PixyVision_Info: Expected Target: distance=44.6, width=51.5, height=25.8
FrcRobotBase.PixyVision_Info: ***TargetRect***: [0,1] x=131, y=79, w=51, h=27
FrcRobotBase.PixyVision_Info: ###TargetInfo###: xDist=-0.7, yDist=45.1, angle=-0.9
FrcRobotBase.Robot_Info: [3.865] VISION_DEPLOY: xPos=  0.13,yPos= 91.18,heading=  56.0/  60.0,volts=11.6(10.5)
FrcRobotBase.printPidInfo_Info: sonarDrivePidCtrl: Target=   7.0, Input=  36.6, Error=  29.6, PIDTerms= 0.489/ 0.000/-0.018/ 0.000, Output= 0.471(-0.500/0.500)
FrcRobotBase.printPidInfo_Info: visionTurnPidCtrl: Target=   0.0, Input=  -0.9, Error=  -0.9, PIDTerms=-0.022/ 0.000/ 0.003/ 0.000, Output=-0.019(-0.500/0.500)
FrcRobotBase.PixyVision_Info: 4 object(s) found
FrcRobotBase.PixyVision_Info: [0] sync=0xaa55, chksum=0x0139, sig=1, centerX=180, centerY= 92, width= 14, height= 26, angle=  0
FrcRobotBase.PixyVision_Info: [1] sync=0xaa55, chksum=0x010d, sig=1, centerX=138, centerY= 94, width= 11, height= 25, angle=  0
FrcRobotBase.PixyVision_Info: [2] sync=0xaa55, chksum=0x00f7, sig=1, centerX=181, centerY= 57, width=  5, height=  3, angle=  0
FrcRobotBase.PixyVision_Info: [3] sync=0xaa55, chksum=0x006f, sig=1, centerX= 50, centerY= 53, width=  2, height=  5, angle=  0
FrcRobotBase.PixyVision_Info: Expected Target: distance=44.0, width=52.3, height=26.1
FrcRobotBase.PixyVision_Info: ***TargetRect***: [0,1] x=133, y=79, w=54, h=28
FrcRobotBase.PixyVision_Info: ###TargetInfo###: xDist=0.0, yDist=42.6, angle=0.0
FrcRobotBase.PixyVision_Info: 3 object(s) found
FrcRobotBase.PixyVision_Info: [0] sync=0xaa55, chksum=0x013b, sig=1, centerX=182, centerY= 92, width= 12, height= 28, angle=  0
FrcRobotBase.PixyVision_Info: [1] sync=0xaa55, chksum=0x0113, sig=1, centerX=140, centerY= 95, width= 11, height= 28, angle=  0
FrcRobotBase.PixyVision_Info: [2] sync=0xaa55, chksum=0x0070, sig=1, centerX= 52, centerY= 52, width=  2, height=  5, angle=  0
FrcRobotBase.PixyVision_Info: Expected Target: distance=42.0, width=54.8, height=27.4
FrcRobotBase.PixyVision_Info: ***TargetRect***: [0,1] x=135, y=78, w=53, h=31
FrcRobotBase.PixyVision_Info: ###TargetInfo###: xDist=0.3, yDist=43.4, angle=0.4
FrcRobotBase.Robot_Info: [3.945] VISION_DEPLOY: xPos=  0.19,yPos= 94.93,heading=  54.9/  60.0,volts=12.0(10.5)
FrcRobotBase.printPidInfo_Info: sonarDrivePidCtrl: Target=   7.0, Input=  34.0, Error=  27.0, PIDTerms= 0.446/ 0.000/-0.062/ 0.000, Output= 0.383(-0.500/0.500)
FrcRobotBase.printPidInfo_Info: visionTurnPidCtrl: Target=   0.0, Input=   0.4, Error=   0.4, PIDTerms= 0.009/ 0.000/ 0.002/ 0.000, Output= 0.012(-0.500/0.500)
FrcRobotBase.PixyVision_Info: 3 object(s) found
FrcRobotBase.PixyVision_Info: [0] sync=0xaa55, chksum=0x0119, sig=1, centerX=142, centerY= 97, width= 13, height= 28, angle=  0
FrcRobotBase.PixyVision_Info: [1] sync=0xaa55, chksum=0x0142, sig=1, centerX=186, centerY= 95, width= 12, height= 28, angle=  0
FrcRobotBase.PixyVision_Info: [2] sync=0xaa55, chksum=0x00f7, sig=1, centerX=182, centerY= 57, width=  5, height=  2, angle=  0
FrcRobotBase.PixyVision_Info: Expected Target: distance=41.0, width=56.1, height=28.0
FrcRobotBase.PixyVision_Info: ***TargetRect***: [0,1] x=136, y=81, w=56, h=30
FrcRobotBase.PixyVision_Info: ###TargetInfo###: xDist=0.7, yDist=41.1, angle=1.0
FrcRobotBase.Robot_Info: [4.009] VISION_DEPLOY: xPos=  0.24,yPos= 97.98,heading=  54.5/  60.0,volts=12.1(10.5)
FrcRobotBase.printPidInfo_Info: sonarDrivePidCtrl: Target=   7.0, Input=  33.0, Error=  26.0, PIDTerms= 0.429/ 0.000/-0.039/ 0.000, Output= 0.391(-0.500/0.500)
FrcRobotBase.printPidInfo_Info: visionTurnPidCtrl: Target=   0.0, Input=   1.0, Error=   1.0, PIDTerms= 0.025/ 0.000/ 0.002/ 0.000, Output= 0.027(-0.500/0.500)
FrcRobotBase.PixyVision_Info: 2 object(s) found
FrcRobotBase.PixyVision_Info: [0] sync=0xaa55, chksum=0x0148, sig=1, centerX=189, centerY= 97, width= 11, height= 30, angle=  0
FrcRobotBase.PixyVision_Info: [1] sync=0xaa55, chksum=0x011a, sig=1, centerX=142, centerY= 99, width= 11, height= 29, angle=  0
FrcRobotBase.PixyVision_Info: Expected Target: distance=38.1, width=60.3, height=30.1
FrcRobotBase.PixyVision_Info: ===TargetRect===: x=137, y=82, w=58, h=32
FrcRobotBase.PixyVision_Info: ###TargetInfo###: xDist=1.0, yDist=39.7, angle=1.5
FrcRobotBase.PixyVision_Info: 2 object(s) found
FrcRobotBase.PixyVision_Info: [0] sync=0xaa55, chksum=0x011f, sig=1, centerX=142, centerY=100, width= 13, height= 31, angle=  0
FrcRobotBase.PixyVision_Info: [1] sync=0xaa55, chksum=0x014a, sig=1, centerX=190, centerY= 98, width= 11, height= 30, angle=  0
FrcRobotBase.PixyVision_Info: Expected Target: distance=37.0, width=62.1, height=31.1
FrcRobotBase.PixyVision_Info: ===TargetRect===: x=136, y=83, w=60, h=33
FrcRobotBase.PixyVision_Info: ###TargetInfo###: xDist=1.0, yDist=38.3, angle=1.5
FrcRobotBase.Robot_Info: [4.093] VISION_DEPLOY: xPos=  0.29,yPos=102.24,heading=  54.4/  60.0,volts=12.2(10.5)
FrcRobotBase.printPidInfo_Info: sonarDrivePidCtrl: Target=   7.0, Input=  29.0, Error=  22.0, PIDTerms= 0.363/ 0.000/-0.092/ 0.000, Output= 0.271(-0.500/0.500)
FrcRobotBase.printPidInfo_Info: visionTurnPidCtrl: Target=   0.0, Input=   1.5, Error=   1.5, PIDTerms= 0.037/ 0.000/ 0.001/ 0.000, Output= 0.038(-0.500/0.500)
FrcRobotBase.PixyVision_Info: 3 object(s) found
FrcRobotBase.PixyVision_Info: [0] sync=0xaa55, chksum=0x0152, sig=1, centerX=192, centerY=100, width= 13, height= 32, angle=  0
FrcRobotBase.PixyVision_Info: [1] sync=0xaa55, chksum=0x0123, sig=1, centerX=141, centerY=103, width= 14, height= 32, angle=  0
FrcRobotBase.PixyVision_Info: [2] sync=0xaa55, chksum=0x00f8, sig=1, centerX=183, centerY= 57, width=  5, height=  2, angle=  0
FrcRobotBase.PixyVision_Info: Expected Target: distance=35.0, width=65.7, height=32.8
FrcRobotBase.PixyVision_Info: ***TargetRect***: [0,1] x=134, y=84, w=65, h=35
FrcRobotBase.PixyVision_Info: ###TargetInfo###: xDist=1.0, yDist=35.4, angle=1.6
FrcRobotBase.Robot_Info: [4.126] VISION_DEPLOY: xPos=  0.28,yPos=103.30,heading=  54.5/  60.0,volts=12.6(10.5)
FrcRobotBase.printPidInfo_Info: sonarDrivePidCtrl: Target=   7.0, Input=  27.0, Error=  20.0, PIDTerms= 0.330/ 0.000/-0.080/ 0.000, Output= 0.250(-0.500/0.500)
FrcRobotBase.printPidInfo_Info: visionTurnPidCtrl: Target=   0.0, Input=   1.6, Error=   1.6, PIDTerms= 0.040/ 0.000/ 0.000/ 0.000, Output= 0.041(-0.500/0.500)
FrcRobotBase.PixyVision_Info: 2 object(s) found
FrcRobotBase.PixyVision_Info: [0] sync=0xaa55, chksum=0x0158, sig=1, centerX=193, centerY=102, width= 14, height= 34, angle=  0
FrcRobotBase.PixyVision_Info: [1] sync=0xaa55, chksum=0x0126, sig=1, centerX=139, centerY=105, width= 15, height= 34, angle=  0
FrcRobotBase.PixyVision_Info: Expected Target: distance=34.5, width=66.6, height=33.3
FrcRobotBase.PixyVision_Info: ===TargetRect===: x=132, y=85, w=68, h=37
FrcRobotBase.PixyVision_Info: ###TargetInfo###: xDist=0.9, yDist=33.8, angle=1.5
FrcRobotBase.Robot_Info: [4.161] VISION_DEPLOY: xPos=  0.32,yPos=105.38,heading=  54.6/  60.0,volts=12.5(10.5)
FrcRobotBase.printPidInfo_Info: sonarDrivePidCtrl: Target=   7.0, Input=  26.7, Error=  19.7, PIDTerms= 0.324/ 0.000/-0.028/ 0.000, Output= 0.296(-0.500/0.500)
FrcRobotBase.printPidInfo_Info: visionTurnPidCtrl: Target=   0.0, Input=   1.5, Error=   1.5, PIDTerms= 0.037/ 0.000/-0.001/ 0.000, Output= 0.037(-0.500/0.500)
FrcRobotBase.PixyVision_Info: 2 object(s) found
FrcRobotBase.PixyVision_Info: [0] sync=0xaa55, chksum=0x015e, sig=1, centerX=194, centerY=105, width= 14, height= 36, angle=  0
FrcRobotBase.PixyVision_Info: [1] sync=0xaa55, chksum=0x0128, sig=1, centerX=137, centerY=107, width= 16, height= 35, angle=  0
FrcRobotBase.PixyVision_Info: Expected Target: distance=32.8, width=70.1, height=35.1
FrcRobotBase.PixyVision_Info: ===TargetRect===: x=129, y=87, w=72, h=38
FrcRobotBase.PixyVision_Info: ###TargetInfo###: xDist=0.7, yDist=31.9, angle=1.2
FrcRobotBase.PixyVision_Info: 3 object(s) found
FrcRobotBase.PixyVision_Info: [0] sync=0xaa55, chksum=0x0162, sig=1, centerX=194, centerY=106, width= 15, height= 38, angle=  0
FrcRobotBase.PixyVision_Info: [1] sync=0xaa55, chksum=0x012c, sig=1, centerX=134, centerY=109, width= 19, height= 37, angle=  0
FrcRobotBase.PixyVision_Info: [2] sync=0xaa55, chksum=0x0100, sig=1, centerX=203, centerY= 44, width=  6, height=  2, angle=  0
FrcRobotBase.PixyVision_Info: Expected Target: distance=31.2, width=73.8, height=36.9
FrcRobotBase.PixyVision_Info: ***TargetRect***: [0,1] x=125, y=87, w=77, h=41
FrcRobotBase.PixyVision_Info: ###TargetInfo###: xDist=0.5, yDist=29.9, angle=0.9
FrcRobotBase.Robot_Info: [4.224] VISION_DEPLOY: xPos=  0.28,yPos=108.55,heading=  55.1/  60.0,volts=12.6(10.5)
FrcRobotBase.printPidInfo_Info: sonarDrivePidCtrl: Target=   7.0, Input=  23.3, Error=  16.3, PIDTerms= 0.269/ 0.000/-0.112/ 0.000, Output= 0.157(-0.500/0.500)
FrcRobotBase.printPidInfo_Info: visionTurnPidCtrl: Target=   0.0, Input=   0.9, Error=   0.9, PIDTerms= 0.022/ 0.000/-0.002/ 0.000, Output= 0.020(-0.500/0.500)
FrcRobotBase.PixyVision_Info: 5 object(s) found
FrcRobotBase.PixyVision_Info: [0] sync=0xaa55, chksum=0x0167, sig=1, centerX=194, centerY=108, width= 15, height= 41, angle=  0
FrcRobotBase.PixyVision_Info: [1] sync=0xaa55, chksum=0x012c, sig=1, centerX=132, centerY=112, width= 16, height= 39, angle=  0
FrcRobotBase.PixyVision_Info: [2] sync=0xaa55, chksum=0x0116, sig=1, centerX=163, centerY=103, width=  6, height=  5, angle=  0
FrcRobotBase.PixyVision_Info: [3] sync=0xaa55, chksum=0x00bd, sig=1, centerX=162, centerY= 17, width=  2, height=  7, angle=  0
FrcRobotBase.PixyVision_Info: [4] sync=0xaa55, chksum=0x0110, sig=1, centerX=156, centerY=109, width=  2, height=  4, angle=  0
FrcRobotBase.PixyVision_Info: Expected Target: distance=28.4, width=80.9, height=40.5
FrcRobotBase.PixyVision_Info: ***TargetRect***: [0,1] x=124, y=88, w=78, h=44
FrcRobotBase.PixyVision_Info: ###TargetInfo###: xDist=0.4, yDist=29.5, angle=0.7
FrcRobotBase.Robot_Info: [4.282] VISION_DEPLOY: xPos=  0.22,yPos=111.50,heading=  55.5/  60.0,volts=12.8(10.5)
FrcRobotBase.printPidInfo_Info: sonarDrivePidCtrl: Target=   7.0, Input=  20.4, Error=  13.4, PIDTerms= 0.222/ 0.000/-0.120/ 0.000, Output= 0.101(-0.500/0.500)
FrcRobotBase.printPidInfo_Info: visionTurnPidCtrl: Target=   0.0, Input=   0.7, Error=   0.7, PIDTerms= 0.019/ 0.000/-0.000/ 0.000, Output= 0.018(-0.500/0.500)
FrcRobotBase.PixyVision_Info: 5 object(s) found
FrcRobotBase.PixyVision_Info: [0] sync=0xaa55, chksum=0x0134, sig=1, centerX=126, centerY=118, width= 20, height= 43, angle=  0
FrcRobotBase.PixyVision_Info: [1] sync=0xaa55, chksum=0x0175, sig=1, centerX=195, centerY=115, width= 18, height= 44, angle=  0
FrcRobotBase.PixyVision_Info: [2] sync=0xaa55, chksum=0x0145, sig=1, centerX=156, centerY= 95, width= 17, height= 56, angle=  0
FrcRobotBase.PixyVision_Info: [3] sync=0xaa55, chksum=0x00c3, sig=1, centerX=158, centerY= 11, width=  3, height= 22, angle=  0
FrcRobotBase.PixyVision_Info: [4] sync=0xaa55, chksum=0x00b6, sig=1, centerX=147, centerY= 14, width=  2, height= 18, angle=  0
FrcRobotBase.PixyVision_Info: Expected Target: distance=26.6, width=86.6, height=43.3
FrcRobotBase.PixyVision_Info: ***TargetRect***: [0,1] x=116, y=93, w=88, h=47
FrcRobotBase.PixyVision_Info: ###TargetInfo###: xDist=0.0, yDist=26.1, angle=0.0
FrcRobotBase.PixyVision_Info: 5 object(s) found
FrcRobotBase.PixyVision_Info: [0] sync=0xaa55, chksum=0x017a, sig=1, centerX=196, centerY=117, width= 18, height= 46, angle=  0
FrcRobotBase.PixyVision_Info: [1] sync=0xaa55, chksum=0x0136, sig=1, centerX=124, centerY=121, width= 20, height= 44, angle=  0
FrcRobotBase.PixyVision_Info: [2] sync=0xaa55, chksum=0x014a, sig=1, centerX=155, centerY= 98, width= 18, height= 58, angle=  0
FrcRobotBase.PixyVision_Info: [3] sync=0xaa55, chksum=0x00b6, sig=1, centerX=145, centerY= 11, width=  2, height= 23, angle=  0
FrcRobotBase.PixyVision_Info: [4] sync=0xaa55, chksum=0x00c2, sig=1, centerX=157, centerY= 11, width=  3, height= 22, angle=  0
FrcRobotBase.PixyVision_Info: Expected Target: distance=26.6, width=86.6, height=43.3
FrcRobotBase.PixyVision_Info: ***TargetRect***: [0,1] x=114, y=94, w=91, h=49
FrcRobotBase.PixyVision_Info: ###TargetInfo###: xDist=-0.1, yDist=25.3, angle=-0.1
FrcRobotBase.Robot_Info: [4.358] VISION_DEPLOY: xPos=  0.02,yPos=114.89,heading=  56.0/  60.0,volts=12.9(10.5)
FrcRobotBase.printPidInfo_Info: sonarDrivePidCtrl: Target=   7.0, Input=  18.4, Error=  11.4, PIDTerms= 0.189/ 0.000/-0.052/ 0.000, Output= 0.136(-0.500/0.500)
FrcRobotBase.printPidInfo_Info: visionTurnPidCtrl: Target=   0.0, Input=  -0.1, Error=  -0.1, PIDTerms=-0.003/ 0.000/-0.002/ 0.000, Output=-0.005(-0.500/0.500)
FrcRobotBase.PixyVision_Info: 5 object(s) found
FrcRobotBase.PixyVision_Info: [0] sync=0xaa55, chksum=0x017d, sig=1, centerX=196, centerY=120, width= 19, height= 45, angle=  0
FrcRobotBase.PixyVision_Info: [1] sync=0xaa55, chksum=0x0137, sig=1, centerX=120, centerY=124, width= 22, height= 44, angle=  0
FrcRobotBase.PixyVision_Info: [2] sync=0xaa55, chksum=0x0152, sig=1, centerX=153, centerY=100, width= 18, height= 66, angle=  0
FrcRobotBase.PixyVision_Info: [3] sync=0xaa55, chksum=0x00b3, sig=1, centerX=142, centerY= 11, width=  2, height= 23, angle=  0
FrcRobotBase.PixyVision_Info: [4] sync=0xaa55, chksum=0x00c0, sig=1, centerX=155, centerY= 11, width=  3, height= 22, angle=  0
FrcRobotBase.PixyVision_Info: Expected Target: distance=24.4, width=94.1, height=47.0
FrcRobotBase.PixyVision_Info: ***TargetRect***: [0,1] x=109, y=98, w=97, h=48
FrcRobotBase.PixyVision_Info: ###TargetInfo###: xDist=-0.3, yDist=23.7, angle=-0.6
FrcRobotBase.Robot_Info: [4.409] VISION_DEPLOY: xPos=  0.26,yPos=116.81,heading=  56.3/  60.0,volts=12.8(10.5)
FrcRobotBase.printPidInfo_Info: sonarDrivePidCtrl: Target=   7.0, Input=  16.4, Error=   9.4, PIDTerms= 0.156/ 0.000/-0.069/ 0.000, Output= 0.087(-0.500/0.500)
FrcRobotBase.printPidInfo_Info: visionTurnPidCtrl: Target=   0.0, Input=  -0.6, Error=  -0.6, PIDTerms=-0.016/ 0.000/-0.001/ 0.000, Output=-0.017(-0.500/0.500)
FrcRobotBase.PixyVision_Info: 3 object(s) found
FrcRobotBase.PixyVision_Info: [0] sync=0xaa55, chksum=0x015e, sig=1, centerX=148, centerY=103, width= 21, height= 77, angle=  0
FrcRobotBase.PixyVision_Info: [1] sync=0xaa55, chksum=0x0193, sig=1, centerX=199, centerY=129, width= 22, height= 52, angle=  0
FrcRobotBase.PixyVision_Info: [2] sync=0xaa55, chksum=0x013b, sig=1, centerX=112, centerY=132, width= 22, height= 48, angle=  0
FrcRobotBase.PixyVision_Info: Expected Target: distance=22.1, width=104.2, height=52.1
FrcRobotBase.PixyVision_Info: ***TargetRect***: [0,1] x=138, y=65, w=72, h=90
FrcRobotBase.PixyVision_Info: ###TargetInfo###: xDist=1.9, yDist=31.9, angle=3.5
FrcRobotBase.PixyVision_Info: 3 object(s) found
FrcRobotBase.PixyVision_Info: [0] sync=0xaa55, chksum=0x0164, sig=1, centerX=147, centerY=105, width= 23, height= 80, angle=  0
FrcRobotBase.PixyVision_Info: [1] sync=0xaa55, chksum=0x0199, sig=1, centerX=200, centerY=131, width= 22, height= 55, angle=  0
FrcRobotBase.PixyVision_Info: [2] sync=0xaa55, chksum=0x0136, sig=1, centerX=110, centerY=132, width= 22, height= 45, angle=  0
FrcRobotBase.PixyVision_Info: Expected Target: distance=21.0, width=109.8, height=54.9
FrcRobotBase.PixyVision_Info: ***TargetRect***: [0,1] x=136, y=65, w=75, h=94
FrcRobotBase.PixyVision_Info: ###TargetInfo###: xDist=1.8, yDist=30.7, angle=3.4
FrcRobotBase.Robot_Info: [4.482] VISION_DEPLOY: xPos=  0.22,yPos=119.55,heading=  56.3/  60.0,volts=12.9(10.5)
FrcRobotBase.printPidInfo_Info: sonarDrivePidCtrl: Target=   7.0, Input=  13.5, Error=   6.5, PIDTerms= 0.106/ 0.000/-0.089/ 0.000, Output= 0.017(-0.500/0.500)
FrcRobotBase.printPidInfo_Info: visionTurnPidCtrl: Target=   0.0, Input=   3.4, Error=   3.4, PIDTerms= 0.084/ 0.000/ 0.009/ 0.000, Output= 0.093(-0.500/0.500)
FrcRobotBase.PixyVision_Info: 2 object(s) found
FrcRobotBase.PixyVision_Info: [0] sync=0xaa55, chksum=0x0190, sig=1, centerX=142, centerY=117, width= 35, height=105, angle=  0
FrcRobotBase.PixyVision_Info: [1] sync=0xaa55, chksum=0x01a5, sig=1, centerX=206, centerY=138, width= 26, height= 50, angle=  0
FrcRobotBase.PixyVision_Info: Expected Target: distance=18.5, width=124.6, height=62.3
FrcRobotBase.PixyVision_Info: ===TargetRect===: x=125, y=65, w=94, h=105
FrcRobotBase.PixyVision_Info: ###TargetInfo###: xDist=1.3, yDist=24.5, angle=3.0
FrcRobotBase.Robot_Info: [4.543] VISION_DEPLOY: xPos=  0.25,yPos=121.15,heading=  56.4/  60.0,volts=12.8(10.5)
FrcRobotBase.printPidInfo_Info: sonarDrivePidCtrl: Target=   7.0, Input=  10.5, Error=   3.5, PIDTerms= 0.057/ 0.000/-0.070/ 0.000, Output=-0.013(-0.500/0.500)
FrcRobotBase.printPidInfo_Info: visionTurnPidCtrl: Target=   0.0, Input=   3.0, Error=   3.0, PIDTerms= 0.075/ 0.000/-0.001/ 0.000, Output= 0.074(-0.500/0.500)
FrcRobotBase.PixyVision_Info: 4 object(s) found
FrcRobotBase.PixyVision_Info: [0] sync=0xaa55, chksum=0x01a8, sig=1, centerX=141, centerY=119, width= 44, height=119, angle=  0
FrcRobotBase.PixyVision_Info: [1] sync=0xaa55, chksum=0x01a4, sig=1, centerX=209, centerY=139, width= 29, height= 42, angle=  0
FrcRobotBase.PixyVision_Info: [2] sync=0xaa55, chksum=0x00b3, sig=1, centerX=128, centerY= 12, width= 13, height= 25, angle=  0
FrcRobotBase.PixyVision_Info: [3] sync=0xaa55, chksum=0x00c3, sig=1, centerX=148, centerY= 12, width= 10, height= 24, angle=  0
FrcRobotBase.PixyVision_Info: Expected Target: distance=17.2, width=133.6, height=66.8
FrcRobotBase.PixyVision_Info: ***TargetRect***: [2,3] x=122, y=0, w=31, h=25
FrcRobotBase.PixyVision_Info: ###TargetInfo###: xDist=-7.3, yDist=74.2, angle=-5.6
FrcRobotBase.PixyVision_Info: 4 object(s) found
FrcRobotBase.PixyVision_Info: [0] sync=0xaa55, chksum=0x01b4, sig=1, centerX=137, centerY=120, width= 50, height=128, angle=  0
FrcRobotBase.PixyVision_Info: [1] sync=0xaa55, chksum=0x019f, sig=1, centerX=209, centerY=138, width= 30, height= 37, angle=  0
FrcRobotBase.PixyVision_Info: [2] sync=0xaa55, chksum=0x00b1, sig=1, centerX=124, centerY= 13, width= 13, height= 26, angle=  0
FrcRobotBase.PixyVision_Info: [3] sync=0xaa55, chksum=0x00be, sig=1, centerX=144, centerY= 12, width=  9, height= 24, angle=  0
FrcRobotBase.PixyVision_Info: Expected Target: distance=16.2, width=141.8, height=70.9
FrcRobotBase.PixyVision_Info: ***TargetRect***: [2,3] x=118, y=0, w=31, h=26
FrcRobotBase.PixyVision_Info: ###TargetInfo###: xDist=-8.5, yDist=74.2, angle=-6.6
FrcRobotBase.Robot_Info: [4.627] VISION_DEPLOY: xPos=  0.18,yPos=123.36,heading=  58.0/  60.0,volts=12.8(10.5)
FrcRobotBase.printPidInfo_Info: sonarDrivePidCtrl: Target=   7.0, Input=   8.3, Error=   1.3, PIDTerms= 0.022/ 0.000/-0.064/ 0.000, Output=-0.041(-0.500/0.500)
FrcRobotBase.printPidInfo_Info: visionTurnPidCtrl: Target=   0.0, Input=  -6.6, Error=  -6.6, PIDTerms=-0.164/ 0.000/-0.021/ 0.000, Output=-0.186(-0.500/0.500)
FrcRobotBase.PixyVision_Info: 4 object(s) found
FrcRobotBase.PixyVision_Info: [0] sync=0xaa55, chksum=0x01c3, sig=1, centerX=129, centerY=123, width= 58, height=140, angle=  0
FrcRobotBase.PixyVision_Info: [1] sync=0xaa55, chksum=0x00ac, sig=1, centerX=111, centerY= 14, width= 18, height= 28, angle=  0
FrcRobotBase.PixyVision_Info: [2] sync=0xaa55, chksum=0x0195, sig=1, centerX=206, centerY=140, width= 33, height= 25, angle=  0
FrcRobotBase.PixyVision_Info: [3] sync=0xaa55, chksum=0x00b9, sig=1, centerX=134, centerY= 12, width= 13, height= 25, angle=  0
FrcRobotBase.PixyVision_Info: Expected Target: distance=14.9, width=154.9, height=77.4
FrcRobotBase.PixyVision_Info: ===TargetRect===: x=100, y=0, w=58, h=193
FrcRobotBase.PixyVision_Info: ###TargetInfo###: xDist=-5.3, yDist=39.7, angle=-7.7
FrcRobotBase.Robot_Info: [4.685] VISION_DEPLOY: xPos=  0.16,yPos=124.36,heading=  58.7/  60.0,volts=12.5(10.5)
FrcRobotBase.printPidInfo_Info: sonarDrivePidCtrl: Target=   7.0, Input=   6.9, Error=  -0.1, PIDTerms=-0.002/ 0.000/-0.049/ 0.000, Output=-0.052(-0.500/0.500)
FrcRobotBase.printPidInfo_Info: visionTurnPidCtrl: Target=   0.0, Input=  -7.7, Error=  -7.7, PIDTerms=-0.192/ 0.000/-0.003/ 0.000, Output=-0.195(-0.500/0.500)
FrcRobotBase.PixyVision_Info: 3 object(s) found
FrcRobotBase.PixyVision_Info: [0] sync=0xaa55, chksum=0x01b8, sig=1, centerX=116, centerY= 88, width= 59, height=176, angle=  0
FrcRobotBase.PixyVision_Info: [1] sync=0xaa55, chksum=0x017a, sig=1, centerX=202, centerY=137, width= 29, height=  9, angle=  0
FrcRobotBase.PixyVision_Info: [2] sync=0xaa55, chksum=0x0115, sig=1, centerX=166, centerY= 75, width= 21, height= 14, angle=  0
FrcRobotBase.PixyVision_Info: Expected Target: distance=14.7, width=156.2, height=78.1
FrcRobotBase.PixyVision_Info: ===TargetRect===: x=87, y=0, w=130, h=176
FrcRobotBase.PixyVision_Info: ###TargetInfo###: xDist=-0.6, yDist=17.7, angle=-2.0
FrcRobotBase.PixyVision_Info: null object(s) found
FrcRobotBase.Robot_Info: [4.712] DEPLOY_GEAR: xPos=  0.14,yPos=124.94,heading=  58.2/  60.0,volts=12.7(10.5)
FrcRobotBase.Robot_Info: [4.712] VISION_DEPLOY: xPos=  0.14,yPos=124.94,heading=  58.2/  60.0,volts=12.7(10.5)
FrcRobotBase.Robot_Info: [4.748] VISION_DEPLOY: xPos=  0.27,yPos=125.25,heading=  57.5/  60.0,volts=12.8(10.5)
FrcRobotBase.Robot_Info: [4.781] VISION_DEPLOY: xPos=  0.27,yPos=125.41,heading=  57.4/  60.0,volts=12.8(10.5)
FrcRobotBase.PixyVision_Info: 2 object(s) found
FrcRobotBase.PixyVision_Info: [0] sync=0xaa55, chksum=0x018d, sig=1, centerX=122, centerY= 79, width= 68, height=127, angle=  0
FrcRobotBase.PixyVision_Info: [1] sync=0xaa55, chksum=0x0128, sig=1, centerX=177, centerY= 74, width= 24, height= 20, angle=  0
FrcRobotBase.PixyVision_Info: Expected Target: distance=14.7, width=156.2, height=78.1
FrcRobotBase.PixyVision_Info: ===TargetRect===: x=88, y=16, w=101, h=127
FrcRobotBase.PixyVision_Info: ###TargetInfo###: xDist=-2.1, yDist=22.8, angle=-5.3
FrcRobotBase.Robot_Info: [4.818] VISION_DEPLOY: xPos=  0.23,yPos=125.42,heading=  57.8/  60.0,volts=12.8(10.5)
FrcRobotBase.Robot_Info: [4.840] VISION_DEPLOY: xPos=  0.22,yPos=125.40,heading=  58.1/  60.0,volts=12.8(10.5)
FrcRobotBase.Robot_Info: [4.861] VISION_DEPLOY: xPos=  0.21,yPos=125.32,heading=  58.2/  60.0,volts=12.8(10.5)
FrcRobotBase.Robot_Info: [4.882] VISION_DEPLOY: xPos=  0.22,yPos=125.18,heading=  58.2/  60.0,volts=12.8(10.5)
FrcRobotBase.PixyVision_Info: 1 object(s) found
FrcRobotBase.Robot_Info: [4.907] VISION_DEPLOY: xPos=  0.26,yPos=125.06,heading=  58.3/  60.0,volts=12.8(10.5)
FrcRobotBase.Robot_Info: [4.928] VISION_DEPLOY: xPos=  0.26,yPos=124.93,heading=  58.3/  60.0,volts=12.8(10.5)
FrcRobotBase.Robot_Info: [4.950] VISION_DEPLOY: xPos=  0.22,yPos=124.80,heading=  58.3/  60.0,volts=12.8(10.5)
FrcRobotBase.Robot_Info: [4.976] VISION_DEPLOY: xPos=  0.20,yPos=124.65,heading=  58.2/  60.0,volts=12.8(10.5)
FrcRobotBase.Robot_Info: [4.984] VISION_DEPLOY: xPos=  0.20,yPos=124.65,heading=  58.2/  60.0,volts=12.8(10.5)
FrcRobotBase.Robot_Info: [4.995] VISION_DEPLOY: xPos=  0.21,yPos=124.47,heading=  58.2/  60.0,volts=12.8(10.5)
FrcRobotBase.Robot_Info: [5.004] VISION_DEPLOY: xPos=  0.21,yPos=124.47,heading=  58.2/  60.0,volts=12.8(10.5)
FrcRobotBase.PixyVision_Info: 2 object(s) found
FrcRobotBase.PixyVision_Info: [0] sync=0xaa55, chksum=0x01af, sig=1, centerX=120, centerY= 86, width= 63, height=161, angle=  0
FrcRobotBase.PixyVision_Info: [1] sync=0xaa55, chksum=0x0160, sig=1, centerX=198, centerY=137, width= 13, height=  3, angle=  0
FrcRobotBase.PixyVision_Info: Expected Target: distance=14.7, width=156.2, height=78.1
FrcRobotBase.PixyVision_Info: ===TargetRect===: x=89, y=6, w=116, h=161
FrcRobotBase.PixyVision_Info: ###TargetInfo###: xDist=-1.1, yDist=19.8, angle=-3.2
FrcRobotBase.Robot_Info: [5.021] VISION_DEPLOY: xPos=  0.21,yPos=124.30,heading=  58.3/  60.0,volts=12.8(10.5)
FrcRobotBase.Robot_Info: [5.030] VISION_DEPLOY: xPos=  0.25,yPos=124.18,heading=  58.3/  60.0,volts=12.8(10.5)
FrcRobotBase.Robot_Info: [5.041]     BACKUP: xPos=  0.22,yPos=124.14,heading=  58.3/  60.0,volts=12.8(10.5)
FrcRobotBase.printPidInfo_Info: encoderXPidCtrl: Target=   0.2, Input=  -0.1, Error=   0.0, PIDTerms= 0.016/ 0.000/-0.000/ 0.000, Output= 0.000(-0.500/0.500)
FrcRobotBase.printPidInfo_Info: encoderYPidCtrl: Target=  88.1, Input=  84.4, Error= -36.0, PIDTerms= 0.022/ 0.000/-0.013/ 0.000, Output= 0.000(-0.500/0.500)
FrcRobotBase.printPidInfo_Info: gyroTurnPidCtrl: Target=  60.0, Input=  59.1, Error=   1.8, PIDTerms= 0.058/ 0.000/ 0.012/ 0.000, Output= 0.000(-0.500/0.500)
FrcRobotBase.Robot_Info: [5.041] VISION_DEPLOY: xPos=  0.22,yPos=124.14,heading=  58.3/  60.0,volts=12.8(10.5)
FrcRobotBase.printPidInfo_Info: encoderXPidCtrl: Target=   0.2, Input=  -0.1, Error=   0.0, PIDTerms= 0.016/ 0.000/-0.000/ 0.000, Output= 0.000(-0.500/0.500)
FrcRobotBase.printPidInfo_Info: encoderYPidCtrl: Target=  88.1, Input=  84.4, Error= -36.0, PIDTerms= 0.022/ 0.000/-0.013/ 0.000, Output= 0.000(-0.500/0.500)
FrcRobotBase.printPidInfo_Info: gyroTurnPidCtrl: Target=  60.0, Input=  59.1, Error=   1.8, PIDTerms= 0.058/ 0.000/ 0.012/ 0.000, Output= 0.000(-0.500/0.500)
FrcRobotBase.Robot_Info: [5.062] VISION_DEPLOY: xPos=  0.21,yPos=124.00,heading=  58.2/  60.0,volts=12.8(10.5)
FrcRobotBase.printPidInfo_Info: encoderXPidCtrl: Target=   0.2, Input=   0.2, Error=   0.0, PIDTerms= 0.000/ 0.000/ 0.000/ 0.000, Output= 0.000(-0.500/0.500)
FrcRobotBase.printPidInfo_Info: encoderYPidCtrl: Target=  88.1, Input= 124.1, Error= -36.0, PIDTerms=-1.260/ 0.000/ 0.000/ 0.000, Output=-0.500(-0.500/0.500)
FrcRobotBase.printPidInfo_Info: gyroTurnPidCtrl: Target=  60.0, Input=  58.3, Error=   1.8, PIDTerms= 0.114/ 0.000/ 0.000/ 0.000, Output= 0.114(-0.500/0.500)
FrcRobotBase.Robot_Info: [5.079] VISION_DEPLOY: xPos=  0.22,yPos=123.87,heading=  58.2/  60.0,volts=11.2(10.5)
FrcRobotBase.printPidInfo_Info: encoderXPidCtrl: Target=   0.2, Input=   0.2, Error=   0.0, PIDTerms= 0.001/ 0.000/ 0.000/ 0.000, Output= 0.001(-0.500/0.500)
FrcRobotBase.printPidInfo_Info: encoderYPidCtrl: Target=  88.1, Input= 124.0, Error= -35.9, PIDTerms=-1.255/ 0.000/ 0.065/ 0.000, Output=-0.500(-0.500/0.500)
FrcRobotBase.printPidInfo_Info: gyroTurnPidCtrl: Target=  60.0, Input=  58.2, Error=   1.8, PIDTerms= 0.115/ 0.000/ 0.006/ 0.000, Output= 0.121(-0.500/0.500)
FrcRobotBase.Robot_Info: [5.097] VISION_DEPLOY: xPos=  0.19,yPos=123.34,heading=  58.2/  60.0,volts=11.9(10.5)
FrcRobotBase.printPidInfo_Info: encoderXPidCtrl: Target=   0.2, Input=   0.2, Error=  -0.0, PIDTerms=-0.001/ 0.000/-0.000/ 0.000, Output=-0.001(-0.500/0.500)
FrcRobotBase.printPidInfo_Info: encoderYPidCtrl: Target=  88.1, Input= 123.9, Error= -35.7, PIDTerms=-1.251/ 0.000/ 0.076/ 0.000, Output=-0.500(-0.500/0.500)
FrcRobotBase.printPidInfo_Info: gyroTurnPidCtrl: Target=  60.0, Input=  58.2, Error=   1.8, PIDTerms= 0.116/ 0.000/ 0.007/ 0.000, Output= 0.123(-0.500/0.500)
FrcRobotBase.Robot_Info: [5.116] VISION_DEPLOY: xPos=  0.30,yPos=122.84,heading=  58.2/  60.0,volts=11.9(10.5)
FrcRobotBase.printPidInfo_Info: encoderXPidCtrl: Target=   0.2, Input=   0.2, Error=   0.0, PIDTerms= 0.004/ 0.000/ 0.000/ 0.000, Output= 0.004(-0.500/0.500)
FrcRobotBase.printPidInfo_Info: encoderYPidCtrl: Target=  88.1, Input= 123.3, Error= -35.2, PIDTerms=-1.232/ 0.000/ 0.224/ 0.000, Output=-0.500(-0.500/0.500)
FrcRobotBase.printPidInfo_Info: gyroTurnPidCtrl: Target=  60.0, Input=  58.2, Error=   1.8, PIDTerms= 0.118/ 0.000/ 0.008/ 0.000, Output= 0.126(-0.500/0.500)
FrcRobotBase.PixyVision_Info: 2 object(s) found
FrcRobotBase.PixyVision_Info: [0] sync=0xaa55, chksum=0x01c1, sig=1, centerX=124, centerY= 87, width= 63, height=174, angle=  0
FrcRobotBase.PixyVision_Info: [1] sync=0xaa55, chksum=0x016f, sig=1, centerX=201, centerY=135, width= 22, height=  8, angle=  0
FrcRobotBase.PixyVision_Info: Expected Target: distance=14.7, width=156.2, height=78.1
FrcRobotBase.PixyVision_Info: ===TargetRect===: x=93, y=0, w=119, h=174
FrcRobotBase.PixyVision_Info: ###TargetInfo###: xDist=-0.6, yDist=19.3, angle=-1.9
FrcRobotBase.Robot_Info: [5.176] VISION_DEPLOY: xPos=  0.33,yPos=121.50,heading=  59.0/  60.0,volts=11.1(10.5)
FrcRobotBase.printPidInfo_Info: encoderXPidCtrl: Target=   0.2, Input=   0.3, Error=  -0.1, PIDTerms=-0.013/ 0.000/-0.000/ 0.000, Output=-0.013(-0.500/0.500)
FrcRobotBase.printPidInfo_Info: encoderYPidCtrl: Target=  88.1, Input= 122.8, Error= -34.7, PIDTerms=-1.215/ 0.000/ 0.067/ 0.000, Output=-0.500(-0.500/0.500)
FrcRobotBase.printPidInfo_Info: gyroTurnPidCtrl: Target=  60.0, Input=  58.2, Error=   1.8, PIDTerms= 0.118/ 0.000/ 0.000/ 0.000, Output= 0.118(-0.500/0.500)
FrcRobotBase.Robot_Info: [5.209] VISION_DEPLOY: xPos=  0.30,yPos=120.37,heading=  59.9/  60.0,volts=11.4(10.5)
FrcRobotBase.printPidInfo_Info: encoderXPidCtrl: Target=   0.2, Input=   0.3, Error=  -0.1, PIDTerms=-0.017/ 0.000/-0.000/ 0.000, Output=-0.017(-0.500/0.500)
FrcRobotBase.printPidInfo_Info: encoderYPidCtrl: Target=  88.1, Input= 121.5, Error= -33.4, PIDTerms=-1.168/ 0.000/ 0.327/ 0.000, Output=-0.500(-0.500/0.500)
FrcRobotBase.printPidInfo_Info: gyroTurnPidCtrl: Target=  60.0, Input=  59.0, Error=   1.0, PIDTerms= 0.066/ 0.000/-0.122/ 0.000, Output=-0.056(-0.500/0.500)
FrcRobotBase.PixyVision_Info: 4 object(s) found
FrcRobotBase.PixyVision_Info: [0] sync=0xaa55, chksum=0x0147, sig=1, centerX=114, centerY= 92, width= 39, height= 81, angle=  0
FrcRobotBase.PixyVision_Info: [1] sync=0xaa55, chksum=0x0172, sig=1, centerX=191, centerY=130, width= 29, height= 19, angle=  0
FrcRobotBase.PixyVision_Info: [2] sync=0xaa55, chksum=0x009b, sig=1, centerX=102, centerY= 14, width= 10, height= 28, angle=  0
FrcRobotBase.PixyVision_Info: [3] sync=0xaa55, chksum=0x00a9, sig=1, centerX=123, centerY= 13, width=  6, height= 26, angle=  0
FrcRobotBase.PixyVision_Info: Expected Target: distance=15.6, width=147.5, height=73.7
FrcRobotBase.PixyVision_Info: ***TargetRect***: [0,1] x=95, y=52, w=111, h=88
FrcRobotBase.PixyVision_Info: ###TargetInfo###: xDist=-0.9, yDist=20.7, angle=-2.4
FrcRobotBase.Robot_Info: [5.311] VISION_DEPLOY: xPos=  0.40,yPos=116.69,heading=  61.1/  60.0,volts=11.5(10.5)
FrcRobotBase.printPidInfo_Info: encoderXPidCtrl: Target=   0.2, Input=   0.3, Error=  -0.1, PIDTerms=-0.013/ 0.000/ 0.000/ 0.000, Output=-0.013(-0.500/0.500)
FrcRobotBase.printPidInfo_Info: encoderYPidCtrl: Target=  88.1, Input= 120.4, Error= -32.2, PIDTerms=-1.128/ 0.000/ 0.087/ 0.000, Output=-0.500(-0.500/0.500)
FrcRobotBase.printPidInfo_Info: gyroTurnPidCtrl: Target=  60.0, Input=  59.9, Error=   0.1, PIDTerms= 0.008/ 0.000/-0.043/ 0.000, Output=-0.035(-0.500/0.500)
FrcRobotBase.Robot_Info: [5.363] VISION_DEPLOY: xPos=  0.01,yPos=115.32,heading=  61.2/  60.0,volts=11.5(10.5)
FrcRobotBase.printPidInfo_Info: encoderXPidCtrl: Target=   0.2, Input=   0.4, Error=  -0.2, PIDTerms=-0.027/ 0.000/-0.000/ 0.000, Output=-0.027(-0.500/0.500)
FrcRobotBase.printPidInfo_Info: encoderYPidCtrl: Target=  88.1, Input= 116.7, Error= -28.6, PIDTerms=-0.999/ 0.000/ 0.577/ 0.000, Output=-0.422(-0.500/0.500)
FrcRobotBase.printPidInfo_Info: gyroTurnPidCtrl: Target=  60.0, Input=  61.1, Error=  -1.1, PIDTerms=-0.074/ 0.000/-0.124/ 0.000, Output=-0.198(-0.500/0.500)
FrcRobotBase.PixyVision_Info: 2 object(s) found
FrcRobotBase.PixyVision_Info: [0] sync=0xaa55, chksum=0x016c, sig=1, centerX=182, centerY=123, width= 23, height= 35, angle=  0
FrcRobotBase.PixyVision_Info: [1] sync=0xaa55, chksum=0x0106, sig=1, centerX=125, centerY= 74, width= 26, height= 36, angle=  0
FrcRobotBase.PixyVision_Info: Expected Target: distance=20.3, width=113.1, height=56.6
FrcRobotBase.PixyVision_Info: ===TargetRect===: x=112, y=56, w=82, h=85
FrcRobotBase.PixyVision_Info: ###TargetInfo###: xDist=-0.9, yDist=28.0, angle=-1.7
FrcRobotBase.Robot_Info: [5.426] VISION_DEPLOY: xPos=  0.11,yPos=112.40,heading=  60.8/  60.0,volts=11.8(10.5)
FrcRobotBase.printPidInfo_Info: encoderXPidCtrl: Target=   0.2, Input=   0.0, Error=   0.2, PIDTerms= 0.031/ 0.000/ 0.000/ 0.000, Output= 0.031(-0.500/0.500)
FrcRobotBase.printPidInfo_Info: encoderYPidCtrl: Target=  88.1, Input= 115.3, Error= -27.2, PIDTerms=-0.951/ 0.000/ 0.166/ 0.000, Output=-0.500(-0.500/0.500)
FrcRobotBase.printPidInfo_Info: gyroTurnPidCtrl: Target=  60.0, Input=  61.2, Error=  -1.2, PIDTerms=-0.077/ 0.000/-0.003/ 0.000, Output=-0.080(-0.500/0.500)
FrcRobotBase.Robot_Info: [5.474] VISION_DEPLOY: xPos=  0.14,yPos=109.60,heading=  60.0/  60.0,volts=11.7(10.5)
FrcRobotBase.printPidInfo_Info: encoderXPidCtrl: Target=   0.2, Input=   0.1, Error=   0.1, PIDTerms= 0.016/ 0.000/-0.000/ 0.000, Output= 0.016(-0.500/0.500)
FrcRobotBase.printPidInfo_Info: encoderYPidCtrl: Target=  88.1, Input= 112.4, Error= -24.3, PIDTerms=-0.849/ 0.000/ 0.505/ 0.000, Output=-0.344(-0.500/0.500)
FrcRobotBase.printPidInfo_Info: gyroTurnPidCtrl: Target=  60.0, Input=  60.8, Error=  -0.8, PIDTerms=-0.055/ 0.000/ 0.037/ 0.000, Output=-0.018(-0.500/0.500)
FrcRobotBase.PixyVision_Info: 2 object(s) found
FrcRobotBase.PixyVision_Info: [0] sync=0xaa55, chksum=0x016c, sig=1, centerX=187, centerY=117, width= 21, height= 38, angle=  0
FrcRobotBase.PixyVision_Info: [1] sync=0xaa55, chksum=0x0105, sig=1, centerX=110, centerY=113, width= 16, height= 21, angle=  0
FrcRobotBase.PixyVision_Info: Expected Target: distance=24.3, width=94.6, height=47.3
FrcRobotBase.PixyVision_Info: ===TargetRect===: x=102, y=98, w=96, h=38
FrcRobotBase.PixyVision_Info: ###TargetInfo###: xDist=-1.0, yDist=24.0, angle=-2.5
FrcRobotBase.Robot_Info: [5.544] VISION_DEPLOY: xPos=  0.19,yPos=106.39,heading=  58.4/  60.0,volts=12.4(10.5)
FrcRobotBase.printPidInfo_Info: encoderXPidCtrl: Target=   0.2, Input=   0.1, Error=   0.1, PIDTerms= 0.011/ 0.000/-0.000/ 0.000, Output= 0.011(-0.500/0.500)
FrcRobotBase.printPidInfo_Info: encoderYPidCtrl: Target=  88.1, Input= 109.6, Error= -21.5, PIDTerms=-0.751/ 0.000/ 0.355/ 0.000, Output=-0.396(-0.500/0.500)
FrcRobotBase.printPidInfo_Info: gyroTurnPidCtrl: Target=  60.0, Input=  60.0, Error=   0.0, PIDTerms= 0.003/ 0.000/ 0.071/ 0.000, Output= 0.074(-0.500/0.500)
FrcRobotBase.Robot_Info: [5.590] VISION_DEPLOY: xPos=  0.40,yPos=103.35,heading=  58.2/  60.0,volts=12.4(10.5)
FrcRobotBase.printPidInfo_Info: encoderXPidCtrl: Target=   0.2, Input=   0.2, Error=   0.0, PIDTerms= 0.005/ 0.000/-0.000/ 0.000, Output= 0.005(-0.500/0.500)
FrcRobotBase.printPidInfo_Info: encoderYPidCtrl: Target=  88.1, Input= 106.4, Error= -18.3, PIDTerms=-0.639/ 0.000/ 0.496/ 0.000, Output=-0.143(-0.500/0.500)
FrcRobotBase.printPidInfo_Info: gyroTurnPidCtrl: Target=  60.0, Input=  58.4, Error=   1.6, PIDTerms= 0.103/ 0.000/ 0.149/ 0.000, Output= 0.252(-0.500/0.500)
FrcRobotBase.PixyVision_Info: 2 object(s) found
FrcRobotBase.PixyVision_Info: [0] sync=0xaa55, chksum=0x0168, sig=1, centerX=194, centerY=108, width= 18, height= 39, angle=  0
FrcRobotBase.PixyVision_Info: [1] sync=0xaa55, chksum=0x0105, sig=1, centerX=130, centerY=100, width= 16, height= 14, angle=  0
FrcRobotBase.PixyVision_Info: Expected Target: distance=31.7, width=72.6, height=36.3
FrcRobotBase.PixyVision_Info: ===TargetRect===: x=122, y=89, w=81, h=39
FrcRobotBase.PixyVision_Info: ###TargetInfo###: xDist=0.3, yDist=28.4, angle=0.6
FrcRobotBase.Robot_Info: [5.665] VISION_DEPLOY: xPos=  0.17,yPos=100.28,heading=  58.6/  60.0,volts=12.7(10.5)
FrcRobotBase.printPidInfo_Info: encoderXPidCtrl: Target=   0.2, Input=   0.4, Error=  -0.2, PIDTerms=-0.027/ 0.000/-0.000/ 0.000, Output=-0.027(-0.500/0.500)
FrcRobotBase.printPidInfo_Info: encoderYPidCtrl: Target=  88.1, Input= 103.4, Error= -15.2, PIDTerms=-0.533/ 0.000/ 0.365/ 0.000, Output=-0.168(-0.500/0.500)
FrcRobotBase.printPidInfo_Info: gyroTurnPidCtrl: Target=  60.0, Input=  58.2, Error=   1.8, PIDTerms= 0.120/ 0.000/ 0.019/ 0.000, Output= 0.138(-0.500/0.500)
FrcRobotBase.Robot_Info: [5.709] VISION_DEPLOY: xPos=  0.18,yPos= 98.36,heading=  60.3/  60.0,volts=12.7(10.5)
FrcRobotBase.printPidInfo_Info: encoderXPidCtrl: Target=   0.2, Input=   0.2, Error=   0.0, PIDTerms= 0.007/ 0.000/ 0.000/ 0.000, Output= 0.007(-0.500/0.500)
FrcRobotBase.printPidInfo_Info: encoderYPidCtrl: Target=  88.1, Input= 100.3, Error= -12.1, PIDTerms=-0.425/ 0.000/ 0.466/ 0.000, Output= 0.041(-0.500/0.500)
FrcRobotBase.printPidInfo_Info: gyroTurnPidCtrl: Target=  60.0, Input=  58.6, Error=   1.4, PIDTerms= 0.089/ 0.000/-0.045/ 0.000, Output= 0.045(-0.500/0.500)
FrcRobotBase.PixyVision_Info: 3 object(s) found
FrcRobotBase.PixyVision_Info: [0] sync=0xaa55, chksum=0x0146, sig=1, centerX=176, centerY=101, width= 16, height= 32, angle=  0
FrcRobotBase.PixyVision_Info: [1] sync=0xaa55, chksum=0x0110, sig=1, centerX=121, centerY=104, width= 15, height= 31, angle=  0
FrcRobotBase.PixyVision_Info: [2] sync=0xaa55, chksum=0x00f9, sig=1, centerX=205, centerY= 36, width=  5, height=  2, angle=  0
FrcRobotBase.PixyVision_Info: Expected Target: distance=31.2, width=73.8, height=36.9
FrcRobotBase.PixyVision_Info: ***TargetRect***: [0,1] x=114, y=85, w=70, h=35
FrcRobotBase.PixyVision_Info: ###TargetInfo###: xDist=-1.6, yDist=32.9, angle=-2.7
FrcRobotBase.Robot_Info: [5.787] VISION_DEPLOY: xPos=  0.41,yPos= 95.69,heading=  63.9/  60.0,volts=12.5(10.5)
FrcRobotBase.printPidInfo_Info: encoderXPidCtrl: Target=   0.2, Input=   0.2, Error=   0.0, PIDTerms= 0.006/ 0.000/-0.000/ 0.000, Output= 0.006(-0.500/0.500)
FrcRobotBase.printPidInfo_Info: encoderYPidCtrl: Target=  88.1, Input=  98.4, Error= -10.2, PIDTerms=-0.358/ 0.000/ 0.197/ 0.000, Output=-0.160(-0.500/0.500)
FrcRobotBase.printPidInfo_Info: gyroTurnPidCtrl: Target=  60.0, Input=  60.3, Error=  -0.3, PIDTerms=-0.023/ 0.000/-0.110/ 0.000, Output=-0.133(-0.500/0.500)
FrcRobotBase.Robot_Info: [5.840] VISION_DEPLOY: xPos=  0.49,yPos= 94.12,heading=  64.7/  60.0,volts=11.5(10.5)
FrcRobotBase.printPidInfo_Info: encoderXPidCtrl: Target=   0.2, Input=   0.4, Error=  -0.2, PIDTerms=-0.029/ 0.000/-0.000/ 0.000, Output=-0.029(-0.500/0.500)
FrcRobotBase.printPidInfo_Info: encoderYPidCtrl: Target=  88.1, Input=  95.7, Error=  -7.6, PIDTerms=-0.264/ 0.000/ 0.472/ 0.000, Output= 0.207(-0.500/0.500)
FrcRobotBase.printPidInfo_Info: gyroTurnPidCtrl: Target=  60.0, Input=  63.9, Error=  -3.9, PIDTerms=-0.251/ 0.000/-0.388/ 0.000, Output=-0.500(-0.500/0.500)
FrcRobotBase.PixyVision_Info: 3 object(s) found
FrcRobotBase.PixyVision_Info: [0] sync=0xaa55, chksum=0x0122, sig=1, centerX=151, centerY= 97, width= 12, height= 29, angle=  0
FrcRobotBase.PixyVision_Info: [1] sync=0xaa55, chksum=0x00f9, sig=1, centerX=106, centerY=101, width= 12, height= 29, angle=  0
FrcRobotBase.PixyVision_Info: [2] sync=0xaa55, chksum=0x017c, sig=1, centerX=316, centerY= 55, width=  5, height=  3, angle=  0
FrcRobotBase.PixyVision_Info: Expected Target: distance=34.7, width=66.4, height=33.2
FrcRobotBase.PixyVision_Info: ***TargetRect***: [0,1] x=100, y=83, w=57, h=33
FrcRobotBase.PixyVision_Info: ###TargetInfo###: xDist=-5.5, yDist=40.4, angle=-7.8
FrcRobotBase.Robot_Info: [5.909] VISION_DEPLOY: xPos=  0.44,yPos= 92.86,heading=  62.9/  60.0,volts=10.8(10.5)
FrcRobotBase.printPidInfo_Info: encoderXPidCtrl: Target=   0.2, Input=   0.5, Error=  -0.3, PIDTerms=-0.041/ 0.000/-0.000/ 0.000, Output=-0.041(-0.500/0.500)
FrcRobotBase.printPidInfo_Info: encoderYPidCtrl: Target=  88.1, Input=  94.1, Error=  -6.0, PIDTerms=-0.209/ 0.000/ 0.165/ 0.000, Output=-0.044(-0.500/0.500)
FrcRobotBase.printPidInfo_Info: gyroTurnPidCtrl: Target=  60.0, Input=  64.7, Error=  -4.7, PIDTerms=-0.304/ 0.000/-0.053/ 0.000, Output=-0.357(-0.500/0.500)
FrcRobotBase.PixyVision_Info: 3 object(s) found
FrcRobotBase.PixyVision_Info: [0] sync=0xaa55, chksum=0x0126, sig=1, centerX=154, centerY= 96, width= 15, height= 28, angle=  0
FrcRobotBase.PixyVision_Info: [1] sync=0xaa55, chksum=0x00fe, sig=1, centerX=111, centerY=100, width= 14, height= 28, angle=  0
FrcRobotBase.PixyVision_Info: [2] sync=0xaa55, chksum=0x0179, sig=1, centerX=313, centerY= 55, width=  5, height=  3, angle=  0
FrcRobotBase.PixyVision_Info: Expected Target: distance=49.5, width=46.5, height=23.2
FrcRobotBase.PixyVision_Info: ***TargetRect***: [0,1] x=104, y=82, w=58, h=32
FrcRobotBase.PixyVision_Info: ###TargetInfo###: xDist=-4.7, yDist=39.7, angle=-6.7
FrcRobotBase.Robot_Info: [6.161] VISION_DEPLOY: xPos= -0.57,yPos= 89.19,heading=  39.4/  60.0,volts=12.6(10.5)
FrcRobotBase.printPidInfo_Info: encoderXPidCtrl: Target=   0.2, Input=   0.4, Error=  -0.2, PIDTerms=-0.034/ 0.000/ 0.000/ 0.000, Output=-0.034(-0.500/0.500)
FrcRobotBase.printPidInfo_Info: encoderYPidCtrl: Target=  88.1, Input=  92.9, Error=  -4.7, PIDTerms=-0.165/ 0.000/ 0.040/ 0.000, Output=-0.126(-0.500/0.500)
FrcRobotBase.printPidInfo_Info: gyroTurnPidCtrl: Target=  60.0, Input=  62.9, Error=  -2.9, PIDTerms=-0.190/ 0.000/ 0.034/ 0.000, Output=-0.155(-0.500/0.500)
FrcRobotBase.Robot_Info: [6.222] VISION_DEPLOY: xPos= -0.80,yPos= 87.94,heading=  34.5/  60.0,volts=11.6(10.5)
FrcRobotBase.printPidInfo_Info: encoderXPidCtrl: Target=   0.2, Input=  -0.6, Error=   0.8, PIDTerms= 0.118/ 0.000/ 0.000/ 0.000, Output= 0.118(-0.500/0.500)
FrcRobotBase.printPidInfo_Info: encoderYPidCtrl: Target=  88.1, Input=  89.2, Error=  -1.0, PIDTerms=-0.037/ 0.000/ 0.608/ 0.000, Output= 0.500(-0.500/0.500)
FrcRobotBase.printPidInfo_Info: gyroTurnPidCtrl: Target=  60.0, Input=  39.4, Error=  20.6, PIDTerms= 1.340/ 0.000/ 2.430/ 0.000, Output= 0.500(-0.500/0.500)
FrcRobotBase.PixyVision_Info: 2 object(s) found
FrcRobotBase.PixyVision_Info: [0] sync=0xaa55, chksum=0x015d, sig=1, centerX=259, centerY= 79, width=  5, height=  5, angle=  0
FrcRobotBase.PixyVision_Info: [1] sync=0xaa55, chksum=0x0148, sig=1, centerX=260, centerY= 56, width=  9, height=  2, angle=  0
FrcRobotBase.PixyVision_Info: Expected Target: distance=55.3, width=41.6, height=20.8
FrcRobotBase.PixyVision_Info: ===TargetRect===: x=256, y=55, w=9, h=27
FrcRobotBase.PixyVision_Info: ###TargetInfo###: xDist=111.7, yDist=255.6, angle=23.6
FrcRobotBase.Robot_Info: [6.309] VISION_DEPLOY: xPos= -0.01,yPos= 88.88,heading=  28.4/  60.0,volts=11.1(10.5)
FrcRobotBase.printPidInfo_Info: encoderXPidCtrl: Target=   0.2, Input=  -0.8, Error=   1.0, PIDTerms= 0.153/ 0.000/ 0.000/ 0.000, Output= 0.153(-0.500/0.500)
FrcRobotBase.printPidInfo_Info: encoderYPidCtrl: Target=  88.1, Input=  87.9, Error=   0.2, PIDTerms= 0.007/ 0.000/ 0.104/ 0.000, Output= 0.111(-0.500/0.500)
FrcRobotBase.printPidInfo_Info: gyroTurnPidCtrl: Target=  60.0, Input=  34.5, Error=  25.5, PIDTerms= 1.658/ 0.000/ 0.256/ 0.000, Output= 0.500(-0.500/0.500)
FrcRobotBase.Robot_Info: [6.375] VISION_DEPLOY: xPos=  0.94,yPos= 89.98,heading=  29.1/  60.0,volts=10.8(10.5)
FrcRobotBase.printPidInfo_Info: encoderXPidCtrl: Target=   0.2, Input=  -0.0, Error=   0.2, PIDTerms= 0.034/ 0.000/-0.000/ 0.000, Output= 0.034(-0.500/0.500)
FrcRobotBase.printPidInfo_Info: encoderYPidCtrl: Target=  88.1, Input=  88.9, Error=  -0.7, PIDTerms=-0.026/ 0.000/-0.115/ 0.000, Output=-0.141(-0.500/0.500)
FrcRobotBase.printPidInfo_Info: gyroTurnPidCtrl: Target=  60.0, Input=  28.4, Error=  31.6, PIDTerms= 2.051/ 0.000/ 0.461/ 0.000, Output= 0.500(-0.500/0.500)
FrcRobotBase.PixyVision_Info: 1 object(s) found
FrcRobotBase.Robot_Info: [6.408] VISION_DEPLOY: xPos=  0.89,yPos= 89.86,heading=  30.7/  60.0,volts=11.3(10.5)
FrcRobotBase.printPidInfo_Info: encoderXPidCtrl: Target=   0.2, Input=   0.9, Error=  -0.7, PIDTerms=-0.109/ 0.000/-0.000/ 0.000, Output=-0.109(-0.500/0.500)
FrcRobotBase.printPidInfo_Info: encoderYPidCtrl: Target=  88.1, Input=  90.0, Error=  -1.8, PIDTerms=-0.064/ 0.000/-0.237/ 0.000, Output=-0.301(-0.500/0.500)
FrcRobotBase.printPidInfo_Info: gyroTurnPidCtrl: Target=  60.0, Input=  29.1, Error=  30.9, PIDTerms= 2.009/ 0.000/-0.088/ 0.000, Output= 0.500(-0.500/0.500)
FrcRobotBase.Robot_Info: [6.440] VISION_DEPLOY: xPos=  0.77,yPos= 89.50,heading=  34.1/  60.0,volts=10.7(10.5)
FrcRobotBase.printPidInfo_Info: encoderXPidCtrl: Target=   0.2, Input=   0.9, Error=  -0.7, PIDTerms=-0.101/ 0.000/ 0.000/ 0.000, Output=-0.101(-0.500/0.500)
FrcRobotBase.printPidInfo_Info: encoderYPidCtrl: Target=  88.1, Input=  89.9, Error=  -1.7, PIDTerms=-0.060/ 0.000/ 0.031/ 0.000, Output=-0.029(-0.500/0.500)
FrcRobotBase.printPidInfo_Info: gyroTurnPidCtrl: Target=  60.0, Input=  30.7, Error=  29.3, PIDTerms= 1.907/ 0.000/-0.256/ 0.000, Output= 0.500(-0.500/0.500)
FrcRobotBase.Robot_Info: [6.480] VISION_DEPLOY: xPos=  0.11,yPos= 88.71,heading=  36.7/  60.0,volts=11.7(10.5)
FrcRobotBase.printPidInfo_Info: encoderXPidCtrl: Target=   0.2, Input=   0.8, Error=  -0.5, PIDTerms=-0.082/ 0.000/ 0.000/ 0.000, Output=-0.082(-0.500/0.500)
FrcRobotBase.printPidInfo_Info: encoderYPidCtrl: Target=  88.1, Input=  89.5, Error=  -1.4, PIDTerms=-0.048/ 0.000/ 0.080/ 0.000, Output= 0.032(-0.500/0.500)
FrcRobotBase.printPidInfo_Info: gyroTurnPidCtrl: Target=  60.0, Input=  34.1, Error=  25.9, PIDTerms= 1.684/ 0.000/-0.476/ 0.000, Output= 0.500(-0.500/0.500)
FrcRobotBase.PixyVision_Info: 2 object(s) found
FrcRobotBase.PixyVision_Info: [0] sync=0xaa55, chksum=0x0170, sig=1, centerX=249, centerY= 87, width=  9, height= 22, angle=  0
FrcRobotBase.PixyVision_Info: [1] sync=0xaa55, chksum=0x0140, sig=1, centerX=252, centerY= 56, width=  9, height=  2, angle=  0
FrcRobotBase.PixyVision_Info: Expected Target: distance=55.5, width=41.5, height=20.7
FrcRobotBase.PixyVision_Info: ===TargetRect===: x=245, y=55, w=12, h=43
FrcRobotBase.PixyVision_Info: ###TargetInfo###: xDist=75.8, yDist=191.7, angle=21.6
FrcRobotBase.Robot_Info: [6.536] VISION_DEPLOY: xPos=  0.13,yPos= 88.70,heading=  43.2/  60.0,volts=11.7(10.5)
FrcRobotBase.printPidInfo_Info: encoderXPidCtrl: Target=   0.2, Input=   0.1, Error=   0.1, PIDTerms= 0.017/ 0.000/ 0.000/ 0.000, Output= 0.017(-0.500/0.500)
FrcRobotBase.printPidInfo_Info: encoderYPidCtrl: Target=  88.1, Input=  88.7, Error=  -0.6, PIDTerms=-0.020/ 0.000/ 0.111/ 0.000, Output= 0.091(-0.500/0.500)
FrcRobotBase.printPidInfo_Info: gyroTurnPidCtrl: Target=  60.0, Input=  36.7, Error=  23.3, PIDTerms= 1.514/ 0.000/-0.231/ 0.000, Output= 0.500(-0.500/0.500)
FrcRobotBase.Robot_Info: [6.567] VISION_DEPLOY: xPos= -0.02,yPos= 88.59,heading=  47.0/  60.0,volts=11.9(10.5)
FrcRobotBase.printPidInfo_Info: encoderXPidCtrl: Target=   0.2, Input=   0.1, Error=   0.1, PIDTerms= 0.013/ 0.000/-0.000/ 0.000, Output= 0.013(-0.500/0.500)
FrcRobotBase.printPidInfo_Info: encoderYPidCtrl: Target=  88.1, Input=  88.7, Error=  -0.6, PIDTerms=-0.020/ 0.000/ 0.002/ 0.000, Output=-0.018(-0.500/0.500)
FrcRobotBase.printPidInfo_Info: gyroTurnPidCtrl: Target=  60.0, Input=  43.2, Error=  16.8, PIDTerms= 1.090/ 0.000/-0.893/ 0.000, Output= 0.197(-0.500/0.500)
FrcRobotBase.Robot_Info: [6.607] VISION_DEPLOY: xPos= -0.01,yPos= 88.55,heading=  53.0/  60.0,volts=12.6(10.5)
FrcRobotBase.printPidInfo_Info: encoderXPidCtrl: Target=   0.2, Input=  -0.0, Error=   0.2, PIDTerms= 0.036/ 0.000/ 0.000/ 0.000, Output= 0.036(-0.500/0.500)
FrcRobotBase.printPidInfo_Info: encoderYPidCtrl: Target=  88.1, Input=  88.6, Error=  -0.5, PIDTerms=-0.016/ 0.000/ 0.021/ 0.000, Output= 0.005(-0.500/0.500)
FrcRobotBase.printPidInfo_Info: gyroTurnPidCtrl: Target=  60.0, Input=  47.0, Error=  13.0, PIDTerms= 0.847/ 0.000/-0.468/ 0.000, Output= 0.379(-0.500/0.500)
FrcRobotBase.PixyVision_Info: 2 object(s) found
FrcRobotBase.PixyVision_Info: [0] sync=0xaa55, chksum=0x0159, sig=1, centerX=216, centerY= 87, width= 17, height= 24, angle=  0
FrcRobotBase.PixyVision_Info: [1] sync=0xaa55, chksum=0x0136, sig=1, centerX=180, centerY= 88, width= 18, height= 23, angle=  0
FrcRobotBase.PixyVision_Info: Expected Target: distance=51.6, width=44.6, height=22.3
FrcRobotBase.PixyVision_Info: ===TargetRect===: x=171, y=75, w=54, h=25
FrcRobotBase.PixyVision_Info: ###TargetInfo###: xDist=7.0, yDist=42.6, angle=9.4
FrcRobotBase.Robot_Info: [6.664] VISION_DEPLOY: xPos=  0.03,yPos= 88.40,heading=  60.6/  60.0,volts=12.4(10.5)
FrcRobotBase.printPidInfo_Info: encoderXPidCtrl: Target=   0.2, Input=  -0.0, Error=   0.2, PIDTerms= 0.034/ 0.000/-0.000/ 0.000, Output= 0.034(-0.500/0.500)
FrcRobotBase.printPidInfo_Info: encoderYPidCtrl: Target=  88.1, Input=  88.6, Error=  -0.4, PIDTerms=-0.014/ 0.000/ 0.006/ 0.000, Output=-0.008(-0.500/0.500)
FrcRobotBase.printPidInfo_Info: gyroTurnPidCtrl: Target=  60.0, Input=  53.0, Error=   7.0, PIDTerms= 0.454/ 0.000/-0.523/ 0.000, Output=-0.068(-0.500/0.500)
FrcRobotBase.Robot_Info: [6.701]       DONE: xPos=  0.02,yPos= 88.24,heading=  64.3/  60.0,volts=12.6(10.5)
FrcRobotBase.Robot_Info: [6.701] VISION_DEPLOY: xPos=  0.02,yPos= 88.24,heading=  64.3/  60.0,volts=12.6(10.5)
FrcRobotBase.Robot_Info: [6.724] BACKUP_FROM_AIRSHIP: xPos= -0.00,yPos= 88.28,heading=  67.7/  60.0,volts=12.7(10.5)
FrcRobotBase.printPidInfo_Info: encoderXPidCtrl: Target=  -0.0, Input=   0.0, Error=   0.0, PIDTerms= 0.029/ 0.000/-0.000/ 0.000, Output= 0.000(-0.500/0.500)
FrcRobotBase.printPidInfo_Info: encoderYPidCtrl: Target=  76.3, Input=  88.4, Error= -12.0, PIDTerms=-0.009/ 0.000/ 0.038/ 0.000, Output= 0.000(-0.500/0.500)
FrcRobotBase.printPidInfo_Info: gyroTurnPidCtrl: Target=  60.0, Input=  60.6, Error=  -7.7, PIDTerms=-0.036/ 0.000/-1.237/ 0.000, Output= 0.000(-0.500/0.500)
FrcRobotBase.PixyVision_Info: 2 object(s) found
FrcRobotBase.PixyVision_Info: [0] sync=0xaa55, chksum=0x0112, sig=1, centerX=143, centerY= 89, width= 18, height= 23, angle=  0
FrcRobotBase.PixyVision_Info: [1] sync=0xaa55, chksum=0x00ed, sig=1, centerX=106, centerY= 93, width= 15, height= 22, angle=  0
FrcRobotBase.PixyVision_Info: Expected Target: distance=27.1, width=85.0, height=42.5
FrcRobotBase.PixyVision_Info: ===TargetRect===: x=99, y=78, w=53, h=26
FrcRobotBase.PixyVision_Info: ###TargetInfo###: xDist=-6.5, yDist=43.4, angle=-8.5
FrcRobotBase.PixyVision_Info: 3 object(s) found
FrcRobotBase.PixyVision_Info: [0] sync=0xaa55, chksum=0x00f1, sig=1, centerX=115, centerY= 91, width= 12, height= 22, angle=  0
FrcRobotBase.PixyVision_Info: [1] sync=0xaa55, chksum=0x00cf, sig=1, centerX= 81, centerY= 95, width=  8, height= 22, angle=  0
FrcRobotBase.PixyVision_Info: [2] sync=0xaa55, chksum=0x00b8, sig=1, centerX=115, centerY= 61, width=  5, height=  2, angle=  0
FrcRobotBase.PixyVision_Info: Expected Target: distance=47.2, width=48.7, height=24.3
FrcRobotBase.PixyVision_Info: ***TargetRect***: [0,1] x=77, y=80, w=44, h=26
FrcRobotBase.PixyVision_Info: ###TargetInfo###: xDist=-13.9, yDist=52.3, angle=-14.9
FrcRobotBase.PixyVision_Info: 2 object(s) found
FrcRobotBase.PixyVision_Info: [0] sync=0xaa55, chksum=0x0108, sig=1, centerX=137, centerY= 89, width= 15, height= 22, angle=  0
FrcRobotBase.PixyVision_Info: [1] sync=0xaa55, chksum=0x00e5, sig=1, centerX=102, centerY= 92, width= 13, height= 21, angle=  0
FrcRobotBase.PixyVision_Info: Expected Target: distance=49.4, width=46.6, height=23.3
FrcRobotBase.PixyVision_Info: ===TargetRect===: x=96, y=78, w=49, h=25
FrcRobotBase.PixyVision_Info: ###TargetInfo###: xDist=-8.1, yDist=46.9, angle=-9.7
FrcRobotBase.PixyVision_Info: 2 object(s) found
FrcRobotBase.PixyVision_Info: [0] sync=0xaa55, chksum=0x0128, sig=1, centerX=172, centerY= 85, width= 15, height= 23, angle=  0
FrcRobotBase.PixyVision_Info: [1] sync=0xaa55, chksum=0x0106, sig=1, centerX=138, centerY= 88, width= 14, height= 21, angle=  0
FrcRobotBase.PixyVision_Info: Expected Target: distance=22.6, width=101.9, height=50.9
FrcRobotBase.PixyVision_Info: ===TargetRect===: x=131, y=74, w=49, h=25
FrcRobotBase.PixyVision_Info: ###TargetInfo###: xDist=-0.9, yDist=46.9, angle=-1.1
FrcRobotBase.PixyVision_Info: 2 object(s) found
FrcRobotBase.PixyVision_Info: [0] sync=0xaa55, chksum=0x0122, sig=1, centerX=173, centerY= 84, width= 11, height= 21, angle=  0
FrcRobotBase.PixyVision_Info: [1] sync=0xaa55, chksum=0x0102, sig=1, centerX=140, centerY= 87, width= 10, height= 20, angle=  0
FrcRobotBase.PixyVision_Info: Expected Target: distance=53.5, width=43.0, height=21.5
FrcRobotBase.PixyVision_Info: ===TargetRect===: x=135, y=74, w=44, h=23
FrcRobotBase.PixyVision_Info: ###TargetInfo###: xDist=-0.7, yDist=52.3, angle=-0.7
FrcRobotBase.PixyVision_Info: 2 object(s) found
FrcRobotBase.PixyVision_Info: [0] sync=0xaa55, chksum=0x0118, sig=1, centerX=163, centerY= 84, width=  9, height= 23, angle=  0
FrcRobotBase.PixyVision_Info: [1] sync=0xaa55, chksum=0x00f8, sig=1, centerX=130, centerY= 88, width=  9, height= 20, angle=  0
FrcRobotBase.PixyVision_Info: Expected Target: distance=54.3, width=42.3, height=21.2
FrcRobotBase.PixyVision_Info: ===TargetRect===: x=126, y=73, w=42, h=25
FrcRobotBase.PixyVision_Info: ###TargetInfo###: xDist=-3.1, yDist=54.8, angle=-3.2
FrcRobotBase.PixyVision_Info: 2 object(s) found
FrcRobotBase.PixyVision_Info: [0] sync=0xaa55, chksum=0x0111, sig=1, centerX=157, centerY= 84, width= 10, height= 21, angle=  0
FrcRobotBase.PixyVision_Info: [1] sync=0xaa55, chksum=0x012f, sig=1, centerX=189, centerY= 83, width= 10, height= 20, angle=  0
FrcRobotBase.PixyVision_Info: Expected Target: distance=57.9, width=39.7, height=19.8
FrcRobotBase.PixyVision_Info: ===TargetRect===: x=152, y=73, w=42, h=22
FrcRobotBase.PixyVision_Info: ###TargetInfo###: xDist=3.1, yDist=54.8, angle=3.2
FrcRobotBase.PixyVision_Info: 2 object(s) found
FrcRobotBase.PixyVision_Info: [0] sync=0xaa55, chksum=0x0120, sig=1, centerX=173, centerY= 83, width= 11, height= 20, angle=  0
FrcRobotBase.PixyVision_Info: [1] sync=0xaa55, chksum=0x0103, sig=1, centerX=143, centerY= 85, width= 10, height= 20, angle=  0
FrcRobotBase.PixyVision_Info: Expected Target: distance=57.5, width=40.0, height=20.0
FrcRobotBase.PixyVision_Info: ===TargetRect===: x=138, y=73, w=41, h=22
FrcRobotBase.PixyVision_Info: ###TargetInfo###: xDist=-0.4, yDist=56.1, angle=-0.4
FrcRobotBase.PixyVision_Info: 2 object(s) found
FrcRobotBase.PixyVision_Info: [0] sync=0xaa55, chksum=0x0119, sig=1, centerX=168, centerY= 82, width= 10, height= 20, angle=  0
FrcRobotBase.PixyVision_Info: [1] sync=0xaa55, chksum=0x00fc, sig=1, centerX=137, centerY= 85, width=  9, height= 20, angle=  0
FrcRobotBase.PixyVision_Info: Expected Target: distance=58.3, width=39.4, height=19.7
FrcRobotBase.PixyVision_Info: ===TargetRect===: x=133, y=72, w=40, h=23
FrcRobotBase.PixyVision_Info: ###TargetInfo###: xDist=-1.8, yDist=57.5, angle=-1.7
FrcRobotBase.PixyVision_Info: 3 object(s) found
FrcRobotBase.PixyVision_Info: [0] sync=0xaa55, chksum=0x010a, sig=1, centerX=153, centerY= 84, width=  9, height= 19, angle=  0
FrcRobotBase.PixyVision_Info: [1] sync=0xaa55, chksum=0x0124, sig=1, centerX=183, centerY= 82, width=  7, height= 19, angle=  0
FrcRobotBase.PixyVision_Info: [2] sync=0xaa55, chksum=0x006a, sig=1, centerX= 44, centerY= 54, width=  3, height=  4, angle=  0
FrcRobotBase.PixyVision_Info: Expected Target: distance=59.3, width=38.8, height=19.4
FrcRobotBase.PixyVision_Info: ***TargetRect***: [0,1] x=149, y=73, w=38, h=21
FrcRobotBase.PixyVision_Info: ###TargetInfo###: xDist=2.1, yDist=60.5, angle=2.0
FrcRobotBase.Robot_Info: [7.804] TURN_TOWARDS_LOADING_STATION: xPos=  0.16,yPos= 77.01,heading=  59.8/   0.0,volts=12.5(10.3)
FrcRobotBase.printPidInfo_Info: encoderXPidCtrl: Target=   0.2, Input=   0.2, Error=   0.0, PIDTerms=-0.026/ 0.000/-0.000/-0.000, Output= 0.000(-0.500/0.500)
FrcRobotBase.printPidInfo_Info: encoderYPidCtrl: Target=  77.0, Input=  77.2, Error=   0.0, PIDTerms=-0.031/ 0.000/ 0.023/ 0.000, Output= 0.000(-0.500/0.500)
FrcRobotBase.printPidInfo_Info: gyroTurnPidCtrl: Target=   0.0, Input=  58.3, Error= -59.8, PIDTerms= 0.111/ 0.000/-0.005/ 0.000, Output= 0.000(-0.500/0.500)
FrcRobotBase.PixyVision_Info: 2 object(s) found
FrcRobotBase.PixyVision_Info: [0] sync=0xaa55, chksum=0x011c, sig=1, centerX=171, centerY= 82, width= 10, height= 20, angle=  0
FrcRobotBase.PixyVision_Info: [1] sync=0xaa55, chksum=0x00fe, sig=1, centerX=141, centerY= 84, width=  9, height= 19, angle=  0
FrcRobotBase.PixyVision_Info: Expected Target: distance=59.4, width=38.7, height=19.3
FrcRobotBase.PixyVision_Info: ===TargetRect===: x=137, y=72, w=39, h=22
FrcRobotBase.PixyVision_Info: ###TargetInfo###: xDist=-0.9, yDist=59.0, angle=-0.9
FrcRobotBase.PixyVision_Info: 2 object(s) found
FrcRobotBase.PixyVision_Info: [0] sync=0xaa55, chksum=0x0111, sig=1, centerX=156, centerY= 83, width= 14, height= 19, angle=  0
FrcRobotBase.PixyVision_Info: [1] sync=0xaa55, chksum=0x012d, sig=1, centerX=186, centerY= 81, width= 14, height= 19, angle=  0
FrcRobotBase.PixyVision_Info: Expected Target: distance=60.7, width=37.9, height=18.9
FrcRobotBase.PixyVision_Info: ===TargetRect===: x=149, y=72, w=44, h=21
FrcRobotBase.PixyVision_Info: ###TargetInfo###: xDist=2.5, yDist=52.3, angle=2.7
FrcRobotBase.PixyVision_Info: 2 object(s) found
FrcRobotBase.PixyVision_Info: [0] sync=0xaa55, chksum=0x0143, sig=1, centerX=204, centerY= 81, width= 18, height= 19, angle=  0
FrcRobotBase.PixyVision_Info: [1] sync=0xaa55, chksum=0x015b, sig=1, centerX=232, centerY= 80, width= 15, height= 19, angle=  0
FrcRobotBase.PixyVision_Info: Expected Target: distance=64.7, width=35.6, height=17.8
FrcRobotBase.PixyVision_Info: ===TargetRect===: x=195, y=71, w=45, h=20
FrcRobotBase.PixyVision_Info: ###TargetInfo###: xDist=12.8, yDist=51.1, angle=14.0
FrcRobotBase.PixyVision_Info: 1 object(s) found
FrcRobotBase.PixyVision_Info: 1 object(s) found
FrcRobotBase.Robot_Info: [8.434] MOVE_TOWARDS_LOADING_STATION: xPos=  0.61,yPos= 77.64,heading=  -3.3/   0.0,volts=10.6(10.3)
FrcRobotBase.printPidInfo_Info: encoderXPidCtrl: Target=   0.6, Input=   0.3, Error=   0.0, PIDTerms=-0.019/ 0.000/-0.000/ 0.000, Output= 0.000(-0.500/0.500)
FrcRobotBase.printPidInfo_Info: encoderYPidCtrl: Target= 397.6, Input=  77.5, Error= 320.0, PIDTerms=-0.019/ 0.000/-0.063/ 0.000, Output= 0.000(-0.500/0.500)
FrcRobotBase.printPidInfo_Info: gyroTurnPidCtrl: Target=   0.0, Input=  -1.6, Error=   3.3, PIDTerms= 0.101/ 0.000/ 0.881/ 0.000, Output= 0.000(-0.500/0.500)
FrcRobotBase.PixyVision_Info: null object(s) found
FrcRobotBase.PixyVision_Info: 1 object(s) found
FrcRobotBase.PixyVision_Info: null object(s) found
FrcRobotBase.PixyVision_Info: null object(s) found
FrcRobotBase.PixyVision_Info: 1 object(s) found
FrcRobotBase.PixyVision_Info: 1 object(s) found
FrcRobotBase.PixyVision_Info: 1 object(s) found
FrcRobotBase.PixyVision_Info: 1 object(s) found
FrcRobotBase.PixyVision_Info: 1 object(s) found
FrcRobotBase.PixyVision_Info: 1 object(s) found
FrcRobotBase.PixyVision_Info: 1 object(s) found
FrcRobotBase.PixyVision_Info: 1 object(s) found
FrcRobotBase.PixyVision_Info: 1 object(s) found
FrcRobotBase.PixyVision_Info: 1 object(s) found
FrcRobotBase.PixyVision_Info: 1 object(s) found
FrcRobotBase.PixyVision_Info: 1 object(s) found
FrcRobotBase.PixyVision_Info: 1 object(s) found
FrcRobotBase.PixyVision_Info: 1 object(s) found
FrcRobotBase.PixyVision_Info: 1 object(s) found
FrcRobotBase.PixyVision_Info: 1 object(s) found
FrcRobotBase.PixyVision_Info: 1 object(s) found
FrcRobotBase.PixyVision_Info: 1 object(s) found
FrcRobotBase.PixyVision_Info: 1 object(s) found
FrcRobotBase.PixyVision_Info: 1 object(s) found
FrcRobotBase.PixyVision_Info: null object(s) found
FrcRobotBase.PixyVision_Info: 1 object(s) found
FrcRobotBase.PixyVision_Info: 1 object(s) found
FrcRobotBase.PixyVision_Info: 1 object(s) found
FrcRobotBase.PixyVision_Info: null object(s) found
FrcRobotBase.PixyVision_Info: null object(s) found
FrcRobotBase.PixyVision_Info: 1 object(s) found
FrcRobotBase.PixyVision_Info: 1 object(s) found
FrcRobotBase.PixyVision_Info: 1 object(s) found
FrcRobotBase.PixyVision_Info: 3 object(s) found
FrcRobotBase.PixyVision_Info: [0] sync=0xaa55, chksum=0x0110, sig=1, centerX=135, centerY=117, width=  9, height= 10, angle=  0
FrcRobotBase.PixyVision_Info: [1] sync=0xaa55, chksum=0x00ff, sig=1, centerX=117, centerY=118, width= 12, height=  7, angle=  0
FrcRobotBase.PixyVision_Info: [2] sync=0xaa55, chksum=0x00a1, sig=1, centerX= 69, centerY= 79, width=  6, height=  6, angle=  0
FrcRobotBase.PixyVision_Info: Expected Target: distance=47.2, width=48.7, height=24.3
FrcRobotBase.PixyVision_Info: ***TargetRect***: [0,1] x=111, y=112, w=29, h=10
FrcRobotBase.PixyVision_Info: ###TargetInfo###: xDist=-11.9, yDist=79.3, angle=-8.5
FrcRobotBase.PixyVision_Info: 2 object(s) found
FrcRobotBase.PixyVision_Info: [0] sync=0xaa55, chksum=0x0122, sig=1, centerX=101, centerY=135, width= 39, height= 14, angle=  0
FrcRobotBase.PixyVision_Info: [1] sync=0xaa55, chksum=0x0085, sig=1, centerX= 34, centerY= 87, width=  5, height=  6, angle=  0
FrcRobotBase.PixyVision_Info: Expected Target: distance=36.3, width=63.4, height=31.7
FrcRobotBase.PixyVision_Info: ===TargetRect===: x=32, y=84, w=89, h=58
FrcRobotBase.PixyVision_Info: ###TargetInfo###: xDist=-9.4, yDist=25.8, angle=-20.0
FrcRobotBase.PixyVision_Info: 1 object(s) found
FrcRobotBase.Robot_Info: [12.783]       DONE: xPos=  0.61,yPos=397.09,heading=  -1.4/   0.0,volts=12.0(9.6)
FrcRobotBase.PixyVision_Info: 5 object(s) found
FrcRobotBase.PixyVision_Info: [0] sync=0xaa55, chksum=0x013e, sig=1, centerX= 88, centerY=160, width= 46, height= 23, angle=  0
FrcRobotBase.PixyVision_Info: [1] sync=0xaa55, chksum=0x0076, sig=1, centerX=  8, centerY= 95, width=  6, height=  8, angle=  0
FrcRobotBase.PixyVision_Info: [2] sync=0xaa55, chksum=0x010d, sig=1, centerX=185, centerY= 68, width=  7, height=  8, angle=  0
FrcRobotBase.PixyVision_Info: [3] sync=0xaa55, chksum=0x00d4, sig=1, centerX= 57, centerY=143, width=  7, height=  4, angle=  0
FrcRobotBase.PixyVision_Info: [4] sync=0xaa55, chksum=0x0157, sig=1, centerX=187, centerY=147, width=  6, height=  2, angle=  0
FrcRobotBase.PixyVision_Info: Expected Target: distance=27.2, width=84.6, height=42.3
FrcRobotBase.PixyVision_Info: ***TargetRect***: [3,4] x=54, y=141, w=136, h=7
FrcRobotBase.PixyVision_Info: ###TargetInfo###: xDist=-2.8, yDist=16.9, angle=-9.4
FrcRobotBase.PixyVision_Info: 4 object(s) found
FrcRobotBase.PixyVision_Info: [0] sync=0xaa55, chksum=0x0131, sig=1, centerX= 79, centerY=169, width= 24, height= 32, angle=  0
FrcRobotBase.PixyVision_Info: [1] sync=0xaa55, chksum=0x00f1, sig=1, centerX=151, centerY= 71, width=  7, height= 11, angle=  0
FrcRobotBase.PixyVision_Info: [2] sync=0xaa55, chksum=0x015e, sig=1, centerX=175, centerY=162, width=  6, height=  6, angle=  0
FrcRobotBase.PixyVision_Info: [3] sync=0xaa55, chksum=0x00ff, sig=1, centerX=170, centerY= 75, width=  5, height=  4, angle=  0
FrcRobotBase.PixyVision_Info: Expected Target: distance=23.2, width=99.2, height=49.6
FrcRobotBase.PixyVision_Info: ***TargetRect***: [1,3] x=148, y=66, w=25, h=11
FrcRobotBase.PixyVision_Info: ###TargetInfo###: xDist=0.2, yDist=92.0, angle=0.1
FrcRobotBase.PixyVision_Info: 5 object(s) found
FrcRobotBase.PixyVision_Info: [0] sync=0xaa55, chksum=0x0120, sig=1, centerX= 63, centerY=178, width= 24, height= 22, angle=  0
FrcRobotBase.PixyVision_Info: [1] sync=0xaa55, chksum=0x0111, sig=1, centerX=170, centerY= 75, width= 13, height= 14, angle=  0
FrcRobotBase.PixyVision_Info: [2] sync=0xaa55, chksum=0x0172, sig=1, centerX=174, centerY=179, width=  9, height=  7, angle=  0
FrcRobotBase.PixyVision_Info: [3] sync=0xaa55, chksum=0x00e3, sig=1, centerX= 34, centerY=176, width=  8, height=  8, angle=  0
FrcRobotBase.PixyVision_Info: [4] sync=0xaa55, chksum=0x00ea, sig=1, centerX=147, centerY= 73, width=  7, height=  6, angle=  0
FrcRobotBase.PixyVision_Info: Expected Target: distance=19.6, width=117.4, height=58.7
FrcRobotBase.PixyVision_Info: ***TargetRect***: [0,2] x=51, y=167, w=128, h=22
FrcRobotBase.PixyVision_Info: ###TargetInfo###: xDist=-3.5, yDist=18.0, angle=-11.1
FrcRobotBase.PixyVision_Info: 4 object(s) found
FrcRobotBase.PixyVision_Info: [0] sync=0xaa55, chksum=0x011a, sig=1, centerX=165, centerY= 78, width= 18, height= 20, angle=  0
FrcRobotBase.PixyVision_Info: [1] sync=0xaa55, chksum=0x0111, sig=1, centerX= 44, centerY=192, width= 23, height= 13, angle=  0
FrcRobotBase.PixyVision_Info: [2] sync=0xaa55, chksum=0x00e8, sig=1, centerX= 16, centerY=185, width= 11, height= 19, angle=  0
FrcRobotBase.PixyVision_Info: [3] sync=0xaa55, chksum=0x00e3, sig=1, centerX=138, centerY= 77, width=  6, height=  5, angle=  0
FrcRobotBase.PixyVision_Info: Expected Target: distance=17.6, width=130.7, height=65.4
FrcRobotBase.PixyVision_Info: ***TargetRect***: [0,3] x=135, y=68, w=39, h=20
FrcRobotBase.PixyVision_Info: ###TargetInfo###: xDist=-1.4, yDist=59.0, angle=-1.4
FrcRobotBase.PixyVision_Info: 2 object(s) found
FrcRobotBase.PixyVision_Info: [0] sync=0xaa55, chksum=0x013f, sig=1, centerX=143, centerY= 73, width= 49, height= 53, angle=  0
FrcRobotBase.PixyVision_Info: [1] sync=0xaa55, chksum=0x0146, sig=1, centerX=160, centerY=146, width= 17, height=  2, angle=  0
FrcRobotBase.PixyVision_Info: Expected Target: distance=14.9, width=154.9, height=77.4
FrcRobotBase.PixyVision_Info: ===TargetRect===: x=119, y=47, w=50, h=100
FrcRobotBase.PixyVision_Info: ###TargetInfo###: xDist=-3.2, yDist=46.0, angle=-4.0
FrcRobotBase.PixyVision_Info: 4 object(s) found
FrcRobotBase.PixyVision_Info: [0] sync=0xaa55, chksum=0x0150, sig=1, centerX=143, centerY= 87, width= 59, height= 46, angle=  0
FrcRobotBase.PixyVision_Info: [1] sync=0xaa55, chksum=0x015f, sig=1, centerX=164, centerY=146, width= 37, height=  3, angle=  0
FrcRobotBase.PixyVision_Info: [2] sync=0xaa55, chksum=0x00ba, sig=1, centerX=149, centerY= 20, width= 13, height=  3, angle=  0
FrcRobotBase.PixyVision_Info: [3] sync=0xaa55, chksum=0x00e0, sig=1, centerX=153, centerY= 50, width= 14, height=  6, angle=  0
FrcRobotBase.PixyVision_Info: Expected Target: distance=14.7, width=156.2, height=78.1
FrcRobotBase.PixyVision_Info: ===TargetRect===: x=114, y=64, w=69, h=84
FrcRobotBase.PixyVision_Info: ###TargetInfo###: xDist=-1.7, yDist=33.3, angle=-2.9
FrcRobotBase.PixyVision_Info: 3 object(s) found
FrcRobotBase.PixyVision_Info: [0] sync=0xaa55, chksum=0x0149, sig=1, centerX=154, centerY= 77, width= 37, height= 60, angle=  0
FrcRobotBase.PixyVision_Info: [1] sync=0xaa55, chksum=0x00e2, sig=1, centerX=119, centerY= 67, width= 14, height= 25, angle=  0
FrcRobotBase.PixyVision_Info: [2] sync=0xaa55, chksum=0x0159, sig=1, centerX=162, centerY=145, width= 34, height=  3, angle=  0
FrcRobotBase.PixyVision_Info: Expected Target: distance=14.7, width=156.2, height=78.1
FrcRobotBase.PixyVision_Info: ===TargetRect===: x=112, y=47, w=61, h=60
FrcRobotBase.PixyVision_Info: ###TargetInfo###: xDist=-2.9, yDist=37.7, angle=-4.4
FrcRobotBase.PixyVision_Info: 3 object(s) found
FrcRobotBase.PixyVision_Info: [0] sync=0xaa55, chksum=0x0140, sig=1, centerX=153, centerY= 76, width= 31, height= 59, angle=  0
FrcRobotBase.PixyVision_Info: [1] sync=0xaa55, chksum=0x00d5, sig=1, centerX=116, centerY= 64, width= 13, height= 19, angle=  0
FrcRobotBase.PixyVision_Info: [2] sync=0xaa55, chksum=0x0150, sig=1, centerX=160, centerY=146, width= 27, height=  2, angle=  0
FrcRobotBase.PixyVision_Info: Expected Target: distance=14.7, width=156.2, height=78.1
FrcRobotBase.PixyVision_Info: ===TargetRect===: x=110, y=47, w=59, h=59
FrcRobotBase.PixyVision_Info: ###TargetInfo###: xDist=-3.5, yDist=39.0, angle=-5.1
FrcRobotBase.PixyVision_Info: 3 object(s) found
FrcRobotBase.PixyVision_Info: [0] sync=0xaa55, chksum=0x0144, sig=1, centerX=152, centerY= 77, width= 34, height= 60, angle=  0
FrcRobotBase.PixyVision_Info: [1] sync=0xaa55, chksum=0x00d9, sig=1, centerX=116, centerY= 65, width= 14, height= 21, angle=  0
FrcRobotBase.PixyVision_Info: [2] sync=0xaa55, chksum=0x0150, sig=1, centerX=160, centerY=146, width= 27, height=  2, angle=  0
FrcRobotBase.PixyVision_Info: Expected Target: distance=14.7, width=156.2, height=78.1
FrcRobotBase.PixyVision_Info: ===TargetRect===: x=109, y=47, w=60, h=60
FrcRobotBase.PixyVision_Info: ###TargetInfo###: xDist=-3.5, yDist=38.3, angle=-5.2
FrcRobotBase.PixyVision_Info: 3 object(s) found
FrcRobotBase.PixyVision_Info: [0] sync=0xaa55, chksum=0x0142, sig=1, centerX=153, centerY= 77, width= 31, height= 60, angle=  0
FrcRobotBase.PixyVision_Info: [1] sync=0xaa55, chksum=0x00d9, sig=1, centerX=115, centerY= 66, width= 13, height= 22, angle=  0
FrcRobotBase.PixyVision_Info: [2] sync=0xaa55, chksum=0x0150, sig=1, centerX=160, centerY=146, width= 27, height=  2, angle=  0
FrcRobotBase.PixyVision_Info: Expected Target: distance=14.7, width=156.2, height=78.1
FrcRobotBase.PixyVision_Info: ===TargetRect===: x=109, y=47, w=60, h=60
FrcRobotBase.PixyVision_Info: ###TargetInfo###: xDist=-3.5, yDist=38.3, angle=-5.2
FrcRobotBase.PixyVision_Info: 3 object(s) found
FrcRobotBase.PixyVision_Info: [0] sync=0xaa55, chksum=0x013f, sig=1, centerX=152, centerY= 76, width= 31, height= 59, angle=  0
FrcRobotBase.PixyVision_Info: [1] sync=0xaa55, chksum=0x00d3, sig=1, centerX=114, centerY= 64, width= 13, height= 19, angle=  0
FrcRobotBase.PixyVision_Info: [2] sync=0xaa55, chksum=0x0152, sig=1, centerX=159, centerY=146, width= 30, height=  2, angle=  0
FrcRobotBase.PixyVision_Info: Expected Target: distance=14.7, width=156.2, height=78.1
FrcRobotBase.PixyVision_Info: ===TargetRect===: x=108, y=47, w=60, h=59
FrcRobotBase.PixyVision_Info: ###TargetInfo###: xDist=-3.7, yDist=38.3, angle=-5.5
FrcRobotBase.PixyVision_Info: 3 object(s) found
FrcRobotBase.PixyVision_Info: [0] sync=0xaa55, chksum=0x013f, sig=1, centerX=152, centerY= 76, width= 31, height= 59, angle=  0
FrcRobotBase.PixyVision_Info: [1] sync=0xaa55, chksum=0x00d9, sig=1, centerX=114, centerY= 66, width= 13, height= 23, angle=  0
FrcRobotBase.PixyVision_Info: [2] sync=0xaa55, chksum=0x0151, sig=1, centerX=159, centerY=146, width= 29, height=  2, angle=  0
FrcRobotBase.PixyVision_Info: Expected Target: distance=14.7, width=156.2, height=78.1
FrcRobotBase.PixyVision_Info: ===TargetRect===: x=108, y=47, w=60, h=59
FrcRobotBase.PixyVision_Info: ###TargetInfo###: xDist=-3.7, yDist=38.3, angle=-5.5
FrcRobotBase.PixyVision_Info: 3 object(s) found
FrcRobotBase.PixyVision_Info: [0] sync=0xaa55, chksum=0x0143, sig=1, centerX=149, centerY= 77, width= 36, height= 60, angle=  0
FrcRobotBase.PixyVision_Info: [1] sync=0xaa55, chksum=0x00d7, sig=1, centerX=113, centerY= 66, width= 13, height= 22, angle=  0
FrcRobotBase.PixyVision_Info: [2] sync=0xaa55, chksum=0x0152, sig=1, centerX=159, centerY=146, width= 30, height=  2, angle=  0
FrcRobotBase.PixyVision_Info: Expected Target: distance=14.7, width=156.2, height=78.1
FrcRobotBase.PixyVision_Info: ===TargetRect===: x=107, y=47, w=60, h=60
FrcRobotBase.PixyVision_Info: ###TargetInfo###: xDist=-3.8, yDist=38.3, angle=-5.7
FrcRobotBase.PixyVision_Info: 3 object(s) found
FrcRobotBase.PixyVision_Info: [0] sync=0xaa55, chksum=0x0140, sig=1, centerX=152, centerY= 77, width= 30, height= 60, angle=  0
FrcRobotBase.PixyVision_Info: [1] sync=0xaa55, chksum=0x00d8, sig=1, centerX=113, centerY= 66, width= 14, height= 22, angle=  0
FrcRobotBase.PixyVision_Info: [2] sync=0xaa55, chksum=0x0152, sig=1, centerX=159, centerY=146, width= 30, height=  2, angle=  0
FrcRobotBase.PixyVision_Info: Expected Target: distance=14.6, width=157.5, height=78.8
FrcRobotBase.PixyVision_Info: ===TargetRect===: x=106, y=47, w=61, h=60
FrcRobotBase.PixyVision_Info: ###TargetInfo###: xDist=-3.9, yDist=37.7, angle=-5.8
FrcRobotBase.PixyVision_Info: 3 object(s) found
FrcRobotBase.PixyVision_Info: [0] sync=0xaa55, chksum=0x013f, sig=1, centerX=152, centerY= 76, width= 31, height= 59, angle=  0
FrcRobotBase.PixyVision_Info: [1] sync=0xaa55, chksum=0x00d8, sig=1, centerX=113, centerY= 66, width= 13, height= 23, angle=  0
FrcRobotBase.PixyVision_Info: [2] sync=0xaa55, chksum=0x0152, sig=1, centerX=160, centerY=146, width= 29, height=  2, angle=  0
FrcRobotBase.PixyVision_Info: Expected Target: distance=14.6, width=157.5, height=78.8
FrcRobotBase.PixyVision_Info: ===TargetRect===: x=107, y=47, w=61, h=59
FrcRobotBase.PixyVision_Info: ###TargetInfo###: xDist=-3.7, yDist=37.7, angle=-5.6
FrcRobotBase.PixyVision_Info: 3 object(s) found
FrcRobotBase.PixyVision_Info: [0] sync=0xaa55, chksum=0x0140, sig=1, centerX=152, centerY= 77, width= 30, height= 60, angle=  0
FrcRobotBase.PixyVision_Info: [1] sync=0xaa55, chksum=0x00d6, sig=1, centerX=112, centerY= 66, width= 13, height= 22, angle=  0
FrcRobotBase.PixyVision_Info: [2] sync=0xaa55, chksum=0x014c, sig=1, centerX=159, centerY=146, width= 24, height=  2, angle=  0
FrcRobotBase.PixyVision_Info: Expected Target: distance=14.6, width=157.5, height=78.8
FrcRobotBase.PixyVision_Info: ===TargetRect===: x=106, y=47, w=61, h=60
FrcRobotBase.PixyVision_Info: ###TargetInfo###: xDist=-3.9, yDist=37.7, angle=-5.8
FrcRobotBase.PixyVision_Info: 3 object(s) found
FrcRobotBase.PixyVision_Info: [0] sync=0xaa55, chksum=0x0140, sig=1, centerX=152, centerY= 77, width= 30, height= 60, angle=  0
FrcRobotBase.PixyVision_Info: [1] sync=0xaa55, chksum=0x00d6, sig=1, centerX=112, centerY= 66, width= 13, height= 22, angle=  0
FrcRobotBase.PixyVision_Info: [2] sync=0xaa55, chksum=0x0151, sig=1, centerX=159, centerY=146, width= 29, height=  2, angle=  0
FrcRobotBase.PixyVision_Info: Expected Target: distance=14.6, width=157.5, height=78.8
FrcRobotBase.PixyVision_Info: ===TargetRect===: x=106, y=47, w=61, h=60
FrcRobotBase.PixyVision_Info: ###TargetInfo###: xDist=-3.9, yDist=37.7, angle=-5.8
FrcRobotBase.PixyVision_Info: 3 object(s) found
FrcRobotBase.PixyVision_Info: [0] sync=0xaa55, chksum=0x013e, sig=1, centerX=152, centerY= 76, width= 30, height= 59, angle=  0
FrcRobotBase.PixyVision_Info: [1] sync=0xaa55, chksum=0x00d6, sig=1, centerX=112, centerY= 66, width= 13, height= 22, angle=  0
FrcRobotBase.PixyVision_Info: [2] sync=0xaa55, chksum=0x0152, sig=1, centerX=159, centerY=146, width= 30, height=  2, angle=  0
FrcRobotBase.PixyVision_Info: Expected Target: distance=14.6, width=157.5, height=78.8
FrcRobotBase.PixyVision_Info: ===TargetRect===: x=106, y=47, w=61, h=59
FrcRobotBase.PixyVision_Info: ###TargetInfo###: xDist=-3.9, yDist=37.7, angle=-5.8
FrcRobotBase.PixyVision_Info: 3 object(s) found
FrcRobotBase.PixyVision_Info: [0] sync=0xaa55, chksum=0x013c, sig=1, centerX=151, centerY= 76, width= 30, height= 58, angle=  0
FrcRobotBase.PixyVision_Info: [1] sync=0xaa55, chksum=0x00d4, sig=1, centerX=111, centerY= 65, width= 13, height= 22, angle=  0
FrcRobotBase.PixyVision_Info: [2] sync=0xaa55, chksum=0x014f, sig=1, centerX=158, centerY=146, width= 28, height=  2, angle=  0
FrcRobotBase.PixyVision_Info: Expected Target: distance=14.7, width=156.2, height=78.1
FrcRobotBase.PixyVision_Info: ===TargetRect===: x=105, y=47, w=61, h=58
FrcRobotBase.PixyVision_Info: ###TargetInfo###: xDist=-4.0, yDist=37.7, angle=-6.1
FrcRobotBase.PixyVision_Info: 3 object(s) found
FrcRobotBase.PixyVision_Info: [0] sync=0xaa55, chksum=0x0140, sig=1, centerX=151, centerY= 77, width= 31, height= 60, angle=  0
FrcRobotBase.PixyVision_Info: [1] sync=0xaa55, chksum=0x00d5, sig=1, centerX=111, centerY= 65, width= 14, height= 22, angle=  0
FrcRobotBase.PixyVision_Info: [2] sync=0xaa55, chksum=0x014f, sig=1, centerX=158, centerY=146, width= 28, height=  2, angle=  0
FrcRobotBase.PixyVision_Info: Expected Target: distance=14.7, width=156.2, height=78.1
FrcRobotBase.PixyVision_Info: ===TargetRect===: x=104, y=47, w=63, h=60
FrcRobotBase.PixyVision_Info: ###TargetInfo###: xDist=-3.9, yDist=36.5, angle=-6.1
FrcRobotBase.PixyVision_Info: 3 object(s) found
FrcRobotBase.PixyVision_Info: [0] sync=0xaa55, chksum=0x0140, sig=1, centerX=151, centerY= 77, width= 30, height= 61, angle=  0
FrcRobotBase.PixyVision_Info: [1] sync=0xaa55, chksum=0x00d4, sig=1, centerX=110, centerY= 65, width= 13, height= 23, angle=  0
FrcRobotBase.PixyVision_Info: [2] sync=0xaa55, chksum=0x014f, sig=1, centerX=159, centerY=146, width= 27, height=  2, angle=  0
FrcRobotBase.PixyVision_Info: Expected Target: distance=14.7, width=156.2, height=78.1
FrcRobotBase.PixyVision_Info: ===TargetRect===: x=104, y=47, w=62, h=61
FrcRobotBase.PixyVision_Info: ###TargetInfo###: xDist=-4.0, yDist=37.1, angle=-6.2
FrcRobotBase.PixyVision_Info: 3 object(s) found
FrcRobotBase.PixyVision_Info: [0] sync=0xaa55, chksum=0x0143, sig=1, centerX=149, centerY= 77, width= 36, height= 60, angle=  0
FrcRobotBase.PixyVision_Info: [1] sync=0xaa55, chksum=0x00d6, sig=1, centerX=111, centerY= 65, width= 14, height= 23, angle=  0
FrcRobotBase.PixyVision_Info: [2] sync=0xaa55, chksum=0x0150, sig=1, centerX=159, centerY=146, width= 28, height=  2, angle=  0
FrcRobotBase.PixyVision_Info: Expected Target: distance=14.7, width=156.2, height=78.1
FrcRobotBase.PixyVision_Info: ===TargetRect===: x=104, y=47, w=63, h=60
FrcRobotBase.PixyVision_Info: ###TargetInfo###: xDist=-3.9, yDist=36.5, angle=-6.1
FrcRobotBase.PixyVision_Info: 3 object(s) found
FrcRobotBase.PixyVision_Info: [0] sync=0xaa55, chksum=0x0140, sig=1, centerX=148, centerY= 76, width= 36, height= 59, angle=  0
FrcRobotBase.PixyVision_Info: [1] sync=0xaa55, chksum=0x00d6, sig=1, centerX=110, centerY= 66, width= 13, height= 24, angle=  0
FrcRobotBase.PixyVision_Info: [2] sync=0xaa55, chksum=0x014c, sig=1, centerX=156, centerY=146, width= 27, height=  2, angle=  0
FrcRobotBase.PixyVision_Info: Expected Target: distance=14.7, width=156.2, height=78.1
FrcRobotBase.PixyVision_Info: ===TargetRect===: x=104, y=47, w=62, h=59
FrcRobotBase.PixyVision_Info: ###TargetInfo###: xDist=-4.0, yDist=37.1, angle=-6.2
FrcRobotBase.PixyVision_Info: 3 object(s) found
FrcRobotBase.PixyVision_Info: [0] sync=0xaa55, chksum=0x013d, sig=1, centerX=152, centerY= 76, width= 30, height= 58, angle=  0
FrcRobotBase.PixyVision_Info: [1] sync=0xaa55, chksum=0x00d7, sig=1, centerX=110, centerY= 66, width= 13, height= 25, angle=  0
FrcRobotBase.PixyVision_Info: [2] sync=0xaa55, chksum=0x014d, sig=1, centerX=159, centerY=146, width= 25, height=  2, angle=  0
FrcRobotBase.PixyVision_Info: Expected Target: distance=14.6, width=157.5, height=78.8
FrcRobotBase.PixyVision_Info: ===TargetRect===: x=104, y=47, w=63, h=58
FrcRobotBase.PixyVision_Info: ###TargetInfo###: xDist=-3.9, yDist=36.5, angle=-6.1
FrcRobotBase.Vision_Info: Front pixy is disabled!
