FrcRobotBase.FirstSteamWorks_Info: Sat Apr 01 15:33:22 PDT 2017: ***** Starting autonomous *****
FrcRobotBase.CmdVisionGearDeploy_Info: dist=7.0, deployTime=0.3, backupDist=36.0
FrcRobotBase.CmdSideGearLift_Info: delay=0.000, alliance=BLUE_ALLIANCE, rightSide=true, forwardDist=85.0, liftAngle=60.0, backupDist=12.0, lsAngle=30.0, lsDist=320.0, diagDist=360.0
FrcRobotBase.Vision_Info: Front pixy is enabled!
FrcRobotBase.Robot_Info: [0.231]   DO_DELAY: xPos=  0.00,yPos=  0.00,heading=   0.0/   0.0,volts=12.9(12.9)
FrcRobotBase.PixyVision_Info: null object(s) found
FrcRobotBase.Robot_Info: [0.259] MOVE_FORWARD_ON_SIDE: xPos=  0.00,yPos= -0.00,heading=  -0.0/   0.0,volts=12.9(12.9)
FrcRobotBase.printPidInfo_Info: encoderXPidCtrl: Target=   0.0, Input=   0.0, Error=   0.0, PIDTerms= 0.000/ 0.000/ 0.000/ 0.000, Output= 0.000(-0.500/0.500)
FrcRobotBase.printPidInfo_Info: encoderYPidCtrl: Target=  85.0, Input=   0.0, Error=  85.0, PIDTerms= 0.000/ 0.000/ 0.000/ 0.000, Output= 0.000(-0.500/0.500)
FrcRobotBase.printPidInfo_Info: gyroTurnPidCtrl: Target=   0.0, Input=   0.0, Error=   0.0, PIDTerms= 0.000/ 0.000/ 0.000/ 0.000, Output= 0.000(-0.500/0.500)
FrcRobotBase.PixyVision_Info: 1 object(s) found
FrcRobotBase.PixyVision_Info: 1 object(s) found
FrcRobotBase.PixyVision_Info: 1 object(s) found
FrcRobotBase.PixyVision_Info: 1 object(s) found
FrcRobotBase.PixyVision_Info: null object(s) found
FrcRobotBase.PixyVision_Info: null object(s) found
FrcRobotBase.PixyVision_Info: null object(s) found
FrcRobotBase.PixyVision_Info: null object(s) found
FrcRobotBase.PixyVision_Info: null object(s) found
FrcRobotBase.PixyVision_Info: null object(s) found
FrcRobotBase.PixyVision_Info: null object(s) found
FrcRobotBase.PixyVision_Info: null object(s) found
FrcRobotBase.PixyVision_Info: null object(s) found
FrcRobotBase.PixyVision_Info: null object(s) found
FrcRobotBase.PixyVision_Info: 1 object(s) found
FrcRobotBase.PixyVision_Info: null object(s) found
FrcRobotBase.PixyVision_Info: null object(s) found
FrcRobotBase.PixyVision_Info: null object(s) found
FrcRobotBase.PixyVision_Info: null object(s) found
FrcRobotBase.PixyVision_Info: 1 object(s) found
FrcRobotBase.PixyVision_Info: null object(s) found
FrcRobotBase.Robot_Info: [2.589] INITIAL_TURN_TOWARDS_AIRSHIP: xPos=  0.03,yPos= 84.07,heading=   0.1/ -60.0,volts=12.7(10.8)
FrcRobotBase.printPidInfo_Info: encoderXPidCtrl: Target=   0.0, Input=   0.0, Error=   0.0, PIDTerms=-0.005/ 0.000/ 0.000/ 0.000, Output= 0.000(-0.500/0.500)
FrcRobotBase.printPidInfo_Info: encoderYPidCtrl: Target=  84.1, Input=  84.1, Error=   0.0, PIDTerms= 0.032/ 0.000/ 0.003/ 0.000, Output= 0.000(-0.500/0.500)
FrcRobotBase.printPidInfo_Info: gyroTurnPidCtrl: Target= -60.0, Input=   0.1, Error= -60.1, PIDTerms=-0.005/ 0.000/ 0.000/ 0.000, Output= 0.000(-0.500/0.500)
FrcRobotBase.PixyVision_Info: null object(s) found
FrcRobotBase.PixyVision_Info: null object(s) found
FrcRobotBase.PixyVision_Info: 1 object(s) found
FrcRobotBase.PixyVision_Info: 1 object(s) found
FrcRobotBase.PixyVision_Info: 1 object(s) found
FrcRobotBase.PixyVision_Info: 3 object(s) found
FrcRobotBase.PixyVision_Info: [0] sync=0xaa55, chksum=0x0115, sig=1, centerX=141, centerY= 89, width= 22, height= 24, angle=  0
FrcRobotBase.PixyVision_Info: [1] sync=0xaa55, chksum=0x0053, sig=1, centerX= 19, centerY=  8, width= 38, height= 17, angle=  0
FrcRobotBase.PixyVision_Info: [2] sync=0xaa55, chksum=0x00f0, sig=1, centerX=105, centerY= 94, width= 17, height= 23, angle=  0
FrcRobotBase.PixyVision_Info: Expected Target: distance=25.3, width=90.9, height=45.4
FrcRobotBase.PixyVision_Info: ***TargetRect***: [0,2] x=97, y=77, w=55, h=29
FrcRobotBase.PixyVision_Info: ###TargetInfo###: xDist=-6.5, yDist=41.8, angle=-8.8
FrcRobotBase.PixyVision_Info: 3 object(s) found
FrcRobotBase.PixyVision_Info: [0] sync=0xaa55, chksum=0x0077, sig=1, centerX= 45, centerY=  6, width= 54, height= 13, angle=  0
FrcRobotBase.PixyVision_Info: [1] sync=0xaa55, chksum=0x011f, sig=1, centerX=156, centerY= 90, width= 16, height= 24, angle=  0
FrcRobotBase.PixyVision_Info: [2] sync=0xaa55, chksum=0x013e, sig=1, centerX=194, centerY= 86, width= 13, height= 24, angle=  0
FrcRobotBase.PixyVision_Info: Expected Target: distance=49.1, width=46.8, height=23.4
FrcRobotBase.PixyVision_Info: ***TargetRect***: [1,2] x=148, y=74, w=53, h=28
FrcRobotBase.PixyVision_Info: ###TargetInfo###: xDist=2.7, yDist=43.4, angle=3.6
FrcRobotBase.PixyVision_Info: 3 object(s) found
FrcRobotBase.PixyVision_Info: [0] sync=0xaa55, chksum=0x0077, sig=1, centerX= 51, centerY=  6, width= 49, height= 12, angle=  0
FrcRobotBase.PixyVision_Info: [1] sync=0xaa55, chksum=0x0143, sig=1, centerX=202, centerY= 86, width= 10, height= 24, angle=  0
FrcRobotBase.PixyVision_Info: [2] sync=0xaa55, chksum=0x0122, sig=1, centerX=162, centerY= 89, width= 15, height= 23, angle=  0
FrcRobotBase.PixyVision_Info: Expected Target: distance=49.5, width=46.5, height=23.2
FrcRobotBase.PixyVision_Info: ***TargetRect***: [1,2] x=155, y=74, w=52, h=27
FrcRobotBase.PixyVision_Info: ###TargetInfo###: xDist=4.0, yDist=44.2, angle=5.2
FrcRobotBase.PixyVision_Info: 3 object(s) found
FrcRobotBase.PixyVision_Info: [0] sync=0xaa55, chksum=0x006e, sig=1, centerX= 42, centerY=  6, width= 48, height= 13, angle=  0
FrcRobotBase.PixyVision_Info: [1] sync=0xaa55, chksum=0x0116, sig=1, centerX=152, centerY= 90, width= 11, height= 24, angle=  0
FrcRobotBase.PixyVision_Info: [2] sync=0xaa55, chksum=0x0138, sig=1, centerX=190, centerY= 86, width= 11, height= 24, angle=  0
FrcRobotBase.PixyVision_Info: Expected Target: distance=48.6, width=47.3, height=23.7
FrcRobotBase.PixyVision_Info: ***TargetRect***: [1,2] x=147, y=74, w=49, h=28
FrcRobotBase.PixyVision_Info: ###TargetInfo###: xDist=2.3, yDist=46.9, angle=2.9
FrcRobotBase.Robot_Info: [3.409] DRIVE_TOWARDS_TARGET: xPos= -0.08,yPos= 84.57,heading= -58.7/ -60.0,volts=12.6(10.5)
FrcRobotBase.printPidInfo_Info: sonarDrivePidCtrl: Target=   7.0, Input=   0.0, Error=  33.7, PIDTerms= 0.000/ 0.000/ 0.000/ 0.000, Output= 0.000(-0.500/0.500)
FrcRobotBase.printPidInfo_Info: visionTurnPidCtrl: Target=   0.0, Input=   0.0, Error=   2.9, PIDTerms= 0.000/ 0.000/ 0.000/ 0.000, Output= 0.000(-0.500/0.500)
FrcRobotBase.Robot_Info: [3.409] VISION_DEPLOY: xPos= -0.08,yPos= 84.57,heading= -58.7/ -60.0,volts=12.6(10.5)
FrcRobotBase.printPidInfo_Info: sonarDrivePidCtrl: Target=   7.0, Input=   0.0, Error=  33.7, PIDTerms= 0.000/ 0.000/ 0.000/ 0.000, Output= 0.000(-0.500/0.500)
FrcRobotBase.printPidInfo_Info: visionTurnPidCtrl: Target=   0.0, Input=   0.0, Error=   2.9, PIDTerms= 0.000/ 0.000/ 0.000/ 0.000, Output= 0.000(-0.500/0.500)
FrcRobotBase.PixyVision_Info: 3 object(s) found
FrcRobotBase.PixyVision_Info: [0] sync=0xaa55, chksum=0x006e, sig=1, centerX= 40, centerY=  7, width= 48, height= 14, angle=  0
FrcRobotBase.PixyVision_Info: [1] sync=0xaa55, chksum=0x0114, sig=1, centerX=150, centerY= 90, width= 11, height= 24, angle=  0
FrcRobotBase.PixyVision_Info: [2] sync=0xaa55, chksum=0x0136, sig=1, centerX=188, centerY= 86, width= 11, height= 24, angle=  0
FrcRobotBase.PixyVision_Info: Expected Target: distance=48.6, width=47.3, height=23.7
FrcRobotBase.PixyVision_Info: ***TargetRect***: [1,2] x=145, y=74, w=49, h=28
FrcRobotBase.PixyVision_Info: ###TargetInfo###: xDist=1.9, yDist=46.9, angle=2.4
FrcRobotBase.PixyVision_Info: 3 object(s) found
FrcRobotBase.PixyVision_Info: [0] sync=0xaa55, chksum=0x006b, sig=1, centerX= 38, centerY=  7, width= 47, height= 14, angle=  0
FrcRobotBase.PixyVision_Info: [1] sync=0xaa55, chksum=0x0111, sig=1, centerX=149, centerY= 90, width= 10, height= 23, angle=  0
FrcRobotBase.PixyVision_Info: [2] sync=0xaa55, chksum=0x0133, sig=1, centerX=186, centerY= 86, width= 10, height= 24, angle=  0
FrcRobotBase.PixyVision_Info: Expected Target: distance=48.6, width=47.3, height=23.7
FrcRobotBase.PixyVision_Info: ***TargetRect***: [1,2] x=144, y=74, w=47, h=28
FrcRobotBase.PixyVision_Info: ###TargetInfo###: xDist=1.6, yDist=48.9, angle=1.9
FrcRobotBase.Robot_Info: [3.538] VISION_DEPLOY: xPos= -0.09,yPos= 84.59,heading= -58.5/ -60.0,volts=12.7(10.5)
FrcRobotBase.printPidInfo_Info: sonarDrivePidCtrl: Target=   7.0, Input=  40.6, Error=  33.6, PIDTerms= 0.555/ 0.000/-0.003/ 0.000, Output= 0.500(-0.500/0.500)
FrcRobotBase.printPidInfo_Info: visionTurnPidCtrl: Target=   0.0, Input=   1.9, Error=   1.9, PIDTerms= 0.047/ 0.000/-0.002/ 0.000, Output= 0.045(-0.500/0.500)
FrcRobotBase.PixyVision_Info: 3 object(s) found
FrcRobotBase.PixyVision_Info: [0] sync=0xaa55, chksum=0x006b, sig=1, centerX= 38, centerY=  7, width= 47, height= 14, angle=  0
FrcRobotBase.PixyVision_Info: [1] sync=0xaa55, chksum=0x0113, sig=1, centerX=149, centerY= 90, width= 11, height= 24, angle=  0
FrcRobotBase.PixyVision_Info: [2] sync=0xaa55, chksum=0x0134, sig=1, centerX=187, centerY= 86, width= 10, height= 24, angle=  0
FrcRobotBase.PixyVision_Info: Expected Target: distance=48.7, width=47.2, height=23.6
FrcRobotBase.PixyVision_Info: ***TargetRect***: [1,2] x=144, y=74, w=48, h=28
FrcRobotBase.PixyVision_Info: ###TargetInfo###: xDist=1.7, yDist=47.9, angle=2.0
FrcRobotBase.Robot_Info: [3.568] VISION_DEPLOY: xPos= -0.06,yPos= 84.77,heading= -58.5/ -60.0,volts=11.4(10.5)
FrcRobotBase.printPidInfo_Info: sonarDrivePidCtrl: Target=   7.0, Input=  40.7, Error=  33.7, PIDTerms= 0.557/ 0.000/ 0.006/ 0.000, Output= 0.500(-0.500/0.500)
FrcRobotBase.printPidInfo_Info: visionTurnPidCtrl: Target=   0.0, Input=   2.0, Error=   2.0, PIDTerms= 0.050/ 0.000/ 0.000/ 0.000, Output= 0.050(-0.500/0.500)
FrcRobotBase.PixyVision_Info: 3 object(s) found
FrcRobotBase.PixyVision_Info: [0] sync=0xaa55, chksum=0x006c, sig=1, centerX= 39, centerY=  7, width= 47, height= 14, angle=  0
FrcRobotBase.PixyVision_Info: [1] sync=0xaa55, chksum=0x0115, sig=1, centerX=150, centerY= 90, width= 12, height= 24, angle=  0
FrcRobotBase.PixyVision_Info: [2] sync=0xaa55, chksum=0x0135, sig=1, centerX=188, centerY= 86, width= 10, height= 24, angle=  0
FrcRobotBase.PixyVision_Info: Expected Target: distance=49.7, width=46.3, height=23.1
FrcRobotBase.PixyVision_Info: ***TargetRect***: [1,2] x=144, y=74, w=49, h=28
FrcRobotBase.PixyVision_Info: ###TargetInfo###: xDist=1.7, yDist=46.9, angle=2.1
FrcRobotBase.PixyVision_Info: 3 object(s) found
FrcRobotBase.PixyVision_Info: [0] sync=0xaa55, chksum=0x006c, sig=1, centerX= 39, centerY=  7, width= 47, height= 14, angle=  0
FrcRobotBase.PixyVision_Info: [1] sync=0xaa55, chksum=0x0115, sig=1, centerX=150, centerY= 91, width= 11, height= 24, angle=  0
FrcRobotBase.PixyVision_Info: [2] sync=0xaa55, chksum=0x0136, sig=1, centerX=188, centerY= 87, width= 10, height= 24, angle=  0
FrcRobotBase.PixyVision_Info: Expected Target: distance=48.6, width=47.3, height=23.7
FrcRobotBase.PixyVision_Info: ***TargetRect***: [1,2] x=145, y=75, w=48, h=28
FrcRobotBase.PixyVision_Info: ###TargetInfo###: xDist=1.9, yDist=47.9, angle=2.2
FrcRobotBase.Robot_Info: [3.650] VISION_DEPLOY: xPos= -0.38,yPos= 86.26,heading= -57.7/ -60.0,volts=11.1(10.5)
FrcRobotBase.printPidInfo_Info: sonarDrivePidCtrl: Target=   7.0, Input=  40.6, Error=  33.6, PIDTerms= 0.555/ 0.000/-0.004/ 0.000, Output= 0.500(-0.500/0.500)
FrcRobotBase.printPidInfo_Info: visionTurnPidCtrl: Target=   0.0, Input=   2.2, Error=   2.2, PIDTerms= 0.056/ 0.000/ 0.001/ 0.000, Output= 0.057(-0.500/0.500)
FrcRobotBase.PixyVision_Info: 3 object(s) found
FrcRobotBase.PixyVision_Info: [0] sync=0xaa55, chksum=0x005e, sig=1, centerX= 32, centerY=  7, width= 39, height= 15, angle=  0
FrcRobotBase.PixyVision_Info: [1] sync=0xaa55, chksum=0x0112, sig=1, centerX=146, centerY= 92, width= 11, height= 24, angle=  0
FrcRobotBase.PixyVision_Info: [2] sync=0xaa55, chksum=0x0133, sig=1, centerX=184, centerY= 87, width= 10, height= 25, angle=  0
FrcRobotBase.PixyVision_Info: Expected Target: distance=48.7, width=47.2, height=23.6
FrcRobotBase.PixyVision_Info: ***TargetRect***: [1,2] x=141, y=75, w=48, h=29
FrcRobotBase.PixyVision_Info: ###TargetInfo###: xDist=1.0, yDist=47.9, angle=1.2
FrcRobotBase.Robot_Info: [3.706] VISION_DEPLOY: xPos= -0.44,yPos= 87.59,heading= -57.2/ -60.0,volts=11.4(10.5)
FrcRobotBase.printPidInfo_Info: sonarDrivePidCtrl: Target=   7.0, Input=  40.7, Error=  33.7, PIDTerms= 0.557/ 0.000/ 0.004/ 0.000, Output= 0.500(-0.500/0.500)
FrcRobotBase.printPidInfo_Info: visionTurnPidCtrl: Target=   0.0, Input=   1.2, Error=   1.2, PIDTerms= 0.031/ 0.000/-0.002/ 0.000, Output= 0.029(-0.500/0.500)
FrcRobotBase.PixyVision_Info: 3 object(s) found
FrcRobotBase.PixyVision_Info: [0] sync=0xaa55, chksum=0x005c, sig=1, centerX= 31, centerY=  7, width= 39, height= 14, angle=  0
FrcRobotBase.PixyVision_Info: [1] sync=0xaa55, chksum=0x0135, sig=1, centerX=179, centerY= 87, width= 17, height= 25, angle=  0
FrcRobotBase.PixyVision_Info: [2] sync=0xaa55, chksum=0x010f, sig=1, centerX=144, centerY= 92, width= 10, height= 24, angle=  0
FrcRobotBase.PixyVision_Info: Expected Target: distance=47.7, width=48.2, height=24.1
FrcRobotBase.PixyVision_Info: ***TargetRect***: [1,2] x=139, y=75, w=49, h=29
FrcRobotBase.PixyVision_Info: ###TargetInfo###: xDist=0.7, yDist=46.9, angle=0.9
FrcRobotBase.PixyVision_Info: 3 object(s) found
FrcRobotBase.PixyVision_Info: [0] sync=0xaa55, chksum=0x005d, sig=1, centerX= 31, centerY=  7, width= 40, height= 14, angle=  0
FrcRobotBase.PixyVision_Info: [1] sync=0xaa55, chksum=0x0133, sig=1, centerX=179, centerY= 87, width= 15, height= 25, angle=  0
FrcRobotBase.PixyVision_Info: [2] sync=0xaa55, chksum=0x010f, sig=1, centerX=143, centerY= 92, width= 10, height= 25, angle=  0
FrcRobotBase.PixyVision_Info: Expected Target: distance=46.1, width=49.9, height=24.9
FrcRobotBase.PixyVision_Info: ***TargetRect***: [1,2] x=138, y=75, w=49, h=30
FrcRobotBase.PixyVision_Info: ###TargetInfo###: xDist=0.5, yDist=46.9, angle=0.6
FrcRobotBase.Robot_Info: [3.776] VISION_DEPLOY: xPos= -0.35,yPos= 89.77,heading= -56.8/ -60.0,volts=11.4(10.5)
FrcRobotBase.printPidInfo_Info: sonarDrivePidCtrl: Target=   7.0, Input=  38.4, Error=  31.4, PIDTerms= 0.518/ 0.000/-0.060/ 0.000, Output= 0.457(-0.500/0.500)
FrcRobotBase.printPidInfo_Info: visionTurnPidCtrl: Target=   0.0, Input=   0.6, Error=   0.6, PIDTerms= 0.016/ 0.000/-0.001/ 0.000, Output= 0.014(-0.500/0.500)
FrcRobotBase.PixyVision_Info: 3 object(s) found
FrcRobotBase.PixyVision_Info: [0] sync=0xaa55, chksum=0x005a, sig=1, centerX= 29, centerY=  7, width= 38, height= 15, angle=  0
FrcRobotBase.PixyVision_Info: [1] sync=0xaa55, chksum=0x010e, sig=1, centerX=140, centerY= 93, width= 11, height= 25, angle=  0
FrcRobotBase.PixyVision_Info: [2] sync=0xaa55, chksum=0x0132, sig=1, centerX=180, centerY= 89, width= 10, height= 26, angle=  0
FrcRobotBase.PixyVision_Info: Expected Target: distance=45.9, width=50.1, height=25.1
FrcRobotBase.PixyVision_Info: ***TargetRect***: [1,2] x=135, y=76, w=50, h=30
FrcRobotBase.PixyVision_Info: ###TargetInfo###: xDist=0.0, yDist=46.0, angle=0.0
FrcRobotBase.Robot_Info: [3.821] VISION_DEPLOY: xPos= -0.34,yPos= 91.36,heading= -56.5/ -60.0,volts=11.6(10.5)
FrcRobotBase.printPidInfo_Info: sonarDrivePidCtrl: Target=   7.0, Input=  37.9, Error=  30.9, PIDTerms= 0.509/ 0.000/-0.033/ 0.000, Output= 0.476(-0.500/0.500)
FrcRobotBase.printPidInfo_Info: visionTurnPidCtrl: Target=   0.0, Input=   0.0, Error=  -0.0, PIDTerms=-0.000/ 0.000/-0.003/ 0.000, Output=-0.003(-0.500/0.500)
FrcRobotBase.PixyVision_Info: 4 object(s) found
FrcRobotBase.PixyVision_Info: [0] sync=0xaa55, chksum=0x0056, sig=1, centerX= 26, centerY=  7, width= 37, height= 15, angle=  0
FrcRobotBase.PixyVision_Info: [1] sync=0xaa55, chksum=0x0133, sig=1, centerX=178, centerY= 90, width= 11, height= 27, angle=  0
FrcRobotBase.PixyVision_Info: [2] sync=0xaa55, chksum=0x010e, sig=1, centerX=137, centerY= 95, width= 11, height= 26, angle=  0
FrcRobotBase.PixyVision_Info: [3] sync=0xaa55, chksum=0x017f, sig=1, centerX=227, centerY=145, width=  6, height=  4, angle=  0
FrcRobotBase.PixyVision_Info: Expected Target: distance=43.9, width=52.4, height=26.2
FrcRobotBase.PixyVision_Info: ***TargetRect***: [1,2] x=132, y=77, w=52, h=31
FrcRobotBase.PixyVision_Info: ###TargetInfo###: xDist=-0.4, yDist=44.2, angle=-0.5
FrcRobotBase.PixyVision_Info: 4 object(s) found
FrcRobotBase.PixyVision_Info: [0] sync=0xaa55, chksum=0x0055, sig=1, centerX= 26, centerY=  7, width= 36, height= 15, angle=  0
FrcRobotBase.PixyVision_Info: [1] sync=0xaa55, chksum=0x010e, sig=1, centerX=136, centerY= 95, width= 11, height= 27, angle=  0
FrcRobotBase.PixyVision_Info: [2] sync=0xaa55, chksum=0x0134, sig=1, centerX=178, centerY= 90, width= 12, height= 27, angle=  0
FrcRobotBase.PixyVision_Info: [3] sync=0xaa55, chksum=0x017d, sig=1, centerX=226, centerY=147, width=  5, height=  2, angle=  0
FrcRobotBase.PixyVision_Info: Expected Target: distance=42.8, width=53.8, height=26.9
FrcRobotBase.PixyVision_Info: ***TargetRect***: [1,2] x=131, y=77, w=53, h=32
FrcRobotBase.PixyVision_Info: ###TargetInfo###: xDist=-0.5, yDist=43.4, angle=-0.6
FrcRobotBase.Robot_Info: [3.887] VISION_DEPLOY: xPos= -0.37,yPos= 93.98,heading= -56.3/ -60.0,volts=11.8(10.5)
FrcRobotBase.printPidInfo_Info: sonarDrivePidCtrl: Target=   7.0, Input=  34.9, Error=  27.9, PIDTerms= 0.460/ 0.000/-0.075/ 0.000, Output= 0.385(-0.500/0.500)
FrcRobotBase.printPidInfo_Info: visionTurnPidCtrl: Target=   0.0, Input=  -0.6, Error=  -0.6, PIDTerms=-0.016/ 0.000/-0.001/ 0.000, Output=-0.017(-0.500/0.500)
FrcRobotBase.PixyVision_Info: 4 object(s) found
FrcRobotBase.PixyVision_Info: [0] sync=0xaa55, chksum=0x0134, sig=1, centerX=177, centerY= 91, width= 11, height= 28, angle=  0
FrcRobotBase.PixyVision_Info: [1] sync=0xaa55, chksum=0x0052, sig=1, centerX= 24, centerY=  7, width= 35, height= 15, angle=  0
FrcRobotBase.PixyVision_Info: [2] sync=0xaa55, chksum=0x010e, sig=1, centerX=135, centerY= 96, width= 11, height= 27, angle=  0
FrcRobotBase.PixyVision_Info: [3] sync=0xaa55, chksum=0x0181, sig=1, centerX=227, centerY=148, width=  6, height=  3, angle=  0
FrcRobotBase.PixyVision_Info: Expected Target: distance=42.1, width=54.6, height=27.3
FrcRobotBase.PixyVision_Info: ***TargetRect***: [0,2] x=130, y=77, w=53, h=33
FrcRobotBase.PixyVision_Info: ###TargetInfo###: xDist=-0.7, yDist=43.4, angle=-0.9
FrcRobotBase.Robot_Info: [3.920] VISION_DEPLOY: xPos= -0.36,yPos= 95.88,heading= -56.2/ -60.0,volts=12.0(10.5)
FrcRobotBase.printPidInfo_Info: sonarDrivePidCtrl: Target=   7.0, Input=  34.3, Error=  27.3, PIDTerms= 0.450/ 0.000/-0.037/ 0.000, Output= 0.413(-0.500/0.500)
FrcRobotBase.printPidInfo_Info: visionTurnPidCtrl: Target=   0.0, Input=  -0.9, Error=  -0.9, PIDTerms=-0.022/ 0.000/-0.001/ 0.000, Output=-0.023(-0.500/0.500)
FrcRobotBase.PixyVision_Info: 3 object(s) found
FrcRobotBase.PixyVision_Info: [0] sync=0xaa55, chksum=0x0135, sig=1, centerX=177, centerY= 92, width= 11, height= 28, angle=  0
FrcRobotBase.PixyVision_Info: [1] sync=0xaa55, chksum=0x010d, sig=1, centerX=133, centerY= 97, width= 11, height= 27, angle=  0
FrcRobotBase.PixyVision_Info: [2] sync=0xaa55, chksum=0x004b, sig=1, centerX= 22, centerY=  7, width= 30, height= 15, angle=  0
FrcRobotBase.PixyVision_Info: Expected Target: distance=40.9, width=56.3, height=28.1
FrcRobotBase.PixyVision_Info: ***TargetRect***: [0,1] x=128, y=78, w=55, h=33
FrcRobotBase.PixyVision_Info: ###TargetInfo###: xDist=-0.8, yDist=41.8, angle=-1.1
FrcRobotBase.Robot_Info: [3.948] VISION_DEPLOY: xPos= -0.36,yPos= 96.87,heading= -56.2/ -60.0,volts=12.0(10.5)
FrcRobotBase.printPidInfo_Info: sonarDrivePidCtrl: Target=   7.0, Input=  32.9, Error=  25.9, PIDTerms= 0.427/ 0.000/-0.095/ 0.000, Output= 0.332(-0.500/0.500)
FrcRobotBase.printPidInfo_Info: visionTurnPidCtrl: Target=   0.0, Input=  -1.1, Error=  -1.1, PIDTerms=-0.028/ 0.000/-0.001/ 0.000, Output=-0.029(-0.500/0.500)
FrcRobotBase.PixyVision_Info: 4 object(s) found
FrcRobotBase.PixyVision_Info: [0] sync=0xaa55, chksum=0x0111, sig=1, centerX=133, centerY= 98, width= 12, height= 29, angle=  0
FrcRobotBase.PixyVision_Info: [1] sync=0xaa55, chksum=0x0137, sig=1, centerX=177, centerY= 92, width= 12, height= 29, angle=  0
FrcRobotBase.PixyVision_Info: [2] sync=0xaa55, chksum=0x003c, sig=1, centerX= 17, centerY=  7, width= 20, height= 15, angle=  0
FrcRobotBase.PixyVision_Info: [3] sync=0xaa55, chksum=0x0183, sig=1, centerX=227, centerY=152, width=  5, height=  2, angle=  0
FrcRobotBase.PixyVision_Info: Expected Target: distance=38.1, width=60.3, height=30.1
FrcRobotBase.PixyVision_Info: ***TargetRect***: [0,1] x=127, y=78, w=56, h=35
FrcRobotBase.PixyVision_Info: ###TargetInfo###: xDist=-0.9, yDist=41.1, angle=-1.2
FrcRobotBase.PixyVision_Info: 3 object(s) found
FrcRobotBase.PixyVision_Info: [0] sync=0xaa55, chksum=0x0139, sig=1, centerX=177, centerY= 94, width= 11, height= 30, angle=  0
FrcRobotBase.PixyVision_Info: [1] sync=0xaa55, chksum=0x0110, sig=1, centerX=131, centerY= 99, width= 12, height= 29, angle=  0
FrcRobotBase.PixyVision_Info: [2] sync=0xaa55, chksum=0x0038, sig=1, centerX= 15, centerY=  7, width= 18, height= 15, angle=  0
FrcRobotBase.PixyVision_Info: Expected Target: distance=38.0, width=60.5, height=30.2
FrcRobotBase.PixyVision_Info: ***TargetRect***: [0,1] x=125, y=79, w=58, h=35
FrcRobotBase.PixyVision_Info: ###TargetInfo###: xDist=-1.0, yDist=39.7, angle=-1.5
FrcRobotBase.Robot_Info: [4.024] VISION_DEPLOY: xPos= -0.35,yPos=100.83,heading= -56.2/ -60.0,volts=12.2(10.5)
FrcRobotBase.printPidInfo_Info: sonarDrivePidCtrl: Target=   7.0, Input=  30.3, Error=  23.3, PIDTerms= 0.384/ 0.000/-0.081/ 0.000, Output= 0.303(-0.500/0.500)
FrcRobotBase.printPidInfo_Info: visionTurnPidCtrl: Target=   0.0, Input=  -1.5, Error=  -1.5, PIDTerms=-0.037/ 0.000/-0.001/ 0.000, Output=-0.038(-0.500/0.500)
FrcRobotBase.PixyVision_Info: 3 object(s) found
FrcRobotBase.PixyVision_Info: [0] sync=0xaa55, chksum=0x0141, sig=1, centerX=178, centerY= 97, width= 13, height= 32, angle=  0
FrcRobotBase.PixyVision_Info: [1] sync=0xaa55, chksum=0x0115, sig=1, centerX=129, centerY=103, width= 12, height= 32, angle=  0
FrcRobotBase.PixyVision_Info: [2] sync=0xaa55, chksum=0x002f, sig=1, centerX= 12, centerY=  9, width= 13, height= 12, angle=  0
FrcRobotBase.PixyVision_Info: Expected Target: distance=35.2, width=65.4, height=32.7
FrcRobotBase.PixyVision_Info: ***TargetRect***: [0,1] x=123, y=81, w=62, h=38
FrcRobotBase.PixyVision_Info: ###TargetInfo###: xDist=-1.0, yDist=37.1, angle=-1.5
FrcRobotBase.PixyVision_Info: 3 object(s) found
FrcRobotBase.PixyVision_Info: [0] sync=0xaa55, chksum=0x011c, sig=1, centerX=127, centerY=106, width= 15, height= 35, angle=  0
FrcRobotBase.PixyVision_Info: [1] sync=0xaa55, chksum=0x014c, sig=1, centerX=181, centerY=100, width= 14, height= 36, angle=  0
FrcRobotBase.PixyVision_Info: [2] sync=0xaa55, chksum=0x0023, sig=1, centerX=  9, centerY=  9, width=  7, height=  9, angle=  0
FrcRobotBase.PixyVision_Info: Expected Target: distance=32.3, width=71.2, height=35.6
FrcRobotBase.PixyVision_Info: ***TargetRect***: [0,1] x=120, y=82, w=68, h=42
FrcRobotBase.PixyVision_Info: ###TargetInfo###: xDist=-0.9, yDist=33.8, angle=-1.5
FrcRobotBase.Robot_Info: [4.152] VISION_DEPLOY: xPos= -0.35,yPos=106.94,heading= -56.6/ -60.0,volts=12.4(10.5)
FrcRobotBase.printPidInfo_Info: sonarDrivePidCtrl: Target=   7.0, Input=  24.3, Error=  17.3, PIDTerms= 0.285/ 0.000/-0.097/ 0.000, Output= 0.189(-0.500/0.500)
FrcRobotBase.printPidInfo_Info: visionTurnPidCtrl: Target=   0.0, Input=  -1.5, Error=  -1.5, PIDTerms=-0.037/ 0.000/ 0.000/ 0.000, Output=-0.037(-0.500/0.500)
FrcRobotBase.PixyVision_Info: 3 object(s) found
FrcRobotBase.PixyVision_Info: [0] sync=0xaa55, chksum=0x0152, sig=1, centerX=181, centerY=102, width= 17, height= 37, angle=  0
FrcRobotBase.PixyVision_Info: [1] sync=0xaa55, chksum=0x0120, sig=1, centerX=126, centerY=109, width= 16, height= 36, angle=  0
FrcRobotBase.PixyVision_Info: [2] sync=0xaa55, chksum=0x001d, sig=1, centerX=  8, centerY= 10, width=  3, height=  7, angle=  0
FrcRobotBase.PixyVision_Info: Expected Target: distance=30.4, width=75.6, height=37.8
FrcRobotBase.PixyVision_Info: ***TargetRect***: [0,1] x=118, y=84, w=72, h=43
FrcRobotBase.PixyVision_Info: ###TargetInfo###: xDist=-0.8, yDist=31.9, angle=-1.5
FrcRobotBase.Robot_Info: [4.190] VISION_DEPLOY: xPos= -0.54,yPos=108.69,heading= -56.8/ -60.0,volts=12.6(10.5)
FrcRobotBase.printPidInfo_Info: sonarDrivePidCtrl: Target=   7.0, Input=  22.3, Error=  15.3, PIDTerms= 0.252/ 0.000/-0.081/ 0.000, Output= 0.172(-0.500/0.500)
FrcRobotBase.printPidInfo_Info: visionTurnPidCtrl: Target=   0.0, Input=  -1.5, Error=  -1.5, PIDTerms=-0.037/ 0.000/ 0.000/ 0.000, Output=-0.037(-0.500/0.500)
FrcRobotBase.PixyVision_Info: 3 object(s) found
FrcRobotBase.PixyVision_Info: [0] sync=0xaa55, chksum=0x0158, sig=1, centerX=184, centerY=105, width= 15, height= 39, angle=  0
FrcRobotBase.PixyVision_Info: [1] sync=0xaa55, chksum=0x0124, sig=1, centerX=122, centerY=112, width= 19, height= 38, angle=  0
FrcRobotBase.PixyVision_Info: [2] sync=0xaa55, chksum=0x00c0, sig=1, centerX= 56, centerY=127, width=  6, height=  2, angle=  0
FrcRobotBase.PixyVision_Info: Expected Target: distance=28.8, width=79.9, height=39.9
FrcRobotBase.PixyVision_Info: ***TargetRect***: [0,1] x=113, y=86, w=79, h=45
FrcRobotBase.PixyVision_Info: ###TargetInfo###: xDist=-0.9, yDist=29.1, angle=-1.9
FrcRobotBase.PixyVision_Info: 3 object(s) found
FrcRobotBase.PixyVision_Info: [0] sync=0xaa55, chksum=0x015d, sig=1, centerX=185, centerY=106, width= 16, height= 41, angle=  0
FrcRobotBase.PixyVision_Info: [1] sync=0xaa55, chksum=0x0126, sig=1, centerX=123, centerY=113, width= 18, height= 39, angle=  0
FrcRobotBase.PixyVision_Info: [2] sync=0xaa55, chksum=0x00c0, sig=1, centerX= 54, centerY=128, width=  7, height=  2, angle=  0
FrcRobotBase.PixyVision_Info: Expected Target: distance=28.4, width=80.9, height=40.5
FrcRobotBase.PixyVision_Info: ***TargetRect***: [0,1] x=114, y=86, w=79, h=47
FrcRobotBase.PixyVision_Info: ###TargetInfo###: xDist=-0.8, yDist=29.1, angle=-1.6
FrcRobotBase.Robot_Info: [4.246] VISION_DEPLOY: xPos= -0.33,yPos=110.75,heading= -57.0/ -60.0,volts=12.6(10.5)
FrcRobotBase.printPidInfo_Info: sonarDrivePidCtrl: Target=   7.0, Input=  20.3, Error=  13.3, PIDTerms= 0.220/ 0.000/-0.070/ 0.000, Output= 0.150(-0.500/0.500)
FrcRobotBase.printPidInfo_Info: visionTurnPidCtrl: Target=   0.0, Input=  -1.6, Error=  -1.6, PIDTerms=-0.040/ 0.000/-0.000/ 0.000, Output=-0.041(-0.500/0.500)
FrcRobotBase.PixyVision_Info: 3 object(s) found
FrcRobotBase.PixyVision_Info: [0] sync=0xaa55, chksum=0x0167, sig=1, centerX=187, centerY=110, width= 17, height= 44, angle=  0
FrcRobotBase.PixyVision_Info: [1] sync=0xaa55, chksum=0x0128, sig=1, centerX=120, centerY=117, width= 17, height= 41, angle=  0
FrcRobotBase.PixyVision_Info: [2] sync=0xaa55, chksum=0x018f, sig=1, centerX=262, centerY=126, width=  6, height=  4, angle=  0
FrcRobotBase.PixyVision_Info: Expected Target: distance=26.3, width=87.4, height=43.7
FrcRobotBase.PixyVision_Info: ***TargetRect***: [0,1] x=112, y=88, w=84, h=50
FrcRobotBase.PixyVision_Info: ###TargetInfo###: xDist=-0.7, yDist=27.4, angle=-1.5
FrcRobotBase.Robot_Info: [4.286] VISION_DEPLOY: xPos= -0.30,yPos=112.50,heading= -57.2/ -60.0,volts=12.6(10.5)
FrcRobotBase.printPidInfo_Info: sonarDrivePidCtrl: Target=   7.0, Input=  18.4, Error=  11.4, PIDTerms= 0.189/ 0.000/-0.094/ 0.000, Output= 0.094(-0.500/0.500)
FrcRobotBase.printPidInfo_Info: visionTurnPidCtrl: Target=   0.0, Input=  -1.5, Error=  -1.5, PIDTerms=-0.037/ 0.000/ 0.000/ 0.000, Output=-0.037(-0.500/0.500)
FrcRobotBase.PixyVision_Info: 3 object(s) found
FrcRobotBase.PixyVision_Info: [0] sync=0xaa55, chksum=0x0172, sig=1, centerX=190, centerY=113, width= 20, height= 46, angle=  0
FrcRobotBase.PixyVision_Info: [1] sync=0xaa55, chksum=0x012f, sig=1, centerX=118, centerY=121, width= 19, height= 44, angle=  0
FrcRobotBase.PixyVision_Info: [2] sync=0xaa55, chksum=0x0190, sig=1, centerX=263, centerY=126, width=  6, height=  4, angle=  0
FrcRobotBase.PixyVision_Info: Expected Target: distance=23.8, width=96.6, height=48.3
FrcRobotBase.PixyVision_Info: ***TargetRect***: [0,1] x=109, y=90, w=91, h=53
FrcRobotBase.PixyVision_Info: ###TargetInfo###: xDist=-0.6, yDist=25.3, angle=-1.4
FrcRobotBase.Robot_Info: [4.327] VISION_DEPLOY: xPos= -0.30,yPos=114.24,heading= -57.5/ -60.0,volts=12.7(10.5)
FrcRobotBase.printPidInfo_Info: sonarDrivePidCtrl: Target=   7.0, Input=  15.9, Error=   8.9, PIDTerms= 0.148/ 0.000/-0.124/ 0.000, Output= 0.023(-0.500/0.500)
FrcRobotBase.printPidInfo_Info: visionTurnPidCtrl: Target=   0.0, Input=  -1.4, Error=  -1.4, PIDTerms=-0.034/ 0.000/ 0.000/ 0.000, Output=-0.034(-0.500/0.500)
FrcRobotBase.PixyVision_Info: 5 object(s) found
FrcRobotBase.PixyVision_Info: [0] sync=0xaa55, chksum=0x017b, sig=1, centerX=193, centerY=116, width= 20, height= 49, angle=  0
FrcRobotBase.PixyVision_Info: [1] sync=0xaa55, chksum=0x0132, sig=1, centerX=116, centerY=124, width= 21, height= 44, angle=  0
FrcRobotBase.PixyVision_Info: [2] sync=0xaa55, chksum=0x00b0, sig=1, centerX=144, centerY= 18, width=  3, height= 10, angle=  0
FrcRobotBase.PixyVision_Info: [3] sync=0xaa55, chksum=0x00ba, sig=1, centerX=156, centerY= 17, width=  3, height=  9, angle=  0
FrcRobotBase.PixyVision_Info: [4] sync=0xaa55, chksum=0x0190, sig=1, centerX=265, centerY=126, width=  6, height=  2, angle=  0
FrcRobotBase.PixyVision_Info: Expected Target: distance=22.9, width=100.2, height=50.1
FrcRobotBase.PixyVision_Info: ***TargetRect***: [0,1] x=106, y=92, w=97, h=54
FrcRobotBase.PixyVision_Info: ###TargetInfo###: xDist=-0.6, yDist=23.7, angle=-1.4
FrcRobotBase.PixyVision_Info: 5 object(s) found
FrcRobotBase.PixyVision_Info: [0] sync=0xaa55, chksum=0x017f, sig=1, centerX=194, centerY=118, width= 21, height= 49, angle=  0
FrcRobotBase.PixyVision_Info: [1] sync=0xaa55, chksum=0x0130, sig=1, centerX=115, centerY=125, width= 21, height= 42, angle=  0
FrcRobotBase.PixyVision_Info: [2] sync=0xaa55, chksum=0x010e, sig=1, centerX=148, centerY=100, width=  3, height= 18, angle=  0
FrcRobotBase.PixyVision_Info: [3] sync=0xaa55, chksum=0x00be, sig=1, centerX=157, centerY= 15, width=  3, height= 14, angle=  0
FrcRobotBase.PixyVision_Info: [4] sync=0xaa55, chksum=0x00b2, sig=1, centerX=144, centerY= 16, width=  3, height= 14, angle=  0
FrcRobotBase.PixyVision_Info: Expected Target: distance=21.7, width=106.0, height=53.0
FrcRobotBase.PixyVision_Info: ***TargetRect***: [0,1] x=105, y=94, w=100, h=52
FrcRobotBase.PixyVision_Info: ###TargetInfo###: xDist=-0.5, yDist=23.0, angle=-1.2
FrcRobotBase.Robot_Info: [4.396] VISION_DEPLOY: xPos= -0.30,yPos=116.57,heading= -58.3/ -60.0,volts=12.7(10.5)
FrcRobotBase.printPidInfo_Info: sonarDrivePidCtrl: Target=   7.0, Input=  13.8, Error=   6.8, PIDTerms= 0.113/ 0.000/-0.069/ 0.000, Output= 0.044(-0.500/0.500)
FrcRobotBase.printPidInfo_Info: visionTurnPidCtrl: Target=   0.0, Input=  -1.2, Error=  -1.2, PIDTerms=-0.031/ 0.000/ 0.000/ 0.000, Output=-0.031(-0.500/0.500)
FrcRobotBase.PixyVision_Info: 4 object(s) found
FrcRobotBase.PixyVision_Info: [0] sync=0xaa55, chksum=0x018e, sig=1, centerX=199, centerY=123, width= 22, height= 53, angle=  0
FrcRobotBase.PixyVision_Info: [1] sync=0xaa55, chksum=0x012e, sig=1, centerX=113, centerY=127, width= 23, height= 38, angle=  0
FrcRobotBase.PixyVision_Info: [2] sync=0xaa55, chksum=0x0140, sig=1, centerX=163, centerY= 96, width=  6, height= 54, angle=  0
FrcRobotBase.PixyVision_Info: [3] sync=0xaa55, chksum=0x012e, sig=1, centerX=149, centerY= 95, width=  6, height= 51, angle=  0
FrcRobotBase.PixyVision_Info: Expected Target: distance=20.6, width=111.8, height=55.9
FrcRobotBase.PixyVision_Info: ***TargetRect***: [0,1] x=102, y=97, w=108, h=53
FrcRobotBase.PixyVision_Info: ###TargetInfo###: xDist=-0.4, yDist=21.3, angle=-1.0
FrcRobotBase.Robot_Info: [4.438] VISION_DEPLOY: xPos= -0.31,yPos=117.91,heading= -58.6/ -60.0,volts=12.6(10.5)
FrcRobotBase.printPidInfo_Info: sonarDrivePidCtrl: Target=   7.0, Input=  12.6, Error=   5.6, PIDTerms= 0.092/ 0.000/-0.058/ 0.000, Output= 0.034(-0.500/0.500)
FrcRobotBase.printPidInfo_Info: visionTurnPidCtrl: Target=   0.0, Input=  -1.0, Error=  -1.0, PIDTerms=-0.025/ 0.000/ 0.001/ 0.000, Output=-0.024(-0.500/0.500)
FrcRobotBase.PixyVision_Info: 4 object(s) found
FrcRobotBase.PixyVision_Info: [0] sync=0xaa55, chksum=0x0198, sig=1, centerX=203, centerY=126, width= 23, height= 55, angle=  0
FrcRobotBase.PixyVision_Info: [1] sync=0xaa55, chksum=0x012b, sig=1, centerX=112, centerY=128, width= 24, height= 34, angle=  0
FrcRobotBase.PixyVision_Info: [2] sync=0xaa55, chksum=0x0149, sig=1, centerX=165, centerY= 98, width=  6, height= 59, angle=  0
FrcRobotBase.PixyVision_Info: [3] sync=0xaa55, chksum=0x0139, sig=1, centerX=149, centerY= 99, width=  6, height= 58, angle=  0
FrcRobotBase.PixyVision_Info: Expected Target: distance=19.7, width=116.7, height=58.3
FrcRobotBase.PixyVision_Info: ***TargetRect***: [0,1] x=100, y=99, w=115, h=55
FrcRobotBase.PixyVision_Info: ###TargetInfo###: xDist=-0.2, yDist=20.0, angle=-0.6
FrcRobotBase.PixyVision_Info: 4 object(s) found
FrcRobotBase.PixyVision_Info: [0] sync=0xaa55, chksum=0x0197, sig=1, centerX=205, centerY=127, width= 23, height= 51, angle=  0
FrcRobotBase.PixyVision_Info: [1] sync=0xaa55, chksum=0x0128, sig=1, centerX=111, centerY=129, width= 24, height= 31, angle=  0
FrcRobotBase.PixyVision_Info: [2] sync=0xaa55, chksum=0x013e, sig=1, centerX=149, centerY=100, width=  7, height= 61, angle=  0
FrcRobotBase.PixyVision_Info: [3] sync=0xaa55, chksum=0x014f, sig=1, centerX=165, centerY=100, width=  7, height= 62, angle=  0
FrcRobotBase.PixyVision_Info: Expected Target: distance=18.7, width=122.9, height=61.5
FrcRobotBase.PixyVision_Info: ***TargetRect***: [0,1] x=99, y=102, w=118, h=51
FrcRobotBase.PixyVision_Info: ###TargetInfo###: xDist=-0.2, yDist=19.5, angle=-0.5
FrcRobotBase.Robot_Info: [4.498] VISION_DEPLOY: xPos= -0.29,yPos=119.70,heading= -59.1/ -60.0,volts=12.7(10.5)
FrcRobotBase.printPidInfo_Info: sonarDrivePidCtrl: Target=   7.0, Input=  11.0, Error=   4.0, PIDTerms= 0.065/ 0.000/-0.053/ 0.000, Output= 0.012(-0.500/0.500)
FrcRobotBase.printPidInfo_Info: visionTurnPidCtrl: Target=   0.0, Input=  -0.5, Error=  -0.5, PIDTerms=-0.012/ 0.000/ 0.001/ 0.000, Output=-0.011(-0.500/0.500)
FrcRobotBase.PixyVision_Info: 5 object(s) found
FrcRobotBase.PixyVision_Info: [0] sync=0xaa55, chksum=0x018d, sig=1, centerX=210, centerY=123, width= 25, height= 38, angle=  0
FrcRobotBase.PixyVision_Info: [1] sync=0xaa55, chksum=0x0121, sig=1, centerX=109, centerY=129, width= 24, height= 26, angle=  0
FrcRobotBase.PixyVision_Info: [2] sync=0xaa55, chksum=0x0148, sig=1, centerX=150, centerY=102, width=  8, height= 67, angle=  0
FrcRobotBase.PixyVision_Info: [3] sync=0xaa55, chksum=0x0154, sig=1, centerX=167, centerY=101, width=  7, height= 64, angle=  0
FrcRobotBase.PixyVision_Info: [4] sync=0xaa55, chksum=0x00cb, sig=1, centerX=163, centerY= 11, width=  6, height= 22, angle=  0
FrcRobotBase.PixyVision_Info: Expected Target: distance=17.5, width=131.7, height=65.8
FrcRobotBase.PixyVision_Info: ***TargetRect***: [0,1] x=97, y=104, w=126, h=38
FrcRobotBase.PixyVision_Info: ###TargetInfo###: xDist=0.0, yDist=18.3, angle=0.0
FrcRobotBase.Robot_Info: [4.541] VISION_DEPLOY: xPos= -0.28,yPos=120.71,heading= -59.4/ -60.0,volts=12.7(10.5)
FrcRobotBase.printPidInfo_Info: sonarDrivePidCtrl: Target=   7.0, Input=   9.6, Error=   2.6, PIDTerms= 0.043/ 0.000/-0.059/ 0.000, Output=-0.016(-0.500/0.500)
FrcRobotBase.printPidInfo_Info: visionTurnPidCtrl: Target=   0.0, Input=   0.0, Error=  -0.0, PIDTerms=-0.000/ 0.000/ 0.002/ 0.000, Output= 0.002(-0.500/0.500)
FrcRobotBase.PixyVision_Info: 5 object(s) found
FrcRobotBase.PixyVision_Info: [0] sync=0xaa55, chksum=0x018d, sig=1, centerX=214, centerY=124, width= 25, height= 33, angle=  0
FrcRobotBase.PixyVision_Info: [1] sync=0xaa55, chksum=0x0168, sig=1, centerX=168, centerY=108, width= 12, height= 71, angle=  0
FrcRobotBase.PixyVision_Info: [2] sync=0xaa55, chksum=0x0145, sig=1, centerX=150, centerY=101, width=  8, height= 65, angle=  0
FrcRobotBase.PixyVision_Info: [3] sync=0xaa55, chksum=0x011b, sig=1, centerX=108, centerY=131, width= 23, height= 20, angle=  0
FrcRobotBase.PixyVision_Info: [4] sync=0xaa55, chksum=0x00bd, sig=1, centerX=146, centerY= 12, width=  6, height= 24, angle=  0
FrcRobotBase.PixyVision_Info: Expected Target: distance=16.7, width=137.6, height=68.8
FrcRobotBase.PixyVision_Info: ***TargetRect***: [0,1] x=162, y=73, w=65, h=71
FrcRobotBase.PixyVision_Info: ###TargetInfo###: xDist=5.3, yDist=35.4, angle=8.5
FrcRobotBase.PixyVision_Info: 5 object(s) found
FrcRobotBase.PixyVision_Info: [0] sync=0xaa55, chksum=0x0191, sig=1, centerX=217, centerY=125, width= 26, height= 32, angle=  0
FrcRobotBase.PixyVision_Info: [1] sync=0xaa55, chksum=0x0157, sig=1, centerX=150, centerY=107, width=  9, height= 76, angle=  0
FrcRobotBase.PixyVision_Info: [2] sync=0xaa55, chksum=0x016b, sig=1, centerX=171, centerY=108, width= 10, height= 73, angle=  0
FrcRobotBase.PixyVision_Info: [3] sync=0xaa55, chksum=0x0111, sig=1, centerX=108, centerY=130, width= 19, height= 15, angle=  0
FrcRobotBase.PixyVision_Info: [4] sync=0xaa55, chksum=0x00bc, sig=1, centerX=145, centerY= 12, width=  6, height= 24, angle=  0
FrcRobotBase.PixyVision_Info: Expected Target: distance=16.1, width=142.9, height=71.4
FrcRobotBase.PixyVision_Info: ***TargetRect***: [0,1] x=146, y=69, w=84, h=76
FrcRobotBase.PixyVision_Info: ###TargetInfo###: xDist=3.3, yDist=27.4, angle=6.9
FrcRobotBase.Robot_Info: [4.639] VISION_DEPLOY: xPos= -0.26,yPos=122.67,heading= -59.5/ -60.0,volts=12.4(10.5)
FrcRobotBase.printPidInfo_Info: sonarDrivePidCtrl: Target=   7.0, Input=   8.1, Error=   1.1, PIDTerms= 0.018/ 0.000/-0.034/ 0.000, Output=-0.016(-0.500/0.500)
FrcRobotBase.printPidInfo_Info: visionTurnPidCtrl: Target=   0.0, Input=   6.9, Error=   6.9, PIDTerms= 0.174/ 0.000/ 0.012/ 0.000, Output= 0.185(-0.500/0.500)
FrcRobotBase.PixyVision_Info: 4 object(s) found
FrcRobotBase.PixyVision_Info: [0] sync=0xaa55, chksum=0x01bc, sig=1, centerX=163, centerY=120, width= 52, height=108, angle=  0
FrcRobotBase.PixyVision_Info: [1] sync=0xaa55, chksum=0x018e, sig=1, centerX=223, centerY=127, width= 27, height= 20, angle=  0
FrcRobotBase.PixyVision_Info: [2] sync=0xaa55, chksum=0x00bf, sig=1, centerX=144, centerY= 12, width= 10, height= 24, angle=  0
FrcRobotBase.PixyVision_Info: [3] sync=0xaa55, chksum=0x00d3, sig=1, centerX=167, centerY= 11, width=  9, height= 23, angle=  0
FrcRobotBase.PixyVision_Info: Expected Target: distance=14.7, width=156.2, height=78.1
FrcRobotBase.PixyVision_Info: ***TargetRect***: [2,3] x=139, y=0, w=33, h=24
FrcRobotBase.PixyVision_Info: ###TargetInfo###: xDist=-1.4, yDist=69.7, angle=-1.1
FrcRobotBase.PixyVision_Info: 4 object(s) found
FrcRobotBase.PixyVision_Info: [0] sync=0xaa55, chksum=0x01b5, sig=1, centerX=162, centerY=118, width= 51, height=105, angle=  0
FrcRobotBase.PixyVision_Info: [1] sync=0xaa55, chksum=0x00bb, sig=1, centerX=141, centerY= 12, width=  9, height= 24, angle=  0
FrcRobotBase.PixyVision_Info: [2] sync=0xaa55, chksum=0x00d2, sig=1, centerX=166, centerY= 11, width=  9, height= 23, angle=  0
FrcRobotBase.PixyVision_Info: [3] sync=0xaa55, chksum=0x017b, sig=1, centerX=221, centerY=125, width= 22, height= 10, angle=  0
FrcRobotBase.PixyVision_Info: Expected Target: distance=14.9, width=154.9, height=77.4
FrcRobotBase.PixyVision_Info: ***TargetRect***: [1,2] x=137, y=0, w=34, h=24
FrcRobotBase.PixyVision_Info: ###TargetInfo###: xDist=-1.8, yDist=67.6, angle=-1.5
FrcRobotBase.Robot_Info: [4.786] DEPLOY_GEAR: xPos= -0.18,yPos=124.27,heading= -56.3/ -60.0,volts=12.6(10.5)
FrcRobotBase.Robot_Info: [4.786] VISION_DEPLOY: xPos= -0.18,yPos=124.27,heading= -56.3/ -60.0,volts=12.6(10.5)
FrcRobotBase.PixyVision_Info: 4 object(s) found
FrcRobotBase.PixyVision_Info: [0] sync=0xaa55, chksum=0x0199, sig=1, centerX=135, centerY=105, width= 66, height=102, angle=  0
FrcRobotBase.PixyVision_Info: [1] sync=0xaa55, chksum=0x00b0, sig=1, centerX=117, centerY= 13, width= 18, height= 27, angle=  0
FrcRobotBase.PixyVision_Info: [2] sync=0xaa55, chksum=0x00c3, sig=1, centerX=144, centerY= 12, width= 14, height= 24, angle=  0
FrcRobotBase.PixyVision_Info: [3] sync=0xaa55, chksum=0x0173, sig=1, centerX=206, centerY=129, width= 26, height=  9, angle=  0
FrcRobotBase.PixyVision_Info: Expected Target: distance=14.9, width=154.9, height=77.4
FrcRobotBase.PixyVision_Info: ***TargetRect***: [1,2] x=108, y=0, w=43, h=27
FrcRobotBase.PixyVision_Info: ###TargetInfo###: xDist=-7.1, yDist=53.5, angle=-7.6
FrcRobotBase.Robot_Info: [4.862] VISION_DEPLOY: xPos= -0.09,yPos=124.57,heading= -55.3/ -60.0,volts=12.7(10.5)
FrcRobotBase.Robot_Info: [4.889] VISION_DEPLOY: xPos= -0.08,yPos=124.57,heading= -55.6/ -60.0,volts=12.7(10.5)
FrcRobotBase.Robot_Info: [4.917] VISION_DEPLOY: xPos= -0.07,yPos=124.51,heading= -56.0/ -60.0,volts=12.7(10.5)
FrcRobotBase.PixyVision_Info: 2 object(s) found
FrcRobotBase.PixyVision_Info: [0] sync=0xaa55, chksum=0x0194, sig=1, centerX=122, centerY= 78, width= 65, height=138, angle=  0
FrcRobotBase.PixyVision_Info: [1] sync=0xaa55, chksum=0x0167, sig=1, centerX=197, centerY=129, width= 27, height=  5, angle=  0
FrcRobotBase.PixyVision_Info: Expected Target: distance=14.6, width=157.5, height=78.8
FrcRobotBase.PixyVision_Info: ===TargetRect===: x=90, y=9, w=121, h=138
FrcRobotBase.PixyVision_Info: ###TargetInfo###: xDist=-0.8, yDist=19.0, angle=-2.4
FrcRobotBase.Robot_Info: [4.962] VISION_DEPLOY: xPos= -0.08,yPos=124.40,heading= -56.0/ -60.0,volts=12.7(10.5)
FrcRobotBase.Robot_Info: [4.984] VISION_DEPLOY: xPos= -0.14,yPos=124.29,heading= -56.0/ -60.0,volts=12.7(10.5)
FrcRobotBase.Robot_Info: [5.007] VISION_DEPLOY: xPos= -0.14,yPos=124.18,heading= -55.9/ -60.0,volts=12.7(10.5)
FrcRobotBase.Robot_Info: [5.028] VISION_DEPLOY: xPos= -0.09,yPos=124.07,heading= -55.8/ -60.0,volts=12.6(10.5)
FrcRobotBase.PixyVision_Info: 4 object(s) found
FrcRobotBase.PixyVision_Info: [0] sync=0xaa55, chksum=0x0156, sig=1, centerX=104, centerY= 75, width= 19, height=143, angle=  0
FrcRobotBase.PixyVision_Info: [1] sync=0xaa55, chksum=0x014b, sig=1, centerX=133, centerY=104, width= 16, height= 77, angle=  0
FrcRobotBase.PixyVision_Info: [2] sync=0xaa55, chksum=0x00b0, sig=1, centerX=128, centerY= 13, width=  9, height= 25, angle=  0
FrcRobotBase.PixyVision_Info: [3] sync=0xaa55, chksum=0x0161, sig=1, centerX=196, centerY=127, width= 25, height=  4, angle=  0
FrcRobotBase.PixyVision_Info: Expected Target: distance=14.7, width=156.2, height=78.1
FrcRobotBase.PixyVision_Info: ***TargetRect***: [0,1] x=95, y=4, w=46, h=143
FrcRobotBase.PixyVision_Info: ###TargetInfo###: xDist=-9.1, yDist=50.0, angle=-10.3
FrcRobotBase.Robot_Info: [5.076] VISION_DEPLOY: xPos= -0.07,yPos=123.90,heading= -55.8/ -60.0,volts=12.7(10.5)
FrcRobotBase.Robot_Info: [5.097] VISION_DEPLOY: xPos= -0.06,yPos=123.85,heading= -55.8/ -60.0,volts=12.7(10.5)
FrcRobotBase.Robot_Info: [5.118]     BACKUP: xPos= -0.05,yPos=123.79,heading= -55.8/ -60.0,volts=12.7(10.5)
FrcRobotBase.printPidInfo_Info: encoderXPidCtrl: Target=  -0.1, Input=   0.0, Error=   0.0, PIDTerms=-0.005/ 0.000/ 0.000/ 0.000, Output= 0.000(-0.500/0.500)
FrcRobotBase.printPidInfo_Info: encoderYPidCtrl: Target=  87.8, Input=  84.1, Error= -36.0, PIDTerms= 0.032/ 0.000/ 0.003/ 0.000, Output= 0.000(-0.500/0.500)
FrcRobotBase.printPidInfo_Info: gyroTurnPidCtrl: Target= -60.0, Input= -59.0, Error=  -4.2, PIDTerms=-0.066/ 0.000/-0.298/-0.000, Output= 0.000(-0.500/0.500)
FrcRobotBase.Robot_Info: [5.118] VISION_DEPLOY: xPos= -0.05,yPos=123.79,heading= -55.8/ -60.0,volts=12.7(10.5)
FrcRobotBase.printPidInfo_Info: encoderXPidCtrl: Target=  -0.1, Input=   0.0, Error=   0.0, PIDTerms=-0.005/ 0.000/ 0.000/ 0.000, Output= 0.000(-0.500/0.500)
FrcRobotBase.printPidInfo_Info: encoderYPidCtrl: Target=  87.8, Input=  84.1, Error= -36.0, PIDTerms= 0.032/ 0.000/ 0.003/ 0.000, Output= 0.000(-0.500/0.500)
FrcRobotBase.printPidInfo_Info: gyroTurnPidCtrl: Target= -60.0, Input= -59.0, Error=  -4.2, PIDTerms=-0.066/ 0.000/-0.298/-0.000, Output= 0.000(-0.500/0.500)
FrcRobotBase.PixyVision_Info: 5 object(s) found
FrcRobotBase.PixyVision_Info: [0] sync=0xaa55, chksum=0x0138, sig=1, centerX=107, centerY= 97, width= 17, height= 90, angle=  0
FrcRobotBase.PixyVision_Info: [1] sync=0xaa55, chksum=0x014d, sig=1, centerX=133, centerY=108, width= 15, height= 76, angle=  0
FrcRobotBase.PixyVision_Info: [2] sync=0xaa55, chksum=0x009e, sig=1, centerX=105, centerY= 14, width= 10, height= 28, angle=  0
FrcRobotBase.PixyVision_Info: [3] sync=0xaa55, chksum=0x00b1, sig=1, centerX=130, centerY= 12, width=  9, height= 25, angle=  0
FrcRobotBase.PixyVision_Info: [4] sync=0xaa55, chksum=0x015b, sig=1, centerX=194, centerY=125, width= 23, height=  4, angle=  0
FrcRobotBase.PixyVision_Info: Expected Target: distance=14.7, width=156.2, height=78.1
FrcRobotBase.PixyVision_Info: ***TargetRect***: [0,1] x=99, y=52, w=42, h=94
FrcRobotBase.PixyVision_Info: ###TargetInfo###: xDist=-9.5, yDist=54.8, angle=-9.9
FrcRobotBase.Robot_Info: [5.198] VISION_DEPLOY: xPos= -0.05,yPos=123.74,heading= -55.8/ -60.0,volts=11.8(10.5)
FrcRobotBase.printPidInfo_Info: encoderXPidCtrl: Target=  -0.1, Input=  -0.1, Error=   0.0, PIDTerms= 0.000/ 0.000/ 0.000/-0.000, Output= 0.000(-0.500/0.500)
FrcRobotBase.printPidInfo_Info: encoderYPidCtrl: Target=  87.8, Input= 123.8, Error= -36.0, PIDTerms=-1.260/ 0.000/ 0.000/ 0.000, Output=-0.500(-0.500/0.500)
FrcRobotBase.printPidInfo_Info: gyroTurnPidCtrl: Target= -60.0, Input= -55.8, Error=  -4.2, PIDTerms=-0.275/ 0.000/ 0.000/-0.000, Output=-0.275(-0.500/0.500)
FrcRobotBase.Robot_Info: [5.237] VISION_DEPLOY: xPos= -0.07,yPos=123.51,heading= -55.8/ -60.0,volts=11.2(10.5)
FrcRobotBase.printPidInfo_Info: encoderXPidCtrl: Target=  -0.1, Input=  -0.0, Error=  -0.0, PIDTerms=-0.001/ 0.000/-0.000/-0.000, Output=-0.001(-0.500/0.500)
FrcRobotBase.printPidInfo_Info: encoderYPidCtrl: Target=  87.8, Input= 123.7, Error= -35.9, PIDTerms=-1.258/ 0.000/ 0.012/ 0.000, Output=-0.500(-0.500/0.500)
FrcRobotBase.printPidInfo_Info: gyroTurnPidCtrl: Target= -60.0, Input= -55.8, Error=  -4.2, PIDTerms=-0.276/ 0.000/-0.001/-0.000, Output=-0.277(-0.500/0.500)
FrcRobotBase.PixyVision_Info: 5 object(s) found
FrcRobotBase.PixyVision_Info: [0] sync=0xaa55, chksum=0x0135, sig=1, centerX=107, centerY= 96, width= 16, height= 89, angle=  0
FrcRobotBase.PixyVision_Info: [1] sync=0xaa55, chksum=0x014a, sig=1, centerX=133, centerY=107, width= 14, height= 75, angle=  0
FrcRobotBase.PixyVision_Info: [2] sync=0xaa55, chksum=0x009d, sig=1, centerX=105, centerY= 14, width= 10, height= 27, angle=  0
FrcRobotBase.PixyVision_Info: [3] sync=0xaa55, chksum=0x00b1, sig=1, centerX=130, centerY= 12, width=  9, height= 25, angle=  0
FrcRobotBase.PixyVision_Info: [4] sync=0xaa55, chksum=0x015a, sig=1, centerX=193, centerY=124, width= 23, height=  5, angle=  0
FrcRobotBase.PixyVision_Info: Expected Target: distance=14.7, width=156.2, height=78.1
FrcRobotBase.PixyVision_Info: ***TargetRect***: [0,1] x=99, y=52, w=41, h=93
FrcRobotBase.PixyVision_Info: ###TargetInfo###: xDist=-9.9, yDist=56.1, angle=-10.0
FrcRobotBase.Robot_Info: [5.306] VISION_DEPLOY: xPos=  0.12,yPos=122.00,heading= -57.1/ -60.0,volts=10.8(10.5)
FrcRobotBase.printPidInfo_Info: encoderXPidCtrl: Target=  -0.1, Input=  -0.1, Error=   0.0, PIDTerms= 0.003/ 0.000/ 0.000/-0.000, Output= 0.003(-0.500/0.500)
FrcRobotBase.printPidInfo_Info: encoderYPidCtrl: Target=  87.8, Input= 123.5, Error= -35.7, PIDTerms=-1.250/ 0.000/ 0.024/ 0.000, Output=-0.500(-0.500/0.500)
FrcRobotBase.printPidInfo_Info: gyroTurnPidCtrl: Target= -60.0, Input= -55.8, Error=  -4.2, PIDTerms=-0.276/ 0.000/ 0.000/-0.000, Output=-0.276(-0.500/0.500)
FrcRobotBase.Robot_Info: [5.343] VISION_DEPLOY: xPos=  0.14,yPos=121.61,heading= -58.1/ -60.0,volts=10.7(10.5)
FrcRobotBase.printPidInfo_Info: encoderXPidCtrl: Target=  -0.1, Input=   0.1, Error=  -0.2, PIDTerms=-0.026/ 0.000/-0.000/-0.000, Output=-0.026(-0.500/0.500)
FrcRobotBase.printPidInfo_Info: encoderYPidCtrl: Target=  87.8, Input= 122.0, Error= -34.2, PIDTerms=-1.197/ 0.000/ 0.298/ 0.000, Output=-0.500(-0.500/0.500)
FrcRobotBase.printPidInfo_Info: gyroTurnPidCtrl: Target= -60.0, Input= -57.1, Error=  -2.9, PIDTerms=-0.189/ 0.000/ 0.163/-0.000, Output=-0.026(-0.500/0.500)
FrcRobotBase.Robot_Info: [5.366] VISION_DEPLOY: xPos=  0.18,yPos=120.94,heading= -59.2/ -60.0,volts=11.3(10.5)
FrcRobotBase.printPidInfo_Info: encoderXPidCtrl: Target=  -0.1, Input=   0.1, Error=  -0.2, PIDTerms=-0.029/ 0.000/-0.000/-0.000, Output=-0.029(-0.500/0.500)
FrcRobotBase.printPidInfo_Info: encoderYPidCtrl: Target=  87.8, Input= 121.6, Error= -33.8, PIDTerms=-1.183/ 0.000/ 0.142/ 0.000, Output=-0.500(-0.500/0.500)
FrcRobotBase.printPidInfo_Info: gyroTurnPidCtrl: Target= -60.0, Input= -58.1, Error=  -1.9, PIDTerms=-0.125/ 0.000/ 0.225/-0.000, Output= 0.100(-0.500/0.500)
FrcRobotBase.PixyVision_Info: 5 object(s) found
FrcRobotBase.PixyVision_Info: [0] sync=0xaa55, chksum=0x0140, sig=1, centerX=160, centerY= 92, width= 12, height= 55, angle=  0
FrcRobotBase.PixyVision_Info: [1] sync=0xaa55, chksum=0x0124, sig=1, centerX=135, centerY= 95, width= 11, height= 50, angle=  0
FrcRobotBase.PixyVision_Info: [2] sync=0xaa55, chksum=0x00b3, sig=1, centerX=130, centerY= 12, width= 11, height= 25, angle=  0
FrcRobotBase.PixyVision_Info: [3] sync=0xaa55, chksum=0x00c7, sig=1, centerX=154, centerY= 11, width= 10, height= 23, angle=  0
FrcRobotBase.PixyVision_Info: [4] sync=0xaa55, chksum=0x0160, sig=1, centerX=210, centerY=119, width= 18, height=  4, angle=  0
FrcRobotBase.PixyVision_Info: Expected Target: distance=15.6, width=147.5, height=73.7
FrcRobotBase.PixyVision_Info: ***TargetRect***: [0,1] x=130, y=65, w=36, h=55
FrcRobotBase.PixyVision_Info: ###TargetInfo###: xDist=-3.3, yDist=63.9, angle=-3.0
FrcRobotBase.Robot_Info: [5.441] VISION_DEPLOY: xPos=  0.17,yPos=118.46,heading= -61.4/ -60.0,volts=11.4(10.5)
FrcRobotBase.printPidInfo_Info: encoderXPidCtrl: Target=  -0.1, Input=   0.2, Error=  -0.2, PIDTerms=-0.035/ 0.000/-0.000/-0.000, Output=-0.035(-0.500/0.500)
FrcRobotBase.printPidInfo_Info: encoderYPidCtrl: Target=  87.8, Input= 120.9, Error= -33.1, PIDTerms=-1.160/ 0.000/ 0.078/ 0.000, Output=-0.500(-0.500/0.500)
FrcRobotBase.printPidInfo_Info: gyroTurnPidCtrl: Target= -60.0, Input= -59.2, Error=  -0.8, PIDTerms=-0.051/ 0.000/ 0.083/-0.000, Output= 0.032(-0.500/0.500)
FrcRobotBase.Robot_Info: [5.489] VISION_DEPLOY: xPos=  0.08,yPos=116.82,heading= -61.6/ -60.0,volts=11.4(10.5)
FrcRobotBase.printPidInfo_Info: encoderXPidCtrl: Target=  -0.1, Input=   0.2, Error=  -0.2, PIDTerms=-0.034/ 0.000/ 0.000/-0.000, Output=-0.034(-0.500/0.500)
FrcRobotBase.printPidInfo_Info: encoderYPidCtrl: Target=  87.8, Input= 118.5, Error= -30.7, PIDTerms=-1.073/ 0.000/ 0.389/ 0.000, Output=-0.500(-0.500/0.500)
FrcRobotBase.printPidInfo_Info: gyroTurnPidCtrl: Target= -60.0, Input= -61.4, Error=   1.4, PIDTerms= 0.094/ 0.000/ 0.218/-0.000, Output= 0.312(-0.500/0.500)
FrcRobotBase.PixyVision_Info: 5 object(s) found
FrcRobotBase.PixyVision_Info: [0] sync=0xaa55, chksum=0x0137, sig=1, centerX=174, centerY= 92, width=  6, height= 38, angle=  0
FrcRobotBase.PixyVision_Info: [1] sync=0xaa55, chksum=0x0114, sig=1, centerX=154, centerY= 82, width=  6, height= 33, angle=  0
FrcRobotBase.PixyVision_Info: [2] sync=0xaa55, chksum=0x0166, sig=1, centerX=215, centerY=114, width= 17, height= 11, angle=  0
FrcRobotBase.PixyVision_Info: [3] sync=0xaa55, chksum=0x00cd, sig=1, centerX=170, centerY= 15, width=  5, height= 14, angle=  0
FrcRobotBase.PixyVision_Info: [4] sync=0xaa55, chksum=0x00bb, sig=1, centerX=151, centerY= 16, width=  6, height= 13, angle=  0
FrcRobotBase.PixyVision_Info: Expected Target: distance=18.5, width=124.6, height=62.3
FrcRobotBase.PixyVision_Info: ***TargetRect***: [0,2] x=171, y=73, w=53, h=47
FrcRobotBase.PixyVision_Info: ###TargetInfo###: xDist=7.1, yDist=43.4, angle=9.3
FrcRobotBase.Robot_Info: [5.523] VISION_DEPLOY: xPos=  0.10,yPos=114.99,heading= -61.5/ -60.0,volts=11.1(10.5)
FrcRobotBase.printPidInfo_Info: encoderXPidCtrl: Target=  -0.1, Input=   0.1, Error=  -0.1, PIDTerms=-0.019/ 0.000/ 0.000/-0.000, Output=-0.019(-0.500/0.500)
FrcRobotBase.printPidInfo_Info: encoderYPidCtrl: Target=  87.8, Input= 116.8, Error= -29.0, PIDTerms=-1.016/ 0.000/ 0.336/ 0.000, Output=-0.500(-0.500/0.500)
FrcRobotBase.printPidInfo_Info: gyroTurnPidCtrl: Target= -60.0, Input= -61.6, Error=   1.6, PIDTerms= 0.106/ 0.000/ 0.024/-0.000, Output= 0.130(-0.500/0.500)
FrcRobotBase.Robot_Info: [5.559] VISION_DEPLOY: xPos=  0.00,yPos=113.01,heading= -60.9/ -60.0,volts=11.6(10.5)
FrcRobotBase.printPidInfo_Info: encoderXPidCtrl: Target=  -0.1, Input=   0.1, Error=  -0.1, PIDTerms=-0.022/ 0.000/-0.000/-0.000, Output=-0.022(-0.500/0.500)
FrcRobotBase.printPidInfo_Info: encoderYPidCtrl: Target=  87.8, Input= 115.0, Error= -27.2, PIDTerms=-0.952/ 0.000/ 0.508/ 0.000, Output=-0.444(-0.500/0.500)
FrcRobotBase.printPidInfo_Info: gyroTurnPidCtrl: Target= -60.0, Input= -61.5, Error=   1.5, PIDTerms= 0.100/ 0.000/-0.016/-0.000, Output= 0.084(-0.500/0.500)
FrcRobotBase.Robot_Info: [5.602] VISION_DEPLOY: xPos= -0.11,yPos=110.99,heading= -59.6/ -60.0,volts=11.8(10.5)
FrcRobotBase.printPidInfo_Info: encoderXPidCtrl: Target=  -0.1, Input=   0.0, Error=  -0.1, PIDTerms=-0.009/ 0.000/ 0.000/-0.000, Output=-0.009(-0.500/0.500)
FrcRobotBase.printPidInfo_Info: encoderYPidCtrl: Target=  87.8, Input= 113.0, Error= -25.2, PIDTerms=-0.883/ 0.000/ 0.384/ 0.000, Output=-0.498(-0.500/0.500)
FrcRobotBase.printPidInfo_Info: gyroTurnPidCtrl: Target= -60.0, Input= -60.9, Error=   0.9, PIDTerms= 0.056/ 0.000/-0.082/-0.000, Output=-0.026(-0.500/0.500)
FrcRobotBase.PixyVision_Info: 2 object(s) found
FrcRobotBase.PixyVision_Info: [0] sync=0xaa55, chksum=0x016e, sig=1, centerX=198, centerY=113, width= 21, height= 33, angle=  0
FrcRobotBase.PixyVision_Info: [1] sync=0xaa55, chksum=0x0100, sig=1, centerX=116, centerY=113, width= 14, height= 12, angle=  0
FrcRobotBase.PixyVision_Info: Expected Target: distance=22.7, width=101.3, height=50.7
FrcRobotBase.PixyVision_Info: ===TargetRect===: x=109, y=97, w=100, h=33
FrcRobotBase.PixyVision_Info: ###TargetInfo###: xDist=-0.1, yDist=23.0, angle=-0.2
FrcRobotBase.Robot_Info: [5.646] VISION_DEPLOY: xPos= -0.20,yPos=108.76,heading= -58.5/ -60.0,volts=11.5(10.5)
FrcRobotBase.printPidInfo_Info: encoderXPidCtrl: Target=  -0.1, Input=  -0.1, Error=   0.1, PIDTerms= 0.008/ 0.000/ 0.000/-0.000, Output= 0.008(-0.500/0.500)
FrcRobotBase.printPidInfo_Info: encoderYPidCtrl: Target=  87.8, Input= 111.0, Error= -23.2, PIDTerms=-0.812/ 0.000/ 0.326/ 0.000, Output=-0.486(-0.500/0.500)
FrcRobotBase.printPidInfo_Info: gyroTurnPidCtrl: Target= -60.0, Input= -59.6, Error=  -0.4, PIDTerms=-0.024/ 0.000/-0.124/-0.000, Output=-0.148(-0.500/0.500)
FrcRobotBase.Robot_Info: [5.687] VISION_DEPLOY: xPos= -0.23,yPos=106.45,heading= -57.9/ -60.0,volts=11.9(10.5)
FrcRobotBase.printPidInfo_Info: encoderXPidCtrl: Target=  -0.1, Input=  -0.2, Error=   0.1, PIDTerms= 0.022/ 0.000/ 0.000/-0.000, Output= 0.022(-0.500/0.500)
FrcRobotBase.printPidInfo_Info: encoderYPidCtrl: Target=  87.8, Input= 108.8, Error= -21.0, PIDTerms=-0.734/ 0.000/ 0.429/ 0.000, Output=-0.304(-0.500/0.500)
FrcRobotBase.printPidInfo_Info: gyroTurnPidCtrl: Target= -60.0, Input= -58.5, Error=  -1.5, PIDTerms=-0.096/ 0.000/-0.133/-0.000, Output=-0.230(-0.500/0.500)
FrcRobotBase.Robot_Info: [5.729] VISION_DEPLOY: xPos= -0.19,yPos=104.29,heading= -58.0/ -60.0,volts=12.0(10.5)
FrcRobotBase.printPidInfo_Info: encoderXPidCtrl: Target=  -0.1, Input=  -0.2, Error=   0.2, PIDTerms= 0.026/ 0.000/ 0.000/-0.000, Output= 0.026(-0.500/0.500)
FrcRobotBase.printPidInfo_Info: encoderYPidCtrl: Target=  87.8, Input= 106.5, Error= -18.7, PIDTerms=-0.653/ 0.000/ 0.445/ 0.000, Output=-0.208(-0.500/0.500)
FrcRobotBase.printPidInfo_Info: gyroTurnPidCtrl: Target= -60.0, Input= -57.9, Error=  -2.1, PIDTerms=-0.136/ 0.000/-0.075/-0.000, Output=-0.211(-0.500/0.500)
FrcRobotBase.PixyVision_Info: 3 object(s) found
FrcRobotBase.PixyVision_Info: [0] sync=0xaa55, chksum=0x0141, sig=1, centerX=181, centerY=100, width= 14, height= 25, angle=  0
FrcRobotBase.PixyVision_Info: [1] sync=0xaa55, chksum=0x010d, sig=1, centerX=120, centerY=127, width=  7, height= 14, angle=  0
FrcRobotBase.PixyVision_Info: [2] sync=0xaa55, chksum=0x0139, sig=1, centerX=177, centerY=127, width=  6, height=  2, angle=  0
FrcRobotBase.PixyVision_Info: Expected Target: distance=28.2, width=81.6, height=40.8
FrcRobotBase.PixyVision_Info: ***TargetRect***: [0,1] x=117, y=88, w=71, h=46
FrcRobotBase.PixyVision_Info: ###TargetInfo###: xDist=-1.1, yDist=32.4, angle=-1.9
FrcRobotBase.Robot_Info: [5.787] VISION_DEPLOY: xPos=  0.14,yPos=101.57,heading= -59.1/ -60.0,volts=12.4(10.5)
FrcRobotBase.printPidInfo_Info: encoderXPidCtrl: Target=  -0.1, Input=  -0.2, Error=   0.1, PIDTerms= 0.021/ 0.000/-0.000/-0.000, Output= 0.021(-0.500/0.500)
FrcRobotBase.printPidInfo_Info: encoderYPidCtrl: Target=  87.8, Input= 104.3, Error= -16.5, PIDTerms=-0.577/ 0.000/ 0.297/ 0.000, Output=-0.280(-0.500/0.500)
FrcRobotBase.printPidInfo_Info: gyroTurnPidCtrl: Target= -60.0, Input= -58.0, Error=  -2.0, PIDTerms=-0.132/ 0.000/ 0.006/-0.000, Output=-0.126(-0.500/0.500)
FrcRobotBase.Robot_Info: [5.827] VISION_DEPLOY: xPos=  0.11,yPos= 99.46,heading= -60.3/ -60.0,volts=12.4(10.5)
FrcRobotBase.printPidInfo_Info: encoderXPidCtrl: Target=  -0.1, Input=   0.1, Error=  -0.2, PIDTerms=-0.029/ 0.000/-0.000/-0.000, Output=-0.029(-0.500/0.500)
FrcRobotBase.printPidInfo_Info: encoderYPidCtrl: Target=  87.8, Input= 101.6, Error= -13.8, PIDTerms=-0.482/ 0.000/ 0.553/ 0.000, Output= 0.071(-0.500/0.500)
FrcRobotBase.printPidInfo_Info: gyroTurnPidCtrl: Target= -60.0, Input= -59.1, Error=  -0.9, PIDTerms=-0.057/ 0.000/ 0.146/-0.000, Output= 0.089(-0.500/0.500)
FrcRobotBase.Robot_Info: [5.867] VISION_DEPLOY: xPos= -0.22,yPos= 97.90,heading= -62.0/ -60.0,volts=12.4(10.5)
FrcRobotBase.printPidInfo_Info: encoderXPidCtrl: Target=  -0.1, Input=   0.1, Error=  -0.2, PIDTerms=-0.024/ 0.000/ 0.000/-0.000, Output=-0.024(-0.500/0.500)
FrcRobotBase.printPidInfo_Info: encoderYPidCtrl: Target=  87.8, Input=  99.5, Error= -11.7, PIDTerms=-0.408/ 0.000/ 0.412/ 0.000, Output= 0.004(-0.500/0.500)
FrcRobotBase.printPidInfo_Info: gyroTurnPidCtrl: Target= -60.0, Input= -60.3, Error=   0.3, PIDTerms= 0.017/ 0.000/ 0.140/-0.000, Output= 0.156(-0.500/0.500)
FrcRobotBase.PixyVision_Info: 5 object(s) found
FrcRobotBase.PixyVision_Info: [0] sync=0xaa55, chksum=0x0144, sig=1, centerX=194, centerY= 91, width= 15, height= 23, angle=  0
FrcRobotBase.PixyVision_Info: [1] sync=0xaa55, chksum=0x010a, sig=1, centerX=144, centerY= 93, width= 16, height= 12, angle=  0
FrcRobotBase.PixyVision_Info: [2] sync=0xaa55, chksum=0x01bb, sig=1, centerX=254, centerY=165, width= 13, height= 10, angle=  0
FrcRobotBase.PixyVision_Info: [3] sync=0xaa55, chksum=0x0035, sig=1, centerX= 28, centerY=  7, width=  8, height=  9, angle=  0
FrcRobotBase.PixyVision_Info: [4] sync=0xaa55, chksum=0x0117, sig=1, centerX=177, centerY= 42, width= 57, height=  2, angle=  0
FrcRobotBase.PixyVision_Info: Expected Target: distance=33.9, width=67.8, height=33.9
FrcRobotBase.PixyVision_Info: ***TargetRect***: [0,1] x=136, y=80, w=66, h=23
FrcRobotBase.PixyVision_Info: ###TargetInfo###: xDist=1.4, yDist=34.8, angle=2.2
FrcRobotBase.Robot_Info: [5.924] VISION_DEPLOY: xPos= -0.19,yPos= 96.10,heading= -62.9/ -60.0,volts=12.4(10.5)
FrcRobotBase.printPidInfo_Info: encoderXPidCtrl: Target=  -0.1, Input=  -0.2, Error=   0.2, PIDTerms= 0.025/ 0.000/ 0.000/-0.000, Output= 0.025(-0.500/0.500)
FrcRobotBase.printPidInfo_Info: encoderYPidCtrl: Target=  87.8, Input=  97.9, Error= -10.1, PIDTerms=-0.354/ 0.000/ 0.214/ 0.000, Output=-0.140(-0.500/0.500)
FrcRobotBase.printPidInfo_Info: gyroTurnPidCtrl: Target= -60.0, Input= -62.0, Error=   2.0, PIDTerms= 0.131/ 0.000/ 0.150/-0.000, Output= 0.281(-0.500/0.500)
FrcRobotBase.Robot_Info: [5.946] VISION_DEPLOY: xPos= -0.21,yPos= 95.36,heading= -62.9/ -60.0,volts=12.2(10.5)
FrcRobotBase.printPidInfo_Info: encoderXPidCtrl: Target=  -0.1, Input=  -0.2, Error=   0.1, PIDTerms= 0.021/ 0.000/-0.000/-0.000, Output= 0.021(-0.500/0.500)
FrcRobotBase.printPidInfo_Info: encoderYPidCtrl: Target=  87.8, Input=  96.1, Error=  -8.3, PIDTerms=-0.291/ 0.000/ 0.666/ 0.000, Output= 0.376(-0.500/0.500)
FrcRobotBase.printPidInfo_Info: gyroTurnPidCtrl: Target= -60.0, Input= -62.9, Error=   2.9, PIDTerms= 0.190/ 0.000/ 0.212/-0.000, Output= 0.403(-0.500/0.500)
FrcRobotBase.Robot_Info: [5.969] VISION_DEPLOY: xPos= -0.16,yPos= 94.62,heading= -62.7/ -60.0,volts=10.5(10.5)
FrcRobotBase.printPidInfo_Info: encoderXPidCtrl: Target=  -0.1, Input=  -0.2, Error=   0.2, PIDTerms= 0.023/ 0.000/ 0.000/-0.000, Output= 0.023(-0.500/0.500)
FrcRobotBase.printPidInfo_Info: encoderYPidCtrl: Target=  87.8, Input=  95.4, Error=  -7.6, PIDTerms=-0.265/ 0.000/ 0.250/ 0.000, Output=-0.015(-0.500/0.500)
FrcRobotBase.printPidInfo_Info: gyroTurnPidCtrl: Target= -60.0, Input= -62.9, Error=   2.9, PIDTerms= 0.190/ 0.000/-0.002/-0.000, Output= 0.188(-0.500/0.500)
FrcRobotBase.Robot_Info: [5.988] VISION_DEPLOY: xPos= -0.16,yPos= 94.17,heading= -61.9/ -60.0,volts=10.5(10.5)
FrcRobotBase.printPidInfo_Info: encoderXPidCtrl: Target=  -0.1, Input=  -0.2, Error=   0.1, PIDTerms= 0.016/ 0.000/-0.000/-0.000, Output= 0.016(-0.500/0.500)
FrcRobotBase.printPidInfo_Info: encoderYPidCtrl: Target=  87.8, Input=  94.6, Error=  -6.8, PIDTerms=-0.239/ 0.000/ 0.311/ 0.000, Output= 0.072(-0.500/0.500)
FrcRobotBase.printPidInfo_Info: gyroTurnPidCtrl: Target= -60.0, Input= -62.7, Error=   2.7, PIDTerms= 0.175/ 0.000/-0.060/-0.000, Output= 0.115(-0.500/0.500)
FrcRobotBase.PixyVision_Info: 5 object(s) found
FrcRobotBase.PixyVision_Info: [0] sync=0xaa55, chksum=0x0123, sig=1, centerX=148, centerY= 99, width= 13, height= 30, angle=  0
FrcRobotBase.PixyVision_Info: [1] sync=0xaa55, chksum=0x0042, sig=1, centerX= 33, centerY=  6, width= 14, height= 12, angle=  0
FrcRobotBase.PixyVision_Info: [2] sync=0xaa55, chksum=0x01b1, sig=1, centerX=251, centerY=157, width= 14, height= 10, angle=  0
FrcRobotBase.PixyVision_Info: [3] sync=0xaa55, chksum=0x013e, sig=1, centerX=195, centerY=105, width= 10, height=  7, angle=  0
FrcRobotBase.PixyVision_Info: [4] sync=0xaa55, chksum=0x0125, sig=1, centerX=194, centerY= 82, width= 10, height=  6, angle=  0
FrcRobotBase.PixyVision_Info: Expected Target: distance=37.0, width=62.1, height=31.1
FrcRobotBase.PixyVision_Info: ***TargetRect***: [0,3] x=142, y=84, w=58, h=30
FrcRobotBase.PixyVision_Info: ###TargetInfo###: xDist=1.9, yDist=39.7, angle=2.7
FrcRobotBase.Robot_Info: [6.019] VISION_DEPLOY: xPos= -0.16,yPos= 93.30,heading= -61.3/ -60.0,volts=12.4(10.5)
FrcRobotBase.printPidInfo_Info: encoderXPidCtrl: Target=  -0.1, Input=  -0.2, Error=   0.1, PIDTerms= 0.017/ 0.000/ 0.000/-0.000, Output= 0.017(-0.500/0.500)
FrcRobotBase.printPidInfo_Info: encoderYPidCtrl: Target=  87.8, Input=  94.2, Error=  -6.4, PIDTerms=-0.223/ 0.000/ 0.133/ 0.000, Output=-0.090(-0.500/0.500)
FrcRobotBase.printPidInfo_Info: gyroTurnPidCtrl: Target= -60.0, Input= -61.9, Error=   1.9, PIDTerms= 0.124/ 0.000/-0.144/-0.000, Output=-0.020(-0.500/0.500)
FrcRobotBase.PixyVision_Info: 5 object(s) found
FrcRobotBase.PixyVision_Info: [0] sync=0xaa55, chksum=0x011a, sig=1, centerX=142, centerY= 98, width= 14, height= 27, angle=  0
FrcRobotBase.PixyVision_Info: [1] sync=0xaa55, chksum=0x0044, sig=1, centerX= 30, centerY=  6, width= 18, height= 13, angle=  0
FrcRobotBase.PixyVision_Info: [2] sync=0xaa55, chksum=0x013c, sig=1, centerX=187, centerY=101, width= 14, height= 13, angle=  0
FrcRobotBase.PixyVision_Info: [3] sync=0xaa55, chksum=0x01a4, sig=1, centerX=242, centerY=154, width= 14, height=  9, angle=  0
FrcRobotBase.PixyVision_Info: [4] sync=0xaa55, chksum=0x0125, sig=1, centerX=187, centerY= 84, width= 15, height=  6, angle=  0
FrcRobotBase.PixyVision_Info: Expected Target: distance=39.6, width=58.0, height=29.0
FrcRobotBase.PixyVision_Info: ***TargetRect***: [0,2] x=135, y=85, w=59, h=27
FrcRobotBase.PixyVision_Info: ###TargetInfo###: xDist=0.8, yDist=39.0, angle=1.1
FrcRobotBase.Robot_Info: [6.284] VISION_DEPLOY: xPos=  0.04,yPos= 87.97,heading= -57.3/ -60.0,volts=12.5(10.5)
FrcRobotBase.printPidInfo_Info: encoderXPidCtrl: Target=  -0.1, Input=  -0.2, Error=   0.1, PIDTerms= 0.017/ 0.000/ 0.000/-0.000, Output= 0.017(-0.500/0.500)
FrcRobotBase.printPidInfo_Info: encoderYPidCtrl: Target=  87.8, Input=  93.3, Error=  -5.5, PIDTerms=-0.193/ 0.000/ 0.027/ 0.000, Output=-0.166(-0.500/0.500)
FrcRobotBase.printPidInfo_Info: gyroTurnPidCtrl: Target= -60.0, Input= -61.3, Error=   1.3, PIDTerms= 0.086/ 0.000/-0.011/-0.000, Output= 0.075(-0.500/0.500)
FrcRobotBase.PixyVision_Info: 5 object(s) found
FrcRobotBase.PixyVision_Info: [0] sync=0xaa55, chksum=0x0129, sig=1, centerX=166, centerY= 89, width= 14, height= 27, angle=  0
FrcRobotBase.PixyVision_Info: [1] sync=0xaa55, chksum=0x004e, sig=1, centerX= 25, centerY=  7, width= 30, height= 15, angle=  0
FrcRobotBase.PixyVision_Info: [2] sync=0xaa55, chksum=0x0103, sig=1, centerX=124, centerY= 94, width= 15, height= 25, angle=  0
FrcRobotBase.PixyVision_Info: [3] sync=0xaa55, chksum=0x00f9, sig=1, centerX= 90, centerY=152, width=  2, height=  4, angle=  0
FrcRobotBase.PixyVision_Info: [4] sync=0xaa55, chksum=0x017a, sig=1, centerX=225, centerY=144, width=  6, height=  2, angle=  0
FrcRobotBase.PixyVision_Info: Expected Target: distance=43.5, width=52.9, height=26.4
FrcRobotBase.PixyVision_Info: ***TargetRect***: [0,2] x=117, y=76, w=56, h=31
FrcRobotBase.PixyVision_Info: ###TargetInfo###: xDist=-2.7, yDist=41.1, angle=-3.7
FrcRobotBase.Robot_Info: [6.391] VISION_DEPLOY: xPos=  0.15,yPos= 85.54,heading= -57.2/ -60.0,volts=10.7(10.5)
FrcRobotBase.printPidInfo_Info: encoderXPidCtrl: Target=  -0.1, Input=   0.0, Error=  -0.1, PIDTerms=-0.014/ 0.000/-0.000/-0.000, Output=-0.014(-0.500/0.500)
FrcRobotBase.printPidInfo_Info: encoderYPidCtrl: Target=  87.8, Input=  88.0, Error=  -0.2, PIDTerms=-0.006/ 0.000/ 0.387/ 0.000, Output= 0.381(-0.500/0.500)
FrcRobotBase.printPidInfo_Info: gyroTurnPidCtrl: Target= -60.0, Input= -57.3, Error=  -2.8, PIDTerms=-0.179/ 0.000/-0.185/-0.000, Output=-0.364(-0.500/0.500)
FrcRobotBase.PixyVision_Info: 3 object(s) found
FrcRobotBase.PixyVision_Info: [0] sync=0xaa55, chksum=0x0052, sig=1, centerX= 26, centerY=  7, width= 33, height= 15, angle=  0
FrcRobotBase.PixyVision_Info: [1] sync=0xaa55, chksum=0x0123, sig=1, centerX=164, centerY= 88, width= 13, height= 25, angle=  0
FrcRobotBase.PixyVision_Info: [2] sync=0xaa55, chksum=0x00ff, sig=1, centerX=127, centerY= 93, width= 10, height= 24, angle=  0
FrcRobotBase.PixyVision_Info: Expected Target: distance=43.9, width=52.4, height=26.2
FrcRobotBase.PixyVision_Info: ***TargetRect***: [1,2] x=122, y=76, w=49, h=29
FrcRobotBase.PixyVision_Info: ###TargetInfo###: xDist=-2.8, yDist=46.9, angle=-3.4
FrcRobotBase.Robot_Info: [6.485] VISION_DEPLOY: xPos= -0.73,yPos= 86.10,heading= -57.6/ -60.0,volts=11.1(10.5)
FrcRobotBase.printPidInfo_Info: encoderXPidCtrl: Target=  -0.1, Input=   0.2, Error=  -0.2, PIDTerms=-0.031/ 0.000/-0.000/-0.000, Output=-0.031(-0.500/0.500)
FrcRobotBase.printPidInfo_Info: encoderYPidCtrl: Target=  87.8, Input=  85.5, Error=   2.3, PIDTerms= 0.079/ 0.000/ 0.218/ 0.000, Output= 0.297(-0.500/0.500)
FrcRobotBase.printPidInfo_Info: gyroTurnPidCtrl: Target= -60.0, Input= -57.2, Error=  -2.8, PIDTerms=-0.185/ 0.000/-0.006/-0.000, Output=-0.191(-0.500/0.500)
FrcRobotBase.Robot_Info: [6.530] VISION_DEPLOY: xPos= -1.04,yPos= 86.51,heading= -58.9/ -60.0,volts=11.9(10.5)
FrcRobotBase.printPidInfo_Info: encoderXPidCtrl: Target=  -0.1, Input=  -0.7, Error=   0.7, PIDTerms= 0.102/ 0.000/ 0.000/-0.000, Output= 0.102(-0.500/0.500)
FrcRobotBase.printPidInfo_Info: encoderYPidCtrl: Target=  87.8, Input=  86.1, Error=   1.7, PIDTerms= 0.059/ 0.000/-0.085/ 0.000, Output=-0.026(-0.500/0.500)
FrcRobotBase.printPidInfo_Info: gyroTurnPidCtrl: Target= -60.0, Input= -57.6, Error=  -2.4, PIDTerms=-0.158/ 0.000/ 0.039/-0.000, Output=-0.119(-0.500/0.500)
FrcRobotBase.PixyVision_Info: 3 object(s) found
FrcRobotBase.PixyVision_Info: [0] sync=0xaa55, chksum=0x005c, sig=1, centerX= 33, centerY=  7, width= 37, height= 14, angle=  0
FrcRobotBase.PixyVision_Info: [1] sync=0xaa55, chksum=0x012a, sig=1, centerX=173, centerY= 88, width= 12, height= 24, angle=  0
FrcRobotBase.PixyVision_Info: [2] sync=0xaa55, chksum=0x0108, sig=1, centerX=136, centerY= 92, width= 11, height= 24, angle=  0
FrcRobotBase.PixyVision_Info: Expected Target: distance=47.4, width=48.6, height=24.3
FrcRobotBase.PixyVision_Info: ***TargetRect***: [1,2] x=131, y=76, w=48, h=28
FrcRobotBase.PixyVision_Info: ###TargetInfo###: xDist=-1.0, yDist=47.9, angle=-1.2
FrcRobotBase.Robot_Info: [6.610]       DONE: xPos= -0.87,yPos= 86.67,heading= -61.3/ -60.0,volts=12.6(10.5)
FrcRobotBase.Robot_Info: [6.610] VISION_DEPLOY: xPos= -0.87,yPos= 86.67,heading= -61.3/ -60.0,volts=12.6(10.5)
FrcRobotBase.Robot_Info: [6.646] BACKUP_FROM_AIRSHIP: xPos= -0.71,yPos= 86.67,heading= -62.5/ -60.0,volts=12.6(10.5)
FrcRobotBase.printPidInfo_Info: encoderXPidCtrl: Target=  -0.7, Input=  -1.0, Error=   0.0, PIDTerms= 0.148/ 0.000/ 0.000/-0.000, Output= 0.000(-0.500/0.500)
FrcRobotBase.printPidInfo_Info: encoderYPidCtrl: Target=  74.7, Input=  86.5, Error= -12.0, PIDTerms= 0.045/ 0.000/-0.041/ 0.000, Output= 0.000(-0.500/0.500)
FrcRobotBase.printPidInfo_Info: gyroTurnPidCtrl: Target= -60.0, Input= -58.9, Error=   2.5, PIDTerms=-0.069/ 0.000/ 0.087/-0.000, Output= 0.000(-0.500/0.500)
FrcRobotBase.PixyVision_Info: 3 object(s) found
FrcRobotBase.PixyVision_Info: [0] sync=0xaa55, chksum=0x0066, sig=1, centerX= 47, centerY=  6, width= 36, height= 12, angle=  0
FrcRobotBase.PixyVision_Info: [1] sync=0xaa55, chksum=0x0116, sig=1, centerX=152, centerY= 90, width= 11, height= 24, angle=  0
FrcRobotBase.PixyVision_Info: [2] sync=0xaa55, chksum=0x0139, sig=1, centerX=189, centerY= 86, width= 13, height= 24, angle=  0
FrcRobotBase.PixyVision_Info: Expected Target: distance=23.7, width=97.1, height=48.5
FrcRobotBase.PixyVision_Info: ***TargetRect***: [1,2] x=147, y=74, w=49, h=28
FrcRobotBase.PixyVision_Info: ###TargetInfo###: xDist=2.3, yDist=46.9, angle=2.9
FrcRobotBase.PixyVision_Info: 3 object(s) found
FrcRobotBase.PixyVision_Info: [0] sync=0xaa55, chksum=0x0069, sig=1, centerX= 51, centerY=  5, width= 37, height= 11, angle=  0
FrcRobotBase.PixyVision_Info: [1] sync=0xaa55, chksum=0x013a, sig=1, centerX=193, centerY= 86, width= 10, height= 24, angle=  0
FrcRobotBase.PixyVision_Info: [2] sync=0xaa55, chksum=0x011a, sig=1, centerX=155, centerY= 90, width= 12, height= 24, angle=  0
FrcRobotBase.PixyVision_Info: Expected Target: distance=24.4, width=94.1, height=47.0
FrcRobotBase.PixyVision_Info: ***TargetRect***: [1,2] x=149, y=74, w=49, h=28
FrcRobotBase.PixyVision_Info: ###TargetInfo###: xDist=2.8, yDist=46.9, angle=3.4
FrcRobotBase.PixyVision_Info: 3 object(s) found
FrcRobotBase.PixyVision_Info: [0] sync=0xaa55, chksum=0x0060, sig=1, centerX= 39, centerY=  6, width= 37, height= 13, angle=  0
FrcRobotBase.PixyVision_Info: [1] sync=0xaa55, chksum=0x0129, sig=1, centerX=176, centerY= 86, width= 10, height= 24, angle=  0
FrcRobotBase.PixyVision_Info: [2] sync=0xaa55, chksum=0x010a, sig=1, centerX=138, centerY= 90, width= 14, height= 23, angle=  0
FrcRobotBase.PixyVision_Info: Expected Target: distance=48.2, width=47.7, height=23.8
FrcRobotBase.PixyVision_Info: ***TargetRect***: [1,2] x=131, y=74, w=50, h=28
FrcRobotBase.PixyVision_Info: ###TargetInfo###: xDist=-0.8, yDist=46.0, angle=-1.0
FrcRobotBase.PixyVision_Info: 3 object(s) found
FrcRobotBase.PixyVision_Info: [0] sync=0xaa55, chksum=0x0076, sig=1, centerX= 43, centerY=  7, width= 53, height= 14, angle=  0
FrcRobotBase.PixyVision_Info: [1] sync=0xaa55, chksum=0x0104, sig=1, centerX=137, centerY= 89, width= 11, height= 22, angle=  0
FrcRobotBase.PixyVision_Info: [2] sync=0xaa55, chksum=0x0123, sig=1, centerX=172, centerY= 85, width= 11, height= 22, angle=  0
FrcRobotBase.PixyVision_Info: Expected Target: distance=51.3, width=44.8, height=22.4
FrcRobotBase.PixyVision_Info: ***TargetRect***: [1,2] x=132, y=74, w=46, h=26
FrcRobotBase.PixyVision_Info: ###TargetInfo###: xDist=-1.1, yDist=50.0, angle=-1.2
FrcRobotBase.PixyVision_Info: 3 object(s) found
FrcRobotBase.PixyVision_Info: [0] sync=0xaa55, chksum=0x008a, sig=1, centerX= 57, centerY=  6, width= 62, height= 12, angle=  0
FrcRobotBase.PixyVision_Info: [1] sync=0xaa55, chksum=0x012f, sig=1, centerX=185, centerY= 84, width= 11, height= 22, angle=  0
FrcRobotBase.PixyVision_Info: [2] sync=0xaa55, chksum=0x010f, sig=1, centerX=152, centerY= 87, width= 10, height= 21, angle=  0
FrcRobotBase.PixyVision_Info: Expected Target: distance=53.3, width=43.1, height=21.6
FrcRobotBase.PixyVision_Info: ***TargetRect***: [1,2] x=147, y=73, w=44, h=25
FrcRobotBase.PixyVision_Info: ###TargetInfo###: xDist=2.0, yDist=52.3, angle=2.2
FrcRobotBase.PixyVision_Info: 4 object(s) found
FrcRobotBase.PixyVision_Info: [0] sync=0xaa55, chksum=0x0069, sig=1, centerX= 45, centerY=  6, width= 41, height= 12, angle=  0
FrcRobotBase.PixyVision_Info: [1] sync=0xaa55, chksum=0x0127, sig=1, centerX=180, centerY= 83, width= 10, height= 21, angle=  0
FrcRobotBase.PixyVision_Info: [2] sync=0xaa55, chksum=0x0109, sig=1, centerX=147, centerY= 86, width= 10, height= 21, angle=  0
FrcRobotBase.PixyVision_Info: [3] sync=0xaa55, chksum=0x006d, sig=1, centerX= 82, centerY=  3, width= 17, height=  6, angle=  0
FrcRobotBase.PixyVision_Info: Expected Target: distance=54.5, width=42.2, height=21.1
FrcRobotBase.PixyVision_Info: ***TargetRect***: [1,2] x=142, y=73, w=43, h=24
FrcRobotBase.PixyVision_Info: ###TargetInfo###: xDist=0.8, yDist=53.5, angle=0.9
FrcRobotBase.PixyVision_Info: 4 object(s) found
FrcRobotBase.PixyVision_Info: [0] sync=0xaa55, chksum=0x0062, sig=1, centerX= 37, centerY=  7, width= 39, height= 14, angle=  0
FrcRobotBase.PixyVision_Info: [1] sync=0xaa55, chksum=0x0119, sig=1, centerX=169, centerY= 83, width=  7, height= 21, angle=  0
FrcRobotBase.PixyVision_Info: [2] sync=0xaa55, chksum=0x00fc, sig=1, centerX=137, centerY= 87, width=  6, height= 21, angle=  0
FrcRobotBase.PixyVision_Info: [3] sync=0xaa55, chksum=0x0066, sig=1, centerX= 74, centerY=  3, width= 17, height=  7, angle=  0
FrcRobotBase.PixyVision_Info: Expected Target: distance=56.2, width=40.9, height=20.5
FrcRobotBase.PixyVision_Info: ***TargetRect***: [1,2] x=134, y=73, w=39, h=25
FrcRobotBase.PixyVision_Info: ###TargetInfo###: xDist=-1.7, yDist=59.0, angle=-1.6
FrcRobotBase.PixyVision_Info: 4 object(s) found
FrcRobotBase.PixyVision_Info: [0] sync=0xaa55, chksum=0x0068, sig=1, centerX= 44, centerY=  6, width= 40, height= 13, angle=  0
FrcRobotBase.PixyVision_Info: [1] sync=0xaa55, chksum=0x0103, sig=1, centerX=145, centerY= 85, width=  7, height= 21, angle=  0
FrcRobotBase.PixyVision_Info: [2] sync=0xaa55, chksum=0x0120, sig=1, centerX=177, centerY= 82, width=  7, height= 21, angle=  0
FrcRobotBase.PixyVision_Info: [3] sync=0xaa55, chksum=0x006e, sig=1, centerX= 83, centerY=  3, width= 17, height=  6, angle=  0
FrcRobotBase.PixyVision_Info: Expected Target: distance=56.3, width=40.8, height=20.4
FrcRobotBase.PixyVision_Info: ***TargetRect***: [1,2] x=142, y=72, w=39, h=24
FrcRobotBase.PixyVision_Info: ###TargetInfo###: xDist=0.4, yDist=59.0, angle=0.4
FrcRobotBase.PixyVision_Info: 4 object(s) found
FrcRobotBase.PixyVision_Info: [0] sync=0xaa55, chksum=0x0066, sig=1, centerX= 42, centerY=  6, width= 40, height= 13, angle=  0
FrcRobotBase.PixyVision_Info: [1] sync=0xaa55, chksum=0x0120, sig=1, centerX=174, centerY= 82, width= 10, height= 21, angle=  0
FrcRobotBase.PixyVision_Info: [2] sync=0xaa55, chksum=0x0103, sig=1, centerX=144, centerY= 86, width=  8, height= 20, angle=  0
FrcRobotBase.PixyVision_Info: [3] sync=0xaa55, chksum=0x006d, sig=1, centerX= 81, centerY=  3, width= 17, height=  7, angle=  0
FrcRobotBase.PixyVision_Info: Expected Target: distance=57.5, width=40.0, height=20.0
FrcRobotBase.PixyVision_Info: ***TargetRect***: [1,2] x=140, y=72, w=39, h=24
FrcRobotBase.PixyVision_Info: ###TargetInfo###: xDist=-0.1, yDist=59.0, angle=-0.1
FrcRobotBase.PixyVision_Info: 3 object(s) found
FrcRobotBase.PixyVision_Info: [0] sync=0xaa55, chksum=0x0091, sig=1, centerX= 56, centerY=  6, width= 69, height= 13, angle=  0
FrcRobotBase.PixyVision_Info: [1] sync=0xaa55, chksum=0x011d, sig=1, centerX=175, centerY= 82, width=  7, height= 20, angle=  0
FrcRobotBase.PixyVision_Info: [2] sync=0xaa55, chksum=0x0100, sig=1, centerX=144, centerY= 85, width=  7, height= 19, angle=  0
FrcRobotBase.PixyVision_Info: Expected Target: distance=57.5, width=40.0, height=20.0
FrcRobotBase.PixyVision_Info: ***TargetRect***: [1,2] x=141, y=72, w=38, h=23
FrcRobotBase.PixyVision_Info: ###TargetInfo###: xDist=0.0, yDist=60.5, angle=0.0
FrcRobotBase.Robot_Info: [7.762] TURN_TOWARDS_LOADING_STATION: xPos= -0.76,yPos= 75.68,heading= -60.3/   0.0,volts=12.6(10.5)
FrcRobotBase.printPidInfo_Info: encoderXPidCtrl: Target=  -0.8, Input=  -0.8, Error=   0.0, PIDTerms= 0.007/ 0.000/-0.000/-0.000, Output= 0.000(-0.500/0.500)
FrcRobotBase.printPidInfo_Info: encoderYPidCtrl: Target=  75.7, Input=  75.7, Error=   0.0, PIDTerms=-0.035/ 0.000/ 0.013/ 0.000, Output= 0.000(-0.500/0.500)
FrcRobotBase.printPidInfo_Info: gyroTurnPidCtrl: Target=   0.0, Input= -60.3, Error=  60.3, PIDTerms= 0.017/ 0.000/-0.006/-0.000, Output= 0.000(-0.500/0.500)
FrcRobotBase.PixyVision_Info: 3 object(s) found
FrcRobotBase.PixyVision_Info: [0] sync=0xaa55, chksum=0x008d, sig=1, centerX= 55, centerY=  6, width= 66, height= 13, angle=  0
FrcRobotBase.PixyVision_Info: [1] sync=0xaa55, chksum=0x011e, sig=1, centerX=175, centerY= 82, width=  8, height= 20, angle=  0
FrcRobotBase.PixyVision_Info: [2] sync=0xaa55, chksum=0x00ff, sig=1, centerX=144, centerY= 85, width=  6, height= 19, angle=  0
FrcRobotBase.PixyVision_Info: Expected Target: distance=57.5, width=40.0, height=20.0
FrcRobotBase.PixyVision_Info: ***TargetRect***: [1,2] x=141, y=72, w=38, h=23
FrcRobotBase.PixyVision_Info: ###TargetInfo###: xDist=0.0, yDist=60.5, angle=0.0
FrcRobotBase.PixyVision_Info: 3 object(s) found
FrcRobotBase.PixyVision_Info: [0] sync=0xaa55, chksum=0x008b, sig=1, centerX= 51, centerY=  6, width= 68, height= 13, angle=  0
FrcRobotBase.PixyVision_Info: [1] sync=0xaa55, chksum=0x011a, sig=1, centerX=166, centerY= 82, width= 13, height= 20, angle=  0
FrcRobotBase.PixyVision_Info: [2] sync=0xaa55, chksum=0x00fd, sig=1, centerX=136, centerY= 86, width= 10, height= 20, angle=  0
FrcRobotBase.PixyVision_Info: Expected Target: distance=56.5, width=40.7, height=20.4
FrcRobotBase.PixyVision_Info: ***TargetRect***: [1,2] x=131, y=72, w=42, h=24
FrcRobotBase.PixyVision_Info: ###TargetInfo###: xDist=-1.9, yDist=54.8, angle=-2.0
FrcRobotBase.PixyVision_Info: 4 object(s) found
FrcRobotBase.PixyVision_Info: [0] sync=0xaa55, chksum=0x0063, sig=1, centerX= 24, centerY=  8, width= 49, height= 17, angle=  0
FrcRobotBase.PixyVision_Info: [1] sync=0xaa55, chksum=0x00f1, sig=1, centerX=119, centerY= 86, width= 15, height= 20, angle=  0
FrcRobotBase.PixyVision_Info: [2] sync=0xaa55, chksum=0x00c9, sig=1, centerX= 89, centerY= 89, width=  6, height= 16, angle=  0
FrcRobotBase.PixyVision_Info: [3] sync=0xaa55, chksum=0x00bc, sig=1, centerX=116, centerY= 60, width=  9, height=  2, angle=  0
FrcRobotBase.PixyVision_Info: Expected Target: distance=54.6, width=42.1, height=21.1
FrcRobotBase.PixyVision_Info: ***TargetRect***: [1,2] x=86, y=76, w=41, h=21
FrcRobotBase.PixyVision_Info: ###TargetInfo###: xDist=-13.0, yDist=56.1, angle=-13.1
FrcRobotBase.PixyVision_Info: 3 object(s) found
FrcRobotBase.PixyVision_Info: [0] sync=0xaa55, chksum=0x002d, sig=1, centerX= 16, centerY=  8, width= 12, height=  8, angle=  0
FrcRobotBase.PixyVision_Info: [1] sync=0xaa55, chksum=0x0014, sig=1, centerX=  1, centerY= 10, width=  2, height=  6, angle=  0
FrcRobotBase.PixyVision_Info: [2] sync=0xaa55, chksum=0x008b, sig=1, centerX= 59, centerY= 67, width= 10, height=  2, angle=  0
FrcRobotBase.PixyVision_Info: Expected Target: distance=53.6, width=42.9, height=21.5
FrcRobotBase.PixyVision_Info: ***TargetRect***: [0,1] x=0, y=4, w=22, h=9
FrcRobotBase.PixyVision_Info: ###TargetInfo###: xDist=-67.7, yDist=104.5, angle=-32.9
FrcRobotBase.PixyVision_Info: 2 object(s) found
FrcRobotBase.PixyVision_Info: [0] sync=0xaa55, chksum=0x0022, sig=1, centerX=  5, centerY= 10, width= 10, height=  8, angle=  0
FrcRobotBase.PixyVision_Info: [1] sync=0xaa55, chksum=0x0082, sig=1, centerX= 47, centerY= 69, width= 11, height=  2, angle=  0
FrcRobotBase.PixyVision_Info: Expected Target: distance=98.3, width=23.4, height=11.7
FrcRobotBase.PixyVision_Info: ===TargetRect===: x=0, y=6, w=53, h=64
FrcRobotBase.PixyVision_Info: ###TargetInfo###: xDist=-25.2, yDist=43.4, angle=-30.1
FrcRobotBase.PixyVision_Info: 1 object(s) found
FrcRobotBase.Robot_Info: [8.438] MOVE_TOWARDS_LOADING_STATION: xPos= -1.04,yPos= 76.00,heading=   5.4/   0.0,volts=11.6(10.5)
FrcRobotBase.printPidInfo_Info: encoderXPidCtrl: Target=  -1.0, Input=  -1.1, Error=   0.0, PIDTerms= 0.053/ 0.000/ 0.000/-0.000, Output= 0.000(-0.500/0.500)
FrcRobotBase.printPidInfo_Info: encoderYPidCtrl: Target= 396.0, Input=  75.8, Error= 320.0, PIDTerms=-0.004/ 0.000/-0.016/ 0.000, Output= 0.000(-0.500/0.500)
FrcRobotBase.printPidInfo_Info: gyroTurnPidCtrl: Target=   0.0, Input=   2.4, Error=  -5.4, PIDTerms=-0.155/ 0.000/-0.599/ 0.000, Output= 0.000(-0.500/0.500)
FrcRobotBase.PixyVision_Info: null object(s) found
FrcRobotBase.PixyVision_Info: null object(s) found
FrcRobotBase.PixyVision_Info: null object(s) found
FrcRobotBase.PixyVision_Info: null object(s) found
FrcRobotBase.PixyVision_Info: null object(s) found
FrcRobotBase.PixyVision_Info: 1 object(s) found
FrcRobotBase.PixyVision_Info: null object(s) found
FrcRobotBase.PixyVision_Info: null object(s) found
FrcRobotBase.PixyVision_Info: null object(s) found
FrcRobotBase.PixyVision_Info: null object(s) found
FrcRobotBase.PixyVision_Info: null object(s) found
FrcRobotBase.PixyVision_Info: null object(s) found
FrcRobotBase.PixyVision_Info: null object(s) found
FrcRobotBase.PixyVision_Info: null object(s) found
FrcRobotBase.PixyVision_Info: null object(s) found
FrcRobotBase.PixyVision_Info: null object(s) found
FrcRobotBase.PixyVision_Info: null object(s) found
FrcRobotBase.PixyVision_Info: null object(s) found
FrcRobotBase.PixyVision_Info: null object(s) found
FrcRobotBase.PixyVision_Info: null object(s) found
FrcRobotBase.PixyVision_Info: null object(s) found
FrcRobotBase.PixyVision_Info: null object(s) found
FrcRobotBase.PixyVision_Info: null object(s) found
FrcRobotBase.PixyVision_Info: null object(s) found
FrcRobotBase.PixyVision_Info: null object(s) found
FrcRobotBase.PixyVision_Info: null object(s) found
FrcRobotBase.PixyVision_Info: null object(s) found
FrcRobotBase.PixyVision_Info: null object(s) found
FrcRobotBase.PixyVision_Info: null object(s) found
FrcRobotBase.PixyVision_Info: null object(s) found
FrcRobotBase.PixyVision_Info: null object(s) found
FrcRobotBase.PixyVision_Info: null object(s) found
FrcRobotBase.PixyVision_Info: null object(s) found
FrcRobotBase.PixyVision_Info: 1 object(s) found
FrcRobotBase.PixyVision_Info: 1 object(s) found
FrcRobotBase.PixyVision_Info: null object(s) found
FrcRobotBase.PixyVision_Info: null object(s) found
FrcRobotBase.Robot_Info: [12.710]       DONE: xPos= -0.80,yPos=395.21,heading=   0.6/   0.0,volts=12.6(10.0)
FrcRobotBase.PixyVision_Info: null object(s) found
FrcRobotBase.PixyVision_Info: null object(s) found
FrcRobotBase.PixyVision_Info: null object(s) found
FrcRobotBase.PixyVision_Info: null object(s) found
FrcRobotBase.PixyVision_Info: null object(s) found
FrcRobotBase.PixyVision_Info: null object(s) found
FrcRobotBase.PixyVision_Info: null object(s) found
FrcRobotBase.PixyVision_Info: null object(s) found
FrcRobotBase.PixyVision_Info: null object(s) found
FrcRobotBase.PixyVision_Info: null object(s) found
FrcRobotBase.PixyVision_Info: null object(s) found
FrcRobotBase.PixyVision_Info: null object(s) found
FrcRobotBase.PixyVision_Info: null object(s) found
FrcRobotBase.PixyVision_Info: null object(s) found
FrcRobotBase.PixyVision_Info: null object(s) found
FrcRobotBase.PixyVision_Info: null object(s) found
FrcRobotBase.PixyVision_Info: null object(s) found
FrcRobotBase.PixyVision_Info: null object(s) found
FrcRobotBase.PixyVision_Info: null object(s) found
FrcRobotBase.PixyVision_Info: null object(s) found
FrcRobotBase.PixyVision_Info: null object(s) found
FrcRobotBase.PixyVision_Info: null object(s) found
FrcRobotBase.PixyVision_Info: null object(s) found
FrcRobotBase.PixyVision_Info: null object(s) found
FrcRobotBase.PixyVision_Info: null object(s) found
FrcRobotBase.Vision_Info: Front pixy is disabled!
