FrcRobotBase.FirstSteamWorks_Info: Sat Apr 01 15:17:47 PDT 2017: ***** Starting autonomous *****
FrcRobotBase.CmdVisionGearDeploy_Info: dist=7.0, deployTime=0.3, backupDist=36.0
FrcRobotBase.CmdSideGearLift_Info: delay=0.000, alliance=BLUE_ALLIANCE, rightSide=true, forwardDist=85.0, liftAngle=60.0, backupDist=12.0, lsAngle=30.0, lsDist=320.0, diagDist=360.0
FrcRobotBase.Vision_Info: Front pixy is enabled!
FrcRobotBase.Robot_Info: [0.313]   DO_DELAY: xPos=  0.00,yPos=  0.00,heading=  -0.1/   0.0,volts=13.0(13.0)
FrcRobotBase.PixyVision_Info: null object(s) found
FrcRobotBase.Robot_Info: [0.328] MOVE_FORWARD_ON_SIDE: xPos=  0.00,yPos=  0.00,heading=  -0.1/   0.0,volts=13.0(13.0)
FrcRobotBase.printPidInfo_Info: encoderXPidCtrl: Target=   0.0, Input=   0.0, Error=   0.0, PIDTerms= 0.000/ 0.000/ 0.000/ 0.000, Output= 0.000(-0.500/0.500)
FrcRobotBase.printPidInfo_Info: encoderYPidCtrl: Target=  85.0, Input=   0.0, Error=  85.0, PIDTerms= 0.000/ 0.000/ 0.000/ 0.000, Output= 0.000(-0.500/0.500)
FrcRobotBase.printPidInfo_Info: gyroTurnPidCtrl: Target=   0.0, Input=   0.0, Error=   0.1, PIDTerms= 0.000/ 0.000/ 0.000/ 0.000, Output= 0.000(-0.500/0.500)
FrcRobotBase.PixyVision_Info: 1 object(s) found
FrcRobotBase.PixyVision_Info: 1 object(s) found
FrcRobotBase.PixyVision_Info: null object(s) found
FrcRobotBase.PixyVision_Info: null object(s) found
FrcRobotBase.PixyVision_Info: null object(s) found
FrcRobotBase.PixyVision_Info: null object(s) found
FrcRobotBase.PixyVision_Info: null object(s) found
FrcRobotBase.PixyVision_Info: null object(s) found
FrcRobotBase.PixyVision_Info: null object(s) found
FrcRobotBase.PixyVision_Info: null object(s) found
FrcRobotBase.PixyVision_Info: 1 object(s) found
FrcRobotBase.PixyVision_Info: null object(s) found
FrcRobotBase.PixyVision_Info: null object(s) found
FrcRobotBase.PixyVision_Info: null object(s) found
FrcRobotBase.PixyVision_Info: 1 object(s) found
FrcRobotBase.PixyVision_Info: null object(s) found
FrcRobotBase.PixyVision_Info: null object(s) found
FrcRobotBase.PixyVision_Info: null object(s) found
FrcRobotBase.PixyVision_Info: null object(s) found
FrcRobotBase.PixyVision_Info: null object(s) found
FrcRobotBase.Robot_Info: [2.524] INITIAL_TURN_TOWARDS_AIRSHIP: xPos= -0.03,yPos= 84.34,heading=   0.2/ -60.0,volts=12.8(10.8)
FrcRobotBase.printPidInfo_Info: encoderXPidCtrl: Target=  -0.0, Input=  -0.0, Error=   0.0, PIDTerms= 0.005/ 0.000/ 0.000/ 0.000, Output= 0.000(-0.500/0.500)
FrcRobotBase.printPidInfo_Info: encoderYPidCtrl: Target=  84.3, Input=  84.3, Error=   0.0, PIDTerms= 0.023/ 0.000/ 0.004/ 0.000, Output= 0.000(-0.500/0.500)
FrcRobotBase.printPidInfo_Info: gyroTurnPidCtrl: Target= -60.0, Input=   0.2, Error= -60.2, PIDTerms=-0.011/ 0.000/ 0.005/ 0.000, Output= 0.000(-0.500/0.500)
FrcRobotBase.PixyVision_Info: null object(s) found
FrcRobotBase.PixyVision_Info: 1 object(s) found
FrcRobotBase.PixyVision_Info: 1 object(s) found
FrcRobotBase.PixyVision_Info: 2 object(s) found
FrcRobotBase.PixyVision_Info: [0] sync=0xaa55, chksum=0x0135, sig=1, centerX=261, centerY= 36, width=  8, height=  3, angle=  0
FrcRobotBase.PixyVision_Info: [1] sync=0xaa55, chksum=0x0059, sig=1, centerX=  3, centerY= 76, width=  7, height=  2, angle=  0
FrcRobotBase.PixyVision_Info: Expected Target: distance=45.2, width=50.8, height=25.4
FrcRobotBase.PixyVision_Info: ===TargetRect===: x=0, y=35, w=265, h=42
FrcRobotBase.PixyVision_Info: ###TargetInfo###: xDist=-1.0, yDist=8.7, angle=-6.8
FrcRobotBase.PixyVision_Info: 2 object(s) found
FrcRobotBase.PixyVision_Info: [0] sync=0xaa55, chksum=0x014b, sig=1, centerX=282, centerY= 37, width=  9, height=  2, angle=  0
FrcRobotBase.PixyVision_Info: [1] sync=0xaa55, chksum=0x0069, sig=1, centerX= 20, centerY= 73, width=  9, height=  2, angle=  0
FrcRobotBase.PixyVision_Info: Expected Target: distance=44.5, width=51.7, height=25.8
FrcRobotBase.PixyVision_Info: ===TargetRect===: x=16, y=36, w=271, h=38
FrcRobotBase.PixyVision_Info: ###TargetInfo###: xDist=-0.3, yDist=8.5, angle=-2.1
FrcRobotBase.PixyVision_Info: 3 object(s) found
FrcRobotBase.PixyVision_Info: [0] sync=0xaa55, chksum=0x0055, sig=1, centerX= 19, centerY=  9, width= 38, height= 18, angle=  0
FrcRobotBase.PixyVision_Info: [1] sync=0xaa55, chksum=0x010f, sig=1, centerX=141, centerY= 88, width= 18, height= 23, angle=  0
FrcRobotBase.PixyVision_Info: [2] sync=0xaa55, chksum=0x00ed, sig=1, centerX=106, centerY= 93, width= 14, height= 23, angle=  0
FrcRobotBase.PixyVision_Info: Expected Target: distance=36.3, width=63.4, height=31.7
FrcRobotBase.PixyVision_Info: ***TargetRect***: [1,2] x=99, y=77, w=51, h=28
FrcRobotBase.PixyVision_Info: ###TargetInfo###: xDist=-7.0, yDist=45.1, angle=-8.8
FrcRobotBase.PixyVision_Info: 4 object(s) found
FrcRobotBase.PixyVision_Info: [0] sync=0xaa55, chksum=0x0059, sig=1, centerX= 24, centerY=  8, width= 40, height= 16, angle=  0
FrcRobotBase.PixyVision_Info: [1] sync=0xaa55, chksum=0x0127, sig=1, centerX=170, centerY= 87, width= 13, height= 24, angle=  0
FrcRobotBase.PixyVision_Info: [2] sync=0xaa55, chksum=0x0105, sig=1, centerX=135, centerY= 91, width= 11, height= 23, angle=  0
FrcRobotBase.PixyVision_Info: [3] sync=0xaa55, chksum=0x0043, sig=1, centerX= 55, centerY=  2, width=  5, height=  4, angle=  0
FrcRobotBase.PixyVision_Info: Expected Target: distance=48.2, width=47.7, height=23.8
FrcRobotBase.PixyVision_Info: ***TargetRect***: [1,2] x=130, y=75, w=47, h=28
FrcRobotBase.PixyVision_Info: ###TargetInfo###: xDist=-1.4, yDist=48.9, angle=-1.6
FrcRobotBase.PixyVision_Info: 3 object(s) found
FrcRobotBase.PixyVision_Info: [0] sync=0xaa55, chksum=0x006a, sig=1, centerX= 36, centerY=  7, width= 48, height= 14, angle=  0
FrcRobotBase.PixyVision_Info: [1] sync=0xaa55, chksum=0x0110, sig=1, centerX=147, centerY= 90, width= 10, height= 24, angle=  0
FrcRobotBase.PixyVision_Info: [2] sync=0xaa55, chksum=0x012f, sig=1, centerX=183, centerY= 85, width= 11, height= 23, angle=  0
FrcRobotBase.PixyVision_Info: Expected Target: distance=49.6, width=46.4, height=23.2
FrcRobotBase.PixyVision_Info: ***TargetRect***: [1,2] x=142, y=74, w=47, h=28
FrcRobotBase.PixyVision_Info: ###TargetInfo###: xDist=1.2, yDist=48.9, angle=1.4
FrcRobotBase.PixyVision_Info: 3 object(s) found
FrcRobotBase.PixyVision_Info: [0] sync=0xaa55, chksum=0x0069, sig=1, centerX= 36, centerY=  7, width= 47, height= 14, angle=  0
FrcRobotBase.PixyVision_Info: [1] sync=0xaa55, chksum=0x0131, sig=1, centerX=184, centerY= 86, width= 10, height= 24, angle=  0
FrcRobotBase.PixyVision_Info: [2] sync=0xaa55, chksum=0x0110, sig=1, centerX=147, centerY= 90, width= 10, height= 24, angle=  0
FrcRobotBase.PixyVision_Info: Expected Target: distance=49.7, width=46.3, height=23.1
FrcRobotBase.PixyVision_Info: ***TargetRect***: [1,2] x=142, y=74, w=47, h=28
FrcRobotBase.PixyVision_Info: ###TargetInfo###: xDist=1.2, yDist=48.9, angle=1.4
FrcRobotBase.PixyVision_Info: 3 object(s) found
FrcRobotBase.PixyVision_Info: [0] sync=0xaa55, chksum=0x006c, sig=1, centerX= 38, centerY=  7, width= 48, height= 14, angle=  0
FrcRobotBase.PixyVision_Info: [1] sync=0xaa55, chksum=0x0112, sig=1, centerX=147, centerY= 89, width= 14, height= 23, angle=  0
FrcRobotBase.PixyVision_Info: [2] sync=0xaa55, chksum=0x0131, sig=1, centerX=186, centerY= 85, width= 10, height= 23, angle=  0
FrcRobotBase.PixyVision_Info: Expected Target: distance=49.7, width=46.3, height=23.1
FrcRobotBase.PixyVision_Info: ***TargetRect***: [1,2] x=140, y=74, w=51, h=27
FrcRobotBase.PixyVision_Info: ###TargetInfo###: xDist=1.1, yDist=45.1, angle=1.4
FrcRobotBase.Robot_Info: [3.477] DRIVE_TOWARDS_TARGET: xPos= -0.36,yPos= 84.71,heading= -58.5/ -60.0,volts=12.7(10.8)
FrcRobotBase.printPidInfo_Info: sonarDrivePidCtrl: Target=   7.0, Input=   0.0, Error=  34.6, PIDTerms= 0.000/ 0.000/ 0.000/ 0.000, Output= 0.000(-0.500/0.500)
FrcRobotBase.printPidInfo_Info: visionTurnPidCtrl: Target=   0.0, Input=   0.0, Error=   1.4, PIDTerms= 0.000/ 0.000/ 0.000/ 0.000, Output= 0.000(-0.500/0.500)
FrcRobotBase.Robot_Info: [3.477] VISION_DEPLOY: xPos= -0.36,yPos= 84.71,heading= -58.5/ -60.0,volts=12.7(10.8)
FrcRobotBase.printPidInfo_Info: sonarDrivePidCtrl: Target=   7.0, Input=   0.0, Error=  34.6, PIDTerms= 0.000/ 0.000/ 0.000/ 0.000, Output= 0.000(-0.500/0.500)
FrcRobotBase.printPidInfo_Info: visionTurnPidCtrl: Target=   0.0, Input=   0.0, Error=   1.4, PIDTerms= 0.000/ 0.000/ 0.000/ 0.000, Output= 0.000(-0.500/0.500)
FrcRobotBase.PixyVision_Info: 3 object(s) found
FrcRobotBase.PixyVision_Info: [0] sync=0xaa55, chksum=0x006c, sig=1, centerX= 38, centerY=  7, width= 48, height= 14, angle=  0
FrcRobotBase.PixyVision_Info: [1] sync=0xaa55, chksum=0x0131, sig=1, centerX=186, centerY= 85, width= 10, height= 23, angle=  0
FrcRobotBase.PixyVision_Info: [2] sync=0xaa55, chksum=0x0110, sig=1, centerX=149, centerY= 89, width= 10, height= 23, angle=  0
FrcRobotBase.PixyVision_Info: Expected Target: distance=49.7, width=46.3, height=23.1
FrcRobotBase.PixyVision_Info: ***TargetRect***: [1,2] x=144, y=74, w=47, h=27
FrcRobotBase.PixyVision_Info: ###TargetInfo###: xDist=1.6, yDist=48.9, angle=1.9
FrcRobotBase.PixyVision_Info: null object(s) found
FrcRobotBase.Robot_Info: [3.523] VISION_DEPLOY: xPos= -0.35,yPos= 84.70,heading= -58.5/ -60.0,volts=12.8(10.8)
FrcRobotBase.printPidInfo_Info: sonarDrivePidCtrl: Target=   7.0, Input=  41.6, Error=  34.6, PIDTerms= 0.571/ 0.000/ 0.000/ 0.000, Output= 0.500(-0.500/0.500)
FrcRobotBase.printPidInfo_Info: visionTurnPidCtrl: Target=   0.0, Input=   0.0, Error=  -0.0, PIDTerms=-0.000/ 0.000/-0.010/ 0.000, Output=-0.010(-0.500/0.500)
FrcRobotBase.PixyVision_Info: 3 object(s) found
FrcRobotBase.PixyVision_Info: [0] sync=0xaa55, chksum=0x006c, sig=1, centerX= 38, centerY=  7, width= 48, height= 14, angle=  0
FrcRobotBase.PixyVision_Info: [1] sync=0xaa55, chksum=0x0131, sig=1, centerX=186, centerY= 85, width= 10, height= 23, angle=  0
FrcRobotBase.PixyVision_Info: [2] sync=0xaa55, chksum=0x0110, sig=1, centerX=149, centerY= 89, width= 10, height= 23, angle=  0
FrcRobotBase.PixyVision_Info: Expected Target: distance=49.6, width=46.4, height=23.2
FrcRobotBase.PixyVision_Info: ***TargetRect***: [1,2] x=144, y=74, w=47, h=27
FrcRobotBase.PixyVision_Info: ###TargetInfo###: xDist=1.6, yDist=48.9, angle=1.9
FrcRobotBase.Robot_Info: [3.578] VISION_DEPLOY: xPos= -0.35,yPos= 85.28,heading= -58.7/ -60.0,volts=11.1(10.8)
FrcRobotBase.printPidInfo_Info: sonarDrivePidCtrl: Target=   7.0, Input=  41.6, Error=  34.6, PIDTerms= 0.571/ 0.000/ 0.000/ 0.000, Output= 0.500(-0.500/0.500)
FrcRobotBase.printPidInfo_Info: visionTurnPidCtrl: Target=   0.0, Input=   1.9, Error=   1.9, PIDTerms= 0.047/ 0.000/ 0.016/ 0.000, Output= 0.062(-0.500/0.500)
FrcRobotBase.PixyVision_Info: 3 object(s) found
FrcRobotBase.PixyVision_Info: [0] sync=0xaa55, chksum=0x006c, sig=1, centerX= 38, centerY=  7, width= 48, height= 14, angle=  0
FrcRobotBase.PixyVision_Info: [1] sync=0xaa55, chksum=0x0112, sig=1, centerX=148, centerY= 90, width= 11, height= 24, angle=  0
FrcRobotBase.PixyVision_Info: [2] sync=0xaa55, chksum=0x0133, sig=1, centerX=186, centerY= 86, width= 10, height= 24, angle=  0
FrcRobotBase.PixyVision_Info: Expected Target: distance=49.7, width=46.3, height=23.1
FrcRobotBase.PixyVision_Info: ***TargetRect***: [1,2] x=143, y=74, w=48, h=28
FrcRobotBase.PixyVision_Info: ###TargetInfo###: xDist=1.5, yDist=47.9, angle=1.7
FrcRobotBase.Robot_Info: [3.613] VISION_DEPLOY: xPos= -0.24,yPos= 85.88,heading= -58.8/ -60.0,volts=11.0(10.8)
FrcRobotBase.printPidInfo_Info: sonarDrivePidCtrl: Target=   7.0, Input=  41.7, Error=  34.7, PIDTerms= 0.573/ 0.000/ 0.004/ 0.000, Output= 0.500(-0.500/0.500)
FrcRobotBase.printPidInfo_Info: visionTurnPidCtrl: Target=   0.0, Input=   1.7, Error=   1.7, PIDTerms= 0.044/ 0.000/-0.000/ 0.000, Output= 0.043(-0.500/0.500)
FrcRobotBase.PixyVision_Info: 3 object(s) found
FrcRobotBase.PixyVision_Info: [0] sync=0xaa55, chksum=0x0061, sig=1, centerX= 35, centerY=  7, width= 40, height= 14, angle=  0
FrcRobotBase.PixyVision_Info: [1] sync=0xaa55, chksum=0x0135, sig=1, centerX=187, centerY= 87, width= 10, height= 24, angle=  0
FrcRobotBase.PixyVision_Info: [2] sync=0xaa55, chksum=0x0114, sig=1, centerX=150, centerY= 91, width= 10, height= 24, angle=  0
FrcRobotBase.PixyVision_Info: Expected Target: distance=49.7, width=46.3, height=23.1
FrcRobotBase.PixyVision_Info: ***TargetRect***: [1,2] x=145, y=75, w=47, h=28
FrcRobotBase.PixyVision_Info: ###TargetInfo###: xDist=1.8, yDist=48.9, angle=2.1
FrcRobotBase.PixyVision_Info: null object(s) found
FrcRobotBase.Robot_Info: [3.641] VISION_DEPLOY: xPos= -0.24,yPos= 86.22,heading= -58.8/ -60.0,volts=11.2(10.8)
FrcRobotBase.printPidInfo_Info: sonarDrivePidCtrl: Target=   7.0, Input=  41.7, Error=  34.7, PIDTerms= 0.573/ 0.000/ 0.000/ 0.000, Output= 0.500(-0.500/0.500)
FrcRobotBase.printPidInfo_Info: visionTurnPidCtrl: Target=   0.0, Input=   0.0, Error=  -0.0, PIDTerms=-0.000/ 0.000/-0.006/ 0.000, Output=-0.006(-0.500/0.500)
FrcRobotBase.PixyVision_Info: 3 object(s) found
FrcRobotBase.PixyVision_Info: [0] sync=0xaa55, chksum=0x006d, sig=1, centerX= 39, centerY=  7, width= 48, height= 14, angle=  0
FrcRobotBase.PixyVision_Info: [1] sync=0xaa55, chksum=0x0113, sig=1, centerX=150, centerY= 90, width= 11, height= 23, angle=  0
FrcRobotBase.PixyVision_Info: [2] sync=0xaa55, chksum=0x0133, sig=1, centerX=187, centerY= 86, width= 10, height= 23, angle=  0
FrcRobotBase.PixyVision_Info: Expected Target: distance=49.7, width=46.3, height=23.1
FrcRobotBase.PixyVision_Info: ***TargetRect***: [1,2] x=145, y=75, w=47, h=27
FrcRobotBase.PixyVision_Info: ###TargetInfo###: xDist=1.8, yDist=48.9, angle=2.1
FrcRobotBase.Robot_Info: [3.664] VISION_DEPLOY: xPos= -0.24,yPos= 86.66,heading= -58.8/ -60.0,volts=11.2(10.8)
FrcRobotBase.printPidInfo_Info: sonarDrivePidCtrl: Target=   7.0, Input=  41.7, Error=  34.7, PIDTerms= 0.573/ 0.000/ 0.000/ 0.000, Output= 0.500(-0.500/0.500)
FrcRobotBase.printPidInfo_Info: visionTurnPidCtrl: Target=   0.0, Input=   2.1, Error=   2.1, PIDTerms= 0.053/ 0.000/ 0.018/ 0.000, Output= 0.071(-0.500/0.500)
FrcRobotBase.PixyVision_Info: 3 object(s) found
FrcRobotBase.PixyVision_Info: [0] sync=0xaa55, chksum=0x006d, sig=1, centerX= 39, centerY=  7, width= 48, height= 14, angle=  0
FrcRobotBase.PixyVision_Info: [1] sync=0xaa55, chksum=0x0136, sig=1, centerX=188, centerY= 86, width= 10, height= 25, angle=  0
FrcRobotBase.PixyVision_Info: [2] sync=0xaa55, chksum=0x0115, sig=1, centerX=150, centerY= 91, width= 11, height= 24, angle=  0
FrcRobotBase.PixyVision_Info: Expected Target: distance=48.6, width=47.3, height=23.7
FrcRobotBase.PixyVision_Info: ***TargetRect***: [1,2] x=145, y=74, w=48, h=29
FrcRobotBase.PixyVision_Info: ###TargetInfo###: xDist=1.9, yDist=47.9, angle=2.2
FrcRobotBase.Robot_Info: [3.693] VISION_DEPLOY: xPos= -0.21,yPos= 87.15,heading= -58.8/ -60.0,volts=11.4(10.8)
FrcRobotBase.printPidInfo_Info: sonarDrivePidCtrl: Target=   7.0, Input=  40.6, Error=  33.6, PIDTerms= 0.555/ 0.000/-0.086/ 0.000, Output= 0.468(-0.500/0.500)
FrcRobotBase.printPidInfo_Info: visionTurnPidCtrl: Target=   0.0, Input=   2.2, Error=   2.2, PIDTerms= 0.056/ 0.000/ 0.001/ 0.000, Output= 0.057(-0.500/0.500)
FrcRobotBase.PixyVision_Info: 3 object(s) found
FrcRobotBase.PixyVision_Info: [0] sync=0xaa55, chksum=0x0062, sig=1, centerX= 35, centerY=  7, width= 41, height= 14, angle=  0
FrcRobotBase.PixyVision_Info: [1] sync=0xaa55, chksum=0x0136, sig=1, centerX=188, centerY= 86, width= 10, height= 25, angle=  0
FrcRobotBase.PixyVision_Info: [2] sync=0xaa55, chksum=0x0114, sig=1, centerX=149, centerY= 91, width= 11, height= 24, angle=  0
FrcRobotBase.PixyVision_Info: Expected Target: distance=48.7, width=47.2, height=23.6
FrcRobotBase.PixyVision_Info: ***TargetRect***: [1,2] x=144, y=74, w=49, h=29
FrcRobotBase.PixyVision_Info: ###TargetInfo###: xDist=1.7, yDist=46.9, angle=2.1
FrcRobotBase.Robot_Info: [3.718] VISION_DEPLOY: xPos= -0.21,yPos= 88.30,heading= -58.8/ -60.0,volts=11.4(10.8)
FrcRobotBase.printPidInfo_Info: sonarDrivePidCtrl: Target=   7.0, Input=  40.6, Error=  33.6, PIDTerms= 0.555/ 0.000/ 0.000/ 0.000, Output= 0.500(-0.500/0.500)
FrcRobotBase.printPidInfo_Info: visionTurnPidCtrl: Target=   0.0, Input=   2.1, Error=   2.1, PIDTerms= 0.053/ 0.000/-0.001/ 0.000, Output= 0.052(-0.500/0.500)
FrcRobotBase.PixyVision_Info: 3 object(s) found
FrcRobotBase.PixyVision_Info: [0] sync=0xaa55, chksum=0x0061, sig=1, centerX= 35, centerY=  7, width= 40, height= 14, angle=  0
FrcRobotBase.PixyVision_Info: [1] sync=0xaa55, chksum=0x0136, sig=1, centerX=188, centerY= 86, width= 10, height= 25, angle=  0
FrcRobotBase.PixyVision_Info: [2] sync=0xaa55, chksum=0x0114, sig=1, centerX=150, centerY= 91, width= 10, height= 24, angle=  0
FrcRobotBase.PixyVision_Info: Expected Target: distance=47.7, width=48.2, height=24.1
FrcRobotBase.PixyVision_Info: ***TargetRect***: [1,2] x=145, y=74, w=48, h=29
FrcRobotBase.PixyVision_Info: ###TargetInfo###: xDist=1.9, yDist=47.9, angle=2.2
FrcRobotBase.PixyVision_Info: null object(s) found
FrcRobotBase.Robot_Info: [3.745] VISION_DEPLOY: xPos= -0.17,yPos= 88.98,heading= -58.7/ -60.0,volts=11.2(10.8)
FrcRobotBase.printPidInfo_Info: sonarDrivePidCtrl: Target=   7.0, Input=  39.7, Error=  32.7, PIDTerms= 0.540/ 0.000/-0.048/ 0.000, Output= 0.492(-0.500/0.500)
FrcRobotBase.printPidInfo_Info: visionTurnPidCtrl: Target=   0.0, Input=   0.0, Error=  -0.0, PIDTerms=-0.000/ 0.000/-0.009/ 0.000, Output=-0.009(-0.500/0.500)
FrcRobotBase.PixyVision_Info: 3 object(s) found
FrcRobotBase.PixyVision_Info: [0] sync=0xaa55, chksum=0x005f, sig=1, centerX= 34, centerY=  7, width= 39, height= 14, angle=  0
FrcRobotBase.PixyVision_Info: [1] sync=0xaa55, chksum=0x0115, sig=1, centerX=150, centerY= 91, width= 10, height= 25, angle=  0
FrcRobotBase.PixyVision_Info: [2] sync=0xaa55, chksum=0x013a, sig=1, centerX=186, centerY= 87, width= 15, height= 25, angle=  0
FrcRobotBase.PixyVision_Info: Expected Target: distance=47.5, width=48.4, height=24.2
FrcRobotBase.PixyVision_Info: ***TargetRect***: [1,2] x=145, y=75, w=49, h=29
FrcRobotBase.PixyVision_Info: ###TargetInfo###: xDist=1.9, yDist=46.9, angle=2.4
FrcRobotBase.Robot_Info: [3.772] VISION_DEPLOY: xPos= -0.16,yPos= 89.67,heading= -58.5/ -60.0,volts=11.4(10.8)
FrcRobotBase.printPidInfo_Info: sonarDrivePidCtrl: Target=   7.0, Input=  39.6, Error=  32.6, PIDTerms= 0.538/ 0.000/-0.015/ 0.000, Output= 0.500(-0.500/0.500)
FrcRobotBase.printPidInfo_Info: visionTurnPidCtrl: Target=   0.0, Input=   2.4, Error=   2.4, PIDTerms= 0.059/ 0.000/ 0.021/ 0.000, Output= 0.080(-0.500/0.500)
FrcRobotBase.PixyVision_Info: 3 object(s) found
FrcRobotBase.PixyVision_Info: [0] sync=0xaa55, chksum=0x0061, sig=1, centerX= 35, centerY=  7, width= 40, height= 14, angle=  0
FrcRobotBase.PixyVision_Info: [1] sync=0xaa55, chksum=0x0115, sig=1, centerX=149, centerY= 91, width= 11, height= 25, angle=  0
FrcRobotBase.PixyVision_Info: [2] sync=0xaa55, chksum=0x0138, sig=1, centerX=187, centerY= 87, width= 12, height= 25, angle=  0
FrcRobotBase.PixyVision_Info: Expected Target: distance=45.9, width=50.1, height=25.1
FrcRobotBase.PixyVision_Info: ***TargetRect***: [1,2] x=144, y=75, w=49, h=29
FrcRobotBase.PixyVision_Info: ###TargetInfo###: xDist=1.7, yDist=46.9, angle=2.1
FrcRobotBase.Robot_Info: [3.796] VISION_DEPLOY: xPos= -0.17,yPos= 90.48,heading= -58.5/ -60.0,volts=11.6(10.8)
FrcRobotBase.printPidInfo_Info: sonarDrivePidCtrl: Target=   7.0, Input=  37.9, Error=  30.9, PIDTerms= 0.509/ 0.000/-0.143/ 0.000, Output= 0.367(-0.500/0.500)
FrcRobotBase.printPidInfo_Info: visionTurnPidCtrl: Target=   0.0, Input=   2.1, Error=   2.1, PIDTerms= 0.053/ 0.000/-0.002/ 0.000, Output= 0.051(-0.500/0.500)
FrcRobotBase.PixyVision_Info: 3 object(s) found
FrcRobotBase.PixyVision_Info: [0] sync=0xaa55, chksum=0x005d, sig=1, centerX= 33, centerY=  7, width= 38, height= 14, angle=  0
FrcRobotBase.PixyVision_Info: [1] sync=0xaa55, chksum=0x0115, sig=1, centerX=148, centerY= 92, width= 11, height= 25, angle=  0
FrcRobotBase.PixyVision_Info: [2] sync=0xaa55, chksum=0x0139, sig=1, centerX=187, centerY= 88, width= 11, height= 26, angle=  0
FrcRobotBase.PixyVision_Info: Expected Target: distance=45.2, width=50.8, height=25.4
FrcRobotBase.PixyVision_Info: ***TargetRect***: [1,2] x=143, y=75, w=50, h=30
FrcRobotBase.PixyVision_Info: ###TargetInfo###: xDist=1.6, yDist=46.0, angle=2.0
FrcRobotBase.Robot_Info: [3.822] VISION_DEPLOY: xPos= -0.11,yPos= 92.09,heading= -58.4/ -60.0,volts=12.0(10.8)
FrcRobotBase.printPidInfo_Info: sonarDrivePidCtrl: Target=   7.0, Input=  37.4, Error=  30.4, PIDTerms= 0.501/ 0.000/-0.035/ 0.000, Output= 0.466(-0.500/0.500)
FrcRobotBase.printPidInfo_Info: visionTurnPidCtrl: Target=   0.0, Input=   2.0, Error=   2.0, PIDTerms= 0.050/ 0.000/-0.001/ 0.000, Output= 0.049(-0.500/0.500)
FrcRobotBase.PixyVision_Info: 3 object(s) found
FrcRobotBase.PixyVision_Info: [0] sync=0xaa55, chksum=0x005d, sig=1, centerX= 33, centerY=  7, width= 38, height= 14, angle=  0
FrcRobotBase.PixyVision_Info: [1] sync=0xaa55, chksum=0x013a, sig=1, centerX=187, centerY= 89, width= 11, height= 26, angle=  0
FrcRobotBase.PixyVision_Info: [2] sync=0xaa55, chksum=0x0117, sig=1, centerX=145, centerY= 93, width= 15, height= 25, angle=  0
FrcRobotBase.PixyVision_Info: Expected Target: distance=44.7, width=51.4, height=25.7
FrcRobotBase.PixyVision_Info: ***TargetRect***: [1,2] x=138, y=76, w=55, h=30
FrcRobotBase.PixyVision_Info: ###TargetInfo###: xDist=1.0, yDist=41.8, angle=1.4
FrcRobotBase.PixyVision_Info: null object(s) found
FrcRobotBase.Robot_Info: [3.854] VISION_DEPLOY: xPos= -0.11,yPos= 92.99,heading= -58.3/ -60.0,volts=11.7(10.8)
FrcRobotBase.printPidInfo_Info: sonarDrivePidCtrl: Target=   7.0, Input=  36.7, Error=  29.7, PIDTerms= 0.491/ 0.000/-0.035/ 0.000, Output= 0.456(-0.500/0.500)
FrcRobotBase.printPidInfo_Info: visionTurnPidCtrl: Target=   0.0, Input=   0.0, Error=  -0.0, PIDTerms=-0.000/ 0.000/-0.008/ 0.000, Output=-0.008(-0.500/0.500)
FrcRobotBase.PixyVision_Info: 4 object(s) found
FrcRobotBase.PixyVision_Info: [0] sync=0xaa55, chksum=0x0057, sig=1, centerX= 30, centerY=  7, width= 35, height= 14, angle=  0
FrcRobotBase.PixyVision_Info: [1] sync=0xaa55, chksum=0x0116, sig=1, centerX=146, centerY= 94, width= 11, height= 26, angle=  0
FrcRobotBase.PixyVision_Info: [2] sync=0xaa55, chksum=0x013a, sig=1, centerX=187, centerY= 89, width= 11, height= 26, angle=  0
FrcRobotBase.PixyVision_Info: [3] sync=0xaa55, chksum=0x0061, sig=1, centerX=  9, centerY= 76, width=  4, height=  7, angle=  0
FrcRobotBase.PixyVision_Info: Expected Target: distance=43.3, width=53.2, height=26.6
FrcRobotBase.PixyVision_Info: ***TargetRect***: [1,2] x=141, y=76, w=52, h=31
FrcRobotBase.PixyVision_Info: ###TargetInfo###: xDist=1.3, yDist=44.2, angle=1.7
FrcRobotBase.Robot_Info: [3.881] VISION_DEPLOY: xPos= -0.11,yPos= 93.88,heading= -58.1/ -60.0,volts=11.8(10.8)
FrcRobotBase.printPidInfo_Info: sonarDrivePidCtrl: Target=   7.0, Input=  35.5, Error=  28.5, PIDTerms= 0.470/ 0.000/-0.136/ 0.000, Output= 0.335(-0.500/0.500)
FrcRobotBase.printPidInfo_Info: visionTurnPidCtrl: Target=   0.0, Input=   1.7, Error=   1.7, PIDTerms= 0.044/ 0.000/ 0.014/ 0.000, Output= 0.058(-0.500/0.500)
FrcRobotBase.PixyVision_Info: 4 object(s) found
FrcRobotBase.PixyVision_Info: [0] sync=0xaa55, chksum=0x013e, sig=1, centerX=187, centerY= 90, width= 12, height= 28, angle=  0
FrcRobotBase.PixyVision_Info: [1] sync=0xaa55, chksum=0x0115, sig=1, centerX=144, centerY= 94, width= 11, height= 27, angle=  0
FrcRobotBase.PixyVision_Info: [2] sync=0xaa55, chksum=0x0049, sig=1, centerX= 25, centerY=  7, width= 26, height= 14, angle=  0
FrcRobotBase.PixyVision_Info: [3] sync=0xaa55, chksum=0x005a, sig=1, centerX=  5, centerY= 75, width=  4, height=  5, angle=  0
FrcRobotBase.PixyVision_Info: Expected Target: distance=42.9, width=53.6, height=26.8
FrcRobotBase.PixyVision_Info: ***TargetRect***: [0,1] x=139, y=76, w=54, h=32
FrcRobotBase.PixyVision_Info: ###TargetInfo###: xDist=1.1, yDist=42.6, angle=1.5
FrcRobotBase.Robot_Info: [3.912] VISION_DEPLOY: xPos= -0.10,yPos= 95.75,heading= -57.8/ -60.0,volts=12.3(10.8)
FrcRobotBase.printPidInfo_Info: sonarDrivePidCtrl: Target=   7.0, Input=  34.9, Error=  27.9, PIDTerms= 0.460/ 0.000/-0.041/ 0.000, Output= 0.419(-0.500/0.500)
FrcRobotBase.printPidInfo_Info: visionTurnPidCtrl: Target=   0.0, Input=   1.5, Error=   1.5, PIDTerms= 0.037/ 0.000/-0.001/ 0.000, Output= 0.036(-0.500/0.500)
FrcRobotBase.PixyVision_Info: 4 object(s) found
FrcRobotBase.PixyVision_Info: [0] sync=0xaa55, chksum=0x0118, sig=1, centerX=143, centerY= 96, width= 12, height= 28, angle=  0
FrcRobotBase.PixyVision_Info: [1] sync=0xaa55, chksum=0x013d, sig=1, centerX=186, centerY= 91, width= 11, height= 28, angle=  0
FrcRobotBase.PixyVision_Info: [2] sync=0xaa55, chksum=0x0046, sig=1, centerX= 23, centerY=  7, width= 25, height= 14, angle=  0
FrcRobotBase.PixyVision_Info: [3] sync=0xaa55, chksum=0x005b, sig=1, centerX=  2, centerY= 77, width=  4, height=  7, angle=  0
FrcRobotBase.PixyVision_Info: Expected Target: distance=40.9, width=56.3, height=28.1
FrcRobotBase.PixyVision_Info: ***TargetRect***: [0,1] x=137, y=77, w=55, h=33
FrcRobotBase.PixyVision_Info: ###TargetInfo###: xDist=0.8, yDist=41.8, angle=1.1
FrcRobotBase.Robot_Info: [3.939] VISION_DEPLOY: xPos= -0.08,yPos= 96.69,heading= -57.6/ -60.0,volts=12.1(10.8)
FrcRobotBase.printPidInfo_Info: sonarDrivePidCtrl: Target=   7.0, Input=  33.0, Error=  26.0, PIDTerms= 0.429/ 0.000/-0.140/ 0.000, Output= 0.289(-0.500/0.500)
FrcRobotBase.printPidInfo_Info: visionTurnPidCtrl: Target=   0.0, Input=   1.1, Error=   1.1, PIDTerms= 0.028/ 0.000/-0.002/ 0.000, Output= 0.026(-0.500/0.500)
FrcRobotBase.PixyVision_Info: 3 object(s) found
FrcRobotBase.PixyVision_Info: [0] sync=0xaa55, chksum=0x0116, sig=1, centerX=140, centerY= 97, width= 11, height= 29, angle=  0
FrcRobotBase.PixyVision_Info: [1] sync=0xaa55, chksum=0x013e, sig=1, centerX=185, centerY= 92, width= 11, height= 29, angle=  0
FrcRobotBase.PixyVision_Info: [2] sync=0xaa55, chksum=0x0042, sig=1, centerX= 21, centerY=  7, width= 23, height= 14, angle=  0
FrcRobotBase.PixyVision_Info: Expected Target: distance=40.9, width=56.3, height=28.1
FrcRobotBase.PixyVision_Info: ***TargetRect***: [0,1] x=135, y=78, w=56, h=34
FrcRobotBase.PixyVision_Info: ###TargetInfo###: xDist=0.5, yDist=41.1, angle=0.7
FrcRobotBase.PixyVision_Info: null object(s) found
FrcRobotBase.Robot_Info: [3.971] VISION_DEPLOY: xPos= -0.08,yPos= 98.64,heading= -57.4/ -60.0,volts=12.3(10.8)
FrcRobotBase.printPidInfo_Info: sonarDrivePidCtrl: Target=   7.0, Input=  32.0, Error=  25.0, PIDTerms= 0.413/ 0.000/-0.051/ 0.000, Output= 0.362(-0.500/0.500)
FrcRobotBase.printPidInfo_Info: visionTurnPidCtrl: Target=   0.0, Input=   0.0, Error=  -0.0, PIDTerms=-0.000/ 0.000/-0.004/ 0.000, Output=-0.004(-0.500/0.500)
FrcRobotBase.PixyVision_Info: 3 object(s) found
FrcRobotBase.PixyVision_Info: [0] sync=0xaa55, chksum=0x0116, sig=1, centerX=137, centerY= 99, width= 11, height= 30, angle=  0
FrcRobotBase.PixyVision_Info: [1] sync=0xaa55, chksum=0x0140, sig=1, centerX=184, centerY= 94, width= 11, height= 30, angle=  0
FrcRobotBase.PixyVision_Info: [2] sync=0xaa55, chksum=0x003b, sig=1, centerX= 18, centerY=  7, width= 19, height= 14, angle=  0
FrcRobotBase.PixyVision_Info: Expected Target: distance=38.9, width=59.1, height=29.6
FrcRobotBase.PixyVision_Info: ***TargetRect***: [0,1] x=132, y=79, w=58, h=35
FrcRobotBase.PixyVision_Info: ###TargetInfo###: xDist=0.2, yDist=39.7, angle=0.2
FrcRobotBase.Robot_Info: [4.022] VISION_DEPLOY: xPos= -0.09,yPos=100.64,heading= -56.8/ -60.0,volts=12.3(10.8)
FrcRobotBase.printPidInfo_Info: sonarDrivePidCtrl: Target=   7.0, Input=  31.0, Error=  24.0, PIDTerms= 0.396/ 0.000/-0.051/ 0.000, Output= 0.346(-0.500/0.500)
FrcRobotBase.printPidInfo_Info: visionTurnPidCtrl: Target=   0.0, Input=   0.2, Error=   0.2, PIDTerms= 0.006/ 0.000/ 0.001/ 0.000, Output= 0.007(-0.500/0.500)
FrcRobotBase.PixyVision_Info: 3 object(s) found
FrcRobotBase.PixyVision_Info: [0] sync=0xaa55, chksum=0x0118, sig=1, centerX=134, centerY=101, width= 13, height= 31, angle=  0
FrcRobotBase.PixyVision_Info: [1] sync=0xaa55, chksum=0x0142, sig=1, centerX=183, centerY= 95, width= 12, height= 31, angle=  0
FrcRobotBase.PixyVision_Info: [2] sync=0xaa55, chksum=0x0036, sig=1, centerX= 15, centerY=  7, width= 17, height= 14, angle=  0
FrcRobotBase.PixyVision_Info: Expected Target: distance=37.0, width=62.1, height=31.1
FrcRobotBase.PixyVision_Info: ***TargetRect***: [0,1] x=128, y=80, w=61, h=37
FrcRobotBase.PixyVision_Info: ###TargetInfo###: xDist=-0.2, yDist=37.7, angle=-0.4
FrcRobotBase.Robot_Info: [4.053] VISION_DEPLOY: xPos= -0.08,yPos=102.67,heading= -56.7/ -60.0,volts=12.4(10.8)
FrcRobotBase.printPidInfo_Info: sonarDrivePidCtrl: Target=   7.0, Input=  29.1, Error=  22.1, PIDTerms= 0.365/ 0.000/-0.102/ 0.000, Output= 0.264(-0.500/0.500)
FrcRobotBase.printPidInfo_Info: visionTurnPidCtrl: Target=   0.0, Input=  -0.4, Error=  -0.4, PIDTerms=-0.009/ 0.000/-0.003/ 0.000, Output=-0.012(-0.500/0.500)
FrcRobotBase.PixyVision_Info: 3 object(s) found
FrcRobotBase.PixyVision_Info: [0] sync=0xaa55, chksum=0x0118, sig=1, centerX=133, centerY=102, width= 13, height= 31, angle=  0
FrcRobotBase.PixyVision_Info: [1] sync=0xaa55, chksum=0x0143, sig=1, centerX=182, centerY= 96, width= 11, height= 33, angle=  0
FrcRobotBase.PixyVision_Info: [2] sync=0xaa55, chksum=0x0033, sig=1, centerX= 14, centerY=  7, width= 14, height= 15, angle=  0
FrcRobotBase.PixyVision_Info: Expected Target: distance=34.3, width=67.1, height=33.5
FrcRobotBase.PixyVision_Info: ***TargetRect***: [0,1] x=127, y=80, w=61, h=38
FrcRobotBase.PixyVision_Info: ###TargetInfo###: xDist=-0.4, yDist=37.7, angle=-0.6
FrcRobotBase.PixyVision_Info: 3 object(s) found
FrcRobotBase.PixyVision_Info: [0] sync=0xaa55, chksum=0x011b, sig=1, centerX=132, centerY=103, width= 14, height= 33, angle=  0
FrcRobotBase.PixyVision_Info: [1] sync=0xaa55, chksum=0x0147, sig=1, centerX=183, centerY= 97, width= 13, height= 33, angle=  0
FrcRobotBase.PixyVision_Info: [2] sync=0xaa55, chksum=0x002f, sig=1, centerX= 12, centerY=  9, width= 13, height= 12, angle=  0
FrcRobotBase.PixyVision_Info: Expected Target: distance=34.3, width=67.1, height=33.5
FrcRobotBase.PixyVision_Info: ***TargetRect***: [0,1] x=125, y=81, w=65, h=39
FrcRobotBase.PixyVision_Info: ###TargetInfo###: xDist=-0.4, yDist=35.4, angle=-0.6
FrcRobotBase.Robot_Info: [4.101] VISION_DEPLOY: xPos= -0.10,yPos=104.66,heading= -56.4/ -60.0,volts=12.6(10.8)
FrcRobotBase.printPidInfo_Info: sonarDrivePidCtrl: Target=   7.0, Input=  26.3, Error=  19.3, PIDTerms= 0.318/ 0.000/-0.136/ 0.000, Output= 0.183(-0.500/0.500)
FrcRobotBase.printPidInfo_Info: visionTurnPidCtrl: Target=   0.0, Input=  -0.6, Error=  -0.6, PIDTerms=-0.016/ 0.000/-0.001/ 0.000, Output=-0.016(-0.500/0.500)
FrcRobotBase.PixyVision_Info: 3 object(s) found
FrcRobotBase.PixyVision_Info: [0] sync=0xaa55, chksum=0x011d, sig=1, centerX=129, centerY=106, width= 15, height= 34, angle=  0
FrcRobotBase.PixyVision_Info: [1] sync=0xaa55, chksum=0x014d, sig=1, centerX=183, centerY= 99, width= 15, height= 35, angle=  0
FrcRobotBase.PixyVision_Info: [2] sync=0xaa55, chksum=0x0025, sig=1, centerX=  9, centerY=  9, width=  9, height=  9, angle=  0
FrcRobotBase.PixyVision_Info: Expected Target: distance=32.3, width=71.2, height=35.6
FrcRobotBase.PixyVision_Info: ***TargetRect***: [0,1] x=122, y=82, w=69, h=41
FrcRobotBase.PixyVision_Info: ###TargetInfo###: xDist=-0.5, yDist=33.3, angle=-0.9
FrcRobotBase.Robot_Info: [4.144] VISION_DEPLOY: xPos= -0.10,yPos=106.63,heading= -56.3/ -60.0,volts=12.7(10.8)
FrcRobotBase.printPidInfo_Info: sonarDrivePidCtrl: Target=   7.0, Input=  24.4, Error=  17.4, PIDTerms= 0.287/ 0.000/-0.091/ 0.000, Output= 0.196(-0.500/0.500)
FrcRobotBase.printPidInfo_Info: visionTurnPidCtrl: Target=   0.0, Input=  -0.9, Error=  -0.9, PIDTerms=-0.022/ 0.000/-0.001/ 0.000, Output=-0.023(-0.500/0.500)
FrcRobotBase.PixyVision_Info: 3 object(s) found
FrcRobotBase.PixyVision_Info: [0] sync=0xaa55, chksum=0x0121, sig=1, centerX=127, centerY=109, width= 16, height= 36, angle=  0
FrcRobotBase.PixyVision_Info: [1] sync=0xaa55, chksum=0x0153, sig=1, centerX=184, centerY=102, width= 15, height= 37, angle=  0
FrcRobotBase.PixyVision_Info: [2] sync=0xaa55, chksum=0x001f, sig=1, centerX=  7, centerY= 11, width=  4, height=  8, angle=  0
FrcRobotBase.PixyVision_Info: Expected Target: distance=30.8, width=74.7, height=37.3
FrcRobotBase.PixyVision_Info: ***TargetRect***: [0,1] x=119, y=84, w=73, h=43
FrcRobotBase.PixyVision_Info: ###TargetInfo###: xDist=-0.6, yDist=31.5, angle=-1.1
FrcRobotBase.PixyVision_Info: 3 object(s) found
FrcRobotBase.PixyVision_Info: [0] sync=0xaa55, chksum=0x0155, sig=1, centerX=184, centerY=103, width= 15, height= 38, angle=  0
FrcRobotBase.PixyVision_Info: [1] sync=0xaa55, chksum=0x0122, sig=1, centerX=125, centerY=110, width= 17, height= 37, angle=  0
FrcRobotBase.PixyVision_Info: [2] sync=0xaa55, chksum=0x0017, sig=1, centerX=  6, centerY= 10, width=  2, height=  4, angle=  0
FrcRobotBase.PixyVision_Info: Expected Target: distance=30.3, width=75.9, height=38.0
FrcRobotBase.PixyVision_Info: ***TargetRect***: [0,1] x=117, y=84, w=75, h=45
FrcRobotBase.PixyVision_Info: ###TargetInfo###: xDist=-0.7, yDist=30.7, angle=-1.4
FrcRobotBase.Robot_Info: [4.205] VISION_DEPLOY: xPos= -0.01,yPos=109.33,heading= -56.3/ -60.0,volts=12.7(10.8)
FrcRobotBase.printPidInfo_Info: sonarDrivePidCtrl: Target=   7.0, Input=  22.3, Error=  15.3, PIDTerms= 0.252/ 0.000/-0.068/ 0.000, Output= 0.185(-0.500/0.500)
FrcRobotBase.printPidInfo_Info: visionTurnPidCtrl: Target=   0.0, Input=  -1.4, Error=  -1.4, PIDTerms=-0.034/ 0.000/-0.001/ 0.000, Output=-0.035(-0.500/0.500)
FrcRobotBase.PixyVision_Info: 3 object(s) found
FrcRobotBase.PixyVision_Info: [0] sync=0xaa55, chksum=0x015d, sig=1, centerX=185, centerY=105, width= 17, height= 41, angle=  0
FrcRobotBase.PixyVision_Info: [1] sync=0xaa55, chksum=0x0127, sig=1, centerX=123, centerY=113, width= 18, height= 40, angle=  0
FrcRobotBase.PixyVision_Info: [2] sync=0xaa55, chksum=0x00bf, sig=1, centerX= 53, centerY=128, width=  6, height=  3, angle=  0
FrcRobotBase.PixyVision_Info: Expected Target: distance=27.3, width=84.2, height=42.1
FrcRobotBase.PixyVision_Info: ***TargetRect***: [0,1] x=114, y=85, w=80, h=48
FrcRobotBase.PixyVision_Info: ###TargetInfo###: xDist=-0.8, yDist=28.8, angle=-1.5
FrcRobotBase.Robot_Info: [4.251] VISION_DEPLOY: xPos=  0.00,yPos=111.18,heading= -56.3/ -60.0,volts=12.7(10.8)
FrcRobotBase.printPidInfo_Info: sonarDrivePidCtrl: Target=   7.0, Input=  19.3, Error=  12.3, PIDTerms= 0.203/ 0.000/-0.142/ 0.000, Output= 0.061(-0.500/0.500)
FrcRobotBase.printPidInfo_Info: visionTurnPidCtrl: Target=   0.0, Input=  -1.5, Error=  -1.5, PIDTerms=-0.037/ 0.000/-0.000/ 0.000, Output=-0.038(-0.500/0.500)
FrcRobotBase.PixyVision_Info: 3 object(s) found
FrcRobotBase.PixyVision_Info: [0] sync=0xaa55, chksum=0x0164, sig=1, centerX=186, centerY=109, width= 17, height= 43, angle=  0
FrcRobotBase.PixyVision_Info: [1] sync=0xaa55, chksum=0x0128, sig=1, centerX=120, centerY=116, width= 18, height= 41, angle=  0
FrcRobotBase.PixyVision_Info: [2] sync=0xaa55, chksum=0x00bd, sig=1, centerX= 49, centerY=129, width=  7, height=  3, angle=  0
FrcRobotBase.PixyVision_Info: Expected Target: distance=25.4, width=90.4, height=45.2
FrcRobotBase.PixyVision_Info: ***TargetRect***: [0,1] x=111, y=88, w=84, h=49
FrcRobotBase.PixyVision_Info: ###TargetInfo###: xDist=-0.8, yDist=27.4, angle=-1.7
FrcRobotBase.PixyVision_Info: 3 object(s) found
FrcRobotBase.PixyVision_Info: [0] sync=0xaa55, chksum=0x016a, sig=1, centerX=188, centerY=110, width= 18, height= 45, angle=  0
FrcRobotBase.PixyVision_Info: [1] sync=0xaa55, chksum=0x012b, sig=1, centerX=119, centerY=119, width= 18, height= 42, angle=  0
FrcRobotBase.PixyVision_Info: [2] sync=0xaa55, chksum=0x00bd, sig=1, centerX= 49, centerY=130, width=  7, height=  2, angle=  0
FrcRobotBase.PixyVision_Info: Expected Target: distance=25.3, width=90.9, height=45.4
FrcRobotBase.PixyVision_Info: ***TargetRect***: [0,1] x=110, y=88, w=87, h=52
FrcRobotBase.PixyVision_Info: ###TargetInfo###: xDist=-0.7, yDist=26.4, angle=-1.6
FrcRobotBase.Robot_Info: [4.306] VISION_DEPLOY: xPos= -0.11,yPos=113.51,heading= -56.7/ -60.0,volts=12.8(10.8)
FrcRobotBase.printPidInfo_Info: sonarDrivePidCtrl: Target=   7.0, Input=  17.3, Error=  10.3, PIDTerms= 0.170/ 0.000/-0.066/ 0.000, Output= 0.104(-0.500/0.500)
FrcRobotBase.printPidInfo_Info: visionTurnPidCtrl: Target=   0.0, Input=  -1.6, Error=  -1.6, PIDTerms=-0.040/ 0.000/-0.000/ 0.000, Output=-0.041(-0.500/0.500)
FrcRobotBase.PixyVision_Info: 2 object(s) found
FrcRobotBase.PixyVision_Info: [0] sync=0xaa55, chksum=0x0174, sig=1, centerX=191, centerY=114, width= 20, height= 46, angle=  0
FrcRobotBase.PixyVision_Info: [1] sync=0xaa55, chksum=0x0132, sig=1, centerX=118, centerY=122, width= 20, height= 45, angle=  0
FrcRobotBase.PixyVision_Info: Expected Target: distance=23.4, width=98.1, height=49.0
FrcRobotBase.PixyVision_Info: ===TargetRect===: x=108, y=91, w=93, h=54
FrcRobotBase.PixyVision_Info: ###TargetInfo###: xDist=-0.6, yDist=24.7, angle=-1.4
FrcRobotBase.Robot_Info: [4.355] VISION_DEPLOY: xPos= -0.12,yPos=115.01,heading= -57.2/ -60.0,volts=12.8(10.8)
FrcRobotBase.printPidInfo_Info: sonarDrivePidCtrl: Target=   7.0, Input=  15.4, Error=   8.4, PIDTerms= 0.139/ 0.000/-0.078/ 0.000, Output= 0.061(-0.500/0.500)
FrcRobotBase.printPidInfo_Info: visionTurnPidCtrl: Target=   0.0, Input=  -1.4, Error=  -1.4, PIDTerms=-0.034/ 0.000/ 0.001/ 0.000, Output=-0.033(-0.500/0.500)
FrcRobotBase.PixyVision_Info: 4 object(s) found
FrcRobotBase.PixyVision_Info: [0] sync=0xaa55, chksum=0x017e, sig=1, centerX=195, centerY=117, width= 20, height= 49, angle=  0
FrcRobotBase.PixyVision_Info: [1] sync=0xaa55, chksum=0x0134, sig=1, centerX=117, centerY=124, width= 22, height= 44, angle=  0
FrcRobotBase.PixyVision_Info: [2] sync=0xaa55, chksum=0x00bb, sig=1, centerX=159, centerY= 18, width=  2, height=  7, angle=  0
FrcRobotBase.PixyVision_Info: [3] sync=0xaa55, chksum=0x00af, sig=1, centerX=146, centerY= 19, width=  2, height=  7, angle=  0
FrcRobotBase.PixyVision_Info: Expected Target: distance=22.6, width=101.9, height=50.9
FrcRobotBase.PixyVision_Info: ***TargetRect***: [0,1] x=106, y=93, w=99, h=53
FrcRobotBase.PixyVision_Info: ###TargetInfo###: xDist=-0.5, yDist=23.2, angle=-1.1
FrcRobotBase.PixyVision_Info: 5 object(s) found
FrcRobotBase.PixyVision_Info: [0] sync=0xaa55, chksum=0x0182, sig=1, centerX=197, centerY=118, width= 21, height= 49, angle=  0
FrcRobotBase.PixyVision_Info: [1] sync=0xaa55, chksum=0x0133, sig=1, centerX=117, centerY=125, width= 22, height= 42, angle=  0
FrcRobotBase.PixyVision_Info: [2] sync=0xaa55, chksum=0x00bf, sig=1, centerX=159, centerY= 16, width=  3, height= 12, angle=  0
FrcRobotBase.PixyVision_Info: [3] sync=0xaa55, chksum=0x0100, sig=1, centerX=151, centerY= 96, width=  2, height=  6, angle=  0
FrcRobotBase.PixyVision_Info: [4] sync=0xaa55, chksum=0x00b0, sig=1, centerX=147, centerY= 20, width=  2, height=  6, angle=  0
FrcRobotBase.PixyVision_Info: Expected Target: distance=22.2, width=103.6, height=51.8
FrcRobotBase.PixyVision_Info: ***TargetRect***: [0,1] x=106, y=94, w=102, h=52
FrcRobotBase.PixyVision_Info: ###TargetInfo###: xDist=-0.3, yDist=22.5, angle=-0.7
FrcRobotBase.Robot_Info: [4.446] VISION_DEPLOY: xPos= -0.24,yPos=118.14,heading= -58.3/ -60.0,volts=12.8(10.8)
FrcRobotBase.printPidInfo_Info: sonarDrivePidCtrl: Target=   7.0, Input=  14.4, Error=   7.4, PIDTerms= 0.123/ 0.000/-0.030/ 0.000, Output= 0.093(-0.500/0.500)
FrcRobotBase.printPidInfo_Info: visionTurnPidCtrl: Target=   0.0, Input=  -0.7, Error=  -0.7, PIDTerms=-0.019/ 0.000/ 0.001/ 0.000, Output=-0.017(-0.500/0.500)
FrcRobotBase.PixyVision_Info: 4 object(s) found
FrcRobotBase.PixyVision_Info: [0] sync=0xaa55, chksum=0x0195, sig=1, centerX=206, centerY=124, width= 23, height= 51, angle=  0
FrcRobotBase.PixyVision_Info: [1] sync=0xaa55, chksum=0x0130, sig=1, centerX=115, centerY=128, width= 25, height= 35, angle=  0
FrcRobotBase.PixyVision_Info: [2] sync=0xaa55, chksum=0x013a, sig=1, centerX=154, centerY= 96, width=  6, height= 57, angle=  0
FrcRobotBase.PixyVision_Info: [3] sync=0xaa55, chksum=0x0146, sig=1, centerX=170, centerY= 98, width=  6, height= 51, angle=  0
FrcRobotBase.PixyVision_Info: Expected Target: distance=19.2, width=119.7, height=59.9
FrcRobotBase.PixyVision_Info: ***TargetRect***: [0,1] x=103, y=99, w=115, h=51
FrcRobotBase.PixyVision_Info: ###TargetInfo###: xDist=0.0, yDist=20.0, angle=0.1
FrcRobotBase.Robot_Info: [4.496] VISION_DEPLOY: xPos= -0.10,yPos=119.46,heading= -59.0/ -60.0,volts=12.8(10.8)
FrcRobotBase.printPidInfo_Info: sonarDrivePidCtrl: Target=   7.0, Input=  11.3, Error=   4.3, PIDTerms= 0.072/ 0.000/-0.087/ 0.000, Output=-0.015(-0.500/0.500)
FrcRobotBase.printPidInfo_Info: visionTurnPidCtrl: Target=   0.0, Input=   0.1, Error=   0.1, PIDTerms= 0.003/ 0.000/ 0.002/ 0.000, Output= 0.005(-0.500/0.500)
FrcRobotBase.PixyVision_Info: 5 object(s) found
FrcRobotBase.PixyVision_Info: [0] sync=0xaa55, chksum=0x0190, sig=1, centerX=212, centerY=122, width= 25, height= 40, angle=  0
FrcRobotBase.PixyVision_Info: [1] sync=0xaa55, chksum=0x012d, sig=1, centerX=115, centerY=129, width= 26, height= 30, angle=  0
FrcRobotBase.PixyVision_Info: [2] sync=0xaa55, chksum=0x0140, sig=1, centerX=155, centerY= 96, width=  7, height= 61, angle=  0
FrcRobotBase.PixyVision_Info: [3] sync=0xaa55, chksum=0x014c, sig=1, centerX=173, centerY= 99, width=  6, height= 53, angle=  0
FrcRobotBase.PixyVision_Info: [4] sync=0xaa55, chksum=0x00bf, sig=1, centerX=151, centerY= 11, width=  5, height= 23, angle=  0
FrcRobotBase.PixyVision_Info: Expected Target: distance=17.6, width=130.7, height=65.4
FrcRobotBase.PixyVision_Info: ***TargetRect***: [0,1] x=102, y=102, w=123, h=42
FrcRobotBase.PixyVision_Info: ###TargetInfo###: xDist=0.3, yDist=18.7, angle=0.9
FrcRobotBase.PixyVision_Info: 5 object(s) found
FrcRobotBase.PixyVision_Info: [0] sync=0xaa55, chksum=0x018e, sig=1, centerX=214, centerY=122, width= 23, height= 38, angle=  0
FrcRobotBase.PixyVision_Info: [1] sync=0xaa55, chksum=0x0129, sig=1, centerX=114, centerY=129, width= 25, height= 28, angle=  0
FrcRobotBase.PixyVision_Info: [2] sync=0xaa55, chksum=0x015a, sig=1, centerX=174, centerY=100, width=  7, height= 64, angle=  0
FrcRobotBase.PixyVision_Info: [3] sync=0xaa55, chksum=0x0145, sig=1, centerX=156, centerY= 97, width=  7, height= 64, angle=  0
FrcRobotBase.PixyVision_Info: [4] sync=0xaa55, chksum=0x00d2, sig=1, centerX=170, centerY= 11, width=  6, height= 22, angle=  0
FrcRobotBase.PixyVision_Info: Expected Target: distance=17.1, width=134.6, height=67.3
FrcRobotBase.PixyVision_Info: ***TargetRect***: [0,1] x=102, y=103, w=124, h=40
FrcRobotBase.PixyVision_Info: ###TargetInfo###: xDist=0.3, yDist=18.5, angle=1.0
FrcRobotBase.Robot_Info: [4.586] VISION_DEPLOY: xPos= -0.10,yPos=121.35,heading= -59.6/ -60.0,volts=12.8(10.8)
FrcRobotBase.printPidInfo_Info: sonarDrivePidCtrl: Target=   7.0, Input=   9.1, Error=   2.1, PIDTerms= 0.035/ 0.000/-0.051/ 0.000, Output=-0.016(-0.500/0.500)
FrcRobotBase.printPidInfo_Info: visionTurnPidCtrl: Target=   0.0, Input=   1.0, Error=   1.0, PIDTerms= 0.025/ 0.000/ 0.001/ 0.000, Output= 0.026(-0.500/0.500)
FrcRobotBase.PixyVision_Info: 5 object(s) found
FrcRobotBase.PixyVision_Info: [0] sync=0xaa55, chksum=0x018f, sig=1, centerX=223, centerY=122, width= 26, height= 27, angle=  0
FrcRobotBase.PixyVision_Info: [1] sync=0xaa55, chksum=0x015e, sig=1, centerX=157, centerY=104, width=  9, height= 79, angle=  0
FrcRobotBase.PixyVision_Info: [2] sync=0xaa55, chksum=0x0171, sig=1, centerX=178, centerY=105, width=  8, height= 77, angle=  0
FrcRobotBase.PixyVision_Info: [3] sync=0xaa55, chksum=0x0117, sig=1, centerX=113, centerY=130, width= 20, height= 15, angle=  0
FrcRobotBase.PixyVision_Info: [4] sync=0xaa55, chksum=0x00c2, sig=1, centerX=153, centerY= 11, width=  6, height= 23, angle=  0
FrcRobotBase.PixyVision_Info: Expected Target: distance=16.1, width=142.9, height=71.4
FrcRobotBase.PixyVision_Info: ***TargetRect***: [0,1] x=153, y=65, w=83, h=79
FrcRobotBase.PixyVision_Info: ###TargetInfo###: xDist=4.2, yDist=27.7, angle=8.5
FrcRobotBase.Robot_Info: [4.627] VISION_DEPLOY: xPos= -0.13,yPos=122.11,heading= -59.7/ -60.0,volts=12.8(10.8)
FrcRobotBase.printPidInfo_Info: sonarDrivePidCtrl: Target=   7.0, Input=   8.0, Error=   1.0, PIDTerms= 0.016/ 0.000/-0.043/ 0.000, Output=-0.027(-0.500/0.500)
FrcRobotBase.printPidInfo_Info: visionTurnPidCtrl: Target=   0.0, Input=   8.5, Error=   8.5, PIDTerms= 0.213/ 0.000/ 0.022/ 0.000, Output= 0.235(-0.500/0.500)
FrcRobotBase.PixyVision_Info: 5 object(s) found
FrcRobotBase.PixyVision_Info: [0] sync=0xaa55, chksum=0x0164, sig=1, centerX=156, centerY=105, width= 14, height= 80, angle=  0
FrcRobotBase.PixyVision_Info: [1] sync=0xaa55, chksum=0x0172, sig=1, centerX=178, centerY=105, width=  9, height= 77, angle=  0
FrcRobotBase.PixyVision_Info: [2] sync=0xaa55, chksum=0x018e, sig=1, centerX=224, centerY=123, width= 26, height= 24, angle=  0
FrcRobotBase.PixyVision_Info: [3] sync=0xaa55, chksum=0x00c2, sig=1, centerX=152, centerY= 11, width=  7, height= 23, angle=  0
FrcRobotBase.PixyVision_Info: [4] sync=0xaa55, chksum=0x00d5, sig=1, centerX=173, centerY= 11, width=  6, height= 22, angle=  0
FrcRobotBase.PixyVision_Info: Expected Target: distance=15.6, width=147.5, height=73.7
FrcRobotBase.PixyVision_Info: ***TargetRect***: [0,1] x=149, y=65, w=34, h=80
FrcRobotBase.PixyVision_Info: ###TargetInfo###: xDist=1.8, yDist=67.6, angle=1.5
FrcRobotBase.PixyVision_Info: 5 object(s) found
FrcRobotBase.PixyVision_Info: [0] sync=0xaa55, chksum=0x0199, sig=1, centerX=178, centerY=117, width= 12, height=101, angle=  0
FrcRobotBase.PixyVision_Info: [1] sync=0xaa55, chksum=0x017c, sig=1, centerX=156, centerY=114, width= 11, height= 98, angle=  0
FrcRobotBase.PixyVision_Info: [2] sync=0xaa55, chksum=0x018c, sig=1, centerX=224, centerY=123, width= 25, height= 23, angle=  0
FrcRobotBase.PixyVision_Info: [3] sync=0xaa55, chksum=0x00c1, sig=1, centerX=152, centerY= 11, width=  6, height= 23, angle=  0
FrcRobotBase.PixyVision_Info: [4] sync=0xaa55, chksum=0x00d6, sig=1, centerX=173, centerY= 11, width=  7, height= 22, angle=  0
FrcRobotBase.PixyVision_Info: Expected Target: distance=15.2, width=151.1, height=75.5
FrcRobotBase.PixyVision_Info: ***TargetRect***: [0,1] x=151, y=65, w=33, h=103
FrcRobotBase.PixyVision_Info: ###TargetInfo###: xDist=2.3, yDist=69.7, angle=1.9
FrcRobotBase.Robot_Info: [4.675] VISION_DEPLOY: xPos= -0.11,yPos=122.66,heading= -59.3/ -60.0,volts=12.4(10.8)
FrcRobotBase.printPidInfo_Info: sonarDrivePidCtrl: Target=   7.0, Input=   7.2, Error=   0.2, PIDTerms= 0.004/ 0.000/-0.033/ 0.000, Output=-0.029(-0.500/0.500)
FrcRobotBase.printPidInfo_Info: visionTurnPidCtrl: Target=   0.0, Input=   1.9, Error=   1.9, PIDTerms= 0.047/ 0.000/-0.022/ 0.000, Output= 0.025(-0.500/0.500)
FrcRobotBase.PixyVision_Info: 4 object(s) found
FrcRobotBase.PixyVision_Info: [0] sync=0xaa55, chksum=0x01ab, sig=1, centerX=168, centerY=118, width= 37, height=103, angle=  0
FrcRobotBase.PixyVision_Info: [1] sync=0xaa55, chksum=0x018f, sig=1, centerX=226, centerY=124, width= 26, height= 22, angle=  0
FrcRobotBase.PixyVision_Info: [2] sync=0xaa55, chksum=0x00c2, sig=1, centerX=151, centerY= 12, width=  6, height= 24, angle=  0
FrcRobotBase.PixyVision_Info: [3] sync=0xaa55, chksum=0x00d8, sig=1, centerX=174, centerY= 11, width=  8, height= 22, angle=  0
FrcRobotBase.PixyVision_Info: Expected Target: distance=14.6, width=157.5, height=78.8
FrcRobotBase.PixyVision_Info: ***TargetRect***: [2,3] x=148, y=0, w=30, h=24
FrcRobotBase.PixyVision_Info: ###TargetInfo###: xDist=1.0, yDist=76.7, angle=0.7
FrcRobotBase.Robot_Info: [4.703] DEPLOY_GEAR: xPos= -0.33,yPos=123.09,heading= -58.7/ -60.0,volts=12.7(10.8)
FrcRobotBase.Robot_Info: [4.703] VISION_DEPLOY: xPos= -0.33,yPos=123.09,heading= -58.7/ -60.0,volts=12.7(10.8)
FrcRobotBase.Robot_Info: [4.718] VISION_DEPLOY: xPos= -0.24,yPos=123.19,heading= -58.3/ -60.0,volts=12.7(10.8)
FrcRobotBase.Robot_Info: [4.726] VISION_DEPLOY: xPos= -0.23,yPos=123.43,heading= -58.0/ -60.0,volts=12.8(10.8)
FrcRobotBase.Robot_Info: [4.738] VISION_DEPLOY: xPos= -0.23,yPos=123.43,heading= -58.0/ -60.0,volts=12.8(10.8)
FrcRobotBase.PixyVision_Info: 4 object(s) found
FrcRobotBase.PixyVision_Info: [0] sync=0xaa55, chksum=0x01ad, sig=1, centerX=163, centerY=117, width= 45, height=103, angle=  0
FrcRobotBase.PixyVision_Info: [1] sync=0xaa55, chksum=0x00c0, sig=1, centerX=145, centerY= 12, width= 10, height= 24, angle=  0
FrcRobotBase.PixyVision_Info: [2] sync=0xaa55, chksum=0x0181, sig=1, centerX=221, centerY=124, width= 25, height= 14, angle=  0
FrcRobotBase.PixyVision_Info: [3] sync=0xaa55, chksum=0x00d4, sig=1, centerX=169, centerY= 11, width=  9, height= 22, angle=  0
FrcRobotBase.PixyVision_Info: Expected Target: distance=14.6, width=157.5, height=78.8
FrcRobotBase.PixyVision_Info: ***TargetRect***: [1,3] x=140, y=0, w=34, h=24
FrcRobotBase.PixyVision_Info: ###TargetInfo###: xDist=-0.9, yDist=67.6, angle=-0.7
FrcRobotBase.Robot_Info: [4.760] VISION_DEPLOY: xPos= -0.24,yPos=123.51,heading= -57.4/ -60.0,volts=12.8(10.8)
FrcRobotBase.Robot_Info: [4.772] VISION_DEPLOY: xPos= -0.21,yPos=123.65,heading= -57.2/ -60.0,volts=12.8(10.8)
FrcRobotBase.Robot_Info: [4.780] VISION_DEPLOY: xPos= -0.21,yPos=123.65,heading= -57.2/ -60.0,volts=12.8(10.8)
FrcRobotBase.Robot_Info: [4.792] VISION_DEPLOY: xPos= -0.21,yPos=123.80,heading= -57.2/ -60.0,volts=12.8(10.8)
FrcRobotBase.Robot_Info: [4.801] VISION_DEPLOY: xPos= -0.21,yPos=123.80,heading= -57.2/ -60.0,volts=12.8(10.8)
FrcRobotBase.Robot_Info: [4.812] VISION_DEPLOY: xPos= -0.22,yPos=123.93,heading= -56.9/ -60.0,volts=12.8(10.8)
FrcRobotBase.Robot_Info: [4.820] VISION_DEPLOY: xPos= -0.22,yPos=123.93,heading= -56.9/ -60.0,volts=12.8(10.8)
FrcRobotBase.Robot_Info: [4.831] VISION_DEPLOY: xPos= -0.23,yPos=124.02,heading= -56.8/ -60.0,volts=12.8(10.8)
FrcRobotBase.Robot_Info: [4.840] VISION_DEPLOY: xPos= -0.23,yPos=124.02,heading= -56.8/ -60.0,volts=12.8(10.8)
FrcRobotBase.PixyVision_Info: 4 object(s) found
FrcRobotBase.PixyVision_Info: [0] sync=0xaa55, chksum=0x01ab, sig=1, centerX=147, centerY=114, width= 64, height=101, angle=  0
FrcRobotBase.PixyVision_Info: [1] sync=0xaa55, chksum=0x00b3, sig=1, centerX=129, centerY= 13, width= 10, height= 26, angle=  0
FrcRobotBase.PixyVision_Info: [2] sync=0xaa55, chksum=0x00c8, sig=1, centerX=155, centerY= 11, width= 10, height= 23, angle=  0
FrcRobotBase.PixyVision_Info: [3] sync=0xaa55, chksum=0x016d, sig=1, centerX=212, centerY=124, width= 23, height=  5, angle=  0
FrcRobotBase.PixyVision_Info: Expected Target: distance=14.6, width=157.5, height=78.8
FrcRobotBase.PixyVision_Info: ===TargetRect===: x=115, y=0, w=64, h=165
FrcRobotBase.PixyVision_Info: ###TargetInfo###: xDist=-2.0, yDist=35.9, angle=-3.2
FrcRobotBase.Robot_Info: [4.865] VISION_DEPLOY: xPos= -0.24,yPos=124.10,heading= -56.8/ -60.0,volts=12.8(10.8)
FrcRobotBase.Robot_Info: [4.877] VISION_DEPLOY: xPos= -0.23,yPos=124.15,heading= -56.9/ -60.0,volts=12.8(10.8)
FrcRobotBase.Robot_Info: [4.902] VISION_DEPLOY: xPos= -0.22,yPos=124.15,heading= -56.9/ -60.0,volts=12.9(10.8)
FrcRobotBase.Robot_Info: [4.926] VISION_DEPLOY: xPos= -0.22,yPos=124.13,heading= -57.0/ -60.0,volts=12.8(10.8)
FrcRobotBase.PixyVision_Info: 3 object(s) found
FrcRobotBase.PixyVision_Info: [0] sync=0xaa55, chksum=0x01ac, sig=1, centerX=146, centerY=102, width= 67, height=112, angle=  0
FrcRobotBase.PixyVision_Info: [1] sync=0xaa55, chksum=0x00b0, sig=1, centerX=127, centerY= 13, width=  9, height= 26, angle=  0
FrcRobotBase.PixyVision_Info: [2] sync=0xaa55, chksum=0x00ca, sig=1, centerX=155, centerY= 12, width= 10, height= 24, angle=  0
FrcRobotBase.PixyVision_Info: Expected Target: distance=14.6, width=157.5, height=78.8
FrcRobotBase.PixyVision_Info: ***TargetRect***: [1,2] x=123, y=0, w=37, h=26
FrcRobotBase.PixyVision_Info: ###TargetInfo###: xDist=-5.0, yDist=62.2, angle=-4.6
FrcRobotBase.Robot_Info: [4.971] VISION_DEPLOY: xPos= -0.22,yPos=124.05,heading= -57.0/ -60.0,volts=12.8(10.8)
FrcRobotBase.Robot_Info: [4.994] VISION_DEPLOY: xPos= -0.23,yPos=124.03,heading= -57.0/ -60.0,volts=12.9(10.8)
FrcRobotBase.Robot_Info: [5.017]     BACKUP: xPos= -0.24,yPos=123.99,heading= -57.0/ -60.0,volts=12.9(10.8)
FrcRobotBase.printPidInfo_Info: encoderXPidCtrl: Target=  -0.2, Input=  -0.0, Error=   0.0, PIDTerms= 0.005/ 0.000/ 0.000/ 0.000, Output= 0.000(-0.500/0.500)
FrcRobotBase.printPidInfo_Info: encoderYPidCtrl: Target=  88.0, Input=  84.3, Error= -36.0, PIDTerms= 0.023/ 0.000/ 0.004/ 0.000, Output= 0.000(-0.500/0.500)
FrcRobotBase.printPidInfo_Info: gyroTurnPidCtrl: Target= -60.0, Input= -58.5, Error=  -3.0, PIDTerms=-0.096/ 0.000/ 0.009/-0.000, Output= 0.000(-0.500/0.500)
FrcRobotBase.Robot_Info: [5.017] VISION_DEPLOY: xPos= -0.24,yPos=123.99,heading= -57.0/ -60.0,volts=12.9(10.8)
FrcRobotBase.printPidInfo_Info: encoderXPidCtrl: Target=  -0.2, Input=  -0.0, Error=   0.0, PIDTerms= 0.005/ 0.000/ 0.000/ 0.000, Output= 0.000(-0.500/0.500)
FrcRobotBase.printPidInfo_Info: encoderYPidCtrl: Target=  88.0, Input=  84.3, Error= -36.0, PIDTerms= 0.023/ 0.000/ 0.004/ 0.000, Output= 0.000(-0.500/0.500)
FrcRobotBase.printPidInfo_Info: gyroTurnPidCtrl: Target= -60.0, Input= -58.5, Error=  -3.0, PIDTerms=-0.096/ 0.000/ 0.009/-0.000, Output= 0.000(-0.500/0.500)
FrcRobotBase.PixyVision_Info: 4 object(s) found
FrcRobotBase.PixyVision_Info: [0] sync=0xaa55, chksum=0x0185, sig=1, centerX=163, centerY=111, width= 20, height= 94, angle=  0
FrcRobotBase.PixyVision_Info: [1] sync=0xaa55, chksum=0x015c, sig=1, centerX=132, centerY=112, width= 13, height= 90, angle=  0
FrcRobotBase.PixyVision_Info: [2] sync=0xaa55, chksum=0x00b3, sig=1, centerX=129, centerY= 13, width= 10, height= 26, angle=  0
FrcRobotBase.PixyVision_Info: [3] sync=0xaa55, chksum=0x00c9, sig=1, centerX=156, centerY= 11, width= 10, height= 23, angle=  0
FrcRobotBase.PixyVision_Info: Expected Target: distance=14.7, width=156.2, height=78.1
FrcRobotBase.PixyVision_Info: ***TargetRect***: [0,1] x=126, y=64, w=47, h=94
FrcRobotBase.PixyVision_Info: ###TargetInfo###: xDist=-2.2, yDist=48.9, angle=-2.6
FrcRobotBase.Robot_Info: [5.098] VISION_DEPLOY: xPos= -0.21,yPos=123.96,heading= -57.0/ -60.0,volts=11.8(10.8)
FrcRobotBase.printPidInfo_Info: encoderXPidCtrl: Target=  -0.2, Input=  -0.2, Error=   0.0, PIDTerms= 0.000/ 0.000/ 0.000/-0.000, Output= 0.000(-0.500/0.500)
FrcRobotBase.printPidInfo_Info: encoderYPidCtrl: Target=  88.0, Input= 124.0, Error= -36.0, PIDTerms=-1.260/ 0.000/ 0.000/ 0.000, Output=-0.500(-0.500/0.500)
FrcRobotBase.printPidInfo_Info: gyroTurnPidCtrl: Target= -60.0, Input= -57.0, Error=  -3.0, PIDTerms=-0.195/ 0.000/ 0.000/-0.000, Output=-0.195(-0.500/0.500)
FrcRobotBase.Robot_Info: [5.140] VISION_DEPLOY: xPos= -0.38,yPos=123.52,heading= -57.0/ -60.0,volts=10.7(10.7)
FrcRobotBase.printPidInfo_Info: encoderXPidCtrl: Target=  -0.2, Input=  -0.2, Error=  -0.0, PIDTerms=-0.004/ 0.000/-0.000/-0.000, Output=-0.004(-0.500/0.500)
FrcRobotBase.printPidInfo_Info: encoderYPidCtrl: Target=  88.0, Input= 124.0, Error= -36.0, PIDTerms=-1.259/ 0.000/ 0.005/ 0.000, Output=-0.500(-0.500/0.500)
FrcRobotBase.printPidInfo_Info: gyroTurnPidCtrl: Target= -60.0, Input= -57.0, Error=  -3.0, PIDTerms=-0.196/ 0.000/-0.002/-0.000, Output=-0.198(-0.500/0.500)
FrcRobotBase.PixyVision_Info: 4 object(s) found
FrcRobotBase.PixyVision_Info: [0] sync=0xaa55, chksum=0x0182, sig=1, centerX=166, centerY=111, width= 21, height= 87, angle=  0
FrcRobotBase.PixyVision_Info: [1] sync=0xaa55, chksum=0x015a, sig=1, centerX=136, centerY=111, width= 15, height= 83, angle=  0
FrcRobotBase.PixyVision_Info: [2] sync=0xaa55, chksum=0x00b3, sig=1, centerX=131, centerY= 12, width= 10, height= 25, angle=  0
FrcRobotBase.PixyVision_Info: [3] sync=0xaa55, chksum=0x00cb, sig=1, centerX=158, centerY= 11, width= 10, height= 23, angle=  0
FrcRobotBase.PixyVision_Info: Expected Target: distance=14.6, width=157.5, height=78.8
FrcRobotBase.PixyVision_Info: ***TargetRect***: [0,1] x=129, y=68, w=48, h=87
FrcRobotBase.PixyVision_Info: ###TargetInfo###: xDist=-1.5, yDist=47.9, angle=-1.7
FrcRobotBase.Robot_Info: [5.246] VISION_DEPLOY: xPos= -0.44,yPos=121.00,heading= -59.9/ -60.0,volts=11.0(10.7)
FrcRobotBase.printPidInfo_Info: encoderXPidCtrl: Target=  -0.2, Input=  -0.4, Error=   0.1, PIDTerms= 0.021/ 0.000/ 0.000/-0.000, Output= 0.021(-0.500/0.500)
FrcRobotBase.printPidInfo_Info: encoderYPidCtrl: Target=  88.0, Input= 123.5, Error= -35.5, PIDTerms=-1.243/ 0.000/ 0.035/ 0.000, Output=-0.500(-0.500/0.500)
FrcRobotBase.printPidInfo_Info: gyroTurnPidCtrl: Target= -60.0, Input= -57.0, Error=  -3.0, PIDTerms=-0.195/ 0.000/ 0.001/-0.000, Output=-0.194(-0.500/0.500)
FrcRobotBase.Robot_Info: [5.300] VISION_DEPLOY: xPos= -0.49,yPos=119.70,heading= -61.3/ -60.0,volts=11.3(10.7)
FrcRobotBase.printPidInfo_Info: encoderXPidCtrl: Target=  -0.2, Input=  -0.4, Error=   0.2, PIDTerms= 0.030/ 0.000/ 0.000/-0.000, Output= 0.030(-0.500/0.500)
FrcRobotBase.printPidInfo_Info: encoderYPidCtrl: Target=  88.0, Input= 121.0, Error= -33.0, PIDTerms=-1.155/ 0.000/ 0.367/ 0.000, Output=-0.500(-0.500/0.500)
FrcRobotBase.printPidInfo_Info: gyroTurnPidCtrl: Target= -60.0, Input= -59.9, Error=  -0.1, PIDTerms=-0.006/ 0.000/ 0.264/-0.000, Output= 0.258(-0.500/0.500)
FrcRobotBase.PixyVision_Info: 5 object(s) found
FrcRobotBase.PixyVision_Info: [0] sync=0xaa55, chksum=0x014f, sig=1, centerX=184, centerY= 90, width=  7, height= 53, angle=  0
FrcRobotBase.PixyVision_Info: [1] sync=0xaa55, chksum=0x013b, sig=1, centerX=163, centerY= 93, width=  8, height= 50, angle=  0
FrcRobotBase.PixyVision_Info: [2] sync=0xaa55, chksum=0x00d8, sig=1, centerX=179, centerY= 10, width=  5, height= 21, angle=  0
FrcRobotBase.PixyVision_Info: [3] sync=0xaa55, chksum=0x00c5, sig=1, centerX=158, centerY= 12, width=  5, height= 21, angle=  0
FrcRobotBase.PixyVision_Info: [4] sync=0xaa55, chksum=0x0158, sig=1, centerX=220, centerY=114, width=  5, height=  4, angle=  0
FrcRobotBase.PixyVision_Info: Expected Target: distance=17.2, width=133.6, height=66.8
FrcRobotBase.PixyVision_Info: ***TargetRect***: [0,1] x=159, y=64, w=29, h=54
FrcRobotBase.PixyVision_Info: ###TargetInfo###: xDist=4.7, yDist=79.3, angle=3.4
FrcRobotBase.Robot_Info: [5.379] VISION_DEPLOY: xPos= -0.52,yPos=116.26,heading= -62.5/ -60.0,volts=11.2(10.7)
FrcRobotBase.printPidInfo_Info: encoderXPidCtrl: Target=  -0.2, Input=  -0.5, Error=   0.3, PIDTerms= 0.038/ 0.000/ 0.000/-0.000, Output= 0.038(-0.500/0.500)
FrcRobotBase.printPidInfo_Info: encoderYPidCtrl: Target=  88.0, Input= 119.7, Error= -31.7, PIDTerms=-1.110/ 0.000/ 0.140/ 0.000, Output=-0.500(-0.500/0.500)
FrcRobotBase.printPidInfo_Info: gyroTurnPidCtrl: Target= -60.0, Input= -61.3, Error=   1.3, PIDTerms= 0.088/ 0.000/ 0.097/-0.000, Output= 0.185(-0.500/0.500)
FrcRobotBase.Robot_Info: [5.430] VISION_DEPLOY: xPos= -0.58,yPos=114.31,heading= -61.2/ -60.0,volts=11.3(10.7)
FrcRobotBase.printPidInfo_Info: encoderXPidCtrl: Target=  -0.2, Input=  -0.5, Error=   0.3, PIDTerms= 0.042/ 0.000/ 0.000/-0.000, Output= 0.042(-0.500/0.500)
FrcRobotBase.printPidInfo_Info: encoderYPidCtrl: Target=  88.0, Input= 116.3, Error= -28.3, PIDTerms=-0.989/ 0.000/ 0.507/ 0.000, Output=-0.482(-0.500/0.500)
FrcRobotBase.printPidInfo_Info: gyroTurnPidCtrl: Target= -60.0, Input= -62.5, Error=   2.5, PIDTerms= 0.161/ 0.000/ 0.104/-0.000, Output= 0.265(-0.500/0.500)
FrcRobotBase.PixyVision_Info: 2 object(s) found
FrcRobotBase.PixyVision_Info: [0] sync=0xaa55, chksum=0x0174, sig=1, centerX=214, centerY=112, width= 21, height= 24, angle=  0
FrcRobotBase.PixyVision_Info: [1] sync=0xaa55, chksum=0x00f6, sig=1, centerX=118, centerY=112, width= 11, height=  4, angle=  0
FrcRobotBase.PixyVision_Info: Expected Target: distance=20.5, width=112.4, height=56.2
FrcRobotBase.PixyVision_Info: ===TargetRect===: x=113, y=100, w=112, h=24
FrcRobotBase.PixyVision_Info: ###TargetInfo###: xDist=0.8, yDist=20.5, angle=2.2
FrcRobotBase.Robot_Info: [5.497] VISION_DEPLOY: xPos= -0.58,yPos=110.27,heading= -58.9/ -60.0,volts=11.4(10.7)
FrcRobotBase.printPidInfo_Info: encoderXPidCtrl: Target=  -0.2, Input=  -0.6, Error=   0.3, PIDTerms= 0.051/ 0.000/ 0.000/-0.000, Output= 0.051(-0.500/0.500)
FrcRobotBase.printPidInfo_Info: encoderYPidCtrl: Target=  88.0, Input= 114.3, Error= -26.3, PIDTerms=-0.921/ 0.000/ 0.231/ 0.000, Output=-0.500(-0.500/0.500)
FrcRobotBase.printPidInfo_Info: gyroTurnPidCtrl: Target= -60.0, Input= -61.2, Error=   1.2, PIDTerms= 0.079/ 0.000/-0.094/-0.000, Output=-0.014(-0.500/0.500)
FrcRobotBase.Robot_Info: [5.538] VISION_DEPLOY: xPos= -0.62,yPos=108.84,heading= -56.7/ -60.0,volts=11.4(10.7)
FrcRobotBase.printPidInfo_Info: encoderXPidCtrl: Target=  -0.2, Input=  -0.6, Error=   0.3, PIDTerms= 0.051/ 0.000/ 0.000/-0.000, Output= 0.051(-0.500/0.500)
FrcRobotBase.printPidInfo_Info: encoderYPidCtrl: Target=  88.0, Input= 110.3, Error= -22.3, PIDTerms=-0.780/ 0.000/ 0.812/ 0.000, Output= 0.033(-0.500/0.500)
FrcRobotBase.printPidInfo_Info: gyroTurnPidCtrl: Target= -60.0, Input= -58.9, Error=  -1.1, PIDTerms=-0.072/ 0.000/-0.293/-0.000, Output=-0.365(-0.500/0.500)
FrcRobotBase.PixyVision_Info: 1 object(s) found
FrcRobotBase.Robot_Info: [5.580] VISION_DEPLOY: xPos= -0.56,yPos=106.88,heading= -55.3/ -60.0,volts=11.6(10.7)
FrcRobotBase.printPidInfo_Info: encoderXPidCtrl: Target=  -0.2, Input=  -0.6, Error=   0.4, PIDTerms= 0.057/ 0.000/ 0.000/-0.000, Output= 0.057(-0.500/0.500)
FrcRobotBase.printPidInfo_Info: encoderYPidCtrl: Target=  88.0, Input= 108.8, Error= -20.8, PIDTerms=-0.729/ 0.000/ 0.248/ 0.000, Output=-0.481(-0.500/0.500)
FrcRobotBase.printPidInfo_Info: gyroTurnPidCtrl: Target= -60.0, Input= -56.7, Error=  -3.3, PIDTerms=-0.212/ 0.000/-0.233/-0.000, Output=-0.445(-0.500/0.500)
FrcRobotBase.Robot_Info: [5.620] VISION_DEPLOY: xPos= -0.36,yPos=105.14,heading= -55.5/ -60.0,volts=11.4(10.7)
FrcRobotBase.printPidInfo_Info: encoderXPidCtrl: Target=  -0.2, Input=  -0.6, Error=   0.3, PIDTerms= 0.048/ 0.000/-0.000/-0.000, Output= 0.048(-0.500/0.500)
FrcRobotBase.printPidInfo_Info: encoderYPidCtrl: Target=  88.0, Input= 106.9, Error= -18.9, PIDTerms=-0.661/ 0.000/ 0.375/ 0.000, Output=-0.286(-0.500/0.500)
FrcRobotBase.printPidInfo_Info: gyroTurnPidCtrl: Target= -60.0, Input= -55.3, Error=  -4.8, PIDTerms=-0.309/ 0.000/-0.179/-0.000, Output=-0.488(-0.500/0.500)
FrcRobotBase.Robot_Info: [5.659] VISION_DEPLOY: xPos= -0.27,yPos=102.98,heading= -57.2/ -60.0,volts=11.7(10.7)
FrcRobotBase.printPidInfo_Info: encoderXPidCtrl: Target=  -0.2, Input=  -0.4, Error=   0.1, PIDTerms= 0.018/ 0.000/-0.000/-0.000, Output= 0.018(-0.500/0.500)
FrcRobotBase.printPidInfo_Info: encoderYPidCtrl: Target=  88.0, Input= 105.1, Error= -17.1, PIDTerms=-0.600/ 0.000/ 0.447/ 0.000, Output=-0.153(-0.500/0.500)
FrcRobotBase.printPidInfo_Info: gyroTurnPidCtrl: Target= -60.0, Input= -55.5, Error=  -4.5, PIDTerms=-0.289/ 0.000/ 0.048/-0.000, Output=-0.241(-0.500/0.500)
FrcRobotBase.PixyVision_Info: 5 object(s) found
FrcRobotBase.PixyVision_Info: [0] sync=0xaa55, chksum=0x0113, sig=1, centerX= 57, centerY=190, width= 14, height= 13, angle=  0
FrcRobotBase.PixyVision_Info: [1] sync=0xaa55, chksum=0x00f5, sig=1, centerX= 49, centerY=169, width= 16, height= 10, angle=  0
FrcRobotBase.PixyVision_Info: [2] sync=0xaa55, chksum=0x00e6, sig=1, centerX=110, centerY=100, width=  7, height= 12, angle=  0
FrcRobotBase.PixyVision_Info: [3] sync=0xaa55, chksum=0x0154, sig=1, centerX=308, centerY=  7, width= 21, height=  3, angle=  0
FrcRobotBase.PixyVision_Info: [4] sync=0xaa55, chksum=0x011d, sig=1, centerX=172, centerY= 42, width= 67, height=  3, angle=  0
FrcRobotBase.PixyVision_Info: Expected Target: distance=25.9, width=88.7, height=44.3
FrcRobotBase.PixyVision_Info: ===TargetRect===: x=41, y=164, w=23, h=33
FrcRobotBase.PixyVision_Info: ###TargetInfo###: xDist=-46.7, yDist=100.0, angle=-25.1
FrcRobotBase.Robot_Info: [5.719] VISION_DEPLOY: xPos= -0.13,yPos=100.23,heading= -60.3/ -60.0,volts=12.5(10.7)
FrcRobotBase.printPidInfo_Info: encoderXPidCtrl: Target=  -0.2, Input=  -0.3, Error=   0.0, PIDTerms= 0.005/ 0.000/-0.000/-0.000, Output= 0.005(-0.500/0.500)
FrcRobotBase.printPidInfo_Info: encoderYPidCtrl: Target=  88.0, Input= 103.0, Error= -15.0, PIDTerms=-0.524/ 0.000/ 0.288/ 0.000, Output=-0.236(-0.500/0.500)
FrcRobotBase.printPidInfo_Info: gyroTurnPidCtrl: Target= -60.0, Input= -57.2, Error=  -2.8, PIDTerms=-0.181/ 0.000/ 0.138/-0.000, Output=-0.043(-0.500/0.500)
FrcRobotBase.Robot_Info: [5.757] VISION_DEPLOY: xPos= -0.10,yPos= 98.50,heading= -62.6/ -60.0,volts=10.9(10.7)
FrcRobotBase.printPidInfo_Info: encoderXPidCtrl: Target=  -0.2, Input=  -0.1, Error=  -0.1, PIDTerms=-0.017/ 0.000/-0.000/-0.000, Output=-0.017(-0.500/0.500)
FrcRobotBase.printPidInfo_Info: encoderYPidCtrl: Target=  88.0, Input= 100.2, Error= -12.2, PIDTerms=-0.428/ 0.000/ 0.583/ 0.000, Output= 0.155(-0.500/0.500)
FrcRobotBase.printPidInfo_Info: gyroTurnPidCtrl: Target= -60.0, Input= -60.3, Error=   0.3, PIDTerms= 0.021/ 0.000/ 0.415/-0.000, Output= 0.436(-0.500/0.500)
FrcRobotBase.PixyVision_Info: 5 object(s) found
FrcRobotBase.PixyVision_Info: [0] sync=0xaa55, chksum=0x0137, sig=1, centerX=145, centerY=103, width= 25, height= 37, angle=  0
FrcRobotBase.PixyVision_Info: [1] sync=0xaa55, chksum=0x0166, sig=1, centerX=202, centerY= 98, width= 20, height= 37, angle=  0
FrcRobotBase.PixyVision_Info: [2] sync=0xaa55, chksum=0x0117, sig=1, centerX=178, centerY= 41, width= 56, height=  3, angle=  0
FrcRobotBase.PixyVision_Info: [3] sync=0xaa55, chksum=0x0118, sig=1, centerX= 88, centerY=176, width=  7, height=  8, angle=  0
FrcRobotBase.PixyVision_Info: [4] sync=0xaa55, chksum=0x0031, sig=1, centerX= 28, centerY=  7, width=  6, height=  7, angle=  0
FrcRobotBase.PixyVision_Info: Expected Target: distance=23.3, width=98.6, height=49.3
FrcRobotBase.PixyVision_Info: ***TargetRect***: [0,1] x=133, y=80, w=79, h=42
FrcRobotBase.PixyVision_Info: ###TargetInfo###: xDist=1.6, yDist=29.1, angle=3.1
FrcRobotBase.Robot_Info: [5.817] VISION_DEPLOY: xPos=  0.06,yPos= 97.20,heading= -67.0/ -60.0,volts=11.9(10.7)
FrcRobotBase.printPidInfo_Info: encoderXPidCtrl: Target=  -0.2, Input=  -0.1, Error=  -0.1, PIDTerms=-0.022/ 0.000/-0.000/-0.000, Output=-0.022(-0.500/0.500)
FrcRobotBase.printPidInfo_Info: encoderYPidCtrl: Target=  88.0, Input=  98.5, Error= -10.5, PIDTerms=-0.368/ 0.000/ 0.231/ 0.000, Output=-0.137(-0.500/0.500)
FrcRobotBase.printPidInfo_Info: gyroTurnPidCtrl: Target= -60.0, Input= -62.6, Error=   2.6, PIDTerms= 0.167/ 0.000/ 0.186/-0.000, Output= 0.353(-0.500/0.500)
FrcRobotBase.Robot_Info: [5.855] VISION_DEPLOY: xPos=  0.13,yPos= 96.15,heading= -67.2/ -60.0,volts=12.0(10.7)
FrcRobotBase.printPidInfo_Info: encoderXPidCtrl: Target=  -0.2, Input=   0.1, Error=  -0.3, PIDTerms=-0.046/ 0.000/-0.000/-0.000, Output=-0.046(-0.500/0.500)
FrcRobotBase.printPidInfo_Info: encoderYPidCtrl: Target=  88.0, Input=  97.2, Error=  -9.2, PIDTerms=-0.322/ 0.000/ 0.269/ 0.000, Output=-0.053(-0.500/0.500)
FrcRobotBase.printPidInfo_Info: gyroTurnPidCtrl: Target= -60.0, Input= -67.0, Error=   7.0, PIDTerms= 0.453/ 0.000/ 0.571/-0.000, Output= 0.500(-0.500/0.500)
FrcRobotBase.Robot_Info: [5.886] VISION_DEPLOY: xPos=  0.01,yPos= 95.36,heading= -65.8/ -60.0,volts=11.3(10.7)
FrcRobotBase.printPidInfo_Info: encoderXPidCtrl: Target=  -0.2, Input=   0.1, Error=  -0.4, PIDTerms=-0.055/ 0.000/-0.000/-0.000, Output=-0.055(-0.500/0.500)
FrcRobotBase.printPidInfo_Info: encoderYPidCtrl: Target=  88.0, Input=  96.1, Error=  -8.2, PIDTerms=-0.285/ 0.000/ 0.224/ 0.000, Output=-0.061(-0.500/0.500)
FrcRobotBase.printPidInfo_Info: gyroTurnPidCtrl: Target= -60.0, Input= -67.2, Error=   7.2, PIDTerms= 0.470/ 0.000/ 0.034/-0.000, Output= 0.500(-0.500/0.500)
FrcRobotBase.PixyVision_Info: 5 object(s) found
FrcRobotBase.PixyVision_Info: [0] sync=0xaa55, chksum=0x0138, sig=1, centerX=166, centerY= 97, width= 16, height= 32, angle=  0
FrcRobotBase.PixyVision_Info: [1] sync=0xaa55, chksum=0x0162, sig=1, centerX=214, centerY= 93, width= 15, height= 31, angle=  0
FrcRobotBase.PixyVision_Info: [2] sync=0xaa55, chksum=0x0051, sig=1, centerX= 49, centerY=  5, width= 16, height= 10, angle=  0
FrcRobotBase.PixyVision_Info: [3] sync=0xaa55, chksum=0x001f, sig=1, centerX=  7, centerY= 13, width=  6, height=  4, angle=  0
FrcRobotBase.PixyVision_Info: [4] sync=0xaa55, chksum=0x0069, sig=1, centerX= 17, centerY= 74, width=  4, height=  9, angle=  0
FrcRobotBase.PixyVision_Info: Expected Target: distance=36.9, width=62.3, height=31.2
FrcRobotBase.PixyVision_Info: ***TargetRect***: [0,1] x=158, y=78, w=64, h=35
FrcRobotBase.PixyVision_Info: ###TargetInfo###: xDist=4.7, yDist=35.9, angle=7.4
FrcRobotBase.Robot_Info: [5.976] VISION_DEPLOY: xPos= -0.16,yPos= 93.13,heading= -58.3/ -60.0,volts=11.5(10.7)
FrcRobotBase.printPidInfo_Info: encoderXPidCtrl: Target=  -0.2, Input=   0.0, Error=  -0.3, PIDTerms=-0.038/ 0.000/ 0.000/-0.000, Output=-0.038(-0.500/0.500)
FrcRobotBase.printPidInfo_Info: encoderYPidCtrl: Target=  88.0, Input=  95.4, Error=  -7.4, PIDTerms=-0.258/ 0.000/ 0.076/ 0.000, Output=-0.182(-0.500/0.500)
FrcRobotBase.printPidInfo_Info: gyroTurnPidCtrl: Target= -60.0, Input= -65.8, Error=   5.8, PIDTerms= 0.380/ 0.000/-0.084/-0.000, Output= 0.295(-0.500/0.500)
FrcRobotBase.Robot_Info: [6.017] VISION_DEPLOY: xPos= -0.23,yPos= 92.02,heading= -55.0/ -60.0,volts=10.1(10.1)
FrcRobotBase.printPidInfo_Info: encoderXPidCtrl: Target=  -0.2, Input=  -0.2, Error=  -0.1, PIDTerms=-0.011/ 0.000/ 0.000/-0.000, Output=-0.011(-0.500/0.500)
FrcRobotBase.printPidInfo_Info: encoderYPidCtrl: Target=  88.0, Input=  93.1, Error=  -5.1, PIDTerms=-0.180/ 0.000/ 0.424/ 0.000, Output= 0.244(-0.500/0.500)
FrcRobotBase.printPidInfo_Info: gyroTurnPidCtrl: Target= -60.0, Input= -58.3, Error=  -1.7, PIDTerms=-0.111/ 0.000/-0.898/-0.000, Output=-0.500(-0.500/0.500)
FrcRobotBase.PixyVision_Info: 5 object(s) found
FrcRobotBase.PixyVision_Info: [0] sync=0xaa55, chksum=0x0131, sig=1, centerX=161, centerY= 92, width= 21, height= 30, angle=  0
FrcRobotBase.PixyVision_Info: [1] sync=0xaa55, chksum=0x0107, sig=1, centerX=118, centerY= 98, width= 18, height= 28, angle=  0
FrcRobotBase.PixyVision_Info: [2] sync=0xaa55, chksum=0x0049, sig=1, centerX= 19, centerY=  8, width= 29, height= 16, angle=  0
FrcRobotBase.PixyVision_Info: [3] sync=0xaa55, chksum=0x0152, sig=1, centerX=262, centerY= 41, width= 31, height=  3, angle=  0
FrcRobotBase.PixyVision_Info: [4] sync=0xaa55, chksum=0x00fc, sig=1, centerX= 79, centerY=159, width=  7, height=  6, angle=  0
FrcRobotBase.PixyVision_Info: Expected Target: distance=38.9, width=59.1, height=29.6
FrcRobotBase.PixyVision_Info: ***TargetRect***: [0,1] x=109, y=77, w=63, h=35
FrcRobotBase.PixyVision_Info: ###TargetInfo###: xDist=-3.1, yDist=36.5, angle=-4.8
FrcRobotBase.Robot_Info: [6.084] VISION_DEPLOY: xPos= -0.63,yPos= 91.69,heading= -47.6/ -60.0,volts=10.9(10.1)
FrcRobotBase.printPidInfo_Info: encoderXPidCtrl: Target=  -0.2, Input=  -0.2, Error=  -0.0, PIDTerms=-0.002/ 0.000/ 0.000/-0.000, Output=-0.002(-0.500/0.500)
FrcRobotBase.printPidInfo_Info: encoderYPidCtrl: Target=  88.0, Input=  92.0, Error=  -4.0, PIDTerms=-0.141/ 0.000/ 0.121/ 0.000, Output=-0.020(-0.500/0.500)
FrcRobotBase.printPidInfo_Info: gyroTurnPidCtrl: Target= -60.0, Input= -55.0, Error=  -5.0, PIDTerms=-0.327/ 0.000/-0.226/-0.000, Output=-0.500(-0.500/0.500)
FrcRobotBase.Robot_Info: [6.125] VISION_DEPLOY: xPos= -0.53,yPos= 91.29,heading= -46.6/ -60.0,volts=10.7(10.1)
FrcRobotBase.printPidInfo_Info: encoderXPidCtrl: Target=  -0.2, Input=  -0.6, Error=   0.4, PIDTerms= 0.059/ 0.000/ 0.000/-0.000, Output= 0.059(-0.500/0.500)
FrcRobotBase.printPidInfo_Info: encoderYPidCtrl: Target=  88.0, Input=  91.7, Error=  -3.7, PIDTerms=-0.129/ 0.000/ 0.065/ 0.000, Output=-0.064(-0.500/0.500)
FrcRobotBase.printPidInfo_Info: gyroTurnPidCtrl: Target= -60.0, Input= -47.6, Error= -12.4, PIDTerms=-0.807/ 0.000/-0.910/-0.000, Output=-0.500(-0.500/0.500)
FrcRobotBase.PixyVision_Info: 5 object(s) found
FrcRobotBase.PixyVision_Info: [0] sync=0xaa55, chksum=0x00f7, sig=1, centerX=115, centerY= 94, width= 11, height= 26, angle=  0
FrcRobotBase.PixyVision_Info: [1] sync=0xaa55, chksum=0x00d4, sig=1, centerX= 76, centerY=100, width= 10, height= 25, angle=  0
FrcRobotBase.PixyVision_Info: [2] sync=0xaa55, chksum=0x00e2, sig=1, centerX= 48, centerY=161, width=  6, height= 10, angle=  0
FrcRobotBase.PixyVision_Info: [3] sync=0xaa55, chksum=0x0017, sig=1, centerX=  6, centerY=  2, width=  9, height=  5, angle=  0
FrcRobotBase.PixyVision_Info: [4] sync=0xaa55, chksum=0x00b1, sig=1, centerX=108, centerY= 60, width=  5, height=  3, angle=  0
FrcRobotBase.PixyVision_Info: Expected Target: distance=40.8, width=56.4, height=28.2
FrcRobotBase.PixyVision_Info: ***TargetRect***: [0,1] x=71, y=81, w=50, h=32
FrcRobotBase.PixyVision_Info: ###TargetInfo###: xDist=-12.8, yDist=46.0, angle=-15.5
FrcRobotBase.Robot_Info: [6.197] VISION_DEPLOY: xPos= -0.42,yPos= 90.30,heading= -50.4/ -60.0,volts=11.3(10.1)
FrcRobotBase.printPidInfo_Info: encoderXPidCtrl: Target=  -0.2, Input=  -0.5, Error=   0.3, PIDTerms= 0.043/ 0.000/-0.000/-0.000, Output= 0.043(-0.500/0.500)
FrcRobotBase.printPidInfo_Info: encoderYPidCtrl: Target=  88.0, Input=  91.3, Error=  -3.3, PIDTerms=-0.115/ 0.000/ 0.047/ 0.000, Output=-0.068(-0.500/0.500)
FrcRobotBase.printPidInfo_Info: gyroTurnPidCtrl: Target= -60.0, Input= -46.6, Error= -13.4, PIDTerms=-0.871/ 0.000/-0.074/-0.000, Output=-0.500(-0.500/0.500)
FrcRobotBase.Robot_Info: [6.237] VISION_DEPLOY: xPos= -0.34,yPos= 89.82,heading= -52.9/ -60.0,volts=11.3(10.1)
FrcRobotBase.printPidInfo_Info: encoderXPidCtrl: Target=  -0.2, Input=  -0.4, Error=   0.2, PIDTerms= 0.027/ 0.000/-0.000/-0.000, Output= 0.027(-0.500/0.500)
FrcRobotBase.printPidInfo_Info: encoderYPidCtrl: Target=  88.0, Input=  90.3, Error=  -2.3, PIDTerms=-0.081/ 0.000/ 0.202/ 0.000, Output= 0.121(-0.500/0.500)
FrcRobotBase.printPidInfo_Info: gyroTurnPidCtrl: Target= -60.0, Input= -50.4, Error=  -9.6, PIDTerms=-0.624/ 0.000/ 0.483/-0.000, Output=-0.141(-0.500/0.500)
FrcRobotBase.PixyVision_Info: 5 object(s) found
FrcRobotBase.PixyVision_Info: [0] sync=0xaa55, chksum=0x0117, sig=1, centerX=142, centerY= 90, width= 19, height= 27, angle=  0
FrcRobotBase.PixyVision_Info: [1] sync=0xaa55, chksum=0x00f2, sig=1, centerX=104, centerY= 96, width= 16, height= 25, angle=  0
FrcRobotBase.PixyVision_Info: [2] sync=0xaa55, chksum=0x0046, sig=1, centerX= 14, centerY=  9, width= 28, height= 18, angle=  0
FrcRobotBase.PixyVision_Info: [3] sync=0xaa55, chksum=0x0138, sig=1, centerX=253, centerY= 41, width= 14, height=  3, angle=  0
FrcRobotBase.PixyVision_Info: [4] sync=0xaa55, chksum=0x00e7, sig=1, centerX= 71, centerY=153, width=  2, height=  4, angle=  0
FrcRobotBase.PixyVision_Info: Expected Target: distance=42.6, width=54.0, height=27.0
FrcRobotBase.PixyVision_Info: ***TargetRect***: [0,1] x=96, y=77, w=56, h=32
FrcRobotBase.PixyVision_Info: ###TargetInfo###: xDist=-6.4, yDist=41.1, angle=-8.9
FrcRobotBase.Robot_Info: [6.302] VISION_DEPLOY: xPos= -0.23,yPos= 89.56,heading= -59.7/ -60.0,volts=12.4(10.1)
FrcRobotBase.printPidInfo_Info: encoderXPidCtrl: Target=  -0.2, Input=  -0.3, Error=   0.1, PIDTerms= 0.015/ 0.000/-0.000/-0.000, Output= 0.015(-0.500/0.500)
FrcRobotBase.printPidInfo_Info: encoderYPidCtrl: Target=  88.0, Input=  89.8, Error=  -1.8, PIDTerms=-0.064/ 0.000/ 0.055/ 0.000, Output=-0.009(-0.500/0.500)
FrcRobotBase.printPidInfo_Info: gyroTurnPidCtrl: Target= -60.0, Input= -52.9, Error=  -7.1, PIDTerms=-0.460/ 0.000/ 0.178/-0.000, Output=-0.282(-0.500/0.500)
FrcRobotBase.Robot_Info: [6.341] VISION_DEPLOY: xPos= -0.18,yPos= 89.32,heading= -62.0/ -60.0,volts=12.3(10.1)
FrcRobotBase.printPidInfo_Info: encoderXPidCtrl: Target=  -0.2, Input=  -0.2, Error=  -0.0, PIDTerms=-0.002/ 0.000/-0.000/-0.000, Output=-0.002(-0.500/0.500)
FrcRobotBase.printPidInfo_Info: encoderYPidCtrl: Target=  88.0, Input=  89.6, Error=  -1.6, PIDTerms=-0.055/ 0.000/ 0.051/ 0.000, Output=-0.004(-0.500/0.500)
FrcRobotBase.printPidInfo_Info: gyroTurnPidCtrl: Target= -60.0, Input= -59.7, Error=  -0.3, PIDTerms=-0.018/ 0.000/ 0.859/-0.000, Output= 0.500(-0.500/0.500)
FrcRobotBase.PixyVision_Info: 5 object(s) found
FrcRobotBase.PixyVision_Info: [0] sync=0xaa55, chksum=0x011e, sig=1, centerX=154, centerY= 90, width= 16, height= 25, angle=  0
FrcRobotBase.PixyVision_Info: [1] sync=0xaa55, chksum=0x0140, sig=1, centerX=192, centerY= 87, width= 15, height= 25, angle=  0
FrcRobotBase.PixyVision_Info: [2] sync=0xaa55, chksum=0x0066, sig=1, centerX= 44, centerY=  6, width= 38, height= 13, angle=  0
FrcRobotBase.PixyVision_Info: [3] sync=0xaa55, chksum=0x006b, sig=1, centerX= 20, centerY= 74, width=  6, height=  6, angle=  0
FrcRobotBase.PixyVision_Info: [4] sync=0xaa55, chksum=0x0160, sig=1, centerX=294, centerY= 43, width= 11, height=  3, angle=  0
FrcRobotBase.PixyVision_Info: Expected Target: distance=46.9, width=49.1, height=24.5
FrcRobotBase.PixyVision_Info: ***TargetRect***: [0,1] x=146, y=75, w=54, h=28
FrcRobotBase.PixyVision_Info: ###TargetInfo###: xDist=2.4, yDist=42.6, angle=3.2
FrcRobotBase.Robot_Info: [6.416] VISION_DEPLOY: xPos= -0.01,yPos= 88.75,heading= -66.4/ -60.0,volts=11.2(10.1)
FrcRobotBase.printPidInfo_Info: encoderXPidCtrl: Target=  -0.2, Input=  -0.2, Error=  -0.1, PIDTerms=-0.010/ 0.000/-0.000/-0.000, Output=-0.010(-0.500/0.500)
FrcRobotBase.printPidInfo_Info: encoderYPidCtrl: Target=  88.0, Input=  89.3, Error=  -1.3, PIDTerms=-0.046/ 0.000/ 0.029/ 0.000, Output=-0.017(-0.500/0.500)
FrcRobotBase.printPidInfo_Info: gyroTurnPidCtrl: Target= -60.0, Input= -62.0, Error=   2.0, PIDTerms= 0.132/ 0.000/ 0.170/-0.000, Output= 0.302(-0.500/0.500)
FrcRobotBase.Robot_Info: [6.456]       DONE: xPos=  0.02,yPos= 88.56,heading= -65.5/ -60.0,volts=12.6(10.1)
FrcRobotBase.Robot_Info: [6.456] VISION_DEPLOY: xPos=  0.02,yPos= 88.56,heading= -65.5/ -60.0,volts=12.6(10.1)
FrcRobotBase.PixyVision_Info: 5 object(s) found
FrcRobotBase.PixyVision_Info: [0] sync=0xaa55, chksum=0x0074, sig=1, centerX= 60, centerY=  5, width= 40, height= 10, angle=  0
FrcRobotBase.PixyVision_Info: [1] sync=0xaa55, chksum=0x014a, sig=1, centerX=206, centerY= 86, width= 12, height= 25, angle=  0
FrcRobotBase.PixyVision_Info: [2] sync=0xaa55, chksum=0x0125, sig=1, centerX=167, centerY= 89, width= 11, height= 25, angle=  0
FrcRobotBase.PixyVision_Info: [3] sync=0xaa55, chksum=0x0079, sig=1, centerX= 32, centerY= 72, width=  8, height=  8, angle=  0
FrcRobotBase.PixyVision_Info: [4] sync=0xaa55, chksum=0x016d, sig=1, centerX=308, centerY= 43, width= 10, height=  3, angle=  0
FrcRobotBase.PixyVision_Info: Expected Target: distance=48.0, width=47.9, height=24.0
FrcRobotBase.PixyVision_Info: ***TargetRect***: [1,2] x=162, y=74, w=50, h=28
FrcRobotBase.PixyVision_Info: ###TargetInfo###: xDist=5.4, yDist=46.0, angle=6.7
FrcRobotBase.Robot_Info: [6.515] BACKUP_FROM_AIRSHIP: xPos=  0.01,yPos= 88.38,heading= -63.4/ -60.0,volts=12.7(10.1)
FrcRobotBase.printPidInfo_Info: encoderXPidCtrl: Target=   0.0, Input=  -0.0, Error=   0.0, PIDTerms=-0.035/ 0.000/-0.000/-0.000, Output= 0.000(-0.500/0.500)
FrcRobotBase.printPidInfo_Info: encoderYPidCtrl: Target=  76.4, Input=  88.8, Error= -12.0, PIDTerms=-0.027/ 0.000/ 0.111/ 0.000, Output= 0.000(-0.500/0.500)
FrcRobotBase.printPidInfo_Info: gyroTurnPidCtrl: Target= -60.0, Input= -66.4, Error=   3.4, PIDTerms= 0.416/ 0.000/ 0.543/-0.000, Output= 0.000(-0.500/0.500)
FrcRobotBase.PixyVision_Info: 4 object(s) found
FrcRobotBase.PixyVision_Info: [0] sync=0xaa55, chksum=0x0066, sig=1, centerX= 48, centerY=  5, width= 37, height= 11, angle=  0
FrcRobotBase.PixyVision_Info: [1] sync=0xaa55, chksum=0x013b, sig=1, centerX=192, centerY= 86, width= 11, height= 25, angle=  0
FrcRobotBase.PixyVision_Info: [2] sync=0xaa55, chksum=0x011a, sig=1, centerX=154, centerY= 90, width= 12, height= 25, angle=  0
FrcRobotBase.PixyVision_Info: [3] sync=0xaa55, chksum=0x006b, sig=1, centerX= 23, centerY= 74, width=  4, height=  5, angle=  0
FrcRobotBase.PixyVision_Info: Expected Target: distance=49.5, width=46.5, height=23.2
FrcRobotBase.PixyVision_Info: ***TargetRect***: [1,2] x=148, y=74, w=50, h=29
FrcRobotBase.PixyVision_Info: ###TargetInfo###: xDist=2.6, yDist=46.0, angle=3.2
FrcRobotBase.PixyVision_Info: 3 object(s) found
FrcRobotBase.PixyVision_Info: [0] sync=0xaa55, chksum=0x007c, sig=1, centerX= 48, centerY=  6, width= 56, height= 13, angle=  0
FrcRobotBase.PixyVision_Info: [1] sync=0xaa55, chksum=0x0124, sig=1, centerX=176, centerY= 84, width=  9, height= 22, angle=  0
FrcRobotBase.PixyVision_Info: [2] sync=0xaa55, chksum=0x0103, sig=1, centerX=140, centerY= 87, width= 10, height= 21, angle=  0
FrcRobotBase.PixyVision_Info: Expected Target: distance=52.3, width=43.9, height=22.0
FrcRobotBase.PixyVision_Info: ***TargetRect***: [1,2] x=135, y=73, w=46, h=25
FrcRobotBase.PixyVision_Info: ###TargetInfo###: xDist=-0.4, yDist=50.0, angle=-0.5
FrcRobotBase.PixyVision_Info: 4 object(s) found
FrcRobotBase.PixyVision_Info: [0] sync=0xaa55, chksum=0x0061, sig=1, centerX= 39, centerY=  6, width= 38, height= 13, angle=  0
FrcRobotBase.PixyVision_Info: [1] sync=0xaa55, chksum=0x011e, sig=1, centerX=174, centerY= 83, width=  7, height= 21, angle=  0
FrcRobotBase.PixyVision_Info: [2] sync=0xaa55, chksum=0x0101, sig=1, centerX=140, centerY= 87, width=  9, height= 20, angle=  0
FrcRobotBase.PixyVision_Info: [3] sync=0xaa55, chksum=0x0067, sig=1, centerX= 78, centerY=  2, width= 17, height=  5, angle=  0
FrcRobotBase.PixyVision_Info: Expected Target: distance=55.6, width=41.4, height=20.7
FrcRobotBase.PixyVision_Info: ***TargetRect***: [1,2] x=136, y=73, w=42, h=24
FrcRobotBase.PixyVision_Info: ###TargetInfo###: xDist=-0.7, yDist=54.8, angle=-0.7
FrcRobotBase.PixyVision_Info: 4 object(s) found
FrcRobotBase.PixyVision_Info: [0] sync=0xaa55, chksum=0x0052, sig=1, centerX= 33, centerY=  7, width= 27, height= 14, angle=  0
FrcRobotBase.PixyVision_Info: [1] sync=0xaa55, chksum=0x0102, sig=1, centerX=140, centerY= 87, width= 10, height= 20, angle=  0
FrcRobotBase.PixyVision_Info: [2] sync=0xaa55, chksum=0x011b, sig=1, centerX=172, centerY= 83, width=  7, height= 20, angle=  0
FrcRobotBase.PixyVision_Info: [3] sync=0xaa55, chksum=0x006b, sig=1, centerX= 79, centerY=  3, width= 17, height=  7, angle=  0
FrcRobotBase.PixyVision_Info: Expected Target: distance=56.3, width=40.8, height=20.4
FrcRobotBase.PixyVision_Info: ***TargetRect***: [1,2] x=135, y=73, w=41, h=24
FrcRobotBase.PixyVision_Info: ###TargetInfo###: xDist=-1.1, yDist=56.1, angle=-1.1
FrcRobotBase.PixyVision_Info: 5 object(s) found
FrcRobotBase.PixyVision_Info: [0] sync=0xaa55, chksum=0x0050, sig=1, centerX= 33, centerY=  6, width= 27, height= 13, angle=  0
FrcRobotBase.PixyVision_Info: [1] sync=0xaa55, chksum=0x011b, sig=1, centerX=172, centerY= 82, width=  7, height= 21, angle=  0
FrcRobotBase.PixyVision_Info: [2] sync=0xaa55, chksum=0x00ff, sig=1, centerX=141, centerY= 86, width=  7, height= 20, angle=  0
FrcRobotBase.PixyVision_Info: [3] sync=0xaa55, chksum=0x0064, sig=1, centerX= 77, centerY=  3, width= 13, height=  6, angle=  0
FrcRobotBase.PixyVision_Info: [4] sync=0xaa55, chksum=0x0046, sig=1, centerX= 56, centerY=  4, width=  3, height=  6, angle=  0
FrcRobotBase.PixyVision_Info: Expected Target: distance=56.3, width=40.8, height=20.4
FrcRobotBase.PixyVision_Info: ***TargetRect***: [1,2] x=138, y=72, w=38, h=24
FrcRobotBase.PixyVision_Info: ###TargetInfo###: xDist=-0.8, yDist=60.5, angle=-0.7
FrcRobotBase.PixyVision_Info: 5 object(s) found
FrcRobotBase.PixyVision_Info: [0] sync=0xaa55, chksum=0x0050, sig=1, centerX= 33, centerY=  6, width= 27, height= 13, angle=  0
FrcRobotBase.PixyVision_Info: [1] sync=0xaa55, chksum=0x011b, sig=1, centerX=172, centerY= 82, width=  7, height= 21, angle=  0
FrcRobotBase.PixyVision_Info: [2] sync=0xaa55, chksum=0x00ff, sig=1, centerX=141, centerY= 86, width=  7, height= 20, angle=  0
FrcRobotBase.PixyVision_Info: [3] sync=0xaa55, chksum=0x005a, sig=1, centerX= 74, centerY=  3, width=  6, height=  6, angle=  0
FrcRobotBase.PixyVision_Info: [4] sync=0xaa55, chksum=0x0046, sig=1, centerX= 56, centerY=  3, width=  3, height=  7, angle=  0
FrcRobotBase.PixyVision_Info: Expected Target: distance=56.3, width=40.8, height=20.4
FrcRobotBase.PixyVision_Info: ***TargetRect***: [1,2] x=138, y=72, w=38, h=24
FrcRobotBase.PixyVision_Info: ###TargetInfo###: xDist=-0.8, yDist=60.5, angle=-0.7
FrcRobotBase.PixyVision_Info: 4 object(s) found
FrcRobotBase.PixyVision_Info: [0] sync=0xaa55, chksum=0x0061, sig=1, centerX= 39, centerY=  6, width= 38, height= 13, angle=  0
FrcRobotBase.PixyVision_Info: [1] sync=0xaa55, chksum=0x011b, sig=1, centerX=172, centerY= 82, width=  7, height= 21, angle=  0
FrcRobotBase.PixyVision_Info: [2] sync=0xaa55, chksum=0x00fe, sig=1, centerX=141, centerY= 86, width=  6, height= 20, angle=  0
FrcRobotBase.PixyVision_Info: [3] sync=0xaa55, chksum=0x005a, sig=1, centerX= 74, centerY=  3, width=  6, height=  6, angle=  0
FrcRobotBase.PixyVision_Info: Expected Target: distance=56.5, width=40.7, height=20.4
FrcRobotBase.PixyVision_Info: ***TargetRect***: [1,2] x=138, y=72, w=38, h=24
FrcRobotBase.PixyVision_Info: ###TargetInfo###: xDist=-0.8, yDist=60.5, angle=-0.7
FrcRobotBase.PixyVision_Info: 4 object(s) found
FrcRobotBase.PixyVision_Info: [0] sync=0xaa55, chksum=0x0061, sig=1, centerX= 39, centerY=  6, width= 38, height= 13, angle=  0
FrcRobotBase.PixyVision_Info: [1] sync=0xaa55, chksum=0x00ff, sig=1, centerX=141, centerY= 86, width=  7, height= 20, angle=  0
FrcRobotBase.PixyVision_Info: [2] sync=0xaa55, chksum=0x011a, sig=1, centerX=172, centerY= 82, width=  7, height= 20, angle=  0
FrcRobotBase.PixyVision_Info: [3] sync=0xaa55, chksum=0x005a, sig=1, centerX= 74, centerY=  3, width=  6, height=  6, angle=  0
FrcRobotBase.PixyVision_Info: Expected Target: distance=56.6, width=40.7, height=20.3
FrcRobotBase.PixyVision_Info: ***TargetRect***: [1,2] x=138, y=72, w=38, h=24
FrcRobotBase.PixyVision_Info: ###TargetInfo###: xDist=-0.8, yDist=60.5, angle=-0.7
FrcRobotBase.PixyVision_Info: 4 object(s) found
FrcRobotBase.PixyVision_Info: [0] sync=0xaa55, chksum=0x0061, sig=1, centerX= 39, centerY=  6, width= 38, height= 13, angle=  0
FrcRobotBase.PixyVision_Info: [1] sync=0xaa55, chksum=0x00ff, sig=1, centerX=141, centerY= 86, width=  7, height= 20, angle=  0
FrcRobotBase.PixyVision_Info: [2] sync=0xaa55, chksum=0x011a, sig=1, centerX=172, centerY= 82, width=  7, height= 20, angle=  0
FrcRobotBase.PixyVision_Info: [3] sync=0xaa55, chksum=0x005a, sig=1, centerX= 74, centerY=  3, width=  6, height=  6, angle=  0
FrcRobotBase.PixyVision_Info: Expected Target: distance=57.5, width=40.0, height=20.0
FrcRobotBase.PixyVision_Info: ***TargetRect***: [1,2] x=138, y=72, w=38, h=24
FrcRobotBase.PixyVision_Info: ###TargetInfo###: xDist=-0.8, yDist=60.5, angle=-0.7
FrcRobotBase.PixyVision_Info: 4 object(s) found
FrcRobotBase.PixyVision_Info: [0] sync=0xaa55, chksum=0x0062, sig=1, centerX= 39, centerY=  6, width= 39, height= 13, angle=  0
FrcRobotBase.PixyVision_Info: [1] sync=0xaa55, chksum=0x00ff, sig=1, centerX=141, centerY= 86, width=  7, height= 20, angle=  0
FrcRobotBase.PixyVision_Info: [2] sync=0xaa55, chksum=0x011a, sig=1, centerX=172, centerY= 82, width=  7, height= 20, angle=  0
FrcRobotBase.PixyVision_Info: [3] sync=0xaa55, chksum=0x005a, sig=1, centerX= 74, centerY=  3, width=  6, height=  6, angle=  0
FrcRobotBase.PixyVision_Info: Expected Target: distance=57.3, width=40.1, height=20.1
FrcRobotBase.PixyVision_Info: ***TargetRect***: [1,2] x=138, y=72, w=38, h=24
FrcRobotBase.PixyVision_Info: ###TargetInfo###: xDist=-0.8, yDist=60.5, angle=-0.7
FrcRobotBase.PixyVision_Info: 4 object(s) found
FrcRobotBase.PixyVision_Info: [0] sync=0xaa55, chksum=0x005a, sig=1, centerX= 36, centerY=  7, width= 32, height= 14, angle=  0
FrcRobotBase.PixyVision_Info: [1] sync=0xaa55, chksum=0x0101, sig=1, centerX=140, centerY= 86, width= 10, height= 20, angle=  0
FrcRobotBase.PixyVision_Info: [2] sync=0xaa55, chksum=0x011a, sig=1, centerX=172, centerY= 82, width=  7, height= 20, angle=  0
FrcRobotBase.PixyVision_Info: [3] sync=0xaa55, chksum=0x005a, sig=1, centerX= 74, centerY=  3, width=  6, height=  6, angle=  0
FrcRobotBase.PixyVision_Info: Expected Target: distance=57.3, width=40.1, height=20.1
FrcRobotBase.PixyVision_Info: ***TargetRect***: [1,2] x=135, y=72, w=41, h=24
FrcRobotBase.PixyVision_Info: ###TargetInfo###: xDist=-1.1, yDist=56.1, angle=-1.1
FrcRobotBase.PixyVision_Info: 4 object(s) found
FrcRobotBase.PixyVision_Info: [0] sync=0xaa55, chksum=0x0063, sig=1, centerX= 39, centerY=  7, width= 38, height= 14, angle=  0
FrcRobotBase.PixyVision_Info: [1] sync=0xaa55, chksum=0x00ff, sig=1, centerX=141, centerY= 86, width=  7, height= 20, angle=  0
FrcRobotBase.PixyVision_Info: [2] sync=0xaa55, chksum=0x011a, sig=1, centerX=172, centerY= 82, width=  7, height= 20, angle=  0
FrcRobotBase.PixyVision_Info: [3] sync=0xaa55, chksum=0x005b, sig=1, centerX= 75, centerY=  3, width=  6, height=  6, angle=  0
FrcRobotBase.PixyVision_Info: Expected Target: distance=57.2, width=40.2, height=20.1
FrcRobotBase.PixyVision_Info: ***TargetRect***: [1,2] x=138, y=72, w=38, h=24
FrcRobotBase.PixyVision_Info: ###TargetInfo###: xDist=-0.8, yDist=60.5, angle=-0.7
FrcRobotBase.Robot_Info: [8.135] TURN_TOWARDS_LOADING_STATION: xPos= -0.07,yPos= 77.61,heading= -60.0/   0.0,volts=12.8(10.1)
FrcRobotBase.printPidInfo_Info: encoderXPidCtrl: Target=  -0.1, Input=  -0.1, Error=   0.0, PIDTerms= 0.013/ 0.000/ 0.000/ 0.000, Output= 0.000(-0.500/0.500)
FrcRobotBase.printPidInfo_Info: encoderYPidCtrl: Target=  77.6, Input=  77.6, Error=   0.0, PIDTerms=-0.043/ 0.000/ 0.000/ 0.000, Output= 0.000(-0.500/0.500)
FrcRobotBase.printPidInfo_Info: gyroTurnPidCtrl: Target=   0.0, Input= -60.0, Error=  60.0, PIDTerms= 0.002/ 0.000/ 0.000/-0.000, Output= 0.000(-0.500/0.500)
FrcRobotBase.PixyVision_Info: 4 object(s) found
FrcRobotBase.PixyVision_Info: [0] sync=0xaa55, chksum=0x0064, sig=1, centerX= 39, centerY=  7, width= 39, height= 14, angle=  0
FrcRobotBase.PixyVision_Info: [1] sync=0xaa55, chksum=0x00ff, sig=1, centerX=141, centerY= 86, width=  7, height= 20, angle=  0
FrcRobotBase.PixyVision_Info: [2] sync=0xaa55, chksum=0x011a, sig=1, centerX=172, centerY= 82, width=  7, height= 20, angle=  0
FrcRobotBase.PixyVision_Info: [3] sync=0xaa55, chksum=0x005a, sig=1, centerX= 75, centerY=  4, width=  6, height=  4, angle=  0
FrcRobotBase.PixyVision_Info: Expected Target: distance=57.5, width=40.0, height=20.0
FrcRobotBase.PixyVision_Info: ***TargetRect***: [1,2] x=138, y=72, w=38, h=24
FrcRobotBase.PixyVision_Info: ###TargetInfo###: xDist=-0.8, yDist=60.5, angle=-0.7
FrcRobotBase.PixyVision_Info: 4 object(s) found
FrcRobotBase.PixyVision_Info: [0] sync=0xaa55, chksum=0x0062, sig=1, centerX= 33, centerY=  7, width= 42, height= 15, angle=  0
FrcRobotBase.PixyVision_Info: [1] sync=0xaa55, chksum=0x0114, sig=1, centerX=162, centerY= 83, width= 10, height= 20, angle=  0
FrcRobotBase.PixyVision_Info: [2] sync=0xaa55, chksum=0x00f9, sig=1, centerX=131, centerY= 87, width= 10, height= 20, angle=  0
FrcRobotBase.PixyVision_Info: [3] sync=0xaa55, chksum=0x0052, sig=1, centerX= 67, centerY=  6, width=  6, height=  2, angle=  0
FrcRobotBase.PixyVision_Info: Expected Target: distance=55.6, width=41.4, height=20.7
FrcRobotBase.PixyVision_Info: ***TargetRect***: [1,2] x=126, y=73, w=41, h=24
FrcRobotBase.PixyVision_Info: ###TargetInfo###: xDist=-3.3, yDist=56.1, angle=-3.4
FrcRobotBase.PixyVision_Info: 5 object(s) found
FrcRobotBase.PixyVision_Info: [0] sync=0xaa55, chksum=0x003f, sig=1, centerX= 12, centerY=  9, width= 25, height= 16, angle=  0
FrcRobotBase.PixyVision_Info: [1] sync=0xaa55, chksum=0x00f1, sig=1, centerX=121, centerY= 85, width= 14, height= 20, angle=  0
FrcRobotBase.PixyVision_Info: [2] sync=0xaa55, chksum=0x00c9, sig=1, centerX= 90, centerY= 88, width=  5, height= 17, angle=  0
FrcRobotBase.PixyVision_Info: [3] sync=0xaa55, chksum=0x004d, sig=1, centerX= 58, centerY=  1, width= 14, height=  3, angle=  0
FrcRobotBase.PixyVision_Info: [4] sync=0xaa55, chksum=0x0129, sig=1, centerX=245, centerY= 42, width=  7, height=  2, angle=  0
FrcRobotBase.PixyVision_Info: Expected Target: distance=25.4, width=90.4, height=45.2
FrcRobotBase.PixyVision_Info: ***TargetRect***: [1,2] x=88, y=75, w=40, h=22
FrcRobotBase.PixyVision_Info: ###TargetInfo###: xDist=-13.0, yDist=57.5, angle=-12.7
FrcRobotBase.PixyVision_Info: 3 object(s) found
FrcRobotBase.PixyVision_Info: [0] sync=0xaa55, chksum=0x001c, sig=1, centerX=  8, centerY=  3, width=  9, height=  7, angle=  0
FrcRobotBase.PixyVision_Info: [1] sync=0xaa55, chksum=0x0038, sig=1, centerX= 31, centerY=  6, width= 11, height=  7, angle=  0
FrcRobotBase.PixyVision_Info: [2] sync=0xaa55, chksum=0x002c, sig=1, centerX=  9, centerY= 12, width= 14, height=  8, angle=  0
FrcRobotBase.PixyVision_Info: Expected Target: distance=56.2, width=40.9, height=20.5
FrcRobotBase.PixyVision_Info: ===TargetRect===: x=4, y=0, w=33, h=10
FrcRobotBase.PixyVision_Info: ###TargetInfo###: xDist=-42.3, yDist=69.7, angle=-31.2
FrcRobotBase.PixyVision_Info: 2 object(s) found
FrcRobotBase.PixyVision_Info: [0] sync=0xaa55, chksum=0x0019, sig=1, centerX=  2, centerY= 10, width=  5, height=  7, angle=  0
FrcRobotBase.PixyVision_Info: [1] sync=0xaa55, chksum=0x0079, sig=1, centerX= 39, centerY= 70, width=  9, height=  2, angle=  0
FrcRobotBase.PixyVision_Info: Expected Target: distance=60.9, width=37.7, height=18.9
FrcRobotBase.PixyVision_Info: ===TargetRect===: x=0, y=7, w=44, h=64
FrcRobotBase.PixyVision_Info: ###TargetInfo###: xDist=-31.4, yDist=52.3, angle=-31.0
FrcRobotBase.PixyVision_Info: null object(s) found
FrcRobotBase.Robot_Info: [8.734] MOVE_TOWARDS_LOADING_STATION: xPos= -0.37,yPos= 77.60,heading=   2.8/   0.0,volts=11.2(10.1)
FrcRobotBase.printPidInfo_Info: encoderXPidCtrl: Target=  -0.4, Input=  -0.3, Error=   0.0, PIDTerms= 0.037/ 0.000/ 0.000/-0.000, Output= 0.000(-0.500/0.500)
FrcRobotBase.printPidInfo_Info: encoderYPidCtrl: Target= 397.6, Input=  77.3, Error= 320.0, PIDTerms= 0.009/ 0.000/-0.040/ 0.000, Output= 0.000(-0.500/0.500)
FrcRobotBase.printPidInfo_Info: gyroTurnPidCtrl: Target=   0.0, Input=  -0.3, Error=  -2.8, PIDTerms= 0.020/ 0.000/-0.490/ 0.000, Output= 0.000(-0.500/0.500)
FrcRobotBase.PixyVision_Info: null object(s) found
FrcRobotBase.PixyVision_Info: null object(s) found
FrcRobotBase.PixyVision_Info: null object(s) found
FrcRobotBase.PixyVision_Info: null object(s) found
FrcRobotBase.PixyVision_Info: null object(s) found
FrcRobotBase.PixyVision_Info: null object(s) found
FrcRobotBase.PixyVision_Info: null object(s) found
FrcRobotBase.PixyVision_Info: null object(s) found
FrcRobotBase.PixyVision_Info: null object(s) found
FrcRobotBase.PixyVision_Info: null object(s) found
FrcRobotBase.PixyVision_Info: null object(s) found
FrcRobotBase.PixyVision_Info: null object(s) found
FrcRobotBase.PixyVision_Info: null object(s) found
FrcRobotBase.PixyVision_Info: null object(s) found
FrcRobotBase.PixyVision_Info: null object(s) found
FrcRobotBase.PixyVision_Info: null object(s) found
FrcRobotBase.PixyVision_Info: null object(s) found
FrcRobotBase.PixyVision_Info: null object(s) found
FrcRobotBase.PixyVision_Info: null object(s) found
FrcRobotBase.PixyVision_Info: null object(s) found
FrcRobotBase.PixyVision_Info: null object(s) found
FrcRobotBase.PixyVision_Info: null object(s) found
FrcRobotBase.PixyVision_Info: null object(s) found
FrcRobotBase.PixyVision_Info: null object(s) found
FrcRobotBase.PixyVision_Info: null object(s) found
FrcRobotBase.PixyVision_Info: null object(s) found
FrcRobotBase.PixyVision_Info: null object(s) found
FrcRobotBase.PixyVision_Info: null object(s) found
FrcRobotBase.PixyVision_Info: null object(s) found
FrcRobotBase.PixyVision_Info: null object(s) found
FrcRobotBase.PixyVision_Info: null object(s) found
FrcRobotBase.PixyVision_Info: null object(s) found
FrcRobotBase.PixyVision_Info: null object(s) found
FrcRobotBase.PixyVision_Info: 1 object(s) found
FrcRobotBase.PixyVision_Info: 1 object(s) found
FrcRobotBase.PixyVision_Info: null object(s) found
FrcRobotBase.PixyVision_Info: null object(s) found
FrcRobotBase.PixyVision_Info: null object(s) found
FrcRobotBase.Robot_Info: [13.087]       DONE: xPos= -0.49,yPos=396.84,heading=   0.9/   0.0,volts=12.7(9.3)
FrcRobotBase.PixyVision_Info: null object(s) found
FrcRobotBase.PixyVision_Info: null object(s) found
FrcRobotBase.PixyVision_Info: null object(s) found
FrcRobotBase.PixyVision_Info: null object(s) found
FrcRobotBase.PixyVision_Info: null object(s) found
FrcRobotBase.PixyVision_Info: null object(s) found
FrcRobotBase.PixyVision_Info: null object(s) found
FrcRobotBase.PixyVision_Info: null object(s) found
FrcRobotBase.PixyVision_Info: null object(s) found
FrcRobotBase.PixyVision_Info: null object(s) found
FrcRobotBase.PixyVision_Info: null object(s) found
FrcRobotBase.PixyVision_Info: null object(s) found
FrcRobotBase.PixyVision_Info: null object(s) found
FrcRobotBase.PixyVision_Info: null object(s) found
FrcRobotBase.PixyVision_Info: null object(s) found
FrcRobotBase.PixyVision_Info: null object(s) found
FrcRobotBase.PixyVision_Info: null object(s) found
FrcRobotBase.PixyVision_Info: null object(s) found
FrcRobotBase.PixyVision_Info: null object(s) found
FrcRobotBase.PixyVision_Info: null object(s) found
FrcRobotBase.PixyVision_Info: null object(s) found
FrcRobotBase.Vision_Info: Front pixy is disabled!
