FrcRobotBase.FirstSteamWorks_Info: Sun Apr 02 13:32:03 PDT 2017: ***** Starting autonomous *****
FrcRobotBase.CmdVisionGearDeploy_Info: dist=7.0, deployTime=0.3, backupDist=36.0
FrcRobotBase.CmdSideGearLift_Info: delay=0.000, alliance=RED_ALLIANCE, rightSide=true, forwardDist=85.0, liftAngle=60.0, backupDist=8.0, lsAngle=30.0, lsDist=320.0, diagDist=360.0
FrcRobotBase.Vision_Info: Front pixy is enabled!
FrcRobotBase.Robot_Info: [0.329]   DO_DELAY: xPos=  0.00,yPos=  0.00,heading=   0.0/   0.0,volts=12.3(12.2)
FrcRobotBase.PixyVision_Info: null object(s) found
FrcRobotBase.startCompetition_Warn: AUTO_MODE takes too long (0.357s)

FrcRobotBase.Robot_Info: [0.356] MOVE_FORWARD_ON_SIDE: xPos=  0.00,yPos=  0.00,heading=   0.0/   0.0,volts=12.3(12.2)
FrcRobotBase.printPidInfo_Info: encoderXPidCtrl: Target=   0.0, Input=   0.0, Error=   0.0, PIDTerms= 0.000/ 0.000/ 0.000/ 0.000, Output= 0.000(-0.500/0.500), Volt=12.3 (12.2)
FrcRobotBase.printPidInfo_Info: encoderYPidCtrl: Target=  85.0, Input=   0.0, Error=  85.0, PIDTerms= 0.000/ 0.000/ 0.000/ 0.000, Output= 0.000(-0.500/0.500), Volt=12.3 (12.2)
FrcRobotBase.printPidInfo_Info: gyroTurnPidCtrl: Target=   0.0, Input=   0.0, Error=  -0.0, PIDTerms= 0.000/ 0.000/ 0.000/ 0.000, Output= 0.000(-0.500/0.500), Volt=12.3 (12.2)
FrcRobotBase.startCompetition_Warn: AUTO_MODE takes too long (0.065s)

FrcRobotBase.printPidInfo_Info: encoderXPidCtrl: Target=   0.0, Input=   0.0, Error=   0.0, PIDTerms= 0.000/ 0.000/ 0.000/ 0.000, Output= 0.000(-0.500/0.500), Volt=12.2 (12.2)
FrcRobotBase.printPidInfo_Info: encoderYPidCtrl: Target=  85.0, Input=   0.0, Error=  85.0, PIDTerms= 2.975/ 0.000/ 0.000/ 0.000, Output= 0.500(-0.500/0.500), Volt=12.0 (12.2)
FrcRobotBase.printPidInfo_Info: gyroTurnPidCtrl: Target=   0.0, Input=   0.0, Error=  -0.0, PIDTerms=-0.001/ 0.000/ 0.000/ 0.000, Output=-0.001(-0.500/0.500), Volt=12.0 (12.2)
FrcRobotBase.PixyVision_Info: null object(s) found
FrcRobotBase.startCompetition_Warn: AUTO_MODE takes too long (0.052s)

FrcRobotBase.printPidInfo_Info: encoderXPidCtrl: Target=   0.0, Input=   0.0, Error=   0.0, PIDTerms= 0.000/ 0.000/ 0.000/ 0.000, Output= 0.000(-0.500/0.500), Volt=10.6 (10.6)
FrcRobotBase.printPidInfo_Info: encoderYPidCtrl: Target=  85.0, Input=   0.0, Error=  85.0, PIDTerms= 2.975/ 0.000/ 0.000/ 0.000, Output= 0.500(-0.500/0.500), Volt=10.6 (10.6)
FrcRobotBase.printPidInfo_Info: gyroTurnPidCtrl: Target=   0.0, Input=   0.0, Error=  -0.0, PIDTerms=-0.001/ 0.000/ 0.000/ 0.000, Output=-0.001(-0.500/0.500), Volt=10.6 (10.6)
FrcRobotBase.printPidInfo_Info: encoderXPidCtrl: Target=   0.0, Input=  -0.2, Error=   0.2, PIDTerms= 0.023/ 0.000/ 0.000/ 0.000, Output= 0.023(-0.500/0.500), Volt=10.6 (10.6)
FrcRobotBase.printPidInfo_Info: encoderYPidCtrl: Target=  85.0, Input=   0.6, Error=  84.4, PIDTerms= 2.953/ 0.000/-0.111/ 0.000, Output= 0.500(-0.500/0.500), Volt=10.6 (10.6)
FrcRobotBase.printPidInfo_Info: gyroTurnPidCtrl: Target=   0.0, Input=   0.0, Error=  -0.0, PIDTerms=-0.001/ 0.000/ 0.000/ 0.000, Output=-0.001(-0.500/0.500), Volt=10.6 (10.6)
FrcRobotBase.printPidInfo_Info: encoderXPidCtrl: Target=   0.0, Input=  -0.0, Error=   0.0, PIDTerms= 0.001/ 0.000/-0.000/ 0.000, Output= 0.001(-0.500/0.500), Volt=10.7 (10.6)
FrcRobotBase.printPidInfo_Info: encoderYPidCtrl: Target=  85.0, Input=   1.2, Error=  83.8, PIDTerms= 2.934/ 0.000/-0.122/ 0.000, Output= 0.500(-0.500/0.500), Volt=10.7 (10.6)
FrcRobotBase.printPidInfo_Info: gyroTurnPidCtrl: Target=   0.0, Input=  -0.1, Error=   0.1, PIDTerms= 0.007/ 0.000/ 0.013/ 0.000, Output= 0.020(-0.500/0.500), Volt=10.7 (10.6)
FrcRobotBase.PixyVision_Info: null object(s) found
FrcRobotBase.printPidInfo_Info: encoderXPidCtrl: Target=   0.0, Input=   0.0, Error=  -0.0, PIDTerms=-0.004/ 0.000/-0.000/ 0.000, Output=-0.004(-0.500/0.500), Volt=10.7 (10.6)
FrcRobotBase.printPidInfo_Info: encoderYPidCtrl: Target=  85.0, Input=   1.6, Error=  83.4, PIDTerms= 2.919/ 0.000/-0.075/ 0.000, Output= 0.500(-0.500/0.500), Volt=10.7 (10.6)
FrcRobotBase.printPidInfo_Info: gyroTurnPidCtrl: Target=   0.0, Input=  -0.3, Error=   0.3, PIDTerms= 0.016/ 0.000/ 0.011/ 0.000, Output= 0.026(-0.500/0.500), Volt=10.7 (10.6)
FrcRobotBase.printPidInfo_Info: encoderXPidCtrl: Target=   0.0, Input=   0.1, Error=  -0.1, PIDTerms=-0.010/ 0.000/-0.000/ 0.000, Output=-0.010(-0.500/0.500), Volt=10.9 (10.6)
FrcRobotBase.printPidInfo_Info: encoderYPidCtrl: Target=  85.0, Input=   2.4, Error=  82.6, PIDTerms= 2.890/ 0.000/-0.200/ 0.000, Output= 0.500(-0.500/0.500), Volt=10.9 (10.6)
FrcRobotBase.printPidInfo_Info: gyroTurnPidCtrl: Target=   0.0, Input=  -0.5, Error=   0.5, PIDTerms= 0.026/ 0.000/ 0.020/ 0.000, Output= 0.047(-0.500/0.500), Volt=10.9 (10.6)
FrcRobotBase.printPidInfo_Info: encoderXPidCtrl: Target=   0.0, Input=   0.1, Error=  -0.1, PIDTerms=-0.017/ 0.000/-0.000/ 0.000, Output=-0.017(-0.500/0.500), Volt=11.0 (10.6)
FrcRobotBase.printPidInfo_Info: encoderYPidCtrl: Target=  85.0, Input=   3.5, Error=  81.5, PIDTerms= 2.853/ 0.000/-0.233/ 0.000, Output= 0.500(-0.500/0.500), Volt=11.0 (10.6)
FrcRobotBase.printPidInfo_Info: gyroTurnPidCtrl: Target=   0.0, Input=  -0.7, Error=   0.7, PIDTerms= 0.036/ 0.000/ 0.015/ 0.000, Output= 0.051(-0.500/0.500), Volt=11.0 (10.6)
FrcRobotBase.PixyVision_Info: null object(s) found
FrcRobotBase.printPidInfo_Info: encoderXPidCtrl: Target=   0.0, Input=   0.1, Error=  -0.1, PIDTerms=-0.021/ 0.000/-0.000/ 0.000, Output=-0.021(-0.500/0.500), Volt=11.0 (10.6)
FrcRobotBase.printPidInfo_Info: encoderYPidCtrl: Target=  85.0, Input=   4.7, Error=  80.3, PIDTerms= 2.811/ 0.000/-0.232/ 0.000, Output= 0.500(-0.500/0.500), Volt=11.0 (10.6)
FrcRobotBase.printPidInfo_Info: gyroTurnPidCtrl: Target=   0.0, Input=  -0.8, Error=   0.8, PIDTerms= 0.041/ 0.000/ 0.007/ 0.000, Output= 0.048(-0.500/0.500), Volt=11.0 (10.6)
FrcRobotBase.printPidInfo_Info: encoderXPidCtrl: Target=   0.0, Input=   0.2, Error=  -0.2, PIDTerms=-0.029/ 0.000/-0.000/ 0.000, Output=-0.029(-0.500/0.500), Volt=11.1 (10.6)
FrcRobotBase.printPidInfo_Info: encoderYPidCtrl: Target=  85.0, Input=   6.1, Error=  78.9, PIDTerms= 2.761/ 0.000/-0.301/ 0.000, Output= 0.500(-0.500/0.500), Volt=11.1 (10.6)
FrcRobotBase.printPidInfo_Info: gyroTurnPidCtrl: Target=   0.0, Input=  -0.9, Error=   0.9, PIDTerms= 0.043/ 0.000/ 0.003/ 0.000, Output= 0.046(-0.500/0.500), Volt=11.2 (10.6)
FrcRobotBase.printPidInfo_Info: encoderXPidCtrl: Target=   0.0, Input=  -0.0, Error=   0.0, PIDTerms= 0.001/ 0.000/ 0.000/ 0.000, Output= 0.001(-0.500/0.500), Volt=11.1 (10.6)
FrcRobotBase.printPidInfo_Info: encoderYPidCtrl: Target=  85.0, Input=   7.4, Error=  77.6, PIDTerms= 2.715/ 0.000/-0.302/ 0.000, Output= 0.500(-0.500/0.500), Volt=11.1 (10.6)
FrcRobotBase.printPidInfo_Info: gyroTurnPidCtrl: Target=   0.0, Input=  -0.8, Error=   0.8, PIDTerms= 0.042/ 0.000/-0.002/ 0.000, Output= 0.040(-0.500/0.500), Volt=11.1 (10.6)
FrcRobotBase.PixyVision_Info: null object(s) found
FrcRobotBase.printPidInfo_Info: encoderXPidCtrl: Target=   0.0, Input=   0.2, Error=  -0.2, PIDTerms=-0.030/ 0.000/-0.000/ 0.000, Output=-0.030(-0.500/0.500), Volt=11.1 (10.6)
FrcRobotBase.printPidInfo_Info: encoderYPidCtrl: Target=  85.0, Input=   8.5, Error=  76.5, PIDTerms= 2.677/ 0.000/-0.193/ 0.000, Output= 0.500(-0.500/0.500), Volt=11.1 (10.6)
FrcRobotBase.printPidInfo_Info: gyroTurnPidCtrl: Target=   0.0, Input=  -0.8, Error=   0.8, PIDTerms= 0.038/ 0.000/-0.005/ 0.000, Output= 0.034(-0.500/0.500), Volt=11.1 (10.6)
FrcRobotBase.printPidInfo_Info: encoderXPidCtrl: Target=   0.0, Input=   0.2, Error=  -0.2, PIDTerms=-0.033/ 0.000/-0.000/ 0.000, Output=-0.033(-0.500/0.500), Volt=11.1 (10.6)
FrcRobotBase.printPidInfo_Info: encoderYPidCtrl: Target=  85.0, Input=  10.3, Error=  74.7, PIDTerms= 2.614/ 0.000/-0.397/ 0.000, Output= 0.500(-0.500/0.500), Volt=11.1 (10.6)
FrcRobotBase.printPidInfo_Info: gyroTurnPidCtrl: Target=   0.0, Input=  -0.6, Error=   0.6, PIDTerms= 0.032/ 0.000/-0.011/ 0.000, Output= 0.021(-0.500/0.500), Volt=11.3 (10.6)
FrcRobotBase.printPidInfo_Info: encoderXPidCtrl: Target=   0.0, Input=   0.2, Error=  -0.2, PIDTerms=-0.033/ 0.000/ 0.000/ 0.000, Output=-0.033(-0.500/0.500), Volt=11.3 (10.6)
FrcRobotBase.printPidInfo_Info: encoderYPidCtrl: Target=  85.0, Input=  12.2, Error=  72.8, PIDTerms= 2.549/ 0.000/-0.397/ 0.000, Output= 0.500(-0.500/0.500), Volt=11.3 (10.6)
FrcRobotBase.printPidInfo_Info: gyroTurnPidCtrl: Target=   0.0, Input=  -0.5, Error=   0.5, PIDTerms= 0.023/ 0.000/-0.014/ 0.000, Output= 0.009(-0.500/0.500), Volt=11.3 (10.6)
FrcRobotBase.PixyVision_Info: null object(s) found
FrcRobotBase.printPidInfo_Info: encoderXPidCtrl: Target=   0.0, Input=   0.2, Error=  -0.2, PIDTerms=-0.030/ 0.000/ 0.000/ 0.000, Output=-0.030(-0.500/0.500), Volt=11.3 (10.6)
FrcRobotBase.printPidInfo_Info: encoderYPidCtrl: Target=  85.0, Input=  14.2, Error=  70.8, PIDTerms= 2.479/ 0.000/-0.392/ 0.000, Output= 0.500(-0.500/0.500), Volt=11.3 (10.6)
FrcRobotBase.printPidInfo_Info: gyroTurnPidCtrl: Target=   0.0, Input=  -0.3, Error=   0.3, PIDTerms= 0.017/ 0.000/-0.009/ 0.000, Output= 0.008(-0.500/0.500), Volt=11.3 (10.6)
FrcRobotBase.printPidInfo_Info: encoderXPidCtrl: Target=   0.0, Input=  -0.1, Error=   0.1, PIDTerms= 0.010/ 0.000/ 0.000/ 0.000, Output= 0.010(-0.500/0.500), Volt=11.2 (10.6)
FrcRobotBase.printPidInfo_Info: encoderYPidCtrl: Target=  85.0, Input=  16.0, Error=  69.0, PIDTerms= 2.415/ 0.000/-0.534/ 0.000, Output= 0.500(-0.500/0.500), Volt=11.2 (10.6)
FrcRobotBase.printPidInfo_Info: gyroTurnPidCtrl: Target=   0.0, Input=  -0.3, Error=   0.3, PIDTerms= 0.013/ 0.000/-0.010/ 0.000, Output= 0.003(-0.500/0.500), Volt=11.2 (10.6)
FrcRobotBase.printPidInfo_Info: encoderXPidCtrl: Target=   0.0, Input=   0.2, Error=  -0.2, PIDTerms=-0.025/ 0.000/-0.000/ 0.000, Output=-0.025(-0.500/0.500), Volt=11.3 (10.6)
FrcRobotBase.printPidInfo_Info: encoderYPidCtrl: Target=  85.0, Input=  17.4, Error=  67.6, PIDTerms= 2.367/ 0.000/-0.382/ 0.000, Output= 0.500(-0.500/0.500), Volt=11.3 (10.6)
FrcRobotBase.printPidInfo_Info: gyroTurnPidCtrl: Target=   0.0, Input=  -0.2, Error=   0.2, PIDTerms= 0.010/ 0.000/-0.005/ 0.000, Output= 0.005(-0.500/0.500), Volt=11.3 (10.6)
FrcRobotBase.printPidInfo_Info: encoderXPidCtrl: Target=   0.0, Input=   0.2, Error=  -0.2, PIDTerms=-0.025/ 0.000/-0.000/ 0.000, Output=-0.025(-0.500/0.500), Volt=11.3 (10.6)
FrcRobotBase.printPidInfo_Info: encoderYPidCtrl: Target=  85.0, Input=  18.5, Error=  66.5, PIDTerms= 2.328/ 0.000/-0.365/ 0.000, Output= 0.500(-0.500/0.500), Volt=11.3 (10.6)
FrcRobotBase.printPidInfo_Info: gyroTurnPidCtrl: Target=   0.0, Input=  -0.2, Error=   0.2, PIDTerms= 0.010/ 0.000/ 0.001/ 0.000, Output= 0.012(-0.500/0.500), Volt=11.3 (10.6)
FrcRobotBase.PixyVision_Info: null object(s) found
FrcRobotBase.printPidInfo_Info: encoderXPidCtrl: Target=   0.0, Input=   0.1, Error=  -0.1, PIDTerms=-0.021/ 0.000/ 0.000/ 0.000, Output=-0.021(-0.500/0.500), Volt=11.3 (10.6)
FrcRobotBase.printPidInfo_Info: encoderYPidCtrl: Target=  85.0, Input=  19.6, Error=  65.4, PIDTerms= 2.289/ 0.000/-0.313/ 0.000, Output= 0.500(-0.500/0.500), Volt=11.3 (10.6)
FrcRobotBase.printPidInfo_Info: gyroTurnPidCtrl: Target=   0.0, Input=  -0.2, Error=   0.2, PIDTerms= 0.009/ 0.000/-0.004/ 0.000, Output= 0.004(-0.500/0.500), Volt=11.3 (10.6)
FrcRobotBase.printPidInfo_Info: encoderXPidCtrl: Target=   0.0, Input=   0.1, Error=  -0.1, PIDTerms=-0.018/ 0.000/ 0.000/ 0.000, Output=-0.018(-0.500/0.500), Volt=11.4 (10.6)
FrcRobotBase.printPidInfo_Info: encoderYPidCtrl: Target=  85.0, Input=  22.0, Error=  63.0, PIDTerms= 2.205/ 0.000/-0.630/ 0.000, Output= 0.500(-0.500/0.500), Volt=11.4 (10.6)
FrcRobotBase.printPidInfo_Info: gyroTurnPidCtrl: Target=   0.0, Input=  -0.2, Error=   0.2, PIDTerms= 0.011/ 0.000/ 0.005/ 0.000, Output= 0.016(-0.500/0.500), Volt=11.4 (10.6)
FrcRobotBase.printPidInfo_Info: encoderXPidCtrl: Target=   0.0, Input=   0.1, Error=  -0.1, PIDTerms=-0.014/ 0.000/ 0.000/ 0.000, Output=-0.014(-0.500/0.500), Volt=11.3 (10.6)
FrcRobotBase.printPidInfo_Info: encoderYPidCtrl: Target=  85.0, Input=  23.2, Error=  61.8, PIDTerms= 2.162/ 0.000/-0.375/ 0.000, Output= 0.500(-0.500/0.500), Volt=11.3 (10.6)
FrcRobotBase.printPidInfo_Info: gyroTurnPidCtrl: Target=   0.0, Input=  -0.2, Error=   0.2, PIDTerms= 0.009/ 0.000/-0.006/ 0.000, Output= 0.003(-0.500/0.500), Volt=11.3 (10.6)
FrcRobotBase.printPidInfo_Info: encoderXPidCtrl: Target=   0.0, Input=  -0.2, Error=   0.2, PIDTerms= 0.029/ 0.000/ 0.000/ 0.000, Output= 0.029(-0.500/0.500), Volt=11.4 (10.6)
FrcRobotBase.printPidInfo_Info: encoderYPidCtrl: Target=  85.0, Input=  25.4, Error=  59.6, PIDTerms= 2.087/ 0.000/-0.459/ 0.000, Output= 0.500(-0.500/0.500), Volt=11.4 (10.6)
FrcRobotBase.printPidInfo_Info: gyroTurnPidCtrl: Target=   0.0, Input=  -0.2, Error=   0.2, PIDTerms= 0.008/ 0.000/-0.001/ 0.000, Output= 0.007(-0.500/0.500), Volt=11.4 (10.6)
FrcRobotBase.PixyVision_Info: null object(s) found
FrcRobotBase.printPidInfo_Info: encoderXPidCtrl: Target=   0.0, Input=   0.1, Error=  -0.1, PIDTerms=-0.008/ 0.000/-0.000/ 0.000, Output=-0.008(-0.500/0.500), Volt=11.4 (10.6)
FrcRobotBase.printPidInfo_Info: encoderYPidCtrl: Target=  85.0, Input=  27.0, Error=  58.0, PIDTerms= 2.031/ 0.000/-0.583/ 0.000, Output= 0.500(-0.500/0.500), Volt=11.4 (10.6)
FrcRobotBase.printPidInfo_Info: gyroTurnPidCtrl: Target=   0.0, Input=  -0.1, Error=   0.1, PIDTerms= 0.006/ 0.000/-0.005/ 0.000, Output= 0.001(-0.500/0.500), Volt=11.4 (10.6)
FrcRobotBase.printPidInfo_Info: encoderXPidCtrl: Target=   0.0, Input=   0.1, Error=  -0.1, PIDTerms=-0.009/ 0.000/-0.000/ 0.000, Output=-0.009(-0.500/0.500), Volt=11.4 (10.6)
FrcRobotBase.printPidInfo_Info: encoderYPidCtrl: Target=  85.0, Input=  28.2, Error=  56.8, PIDTerms= 1.987/ 0.000/-0.524/ 0.000, Output= 0.500(-0.500/0.500), Volt=11.4 (10.6)
FrcRobotBase.printPidInfo_Info: gyroTurnPidCtrl: Target=   0.0, Input=  -0.1, Error=   0.1, PIDTerms= 0.005/ 0.000/-0.003/ 0.000, Output= 0.002(-0.500/0.500), Volt=11.4 (10.6)
FrcRobotBase.printPidInfo_Info: encoderXPidCtrl: Target=   0.0, Input=   0.1, Error=  -0.1, PIDTerms=-0.012/ 0.000/-0.000/ 0.000, Output=-0.012(-0.500/0.500), Volt=11.4 (10.6)
FrcRobotBase.printPidInfo_Info: encoderYPidCtrl: Target=  85.0, Input=  29.5, Error=  55.5, PIDTerms= 1.942/ 0.000/-0.537/ 0.000, Output= 0.500(-0.500/0.500), Volt=11.4 (10.6)
FrcRobotBase.printPidInfo_Info: gyroTurnPidCtrl: Target=   0.0, Input=  -0.1, Error=   0.1, PIDTerms= 0.005/ 0.000/ 0.000/ 0.000, Output= 0.005(-0.500/0.500), Volt=11.4 (10.6)
FrcRobotBase.printPidInfo_Info: encoderXPidCtrl: Target=   0.0, Input=   0.1, Error=  -0.1, PIDTerms=-0.012/ 0.000/ 0.000/ 0.000, Output=-0.012(-0.500/0.500), Volt=11.4 (10.6)
FrcRobotBase.printPidInfo_Info: encoderYPidCtrl: Target=  85.0, Input=  30.8, Error=  54.2, PIDTerms= 1.896/ 0.000/-0.555/ 0.000, Output= 0.500(-0.500/0.500), Volt=11.4 (10.6)
FrcRobotBase.printPidInfo_Info: gyroTurnPidCtrl: Target=   0.0, Input=  -0.1, Error=   0.1, PIDTerms= 0.005/ 0.000/-0.002/ 0.000, Output= 0.003(-0.500/0.500), Volt=11.4 (10.6)
FrcRobotBase.printPidInfo_Info: encoderXPidCtrl: Target=   0.0, Input=   0.1, Error=  -0.1, PIDTerms=-0.013/ 0.000/-0.000/ 0.000, Output=-0.013(-0.500/0.500), Volt=11.4 (10.6)
FrcRobotBase.printPidInfo_Info: encoderYPidCtrl: Target=  85.0, Input=  32.1, Error=  52.9, PIDTerms= 1.850/ 0.000/-0.503/ 0.000, Output= 0.500(-0.500/0.500), Volt=11.4 (10.6)
FrcRobotBase.printPidInfo_Info: gyroTurnPidCtrl: Target=   0.0, Input=  -0.1, Error=   0.1, PIDTerms= 0.005/ 0.000/ 0.003/ 0.000, Output= 0.008(-0.500/0.500), Volt=11.4 (10.6)
FrcRobotBase.printPidInfo_Info: encoderXPidCtrl: Target=   0.0, Input=   0.1, Error=  -0.1, PIDTerms=-0.012/ 0.000/ 0.000/ 0.000, Output=-0.012(-0.500/0.500), Volt=11.4 (10.6)
FrcRobotBase.printPidInfo_Info: encoderYPidCtrl: Target=  85.0, Input=  33.5, Error=  51.5, PIDTerms= 1.803/ 0.000/-0.572/ 0.000, Output= 0.500(-0.500/0.500), Volt=11.4 (10.6)
FrcRobotBase.printPidInfo_Info: gyroTurnPidCtrl: Target=   0.0, Input=  -0.1, Error=   0.1, PIDTerms= 0.006/ 0.000/ 0.003/ 0.000, Output= 0.010(-0.500/0.500), Volt=11.4 (10.6)
FrcRobotBase.PixyVision_Info: null object(s) found
FrcRobotBase.printPidInfo_Info: encoderXPidCtrl: Target=   0.0, Input=   0.1, Error=  -0.1, PIDTerms=-0.009/ 0.000/ 0.000/ 0.000, Output=-0.009(-0.500/0.500), Volt=11.4 (10.6)
FrcRobotBase.printPidInfo_Info: encoderYPidCtrl: Target=  85.0, Input=  34.9, Error=  50.1, PIDTerms= 1.754/ 0.000/-0.542/ 0.000, Output= 0.500(-0.500/0.500), Volt=11.4 (10.6)
FrcRobotBase.printPidInfo_Info: gyroTurnPidCtrl: Target=   0.0, Input=  -0.1, Error=   0.1, PIDTerms= 0.005/ 0.000/-0.003/ 0.000, Output= 0.003(-0.500/0.500), Volt=11.4 (10.6)
FrcRobotBase.printPidInfo_Info: encoderXPidCtrl: Target=   0.0, Input=   0.1, Error=  -0.1, PIDTerms=-0.009/ 0.000/ 0.000/ 0.000, Output=-0.009(-0.500/0.500), Volt=11.4 (10.6)
FrcRobotBase.printPidInfo_Info: encoderYPidCtrl: Target=  85.0, Input=  36.2, Error=  48.8, PIDTerms= 1.706/ 0.000/-0.567/ 0.000, Output= 0.500(-0.500/0.500), Volt=11.4 (10.6)
FrcRobotBase.printPidInfo_Info: gyroTurnPidCtrl: Target=   0.0, Input=  -0.1, Error=   0.1, PIDTerms= 0.006/ 0.000/ 0.002/ 0.000, Output= 0.008(-0.500/0.500), Volt=11.4 (10.6)
FrcRobotBase.printPidInfo_Info: encoderXPidCtrl: Target=   0.0, Input=   0.1, Error=  -0.1, PIDTerms=-0.009/ 0.000/ 0.000/ 0.000, Output=-0.009(-0.500/0.500), Volt=11.3 (10.6)
FrcRobotBase.printPidInfo_Info: encoderYPidCtrl: Target=  85.0, Input=  37.6, Error=  47.4, PIDTerms= 1.659/ 0.000/-0.527/ 0.000, Output= 0.500(-0.500/0.500), Volt=11.3 (10.6)
FrcRobotBase.printPidInfo_Info: gyroTurnPidCtrl: Target=   0.0, Input=  -0.1, Error=   0.1, PIDTerms= 0.006/ 0.000/ 0.000/ 0.000, Output= 0.006(-0.500/0.500), Volt=11.3 (10.6)
FrcRobotBase.printPidInfo_Info: encoderXPidCtrl: Target=   0.0, Input=  -0.2, Error=   0.2, PIDTerms= 0.037/ 0.000/ 0.000/ 0.000, Output= 0.037(-0.500/0.500), Volt=11.3 (10.6)
FrcRobotBase.printPidInfo_Info: encoderYPidCtrl: Target=  85.0, Input=  38.7, Error=  46.3, PIDTerms= 1.622/ 0.000/-0.450/ 0.000, Output= 0.500(-0.500/0.500), Volt=11.3 (10.6)
FrcRobotBase.printPidInfo_Info: gyroTurnPidCtrl: Target=   0.0, Input=  -0.1, Error=   0.1, PIDTerms= 0.006/ 0.000/ 0.000/ 0.000, Output= 0.006(-0.500/0.500), Volt=11.3 (10.6)
FrcRobotBase.printPidInfo_Info: encoderXPidCtrl: Target=   0.0, Input=  -0.3, Error=   0.3, PIDTerms= 0.038/ 0.000/ 0.000/ 0.000, Output= 0.038(-0.500/0.500), Volt=11.4 (10.6)
FrcRobotBase.printPidInfo_Info: encoderYPidCtrl: Target=  85.0, Input=  40.1, Error=  44.9, PIDTerms= 1.572/ 0.000/-0.573/ 0.000, Output= 0.500(-0.500/0.500), Volt=11.4 (10.6)
FrcRobotBase.printPidInfo_Info: gyroTurnPidCtrl: Target=   0.0, Input=  -0.1, Error=   0.1, PIDTerms= 0.007/ 0.000/ 0.003/ 0.000, Output= 0.010(-0.500/0.500), Volt=11.4 (10.6)
FrcRobotBase.PixyVision_Info: null object(s) found
FrcRobotBase.startCompetition_Warn: AUTO_MODE takes too long (0.051s)

FrcRobotBase.printPidInfo_Info: encoderXPidCtrl: Target=   0.0, Input=  -0.2, Error=   0.2, PIDTerms= 0.036/ 0.000/-0.000/ 0.000, Output= 0.036(-0.500/0.500), Volt=11.4 (10.6)
FrcRobotBase.printPidInfo_Info: encoderYPidCtrl: Target=  85.0, Input=  41.5, Error=  43.5, PIDTerms= 1.523/ 0.000/-0.271/ 0.000, Output= 0.500(-0.500/0.500), Volt=11.4 (10.6)
FrcRobotBase.printPidInfo_Info: gyroTurnPidCtrl: Target=   0.0, Input=  -0.2, Error=   0.2, PIDTerms= 0.008/ 0.000/ 0.001/ 0.000, Output= 0.008(-0.500/0.500), Volt=11.4 (10.6)
FrcRobotBase.printPidInfo_Info: encoderXPidCtrl: Target=   0.0, Input=   0.1, Error=  -0.1, PIDTerms=-0.015/ 0.000/-0.000/ 0.000, Output=-0.015(-0.500/0.500), Volt=11.4 (10.6)
FrcRobotBase.printPidInfo_Info: encoderYPidCtrl: Target=  85.0, Input=  44.8, Error=  40.2, PIDTerms= 1.408/ 0.000/-0.461/ 0.000, Output= 0.500(-0.500/0.500), Volt=11.4 (10.6)
FrcRobotBase.printPidInfo_Info: gyroTurnPidCtrl: Target=   0.0, Input=  -0.2, Error=   0.2, PIDTerms= 0.009/ 0.000/ 0.001/ 0.000, Output= 0.010(-0.500/0.500), Volt=11.5 (10.6)
FrcRobotBase.PixyVision_Info: null object(s) found
FrcRobotBase.printPidInfo_Info: encoderXPidCtrl: Target=   0.0, Input=  -0.2, Error=   0.2, PIDTerms= 0.023/ 0.000/ 0.000/ 0.000, Output= 0.023(-0.500/0.500), Volt=11.6 (10.6)
FrcRobotBase.printPidInfo_Info: encoderYPidCtrl: Target=  85.0, Input=  48.8, Error=  36.2, PIDTerms= 1.266/ 0.000/-0.712/ 0.000, Output= 0.500(-0.500/0.500), Volt=11.6 (10.6)
FrcRobotBase.printPidInfo_Info: gyroTurnPidCtrl: Target=   0.0, Input=  -0.2, Error=   0.2, PIDTerms= 0.008/ 0.000/-0.001/ 0.000, Output= 0.007(-0.500/0.500), Volt=11.6 (10.6)
FrcRobotBase.printPidInfo_Info: encoderXPidCtrl: Target=   0.0, Input=   0.2, Error=  -0.2, PIDTerms=-0.030/ 0.000/-0.000/ 0.000, Output=-0.030(-0.500/0.500), Volt=11.6 (10.6)
FrcRobotBase.printPidInfo_Info: encoderYPidCtrl: Target=  85.0, Input=  52.2, Error=  32.8, PIDTerms= 1.147/ 0.000/-0.827/ 0.000, Output= 0.320(-0.500/0.500), Volt=11.6 (10.6)
FrcRobotBase.printPidInfo_Info: gyroTurnPidCtrl: Target=   0.0, Input=  -0.1, Error=   0.1, PIDTerms= 0.005/ 0.000/-0.006/ 0.000, Output=-0.002(-0.500/0.500), Volt=11.6 (10.6)
FrcRobotBase.printPidInfo_Info: encoderXPidCtrl: Target=   0.0, Input=   0.2, Error=  -0.2, PIDTerms=-0.033/ 0.000/-0.000/ 0.000, Output=-0.033(-0.500/0.500), Volt=12.1 (10.6)
FrcRobotBase.printPidInfo_Info: encoderYPidCtrl: Target=  85.0, Input=  53.8, Error=  31.2, PIDTerms= 1.093/ 0.000/-0.453/ 0.000, Output= 0.500(-0.500/0.500), Volt=12.1 (10.6)
FrcRobotBase.printPidInfo_Info: gyroTurnPidCtrl: Target=   0.0, Input=  -0.1, Error=   0.1, PIDTerms= 0.004/ 0.000/-0.001/ 0.000, Output= 0.003(-0.500/0.500), Volt=12.1 (10.6)
FrcRobotBase.printPidInfo_Info: encoderXPidCtrl: Target=   0.0, Input=  -0.1, Error=   0.1, PIDTerms= 0.013/ 0.000/ 0.000/ 0.000, Output= 0.013(-0.500/0.500), Volt=11.6 (10.6)
FrcRobotBase.printPidInfo_Info: encoderYPidCtrl: Target=  85.0, Input=  56.4, Error=  28.6, PIDTerms= 1.002/ 0.000/-0.672/ 0.000, Output= 0.331(-0.500/0.500), Volt=11.6 (10.6)
FrcRobotBase.printPidInfo_Info: gyroTurnPidCtrl: Target=   0.0, Input=  -0.0, Error=   0.0, PIDTerms= 0.002/ 0.000/-0.004/ 0.000, Output=-0.002(-0.500/0.500), Volt=11.6 (10.6)
FrcRobotBase.PixyVision_Info: null object(s) found
FrcRobotBase.printPidInfo_Info: encoderXPidCtrl: Target=   0.0, Input=   0.2, Error=  -0.2, PIDTerms=-0.031/ 0.000/-0.000/ 0.000, Output=-0.031(-0.500/0.500), Volt=12.0 (10.6)
FrcRobotBase.printPidInfo_Info: encoderYPidCtrl: Target=  85.0, Input=  58.2, Error=  26.8, PIDTerms= 0.937/ 0.000/-0.503/ 0.000, Output= 0.434(-0.500/0.500), Volt=11.9 (10.6)
FrcRobotBase.printPidInfo_Info: gyroTurnPidCtrl: Target=   0.0, Input=   0.0, Error=   0.0, PIDTerms= 0.000/ 0.000/-0.004/ 0.000, Output=-0.004(-0.500/0.500), Volt=11.9 (10.6)
FrcRobotBase.printPidInfo_Info: encoderXPidCtrl: Target=   0.0, Input=   0.2, Error=  -0.2, PIDTerms=-0.032/ 0.000/-0.000/ 0.000, Output=-0.032(-0.500/0.500), Volt=11.9 (10.6)
FrcRobotBase.printPidInfo_Info: encoderYPidCtrl: Target=  85.0, Input=  59.8, Error=  25.2, PIDTerms= 0.884/ 0.000/-0.397/ 0.000, Output= 0.487(-0.500/0.500), Volt=11.6 (10.6)
FrcRobotBase.printPidInfo_Info: gyroTurnPidCtrl: Target=   0.0, Input=  -0.0, Error=   0.0, PIDTerms= 0.001/ 0.000/ 0.003/ 0.000, Output= 0.004(-0.500/0.500), Volt=11.6 (10.6)
FrcRobotBase.printPidInfo_Info: encoderXPidCtrl: Target=   0.0, Input=   0.2, Error=  -0.2, PIDTerms=-0.032/ 0.000/ 0.000/ 0.000, Output=-0.032(-0.500/0.500), Volt=11.6 (10.6)
FrcRobotBase.printPidInfo_Info: encoderYPidCtrl: Target=  85.0, Input=  62.7, Error=  22.3, PIDTerms= 0.781/ 0.000/-0.830/ 0.000, Output=-0.049(-0.500/0.500), Volt=11.6 (10.6)
FrcRobotBase.printPidInfo_Info: gyroTurnPidCtrl: Target=   0.0, Input=   0.0, Error=   0.0, PIDTerms= 0.000/ 0.000/-0.003/ 0.000, Output=-0.003(-0.500/0.500), Volt=11.6 (10.6)
FrcRobotBase.printPidInfo_Info: encoderXPidCtrl: Target=   0.0, Input=   0.2, Error=  -0.2, PIDTerms=-0.026/ 0.000/ 0.000/ 0.000, Output=-0.026(-0.500/0.500), Volt=11.9 (10.6)
FrcRobotBase.printPidInfo_Info: encoderYPidCtrl: Target=  85.0, Input=  64.2, Error=  20.8, PIDTerms= 0.727/ 0.000/-0.390/ 0.000, Output= 0.337(-0.500/0.500), Volt=11.9 (10.6)
FrcRobotBase.printPidInfo_Info: gyroTurnPidCtrl: Target=   0.0, Input=   0.0, Error=   0.0, PIDTerms= 0.000/ 0.000/ 0.000/ 0.000, Output= 0.000(-0.500/0.500), Volt=11.9 (10.6)
FrcRobotBase.PixyVision_Info: null object(s) found
FrcRobotBase.printPidInfo_Info: encoderXPidCtrl: Target=   0.0, Input=  -0.1, Error=   0.1, PIDTerms= 0.015/ 0.000/ 0.000/ 0.000, Output= 0.015(-0.500/0.500), Volt=11.9 (10.6)
FrcRobotBase.printPidInfo_Info: encoderYPidCtrl: Target=  85.0, Input=  66.5, Error=  18.5, PIDTerms= 0.646/ 0.000/-0.632/ 0.000, Output= 0.015(-0.500/0.500), Volt=11.9 (10.6)
FrcRobotBase.printPidInfo_Info: gyroTurnPidCtrl: Target=   0.0, Input=   0.0, Error=  -0.0, PIDTerms=-0.001/ 0.000/-0.003/ 0.000, Output=-0.005(-0.500/0.500), Volt=11.9 (10.6)
FrcRobotBase.printPidInfo_Info: encoderXPidCtrl: Target=   0.0, Input=   0.1, Error=  -0.1, PIDTerms=-0.013/ 0.000/-0.000/ 0.000, Output=-0.013(-0.500/0.500), Volt=12.0 (10.6)
FrcRobotBase.printPidInfo_Info: encoderYPidCtrl: Target=  85.0, Input=  68.0, Error=  17.0, PIDTerms= 0.594/ 0.000/-0.364/ 0.000, Output= 0.230(-0.500/0.500), Volt=12.1 (10.6)
FrcRobotBase.printPidInfo_Info: gyroTurnPidCtrl: Target=   0.0, Input=   0.1, Error=  -0.1, PIDTerms=-0.003/ 0.000/-0.002/ 0.000, Output=-0.004(-0.500/0.500), Volt=12.1 (10.6)
FrcRobotBase.printPidInfo_Info: encoderXPidCtrl: Target=   0.0, Input=   0.1, Error=  -0.1, PIDTerms=-0.013/ 0.000/ 0.000/ 0.000, Output=-0.013(-0.500/0.500), Volt=12.2 (10.6)
FrcRobotBase.printPidInfo_Info: encoderYPidCtrl: Target=  85.0, Input=  69.3, Error=  15.7, PIDTerms= 0.548/ 0.000/-0.393/ 0.000, Output= 0.155(-0.500/0.500), Volt=12.2 (10.6)
FrcRobotBase.printPidInfo_Info: gyroTurnPidCtrl: Target=   0.0, Input=   0.1, Error=  -0.1, PIDTerms=-0.004/ 0.000/-0.003/ 0.000, Output=-0.007(-0.500/0.500), Volt=12.2 (10.6)
FrcRobotBase.printPidInfo_Info: encoderXPidCtrl: Target=   0.0, Input=  -0.0, Error=   0.0, PIDTerms= 0.002/ 0.000/ 0.000/ 0.000, Output= 0.002(-0.500/0.500), Volt=12.0 (10.6)
FrcRobotBase.printPidInfo_Info: encoderYPidCtrl: Target=  85.0, Input=  71.7, Error=  13.3, PIDTerms= 0.464/ 0.000/-0.612/ 0.000, Output=-0.148(-0.500/0.500), Volt=12.0 (10.6)
FrcRobotBase.printPidInfo_Info: gyroTurnPidCtrl: Target=   0.0, Input=   0.3, Error=  -0.3, PIDTerms=-0.013/ 0.000/-0.017/ 0.000, Output=-0.030(-0.500/0.500), Volt=12.0 (10.6)
FrcRobotBase.PixyVision_Info: null object(s) found
FrcRobotBase.printPidInfo_Info: encoderXPidCtrl: Target=   0.0, Input=  -0.1, Error=   0.1, PIDTerms= 0.008/ 0.000/ 0.000/ 0.000, Output= 0.008(-0.500/0.500), Volt=11.7 (10.6)
FrcRobotBase.printPidInfo_Info: encoderYPidCtrl: Target=  85.0, Input=  72.9, Error=  12.1, PIDTerms= 0.423/ 0.000/-0.318/ 0.000, Output= 0.105(-0.500/0.500), Volt=11.7 (10.6)
FrcRobotBase.printPidInfo_Info: gyroTurnPidCtrl: Target=   0.0, Input=   0.4, Error=  -0.4, PIDTerms=-0.021/ 0.000/-0.016/ 0.000, Output=-0.037(-0.500/0.500), Volt=11.7 (10.6)
FrcRobotBase.printPidInfo_Info: encoderXPidCtrl: Target=   0.0, Input=  -0.2, Error=   0.2, PIDTerms= 0.027/ 0.000/ 0.000/ 0.000, Output= 0.027(-0.500/0.500), Volt=12.1 (10.6)
FrcRobotBase.printPidInfo_Info: encoderYPidCtrl: Target=  85.0, Input=  75.0, Error=  10.0, PIDTerms= 0.348/ 0.000/-0.519/ 0.000, Output=-0.170(-0.500/0.500), Volt=12.1 (10.6)
FrcRobotBase.printPidInfo_Info: gyroTurnPidCtrl: Target=   0.0, Input=   0.6, Error=  -0.6, PIDTerms=-0.028/ 0.000/-0.014/ 0.000, Output=-0.042(-0.500/0.500), Volt=11.7 (10.6)
FrcRobotBase.printPidInfo_Info: encoderXPidCtrl: Target=   0.0, Input=  -0.3, Error=   0.3, PIDTerms= 0.049/ 0.000/ 0.000/ 0.000, Output= 0.049(-0.500/0.500), Volt=11.7 (10.6)
FrcRobotBase.printPidInfo_Info: encoderYPidCtrl: Target=  85.0, Input=  75.9, Error=   9.1, PIDTerms= 0.318/ 0.000/-0.259/ 0.000, Output= 0.059(-0.500/0.500), Volt=12.1 (10.6)
FrcRobotBase.printPidInfo_Info: gyroTurnPidCtrl: Target=   0.0, Input=   0.7, Error=  -0.7, PIDTerms=-0.034/ 0.000/-0.012/ 0.000, Output=-0.046(-0.500/0.500), Volt=12.1 (10.6)
FrcRobotBase.printPidInfo_Info: encoderXPidCtrl: Target=   0.0, Input=  -0.4, Error=   0.4, PIDTerms= 0.067/ 0.000/ 0.000/ 0.000, Output= 0.067(-0.500/0.500), Volt=12.1 (10.6)
FrcRobotBase.printPidInfo_Info: encoderYPidCtrl: Target=  85.0, Input=  77.6, Error=   7.4, PIDTerms= 0.259/ 0.000/-0.412/ 0.000, Output=-0.153(-0.500/0.500), Volt=12.1 (10.6)
FrcRobotBase.printPidInfo_Info: gyroTurnPidCtrl: Target=   0.0, Input=   0.6, Error=  -0.6, PIDTerms=-0.031/ 0.000/ 0.006/ 0.000, Output=-0.025(-0.500/0.500), Volt=12.1 (10.6)
FrcRobotBase.PixyVision_Info: null object(s) found
FrcRobotBase.printPidInfo_Info: encoderXPidCtrl: Target=   0.0, Input=  -0.5, Error=   0.5, PIDTerms= 0.078/ 0.000/ 0.000/ 0.000, Output= 0.078(-0.500/0.500), Volt=11.8 (10.6)
FrcRobotBase.printPidInfo_Info: encoderYPidCtrl: Target=  85.0, Input=  78.4, Error=   6.6, PIDTerms= 0.231/ 0.000/-0.225/ 0.000, Output= 0.006(-0.500/0.500), Volt=11.8 (10.6)
FrcRobotBase.printPidInfo_Info: gyroTurnPidCtrl: Target=   0.0, Input=   0.6, Error=  -0.6, PIDTerms=-0.029/ 0.000/ 0.004/ 0.000, Output=-0.025(-0.500/0.500), Volt=11.8 (10.6)
FrcRobotBase.printPidInfo_Info: encoderXPidCtrl: Target=   0.0, Input=  -0.7, Error=   0.7, PIDTerms= 0.107/ 0.000/ 0.000/ 0.000, Output= 0.107(-0.500/0.500), Volt=12.1 (10.6)
FrcRobotBase.printPidInfo_Info: encoderYPidCtrl: Target=  85.0, Input=  79.6, Error=   5.4, PIDTerms= 0.188/ 0.000/-0.312/ 0.000, Output=-0.124(-0.500/0.500), Volt=12.1 (10.6)
FrcRobotBase.printPidInfo_Info: gyroTurnPidCtrl: Target=   0.0, Input=   0.4, Error=  -0.4, PIDTerms=-0.022/ 0.000/ 0.014/ 0.000, Output=-0.007(-0.500/0.500), Volt=12.1 (10.6)
FrcRobotBase.printPidInfo_Info: encoderXPidCtrl: Target=   0.0, Input=  -0.6, Error=   0.6, PIDTerms= 0.085/ 0.000/-0.000/ 0.000, Output= 0.085(-0.500/0.500), Volt=11.9 (10.6)
FrcRobotBase.printPidInfo_Info: encoderYPidCtrl: Target=  85.0, Input=  80.5, Error=   4.5, PIDTerms= 0.159/ 0.000/-0.251/ 0.000, Output=-0.092(-0.500/0.500), Volt=11.9 (10.6)
FrcRobotBase.printPidInfo_Info: gyroTurnPidCtrl: Target=   0.0, Input=   0.3, Error=  -0.3, PIDTerms=-0.014/ 0.000/ 0.017/ 0.000, Output= 0.003(-0.500/0.500), Volt=11.9 (10.6)
FrcRobotBase.PixyVision_Info: null object(s) found
FrcRobotBase.printPidInfo_Info: encoderXPidCtrl: Target=   0.0, Input=  -0.5, Error=   0.5, PIDTerms= 0.073/ 0.000/-0.000/ 0.000, Output= 0.073(-0.500/0.500), Volt=12.0 (10.6)
FrcRobotBase.printPidInfo_Info: encoderYPidCtrl: Target=  85.0, Input=  81.6, Error=   3.4, PIDTerms= 0.119/ 0.000/-0.201/ 0.000, Output=-0.082(-0.500/0.500), Volt=12.0 (10.6)
FrcRobotBase.printPidInfo_Info: gyroTurnPidCtrl: Target=   0.0, Input=   0.1, Error=  -0.1, PIDTerms=-0.007/ 0.000/ 0.009/ 0.000, Output= 0.002(-0.500/0.500), Volt=12.0 (10.6)
FrcRobotBase.printPidInfo_Info: encoderXPidCtrl: Target=   0.0, Input=  -0.6, Error=   0.6, PIDTerms= 0.086/ 0.000/ 0.000/ 0.000, Output= 0.086(-0.500/0.500), Volt=11.9 (10.6)
FrcRobotBase.printPidInfo_Info: encoderYPidCtrl: Target=  85.0, Input=  82.3, Error=   2.7, PIDTerms= 0.093/ 0.000/-0.186/ 0.000, Output=-0.092(-0.500/0.500), Volt=11.9 (10.6)
FrcRobotBase.printPidInfo_Info: gyroTurnPidCtrl: Target=   0.0, Input=   0.0, Error=  -0.0, PIDTerms=-0.000/ 0.000/ 0.012/ 0.000, Output= 0.012(-0.500/0.500), Volt=11.9 (10.6)
FrcRobotBase.printPidInfo_Info: encoderXPidCtrl: Target=   0.0, Input=  -0.4, Error=   0.4, PIDTerms= 0.063/ 0.000/-0.000/ 0.000, Output= 0.063(-0.500/0.500), Volt=11.8 (10.6)
FrcRobotBase.printPidInfo_Info: encoderYPidCtrl: Target=  85.0, Input=  82.9, Error=   2.1, PIDTerms= 0.075/ 0.000/-0.155/ 0.000, Output=-0.080(-0.500/0.500), Volt=11.8 (10.6)
FrcRobotBase.printPidInfo_Info: gyroTurnPidCtrl: Target=   0.0, Input=   0.0, Error=   0.0, PIDTerms= 0.000/ 0.000/ 0.001/ 0.000, Output= 0.001(-0.500/0.500), Volt=11.9 (10.6)
FrcRobotBase.printPidInfo_Info: encoderXPidCtrl: Target=   0.0, Input=  -0.4, Error=   0.4, PIDTerms= 0.062/ 0.000/-0.000/ 0.000, Output= 0.062(-0.500/0.500), Volt=11.9 (10.6)
FrcRobotBase.printPidInfo_Info: encoderYPidCtrl: Target=  85.0, Input=  83.2, Error=   1.8, PIDTerms= 0.062/ 0.000/-0.090/ 0.000, Output=-0.028(-0.500/0.500), Volt=11.9 (10.6)
FrcRobotBase.printPidInfo_Info: gyroTurnPidCtrl: Target=   0.0, Input=   0.0, Error=  -0.0, PIDTerms=-0.002/ 0.000/-0.004/ 0.000, Output=-0.006(-0.500/0.500), Volt=11.9 (10.6)
FrcRobotBase.PixyVision_Info: null object(s) found
FrcRobotBase.printPidInfo_Info: encoderXPidCtrl: Target=   0.0, Input=  -0.4, Error=   0.4, PIDTerms= 0.059/ 0.000/-0.000/ 0.000, Output= 0.059(-0.500/0.500), Volt=12.0 (10.6)
FrcRobotBase.printPidInfo_Info: encoderYPidCtrl: Target=  85.0, Input=  83.8, Error=   1.2, PIDTerms= 0.042/ 0.000/-0.140/ 0.000, Output=-0.099(-0.500/0.500), Volt=12.0 (10.6)
FrcRobotBase.printPidInfo_Info: gyroTurnPidCtrl: Target=   0.0, Input=   0.1, Error=  -0.1, PIDTerms=-0.003/ 0.000/-0.002/ 0.000, Output=-0.005(-0.500/0.500), Volt=12.0 (10.6)
FrcRobotBase.printPidInfo_Info: encoderXPidCtrl: Target=   0.0, Input=  -0.4, Error=   0.4, PIDTerms= 0.054/ 0.000/-0.000/ 0.000, Output= 0.054(-0.500/0.500), Volt=12.0 (10.6)
FrcRobotBase.printPidInfo_Info: encoderYPidCtrl: Target=  85.0, Input=  84.0, Error=   1.0, PIDTerms= 0.034/ 0.000/-0.061/ 0.000, Output=-0.027(-0.500/0.500), Volt=12.0 (10.6)
FrcRobotBase.printPidInfo_Info: gyroTurnPidCtrl: Target=   0.0, Input=   0.1, Error=  -0.1, PIDTerms=-0.003/ 0.000/ 0.001/ 0.000, Output=-0.001(-0.500/0.500), Volt=12.0 (10.6)
FrcRobotBase.printPidInfo_Info: encoderXPidCtrl: Target=   0.0, Input=  -0.4, Error=   0.4, PIDTerms= 0.055/ 0.000/ 0.000/ 0.000, Output= 0.055(-0.500/0.500), Volt=12.0 (10.6)
FrcRobotBase.printPidInfo_Info: encoderYPidCtrl: Target=  85.0, Input=  84.3, Error=   0.7, PIDTerms= 0.023/ 0.000/-0.074/ 0.000, Output=-0.051(-0.500/0.500), Volt=12.1 (10.6)
FrcRobotBase.printPidInfo_Info: gyroTurnPidCtrl: Target=   0.0, Input=   0.0, Error=  -0.0, PIDTerms=-0.000/ 0.000/ 0.003/ 0.000, Output= 0.003(-0.500/0.500), Volt=12.1 (10.6)
FrcRobotBase.printPidInfo_Info: encoderXPidCtrl: Target=   0.0, Input=  -0.3, Error=   0.3, PIDTerms= 0.047/ 0.000/-0.000/ 0.000, Output= 0.047(-0.500/0.500), Volt=12.1 (10.6)
FrcRobotBase.printPidInfo_Info: encoderYPidCtrl: Target=  85.0, Input=  84.5, Error=   0.5, PIDTerms= 0.016/ 0.000/-0.060/ 0.000, Output=-0.045(-0.500/0.500), Volt=12.1 (10.6)
FrcRobotBase.printPidInfo_Info: gyroTurnPidCtrl: Target=   0.0, Input=  -0.0, Error=   0.0, PIDTerms= 0.000/ 0.000/ 0.002/ 0.000, Output= 0.003(-0.500/0.500), Volt=12.1 (10.6)
FrcRobotBase.PixyVision_Info: null object(s) found
FrcRobotBase.printPidInfo_Info: encoderXPidCtrl: Target=   0.0, Input=  -0.3, Error=   0.3, PIDTerms= 0.045/ 0.000/-0.000/ 0.000, Output= 0.045(-0.500/0.500), Volt=12.0 (10.6)
FrcRobotBase.printPidInfo_Info: encoderYPidCtrl: Target=  85.0, Input=  84.8, Error=   0.2, PIDTerms= 0.008/ 0.000/-0.051/ 0.000, Output=-0.042(-0.500/0.500), Volt=12.0 (10.6)
FrcRobotBase.printPidInfo_Info: gyroTurnPidCtrl: Target=   0.0, Input=   0.0, Error=   0.0, PIDTerms= 0.000/ 0.000/-0.001/ 0.000, Output=-0.001(-0.500/0.500), Volt=12.0 (10.6)
FrcRobotBase.printPidInfo_Info: encoderXPidCtrl: Target=   0.0, Input=  -0.3, Error=   0.3, PIDTerms= 0.045/ 0.000/ 0.000/ 0.000, Output= 0.045(-0.500/0.500), Volt=11.9 (10.6)
FrcRobotBase.printPidInfo_Info: encoderYPidCtrl: Target=  85.0, Input=  84.9, Error=   0.1, PIDTerms= 0.005/ 0.000/-0.026/ 0.000, Output=-0.021(-0.500/0.500), Volt=11.9 (10.6)
FrcRobotBase.printPidInfo_Info: gyroTurnPidCtrl: Target=   0.0, Input=   0.0, Error=  -0.0, PIDTerms=-0.002/ 0.000/-0.004/ 0.000, Output=-0.006(-0.500/0.500), Volt=11.9 (10.6)
FrcRobotBase.printPidInfo_Info: encoderXPidCtrl: Target=   0.0, Input=  -0.3, Error=   0.3, PIDTerms= 0.045/ 0.000/ 0.000/ 0.000, Output= 0.045(-0.500/0.500), Volt=12.0 (10.6)
FrcRobotBase.printPidInfo_Info: encoderYPidCtrl: Target=  85.0, Input=  85.0, Error=   0.0, PIDTerms= 0.002/ 0.000/-0.025/ 0.000, Output=-0.023(-0.500/0.500), Volt=12.0 (10.6)
FrcRobotBase.printPidInfo_Info: gyroTurnPidCtrl: Target=   0.0, Input=   0.1, Error=  -0.1, PIDTerms=-0.005/ 0.000/-0.005/ 0.000, Output=-0.009(-0.500/0.500), Volt=12.0 (10.6)
FrcRobotBase.Robot_Info: [2.430] INITIAL_TURN_TOWARDS_AIRSHIP: xPos= -0.30,yPos= 84.98,heading=   0.1/ -60.0,volts=12.0(10.6)
FrcRobotBase.printPidInfo_Info: encoderXPidCtrl: Target=  -0.3, Input=  -0.3, Error=   0.0, PIDTerms= 0.046/ 0.000/ 0.000/ 0.000, Output= 0.000(-0.500/0.500), Volt=12.1 (10.6)
FrcRobotBase.printPidInfo_Info: encoderYPidCtrl: Target=  85.0, Input=  85.0, Error=   0.0, PIDTerms= 0.001/ 0.000/-0.007/ 0.000, Output= 0.000(-0.500/0.500), Volt=12.1 (10.6)
FrcRobotBase.printPidInfo_Info: gyroTurnPidCtrl: Target= -60.0, Input=   0.1, Error= -60.1, PIDTerms=-0.005/ 0.000/-0.002/ 0.000, Output= 0.000(-0.500/0.500), Volt=12.1 (10.6)
FrcRobotBase.PixyVision_Info: null object(s) found
FrcRobotBase.printPidInfo_Info: encoderXPidCtrl: Target=  -0.3, Input=  -0.3, Error=   0.0, PIDTerms= 0.046/ 0.000/ 0.000/ 0.000, Output= 0.000(-0.500/0.500), Volt=12.1 (10.6)
FrcRobotBase.printPidInfo_Info: encoderYPidCtrl: Target=  85.0, Input=  85.0, Error=   0.0, PIDTerms= 0.001/ 0.000/-0.007/ 0.000, Output= 0.000(-0.500/0.500), Volt=12.1 (10.6)
FrcRobotBase.printPidInfo_Info: gyroTurnPidCtrl: Target= -60.0, Input=   0.1, Error= -60.1, PIDTerms=-3.005/ 0.000/ 0.000/-0.000, Output=-0.500(-0.500/0.500), Volt=10.9 (10.6)
FrcRobotBase.printPidInfo_Info: encoderXPidCtrl: Target=  -0.3, Input=  -0.3, Error=   0.0, PIDTerms= 0.046/ 0.000/ 0.000/ 0.000, Output= 0.000(-0.500/0.500), Volt=10.9 (10.6)
FrcRobotBase.printPidInfo_Info: encoderYPidCtrl: Target=  85.0, Input=  85.0, Error=   0.0, PIDTerms= 0.001/ 0.000/-0.007/ 0.000, Output= 0.000(-0.500/0.500), Volt=10.7 (10.6)
FrcRobotBase.printPidInfo_Info: gyroTurnPidCtrl: Target= -60.0, Input=   0.1, Error= -60.1, PIDTerms=-3.005/ 0.000/ 0.002/-0.000, Output=-0.500(-0.500/0.500), Volt=10.7 (10.6)
FrcRobotBase.printPidInfo_Info: encoderXPidCtrl: Target=  -0.3, Input=  -0.3, Error=   0.0, PIDTerms= 0.046/ 0.000/ 0.000/ 0.000, Output= 0.000(-0.500/0.500), Volt=10.7 (10.6)
FrcRobotBase.printPidInfo_Info: encoderYPidCtrl: Target=  85.0, Input=  85.0, Error=   0.0, PIDTerms= 0.001/ 0.000/-0.007/ 0.000, Output= 0.000(-0.500/0.500), Volt=10.7 (10.6)
FrcRobotBase.printPidInfo_Info: gyroTurnPidCtrl: Target= -60.0, Input=   0.1, Error= -60.1, PIDTerms=-3.004/ 0.000/ 0.001/-0.000, Output=-0.500(-0.500/0.500), Volt=10.7 (10.6)
FrcRobotBase.printPidInfo_Info: encoderXPidCtrl: Target=  -0.3, Input=  -0.3, Error=   0.0, PIDTerms= 0.046/ 0.000/ 0.000/ 0.000, Output= 0.000(-0.500/0.500), Volt=10.8 (10.6)
FrcRobotBase.printPidInfo_Info: encoderYPidCtrl: Target=  85.0, Input=  85.0, Error=   0.0, PIDTerms= 0.001/ 0.000/-0.007/ 0.000, Output= 0.000(-0.500/0.500), Volt=10.8 (10.6)
FrcRobotBase.printPidInfo_Info: gyroTurnPidCtrl: Target= -60.0, Input=  -0.2, Error= -59.8, PIDTerms=-2.988/ 0.000/ 0.030/-0.000, Output=-0.500(-0.500/0.500), Volt=10.8 (10.6)
FrcRobotBase.PixyVision_Info: null object(s) found
FrcRobotBase.printPidInfo_Info: encoderXPidCtrl: Target=  -0.3, Input=  -0.3, Error=   0.0, PIDTerms= 0.046/ 0.000/ 0.000/ 0.000, Output= 0.000(-0.500/0.500), Volt=10.8 (10.6)
FrcRobotBase.printPidInfo_Info: encoderYPidCtrl: Target=  85.0, Input=  85.0, Error=   0.0, PIDTerms= 0.001/ 0.000/-0.007/ 0.000, Output= 0.000(-0.500/0.500), Volt=10.8 (10.6)
FrcRobotBase.printPidInfo_Info: gyroTurnPidCtrl: Target= -60.0, Input=  -1.2, Error= -58.8, PIDTerms=-2.940/ 0.000/ 0.098/-0.000, Output=-0.500(-0.500/0.500), Volt=10.8 (10.6)
FrcRobotBase.printPidInfo_Info: encoderXPidCtrl: Target=  -0.3, Input=  -0.3, Error=   0.0, PIDTerms= 0.046/ 0.000/ 0.000/ 0.000, Output= 0.000(-0.500/0.500), Volt=10.7 (10.6)
FrcRobotBase.printPidInfo_Info: encoderYPidCtrl: Target=  85.0, Input=  85.0, Error=   0.0, PIDTerms= 0.001/ 0.000/-0.007/ 0.000, Output= 0.000(-0.500/0.500), Volt=10.7 (10.6)
FrcRobotBase.printPidInfo_Info: gyroTurnPidCtrl: Target= -60.0, Input=  -2.7, Error= -57.3, PIDTerms=-2.863/ 0.000/ 0.146/-0.000, Output=-0.500(-0.500/0.500), Volt=10.7 (10.6)
FrcRobotBase.printPidInfo_Info: encoderXPidCtrl: Target=  -0.3, Input=  -0.3, Error=   0.0, PIDTerms= 0.046/ 0.000/ 0.000/ 0.000, Output= 0.000(-0.500/0.500), Volt=10.9 (10.6)
FrcRobotBase.printPidInfo_Info: encoderYPidCtrl: Target=  85.0, Input=  85.0, Error=   0.0, PIDTerms= 0.001/ 0.000/-0.007/ 0.000, Output= 0.000(-0.500/0.500), Volt=10.9 (10.6)
FrcRobotBase.printPidInfo_Info: gyroTurnPidCtrl: Target= -60.0, Input=  -4.8, Error= -55.2, PIDTerms=-2.762/ 0.000/ 0.154/-0.000, Output=-0.500(-0.500/0.500), Volt=10.9 (10.6)
FrcRobotBase.PixyVision_Info: null object(s) found
FrcRobotBase.printPidInfo_Info: encoderXPidCtrl: Target=  -0.3, Input=  -0.3, Error=   0.0, PIDTerms= 0.046/ 0.000/ 0.000/ 0.000, Output= 0.000(-0.500/0.500), Volt=11.0 (10.6)
FrcRobotBase.printPidInfo_Info: encoderYPidCtrl: Target=  85.0, Input=  85.0, Error=   0.0, PIDTerms= 0.001/ 0.000/-0.007/ 0.000, Output= 0.000(-0.500/0.500), Volt=11.0 (10.6)
FrcRobotBase.printPidInfo_Info: gyroTurnPidCtrl: Target= -60.0, Input=  -8.5, Error= -51.5, PIDTerms=-2.576/ 0.000/ 0.383/-0.000, Output=-0.500(-0.500/0.500), Volt=11.0 (10.6)
FrcRobotBase.printPidInfo_Info: encoderXPidCtrl: Target=  -0.3, Input=  -0.3, Error=   0.0, PIDTerms= 0.046/ 0.000/ 0.000/ 0.000, Output= 0.000(-0.500/0.500), Volt=11.0 (10.6)
FrcRobotBase.printPidInfo_Info: encoderYPidCtrl: Target=  85.0, Input=  85.0, Error=   0.0, PIDTerms= 0.001/ 0.000/-0.007/ 0.000, Output= 0.000(-0.500/0.500), Volt=11.0 (10.6)
FrcRobotBase.printPidInfo_Info: gyroTurnPidCtrl: Target= -60.0, Input= -11.4, Error= -48.6, PIDTerms=-2.430/ 0.000/ 0.273/-0.000, Output=-0.500(-0.500/0.500), Volt=11.1 (10.6)
FrcRobotBase.printPidInfo_Info: encoderXPidCtrl: Target=  -0.3, Input=  -0.3, Error=   0.0, PIDTerms= 0.046/ 0.000/ 0.000/ 0.000, Output= 0.000(-0.500/0.500), Volt=11.1 (10.6)
FrcRobotBase.printPidInfo_Info: encoderYPidCtrl: Target=  85.0, Input=  85.0, Error=   0.0, PIDTerms= 0.001/ 0.000/-0.007/ 0.000, Output= 0.000(-0.500/0.500), Volt=11.1 (10.6)
FrcRobotBase.printPidInfo_Info: gyroTurnPidCtrl: Target= -60.0, Input= -14.6, Error= -45.4, PIDTerms=-2.268/ 0.000/ 0.358/-0.000, Output=-0.500(-0.500/0.500), Volt=11.1 (10.6)
FrcRobotBase.printPidInfo_Info: encoderXPidCtrl: Target=  -0.3, Input=  -0.3, Error=   0.0, PIDTerms= 0.046/ 0.000/ 0.000/ 0.000, Output= 0.000(-0.500/0.500), Volt=11.1 (10.6)
FrcRobotBase.printPidInfo_Info: encoderYPidCtrl: Target=  85.0, Input=  85.0, Error=   0.0, PIDTerms= 0.001/ 0.000/-0.007/ 0.000, Output= 0.000(-0.500/0.500), Volt=11.1 (10.6)
FrcRobotBase.printPidInfo_Info: gyroTurnPidCtrl: Target= -60.0, Input= -18.1, Error= -41.9, PIDTerms=-2.096/ 0.000/ 0.322/-0.000, Output=-0.500(-0.500/0.500), Volt=11.1 (10.6)
FrcRobotBase.PixyVision_Info: null object(s) found
FrcRobotBase.printPidInfo_Info: encoderXPidCtrl: Target=  -0.3, Input=  -0.3, Error=   0.0, PIDTerms= 0.046/ 0.000/ 0.000/ 0.000, Output= 0.000(-0.500/0.500), Volt=11.2 (10.6)
FrcRobotBase.printPidInfo_Info: encoderYPidCtrl: Target=  85.0, Input=  85.0, Error=   0.0, PIDTerms= 0.001/ 0.000/-0.007/ 0.000, Output= 0.000(-0.500/0.500), Volt=11.2 (10.6)
FrcRobotBase.printPidInfo_Info: gyroTurnPidCtrl: Target= -60.0, Input= -21.8, Error= -38.2, PIDTerms=-1.909/ 0.000/ 0.380/-0.000, Output=-0.500(-0.500/0.500), Volt=11.2 (10.6)
FrcRobotBase.printPidInfo_Info: encoderXPidCtrl: Target=  -0.3, Input=  -0.3, Error=   0.0, PIDTerms= 0.046/ 0.000/ 0.000/ 0.000, Output= 0.000(-0.500/0.500), Volt=11.2 (10.6)
FrcRobotBase.printPidInfo_Info: encoderYPidCtrl: Target=  85.0, Input=  85.0, Error=   0.0, PIDTerms= 0.001/ 0.000/-0.007/ 0.000, Output= 0.000(-0.500/0.500), Volt=11.2 (10.6)
FrcRobotBase.printPidInfo_Info: gyroTurnPidCtrl: Target= -60.0, Input= -25.7, Error= -34.3, PIDTerms=-1.716/ 0.000/ 0.357/-0.000, Output=-0.500(-0.500/0.500), Volt=11.2 (10.6)
FrcRobotBase.printPidInfo_Info: encoderXPidCtrl: Target=  -0.3, Input=  -0.3, Error=   0.0, PIDTerms= 0.046/ 0.000/ 0.000/ 0.000, Output= 0.000(-0.500/0.500), Volt=11.2 (10.6)
FrcRobotBase.printPidInfo_Info: encoderYPidCtrl: Target=  85.0, Input=  85.0, Error=   0.0, PIDTerms= 0.001/ 0.000/-0.007/ 0.000, Output= 0.000(-0.500/0.500), Volt=11.2 (10.6)
FrcRobotBase.printPidInfo_Info: gyroTurnPidCtrl: Target= -60.0, Input= -29.8, Error= -30.2, PIDTerms=-1.509/ 0.000/ 0.474/-0.000, Output=-0.500(-0.500/0.500), Volt=11.2 (10.6)
FrcRobotBase.printPidInfo_Info: encoderXPidCtrl: Target=  -0.3, Input=  -0.3, Error=   0.0, PIDTerms= 0.046/ 0.000/ 0.000/ 0.000, Output= 0.000(-0.500/0.500), Volt=11.2 (10.6)
FrcRobotBase.printPidInfo_Info: encoderYPidCtrl: Target=  85.0, Input=  85.0, Error=   0.0, PIDTerms= 0.001/ 0.000/-0.007/ 0.000, Output= 0.000(-0.500/0.500), Volt=11.3 (10.6)
FrcRobotBase.printPidInfo_Info: gyroTurnPidCtrl: Target= -60.0, Input= -34.0, Error= -26.0, PIDTerms=-1.298/ 0.000/ 0.375/-0.000, Output=-0.500(-0.500/0.500), Volt=11.3 (10.6)
FrcRobotBase.PixyVision_Info: null object(s) found
FrcRobotBase.printPidInfo_Info: encoderXPidCtrl: Target=  -0.3, Input=  -0.3, Error=   0.0, PIDTerms= 0.046/ 0.000/ 0.000/ 0.000, Output= 0.000(-0.500/0.500), Volt=11.2 (10.6)
FrcRobotBase.printPidInfo_Info: encoderYPidCtrl: Target=  85.0, Input=  85.0, Error=   0.0, PIDTerms= 0.001/ 0.000/-0.007/ 0.000, Output= 0.000(-0.500/0.500), Volt=11.2 (10.6)
FrcRobotBase.printPidInfo_Info: gyroTurnPidCtrl: Target= -60.0, Input= -38.4, Error= -21.6, PIDTerms=-1.079/ 0.000/ 0.378/-0.000, Output=-0.500(-0.500/0.500), Volt=11.2 (10.6)
FrcRobotBase.printPidInfo_Info: encoderXPidCtrl: Target=  -0.3, Input=  -0.3, Error=   0.0, PIDTerms= 0.046/ 0.000/ 0.000/ 0.000, Output= 0.000(-0.500/0.500), Volt=11.3 (10.6)
FrcRobotBase.printPidInfo_Info: encoderYPidCtrl: Target=  85.0, Input=  85.0, Error=   0.0, PIDTerms= 0.001/ 0.000/-0.007/ 0.000, Output= 0.000(-0.500/0.500), Volt=11.3 (10.6)
FrcRobotBase.printPidInfo_Info: gyroTurnPidCtrl: Target= -60.0, Input= -42.9, Error= -17.1, PIDTerms=-0.855/ 0.000/ 0.506/-0.000, Output=-0.349(-0.500/0.500), Volt=11.3 (10.6)
FrcRobotBase.printPidInfo_Info: encoderXPidCtrl: Target=  -0.3, Input=  -0.3, Error=   0.0, PIDTerms= 0.046/ 0.000/ 0.000/ 0.000, Output= 0.000(-0.500/0.500), Volt=11.8 (10.6)
FrcRobotBase.printPidInfo_Info: encoderYPidCtrl: Target=  85.0, Input=  85.0, Error=   0.0, PIDTerms= 0.001/ 0.000/-0.007/ 0.000, Output= 0.000(-0.500/0.500), Volt=11.8 (10.6)
FrcRobotBase.printPidInfo_Info: gyroTurnPidCtrl: Target= -60.0, Input= -47.5, Error= -12.5, PIDTerms=-0.626/ 0.000/ 0.424/-0.000, Output=-0.203(-0.500/0.500), Volt=11.8 (10.6)
FrcRobotBase.printPidInfo_Info: encoderXPidCtrl: Target=  -0.3, Input=  -0.3, Error=   0.0, PIDTerms= 0.046/ 0.000/ 0.000/ 0.000, Output= 0.000(-0.500/0.500), Volt=12.0 (10.6)
FrcRobotBase.printPidInfo_Info: encoderYPidCtrl: Target=  85.0, Input=  85.0, Error=   0.0, PIDTerms= 0.001/ 0.000/-0.007/ 0.000, Output= 0.000(-0.500/0.500), Volt=12.0 (10.6)
FrcRobotBase.printPidInfo_Info: gyroTurnPidCtrl: Target= -60.0, Input= -52.0, Error=  -8.0, PIDTerms=-0.400/ 0.000/ 0.518/-0.000, Output= 0.117(-0.500/0.500), Volt=11.8 (10.6)
FrcRobotBase.PixyVision_Info: null object(s) found
FrcRobotBase.printPidInfo_Info: encoderXPidCtrl: Target=  -0.3, Input=  -0.3, Error=   0.0, PIDTerms= 0.046/ 0.000/ 0.000/ 0.000, Output= 0.000(-0.500/0.500), Volt=11.8 (10.6)
FrcRobotBase.printPidInfo_Info: encoderYPidCtrl: Target=  85.0, Input=  85.0, Error=   0.0, PIDTerms= 0.001/ 0.000/-0.007/ 0.000, Output= 0.000(-0.500/0.500), Volt=11.8 (10.6)
FrcRobotBase.printPidInfo_Info: gyroTurnPidCtrl: Target= -60.0, Input= -56.5, Error=  -3.5, PIDTerms=-0.177/ 0.000/ 0.373/-0.000, Output= 0.195(-0.500/0.500), Volt=11.8 (10.6)
FrcRobotBase.printPidInfo_Info: encoderXPidCtrl: Target=  -0.3, Input=  -0.3, Error=   0.0, PIDTerms= 0.046/ 0.000/ 0.000/ 0.000, Output= 0.000(-0.500/0.500), Volt=11.5 (10.6)
FrcRobotBase.printPidInfo_Info: encoderYPidCtrl: Target=  85.0, Input=  85.0, Error=   0.0, PIDTerms= 0.001/ 0.000/-0.007/ 0.000, Output= 0.000(-0.500/0.500), Volt=11.5 (10.6)
FrcRobotBase.printPidInfo_Info: gyroTurnPidCtrl: Target= -60.0, Input= -60.8, Error=   0.8, PIDTerms= 0.038/ 0.000/ 0.401/-0.000, Output= 0.438(-0.500/0.500), Volt=11.5 (10.6)
FrcRobotBase.printPidInfo_Info: encoderXPidCtrl: Target=  -0.3, Input=  -0.3, Error=   0.0, PIDTerms= 0.046/ 0.000/ 0.000/ 0.000, Output= 0.000(-0.500/0.500), Volt=10.5 (10.5)
FrcRobotBase.printPidInfo_Info: encoderYPidCtrl: Target=  85.0, Input=  85.0, Error=   0.0, PIDTerms= 0.001/ 0.000/-0.007/ 0.000, Output= 0.000(-0.500/0.500), Volt=10.5 (10.5)
FrcRobotBase.printPidInfo_Info: gyroTurnPidCtrl: Target= -60.0, Input= -65.8, Error=   5.8, PIDTerms= 0.290/ 0.000/ 0.468/-0.000, Output= 0.500(-0.500/0.500), Volt=10.1 (10.5)
FrcRobotBase.PixyVision_Info: null object(s) found
FrcRobotBase.printPidInfo_Info: encoderXPidCtrl: Target=  -0.3, Input=  -0.3, Error=   0.0, PIDTerms= 0.046/ 0.000/ 0.000/ 0.000, Output= 0.000(-0.500/0.500), Volt=10.4 (10.1)
FrcRobotBase.printPidInfo_Info: encoderYPidCtrl: Target=  85.0, Input=  85.0, Error=   0.0, PIDTerms= 0.001/ 0.000/-0.007/ 0.000, Output= 0.000(-0.500/0.500), Volt=10.4 (10.1)
FrcRobotBase.printPidInfo_Info: gyroTurnPidCtrl: Target= -60.0, Input= -67.4, Error=   7.4, PIDTerms= 0.372/ 0.000/ 0.134/-0.000, Output= 0.500(-0.500/0.500), Volt=10.4 (10.1)
FrcRobotBase.printPidInfo_Info: encoderXPidCtrl: Target=  -0.3, Input=  -0.3, Error=   0.0, PIDTerms= 0.046/ 0.000/ 0.000/ 0.000, Output= 0.000(-0.500/0.500), Volt=10.5 (10.1)
FrcRobotBase.printPidInfo_Info: encoderYPidCtrl: Target=  85.0, Input=  85.0, Error=   0.0, PIDTerms= 0.001/ 0.000/-0.007/ 0.000, Output= 0.000(-0.500/0.500), Volt=10.5 (10.1)
FrcRobotBase.printPidInfo_Info: gyroTurnPidCtrl: Target= -60.0, Input= -67.5, Error=   7.5, PIDTerms= 0.374/ 0.000/ 0.004/-0.000, Output= 0.378(-0.500/0.500), Volt=10.5 (10.1)
FrcRobotBase.printPidInfo_Info: encoderXPidCtrl: Target=  -0.3, Input=  -0.3, Error=   0.0, PIDTerms= 0.046/ 0.000/ 0.000/ 0.000, Output= 0.000(-0.500/0.500), Volt=11.2 (10.1)
FrcRobotBase.printPidInfo_Info: encoderYPidCtrl: Target=  85.0, Input=  85.0, Error=   0.0, PIDTerms= 0.001/ 0.000/-0.007/ 0.000, Output= 0.000(-0.500/0.500), Volt=11.2 (10.1)
FrcRobotBase.printPidInfo_Info: gyroTurnPidCtrl: Target= -60.0, Input= -66.5, Error=   6.5, PIDTerms= 0.324/ 0.000/-0.093/-0.000, Output= 0.231(-0.500/0.500), Volt=11.2 (10.1)
FrcRobotBase.printPidInfo_Info: encoderXPidCtrl: Target=  -0.3, Input=  -0.3, Error=   0.0, PIDTerms= 0.046/ 0.000/ 0.000/ 0.000, Output= 0.000(-0.500/0.500), Volt=11.7 (10.1)
FrcRobotBase.printPidInfo_Info: encoderYPidCtrl: Target=  85.0, Input=  85.0, Error=   0.0, PIDTerms= 0.001/ 0.000/-0.007/ 0.000, Output= 0.000(-0.500/0.500), Volt=11.7 (10.1)
FrcRobotBase.printPidInfo_Info: gyroTurnPidCtrl: Target= -60.0, Input= -65.0, Error=   5.0, PIDTerms= 0.250/ 0.000/-0.158/-0.000, Output= 0.092(-0.500/0.500), Volt=11.7 (10.1)
FrcRobotBase.PixyVision_Info: null object(s) found
FrcRobotBase.printPidInfo_Info: encoderXPidCtrl: Target=  -0.3, Input=  -0.3, Error=   0.0, PIDTerms= 0.046/ 0.000/ 0.000/ 0.000, Output= 0.000(-0.500/0.500), Volt=12.0 (10.1)
FrcRobotBase.printPidInfo_Info: encoderYPidCtrl: Target=  85.0, Input=  85.0, Error=   0.0, PIDTerms= 0.001/ 0.000/-0.007/ 0.000, Output= 0.000(-0.500/0.500), Volt=12.0 (10.1)
FrcRobotBase.printPidInfo_Info: gyroTurnPidCtrl: Target= -60.0, Input= -63.2, Error=   3.2, PIDTerms= 0.161/ 0.000/-0.157/-0.000, Output= 0.004(-0.500/0.500), Volt=12.0 (10.1)
FrcRobotBase.printPidInfo_Info: encoderXPidCtrl: Target=  -0.3, Input=  -0.3, Error=   0.0, PIDTerms= 0.046/ 0.000/ 0.000/ 0.000, Output= 0.000(-0.500/0.500), Volt=12.0 (10.1)
FrcRobotBase.printPidInfo_Info: encoderYPidCtrl: Target=  85.0, Input=  85.0, Error=   0.0, PIDTerms= 0.001/ 0.000/-0.007/ 0.000, Output= 0.000(-0.500/0.500), Volt=12.0 (10.1)
FrcRobotBase.printPidInfo_Info: gyroTurnPidCtrl: Target= -60.0, Input= -61.4, Error=   1.4, PIDTerms= 0.070/ 0.000/-0.190/-0.000, Output=-0.120(-0.500/0.500), Volt=12.0 (10.1)
FrcRobotBase.printPidInfo_Info: encoderXPidCtrl: Target=  -0.3, Input=  -0.3, Error=   0.0, PIDTerms= 0.046/ 0.000/ 0.000/ 0.000, Output= 0.000(-0.500/0.500), Volt=12.0 (10.1)
FrcRobotBase.printPidInfo_Info: encoderYPidCtrl: Target=  85.0, Input=  85.0, Error=   0.0, PIDTerms= 0.001/ 0.000/-0.007/ 0.000, Output= 0.000(-0.500/0.500), Volt=12.0 (10.1)
FrcRobotBase.printPidInfo_Info: gyroTurnPidCtrl: Target= -60.0, Input= -59.1, Error=  -0.9, PIDTerms=-0.047/ 0.000/-0.141/-0.000, Output=-0.187(-0.500/0.500), Volt=12.0 (10.1)
FrcRobotBase.PixyVision_Info: null object(s) found
FrcRobotBase.printPidInfo_Info: encoderXPidCtrl: Target=  -0.3, Input=  -0.3, Error=   0.0, PIDTerms= 0.046/ 0.000/ 0.000/ 0.000, Output= 0.000(-0.500/0.500), Volt=11.8 (10.1)
FrcRobotBase.printPidInfo_Info: encoderYPidCtrl: Target=  85.0, Input=  85.0, Error=   0.0, PIDTerms= 0.001/ 0.000/-0.007/ 0.000, Output= 0.000(-0.500/0.500), Volt=11.8 (10.1)
FrcRobotBase.printPidInfo_Info: gyroTurnPidCtrl: Target= -60.0, Input= -57.5, Error=  -2.5, PIDTerms=-0.125/ 0.000/-0.120/-0.000, Output=-0.245(-0.500/0.500), Volt=11.6 (10.1)
FrcRobotBase.printPidInfo_Info: encoderXPidCtrl: Target=  -0.3, Input=  -0.3, Error=   0.0, PIDTerms= 0.046/ 0.000/ 0.000/ 0.000, Output= 0.000(-0.500/0.500), Volt=11.6 (10.1)
FrcRobotBase.printPidInfo_Info: encoderYPidCtrl: Target=  85.0, Input=  85.0, Error=   0.0, PIDTerms= 0.001/ 0.000/-0.007/ 0.000, Output= 0.000(-0.500/0.500), Volt=11.6 (10.1)
FrcRobotBase.printPidInfo_Info: gyroTurnPidCtrl: Target= -60.0, Input= -57.2, Error=  -2.8, PIDTerms=-0.140/ 0.000/-0.032/-0.000, Output=-0.171(-0.500/0.500), Volt=11.7 (10.1)
FrcRobotBase.printPidInfo_Info: encoderXPidCtrl: Target=  -0.3, Input=  -0.3, Error=   0.0, PIDTerms= 0.046/ 0.000/ 0.000/ 0.000, Output= 0.000(-0.500/0.500), Volt=11.7 (10.1)
FrcRobotBase.printPidInfo_Info: encoderYPidCtrl: Target=  85.0, Input=  85.0, Error=   0.0, PIDTerms= 0.001/ 0.000/-0.007/ 0.000, Output= 0.000(-0.500/0.500), Volt=11.8 (10.1)
FrcRobotBase.printPidInfo_Info: gyroTurnPidCtrl: Target= -60.0, Input= -57.5, Error=  -2.5, PIDTerms=-0.123/ 0.000/ 0.032/-0.000, Output=-0.091(-0.500/0.500), Volt=11.8 (10.1)
FrcRobotBase.printPidInfo_Info: encoderXPidCtrl: Target=  -0.3, Input=  -0.3, Error=   0.0, PIDTerms= 0.046/ 0.000/ 0.000/ 0.000, Output= 0.000(-0.500/0.500), Volt=11.9 (10.1)
FrcRobotBase.printPidInfo_Info: encoderYPidCtrl: Target=  85.0, Input=  85.0, Error=   0.0, PIDTerms= 0.001/ 0.000/-0.007/ 0.000, Output= 0.000(-0.500/0.500), Volt=11.9 (10.1)
FrcRobotBase.printPidInfo_Info: gyroTurnPidCtrl: Target= -60.0, Input= -58.2, Error=  -1.8, PIDTerms=-0.091/ 0.000/ 0.070/-0.000, Output=-0.021(-0.500/0.500), Volt=11.9 (10.1)
FrcRobotBase.PixyVision_Info: null object(s) found
FrcRobotBase.printPidInfo_Info: encoderXPidCtrl: Target=  -0.3, Input=  -0.3, Error=   0.0, PIDTerms= 0.046/ 0.000/ 0.000/ 0.000, Output= 0.000(-0.500/0.500), Volt=12.0 (10.1)
FrcRobotBase.printPidInfo_Info: encoderYPidCtrl: Target=  85.0, Input=  85.0, Error=   0.0, PIDTerms= 0.001/ 0.000/-0.007/ 0.000, Output= 0.000(-0.500/0.500), Volt=12.0 (10.1)
FrcRobotBase.printPidInfo_Info: gyroTurnPidCtrl: Target= -60.0, Input= -58.8, Error=  -1.2, PIDTerms=-0.058/ 0.000/ 0.057/-0.000, Output=-0.002(-0.500/0.500), Volt=12.0 (10.1)
FrcRobotBase.printPidInfo_Info: encoderXPidCtrl: Target=  -0.3, Input=  -0.3, Error=   0.0, PIDTerms= 0.046/ 0.000/ 0.000/ 0.000, Output= 0.000(-0.500/0.500), Volt=12.0 (10.1)
FrcRobotBase.printPidInfo_Info: encoderYPidCtrl: Target=  85.0, Input=  85.0, Error=   0.0, PIDTerms= 0.001/ 0.000/-0.007/ 0.000, Output= 0.000(-0.500/0.500), Volt=12.0 (10.1)
FrcRobotBase.printPidInfo_Info: gyroTurnPidCtrl: Target= -60.0, Input= -59.4, Error=  -0.6, PIDTerms=-0.032/ 0.000/ 0.060/-0.000, Output= 0.028(-0.500/0.500), Volt=12.0 (10.1)
FrcRobotBase.printPidInfo_Info: encoderXPidCtrl: Target=  -0.3, Input=  -0.3, Error=   0.0, PIDTerms= 0.046/ 0.000/ 0.000/ 0.000, Output= 0.000(-0.500/0.500), Volt=12.0 (10.1)
FrcRobotBase.printPidInfo_Info: encoderYPidCtrl: Target=  85.0, Input=  85.0, Error=   0.0, PIDTerms= 0.001/ 0.000/-0.007/ 0.000, Output= 0.000(-0.500/0.500), Volt=12.1 (10.1)
FrcRobotBase.printPidInfo_Info: gyroTurnPidCtrl: Target= -60.0, Input= -59.7, Error=  -0.3, PIDTerms=-0.017/ 0.000/ 0.029/-0.000, Output= 0.013(-0.500/0.500), Volt=12.1 (10.1)
FrcRobotBase.Vision_Info: Front pixy is disabled!
